12/18/25 21:15:52: Running xcd server. This server was built by gradle.
12/18/25 21:15:52: Server was asked to start on port: '56034'
12/18/25 21:15:52: Server is using token UUID: '18b814ae-1a91-4e40-970c-dd7e23b384b0'
12/18/25 21:15:52: SESSION_MGR: creating session with session uuid: '6d04a3e9-ade5-4ab9-8d63-1f78fcd2ec76' and name 'default'
12/18/25 21:15:52: Attempting to start server on port '56034'
12/18/25 21:15:52: Running Dispatch Server
12/18/25 21:15:52: Version 2.2.0
12/18/25 21:15:54: Dispatch Server: Accepted socket connection from client
12/18/25 21:15:54: Starting Socket connection
12/18/25 21:15:54: EXCHANGE_TOKEN received, server token: 18b814ae-1a91-4e40-970c-dd7e23b384b0, passed token: 18b814ae-1a91-4e40-970c-dd7e23b384b0
12/18/25 21:15:55: DISPATCH_HANDLER: Adding handler from function makeHandler in library xv_system_diagram
12/18/25 21:15:55: SESSION_MGR: creating session with session uuid: 'f8c100c9-732e-4c1a-9cc2-f70818e202f8' and name 'vitis-run_compile_pyramidal_hs'
12/18/25 21:15:55: KERNEL_SVC: creating session with uuid: 'f8c100c9-732e-4c1a-9cc2-f70818e202f8' and name 'vitis-run_compile_pyramidal_hs'
12/18/25 21:15:55: GUIDANCE_SMGR: creating guidance session with uuid: 'f8c100c9-732e-4c1a-9cc2-f70818e202f8' and name 'vitis-run_compile_pyramidal_hs'
12/18/25 21:15:55: SYSTEM_DIAGRAM: creating session with uuid: 'f8c100c9-732e-4c1a-9cc2-f70818e202f8' and name 'vitis-run_compile_pyramidal_hs'
12/18/25 21:15:59: SESSION_MGR: closing session for UUID 'f8c100c9-732e-4c1a-9cc2-f70818e202f8' with name 'vitis-run_compile_pyramidal_hs'
12/18/25 21:15:59: KERNEL_SVC: closing session for UUID 'f8c100c9-732e-4c1a-9cc2-f70818e202f8' with name 'vitis-run_compile_pyramidal_hs'
12/18/25 21:15:59: GUIDANCE_SMGR: closing session for UUID 'f8c100c9-732e-4c1a-9cc2-f70818e202f8' with name 'vitis-run_compile_pyramidal_hs'
12/18/25 21:15:59: SYSTEM_DIAGRAM: closing session for UUID 'f8c100c9-732e-4c1a-9cc2-f70818e202f8' with name 'vitis-run_compile_pyramidal_hs'
12/18/25 21:15:59: STOP_SERVER received, server token: 18b814ae-1a91-4e40-970c-dd7e23b384b0, passed token: 18b814ae-1a91-4e40-970c-dd7e23b384b0
12/18/25 21:15:59: Socket received request to stop server.
12/18/25 21:15:59: Dispatch Server: do_await_stop
12/18/25 21:15:59: SERVER: destructor for server bound to port 56034
12/18/25 21:16:13: Running xcd server. This server was built by gradle.
12/18/25 21:16:13: Server was asked to start on port: '55623'
12/18/25 21:16:13: Server is using token UUID: 'dbcc239f-1d74-49ed-b92c-fe83e9fc87f0'
12/18/25 21:16:13: SESSION_MGR: creating session with session uuid: '6d04a3e9-ade5-4ab9-8d63-1f78fcd2ec76' and name 'default'
12/18/25 21:16:13: Attempting to start server on port '55623'
12/18/25 21:16:13: Running Dispatch Server
12/18/25 21:16:13: Version 2.2.0
12/18/25 21:16:15: Dispatch Server: Accepted socket connection from client
12/18/25 21:16:15: Starting Socket connection
12/18/25 21:16:15: EXCHANGE_TOKEN received, server token: dbcc239f-1d74-49ed-b92c-fe83e9fc87f0, passed token: dbcc239f-1d74-49ed-b92c-fe83e9fc87f0
12/18/25 21:16:15: DISPATCH_HANDLER: Adding handler from function makeHandler in library xv_system_diagram
12/18/25 21:16:15: SESSION_MGR: creating session with session uuid: 'a72f5c58-a382-446e-aa66-252e162b6824' and name 'vitis-run_compile_pyramidal_hs'
12/18/25 21:16:15: KERNEL_SVC: creating session with uuid: 'a72f5c58-a382-446e-aa66-252e162b6824' and name 'vitis-run_compile_pyramidal_hs'
12/18/25 21:16:15: GUIDANCE_SMGR: creating guidance session with uuid: 'a72f5c58-a382-446e-aa66-252e162b6824' and name 'vitis-run_compile_pyramidal_hs'
12/18/25 21:16:15: SYSTEM_DIAGRAM: creating session with uuid: 'a72f5c58-a382-446e-aa66-252e162b6824' and name 'vitis-run_compile_pyramidal_hs'
12/18/25 21:16:19: Dispatch Server: Accepted socket connection from client
12/18/25 21:16:19: Starting Socket connection
12/18/25 21:16:33: SESSION_MGR: closing session for UUID 'a72f5c58-a382-446e-aa66-252e162b6824' with name 'vitis-run_compile_pyramidal_hs'
12/18/25 21:16:33: KERNEL_SVC: closing session for UUID 'a72f5c58-a382-446e-aa66-252e162b6824' with name 'vitis-run_compile_pyramidal_hs'
12/18/25 21:16:33: GUIDANCE_SMGR: closing session for UUID 'a72f5c58-a382-446e-aa66-252e162b6824' with name 'vitis-run_compile_pyramidal_hs'
12/18/25 21:16:33: SYSTEM_DIAGRAM: closing session for UUID 'a72f5c58-a382-446e-aa66-252e162b6824' with name 'vitis-run_compile_pyramidal_hs'
12/18/25 21:16:33: STOP_SERVER received, server token: dbcc239f-1d74-49ed-b92c-fe83e9fc87f0, passed token: dbcc239f-1d74-49ed-b92c-fe83e9fc87f0
12/18/25 21:16:33: Socket received request to stop server.
12/18/25 21:16:33: Dispatch Server: do_await_stop
12/18/25 21:16:33: SERVER: destructor for server bound to port 55623
12/18/25 21:16:48: Running xcd server. This server was built by gradle.
12/18/25 21:16:48: Server was asked to start on port: '57882'
12/18/25 21:16:48: Server is using token UUID: 'a8d9244c-6444-4aa1-9ba8-8dd4f3d96b41'
12/18/25 21:16:48: SESSION_MGR: creating session with session uuid: '6d04a3e9-ade5-4ab9-8d63-1f78fcd2ec76' and name 'default'
12/18/25 21:16:48: Attempting to start server on port '57882'
12/18/25 21:16:48: Running Dispatch Server
12/18/25 21:16:48: Version 2.2.0
12/18/25 21:16:51: Dispatch Server: Accepted socket connection from client
12/18/25 21:16:51: Starting Socket connection
12/18/25 21:16:51: EXCHANGE_TOKEN received, server token: a8d9244c-6444-4aa1-9ba8-8dd4f3d96b41, passed token: a8d9244c-6444-4aa1-9ba8-8dd4f3d96b41
12/18/25 21:16:51: DISPATCH_HANDLER: Adding handler from function makeHandler in library xv_system_diagram
12/18/25 21:16:51: SESSION_MGR: creating session with session uuid: '7354a70b-b8d4-4da1-87ad-b5162dacb35a' and name 'vitis-run_compile_pyramidal_hs'
12/18/25 21:16:51: KERNEL_SVC: creating session with uuid: '7354a70b-b8d4-4da1-87ad-b5162dacb35a' and name 'vitis-run_compile_pyramidal_hs'
12/18/25 21:16:51: GUIDANCE_SMGR: creating guidance session with uuid: '7354a70b-b8d4-4da1-87ad-b5162dacb35a' and name 'vitis-run_compile_pyramidal_hs'
12/18/25 21:16:51: SYSTEM_DIAGRAM: creating session with uuid: '7354a70b-b8d4-4da1-87ad-b5162dacb35a' and name 'vitis-run_compile_pyramidal_hs'
12/18/25 21:16:54: Dispatch Server: Accepted socket connection from client
12/18/25 21:16:54: Starting Socket connection
12/18/25 21:17:08: SESSION_MGR: closing session for UUID '7354a70b-b8d4-4da1-87ad-b5162dacb35a' with name 'vitis-run_compile_pyramidal_hs'
12/18/25 21:17:08: KERNEL_SVC: closing session for UUID '7354a70b-b8d4-4da1-87ad-b5162dacb35a' with name 'vitis-run_compile_pyramidal_hs'
12/18/25 21:17:08: GUIDANCE_SMGR: closing session for UUID '7354a70b-b8d4-4da1-87ad-b5162dacb35a' with name 'vitis-run_compile_pyramidal_hs'
12/18/25 21:17:08: SYSTEM_DIAGRAM: closing session for UUID '7354a70b-b8d4-4da1-87ad-b5162dacb35a' with name 'vitis-run_compile_pyramidal_hs'
12/18/25 21:17:08: STOP_SERVER received, server token: a8d9244c-6444-4aa1-9ba8-8dd4f3d96b41, passed token: a8d9244c-6444-4aa1-9ba8-8dd4f3d96b41
12/18/25 21:17:08: Socket received request to stop server.
12/18/25 21:17:08: Dispatch Server: do_await_stop
12/18/25 21:17:08: SERVER: destructor for server bound to port 57882
12/18/25 21:17:28: Running xcd server. This server was built by gradle.
12/18/25 21:17:28: Server was asked to start on port: '57901'
12/18/25 21:17:28: Server is using token UUID: 'fe2ddd4a-4142-47d2-9666-4b16aaed1519'
12/18/25 21:17:28: SESSION_MGR: creating session with session uuid: '6d04a3e9-ade5-4ab9-8d63-1f78fcd2ec76' and name 'default'
12/18/25 21:17:28: Attempting to start server on port '57901'
12/18/25 21:17:28: Running Dispatch Server
12/18/25 21:17:28: Version 2.2.0
12/18/25 21:17:31: Dispatch Server: Accepted socket connection from client
12/18/25 21:17:31: Starting Socket connection
12/18/25 21:17:31: EXCHANGE_TOKEN received, server token: fe2ddd4a-4142-47d2-9666-4b16aaed1519, passed token: fe2ddd4a-4142-47d2-9666-4b16aaed1519
12/18/25 21:17:31: DISPATCH_HANDLER: Adding handler from function makeHandler in library xv_system_diagram
12/18/25 21:17:31: SESSION_MGR: creating session with session uuid: '5fe65b45-731d-454d-9080-f8f21db6d4d6' and name 'v++_compile_pyramidal_hs'
12/18/25 21:17:31: KERNEL_SVC: creating session with uuid: '5fe65b45-731d-454d-9080-f8f21db6d4d6' and name 'v++_compile_pyramidal_hs'
12/18/25 21:17:31: GUIDANCE_SMGR: creating guidance session with uuid: '5fe65b45-731d-454d-9080-f8f21db6d4d6' and name 'v++_compile_pyramidal_hs'
12/18/25 21:17:31: SYSTEM_DIAGRAM: creating session with uuid: '5fe65b45-731d-454d-9080-f8f21db6d4d6' and name 'v++_compile_pyramidal_hs'
12/18/25 21:17:35: Dispatch Server: Accepted socket connection from client
12/18/25 21:17:35: Starting Socket connection
12/18/25 21:19:00: SESSION_MGR: closing session for UUID '5fe65b45-731d-454d-9080-f8f21db6d4d6' with name 'v++_compile_pyramidal_hs'
12/18/25 21:19:00: KERNEL_SVC: closing session for UUID '5fe65b45-731d-454d-9080-f8f21db6d4d6' with name 'v++_compile_pyramidal_hs'
12/18/25 21:19:00: GUIDANCE_SMGR: closing session for UUID '5fe65b45-731d-454d-9080-f8f21db6d4d6' with name 'v++_compile_pyramidal_hs'
12/18/25 21:19:00: SYSTEM_DIAGRAM: closing session for UUID '5fe65b45-731d-454d-9080-f8f21db6d4d6' with name 'v++_compile_pyramidal_hs'
12/18/25 21:19:00: STOP_SERVER received, server token: fe2ddd4a-4142-47d2-9666-4b16aaed1519, passed token: fe2ddd4a-4142-47d2-9666-4b16aaed1519
12/18/25 21:19:00: Socket received request to stop server.
12/18/25 21:19:00: Dispatch Server: do_await_stop
12/18/25 21:19:00: SERVER: destructor for server bound to port 57901
