C:\Users\Diaxxa\Desktop\Optical-Flow\horn_schunck_hls\horn_schunck_hls\hls\.autopilot\db\horn_schunck_hsl.pp.0.cpp:2267:5: remark: Added loop label VITIS_LOOP_676_1:   [xilinx-label-all-loops]
    for (unsigned i = low; i != high+1; ++i) {
    ^
    VITIS_LOOP_676_1: 
C:\Users\Diaxxa\Desktop\Optical-Flow\horn_schunck_hls\horn_schunck_hls\hls\.autopilot\db\horn_schunck_hsl.pp.0.cpp:2267:5: note: FIX-IT applied suggested code changes
C:\Users\Diaxxa\Desktop\Optical-Flow\horn_schunck_hls\horn_schunck_hls\hls\.autopilot\db\horn_schunck_hsl.pp.0.cpp:2281:5: remark: Added loop label VITIS_LOOP_690_1:   [xilinx-label-all-loops]
    for (unsigned i = low; i != high+1; ++i) {
    ^
    VITIS_LOOP_690_1: 
C:\Users\Diaxxa\Desktop\Optical-Flow\horn_schunck_hls\horn_schunck_hls\hls\.autopilot\db\horn_schunck_hsl.pp.0.cpp:2281:5: note: FIX-IT applied suggested code changes
C:\Users\Diaxxa\Desktop\Optical-Flow\horn_schunck_hls\horn_schunck_hls\hls\.autopilot\db\horn_schunck_hsl.pp.0.cpp:2295:5: remark: Added loop label VITIS_LOOP_704_1:   [xilinx-label-all-loops]
    for (unsigned i = low; i != high+1; ++i) {
    ^
    VITIS_LOOP_704_1: 
C:\Users\Diaxxa\Desktop\Optical-Flow\horn_schunck_hls\horn_schunck_hls\hls\.autopilot\db\horn_schunck_hsl.pp.0.cpp:2295:5: note: FIX-IT applied suggested code changes
C:\Users\Diaxxa\Desktop\Optical-Flow\horn_schunck_hls\horn_schunck_hls\hls\.autopilot\db\horn_schunck_hsl.pp.0.cpp:5803:7: remark: Added loop label VITIS_LOOP_1251_1:   [xilinx-label-all-loops]
      for (i = 0; i < __N - 1; ++i) {
      ^
      VITIS_LOOP_1251_1: 
C:\Users\Diaxxa\Desktop\Optical-Flow\horn_schunck_hls\horn_schunck_hls\hls\.autopilot\db\horn_schunck_hsl.pp.0.cpp:5803:7: note: FIX-IT applied suggested code changes
C:\Users\Diaxxa\Desktop\Optical-Flow\horn_schunck_hls\horn_schunck_hls\hls\.autopilot\db\horn_schunck_hsl.pp.0.cpp:49497:5: remark: Added loop label VITIS_LOOP_11_1:   [xilinx-label-all-loops]
    for (int iter = 0; iter < 10; iter++) {
    ^
    VITIS_LOOP_11_1: 
C:\Users\Diaxxa\Desktop\Optical-Flow\horn_schunck_hls\horn_schunck_hls\hls\.autopilot\db\horn_schunck_hsl.pp.0.cpp:49497:5: note: FIX-IT applied suggested code changes
C:\Users\Diaxxa\Desktop\Optical-Flow\horn_schunck_hls\horn_schunck_hls\hls\.autopilot\db\horn_schunck_hsl.pp.0.cpp:49498:5: remark: Added loop label VITIS_LOOP_12_2:   [xilinx-label-all-loops]
    for (int i = 1; i < 64 -1; i++) {
    ^
    VITIS_LOOP_12_2: 
C:\Users\Diaxxa\Desktop\Optical-Flow\horn_schunck_hls\horn_schunck_hls\hls\.autopilot\db\horn_schunck_hsl.pp.0.cpp:49498:5: note: FIX-IT applied suggested code changes
C:\Users\Diaxxa\Desktop\Optical-Flow\horn_schunck_hls\horn_schunck_hls\hls\.autopilot\db\horn_schunck_hsl.pp.0.cpp:49499:9: remark: Added loop label VITIS_LOOP_13_3:   [xilinx-label-all-loops]
        for (int j = 1; j < 64 -1; j++) {
        ^
        VITIS_LOOP_13_3: 
C:\Users\Diaxxa\Desktop\Optical-Flow\horn_schunck_hls\horn_schunck_hls\hls\.autopilot\db\horn_schunck_hsl.pp.0.cpp:49499:9: note: FIX-IT applied suggested code changes
