12/18/25 19:42:56: Running xcd server. This server was built by gradle.
12/18/25 19:42:56: Server was asked to start on port: '57885'
12/18/25 19:42:56: Server is using token UUID: 'fe7583eb-cf45-444d-a576-2daa12e398f4'
12/18/25 19:42:56: SESSION_MGR: creating session with session uuid: '6d04a3e9-ade5-4ab9-8d63-1f78fcd2ec76' and name 'default'
12/18/25 19:42:56: Attempting to start server on port '57885'
12/18/25 19:42:56: Running Dispatch Server
12/18/25 19:42:56: Version 2.2.0
12/18/25 19:42:59: Dispatch Server: Accepted socket connection from client
12/18/25 19:42:59: Starting Socket connection
12/18/25 19:42:59: EXCHANGE_TOKEN received, server token: fe7583eb-cf45-444d-a576-2daa12e398f4, passed token: fe7583eb-cf45-444d-a576-2daa12e398f4
12/18/25 19:42:59: DISPATCH_HANDLER: Adding handler from function makeHandler in library xv_system_diagram
12/18/25 19:42:59: SESSION_MGR: creating session with session uuid: 'bd86d816-4ded-4da2-aa15-b814ed2ec410' and name 'vitis-run_compile_horn_schunck'
12/18/25 19:42:59: KERNEL_SVC: creating session with uuid: 'bd86d816-4ded-4da2-aa15-b814ed2ec410' and name 'vitis-run_compile_horn_schunck'
12/18/25 19:42:59: GUIDANCE_SMGR: creating guidance session with uuid: 'bd86d816-4ded-4da2-aa15-b814ed2ec410' and name 'vitis-run_compile_horn_schunck'
12/18/25 19:42:59: SYSTEM_DIAGRAM: creating session with uuid: 'bd86d816-4ded-4da2-aa15-b814ed2ec410' and name 'vitis-run_compile_horn_schunck'
12/18/25 19:43:06: SESSION_MGR: closing session for UUID 'bd86d816-4ded-4da2-aa15-b814ed2ec410' with name 'vitis-run_compile_horn_schunck'
12/18/25 19:43:06: KERNEL_SVC: closing session for UUID 'bd86d816-4ded-4da2-aa15-b814ed2ec410' with name 'vitis-run_compile_horn_schunck'
12/18/25 19:43:06: GUIDANCE_SMGR: closing session for UUID 'bd86d816-4ded-4da2-aa15-b814ed2ec410' with name 'vitis-run_compile_horn_schunck'
12/18/25 19:43:06: SYSTEM_DIAGRAM: closing session for UUID 'bd86d816-4ded-4da2-aa15-b814ed2ec410' with name 'vitis-run_compile_horn_schunck'
12/18/25 19:43:06: STOP_SERVER received, server token: fe7583eb-cf45-444d-a576-2daa12e398f4, passed token: fe7583eb-cf45-444d-a576-2daa12e398f4
12/18/25 19:43:06: Socket received request to stop server.
12/18/25 19:43:06: Dispatch Server: do_await_stop
12/18/25 19:43:06: SERVER: destructor for server bound to port 57885
12/18/25 19:43:27: Running xcd server. This server was built by gradle.
12/18/25 19:43:27: Server was asked to start on port: '57790'
12/18/25 19:43:27: Server is using token UUID: 'fa0e0950-b4ea-43b9-b44d-1f0aee3a3e3f'
12/18/25 19:43:27: SESSION_MGR: creating session with session uuid: '6d04a3e9-ade5-4ab9-8d63-1f78fcd2ec76' and name 'default'
12/18/25 19:43:27: Attempting to start server on port '57790'
12/18/25 19:43:27: Running Dispatch Server
12/18/25 19:43:27: Version 2.2.0
12/18/25 19:43:30: Dispatch Server: Accepted socket connection from client
12/18/25 19:43:30: Starting Socket connection
12/18/25 19:43:30: EXCHANGE_TOKEN received, server token: fa0e0950-b4ea-43b9-b44d-1f0aee3a3e3f, passed token: fa0e0950-b4ea-43b9-b44d-1f0aee3a3e3f
12/18/25 19:43:30: DISPATCH_HANDLER: Adding handler from function makeHandler in library xv_system_diagram
12/18/25 19:43:30: SESSION_MGR: creating session with session uuid: '46f82d08-cdcf-41e3-a7a1-ee42cb1f0c1f' and name 'vitis-run_compile_horn_schunck'
12/18/25 19:43:30: KERNEL_SVC: creating session with uuid: '46f82d08-cdcf-41e3-a7a1-ee42cb1f0c1f' and name 'vitis-run_compile_horn_schunck'
12/18/25 19:43:30: GUIDANCE_SMGR: creating guidance session with uuid: '46f82d08-cdcf-41e3-a7a1-ee42cb1f0c1f' and name 'vitis-run_compile_horn_schunck'
12/18/25 19:43:30: SYSTEM_DIAGRAM: creating session with uuid: '46f82d08-cdcf-41e3-a7a1-ee42cb1f0c1f' and name 'vitis-run_compile_horn_schunck'
12/18/25 19:43:34: SESSION_MGR: closing session for UUID '46f82d08-cdcf-41e3-a7a1-ee42cb1f0c1f' with name 'vitis-run_compile_horn_schunck'
12/18/25 19:43:34: KERNEL_SVC: closing session for UUID '46f82d08-cdcf-41e3-a7a1-ee42cb1f0c1f' with name 'vitis-run_compile_horn_schunck'
12/18/25 19:43:34: GUIDANCE_SMGR: closing session for UUID '46f82d08-cdcf-41e3-a7a1-ee42cb1f0c1f' with name 'vitis-run_compile_horn_schunck'
12/18/25 19:43:34: SYSTEM_DIAGRAM: closing session for UUID '46f82d08-cdcf-41e3-a7a1-ee42cb1f0c1f' with name 'vitis-run_compile_horn_schunck'
12/18/25 19:43:34: STOP_SERVER received, server token: fa0e0950-b4ea-43b9-b44d-1f0aee3a3e3f, passed token: fa0e0950-b4ea-43b9-b44d-1f0aee3a3e3f
12/18/25 19:43:34: Socket received request to stop server.
12/18/25 19:43:34: Dispatch Server: do_await_stop
12/18/25 19:43:34: SERVER: destructor for server bound to port 57790
12/18/25 19:44:09: Running xcd server. This server was built by gradle.
12/18/25 19:44:09: Server was asked to start on port: '62871'
12/18/25 19:44:09: Server is using token UUID: '87007fcb-17c1-42f1-98cf-a0d4f071db50'
12/18/25 19:44:09: SESSION_MGR: creating session with session uuid: '6d04a3e9-ade5-4ab9-8d63-1f78fcd2ec76' and name 'default'
12/18/25 19:44:09: Attempting to start server on port '62871'
12/18/25 19:44:09: Running Dispatch Server
12/18/25 19:44:09: Version 2.2.0
12/18/25 19:44:11: Dispatch Server: Accepted socket connection from client
12/18/25 19:44:11: Starting Socket connection
12/18/25 19:44:11: EXCHANGE_TOKEN received, server token: 87007fcb-17c1-42f1-98cf-a0d4f071db50, passed token: 87007fcb-17c1-42f1-98cf-a0d4f071db50
12/18/25 19:44:11: DISPATCH_HANDLER: Adding handler from function makeHandler in library xv_system_diagram
12/18/25 19:44:11: SESSION_MGR: creating session with session uuid: '978907eb-bce4-4dd3-aa66-d3ae1792ee64' and name 'vitis-run_compile_horn_schunck'
12/18/25 19:44:11: KERNEL_SVC: creating session with uuid: '978907eb-bce4-4dd3-aa66-d3ae1792ee64' and name 'vitis-run_compile_horn_schunck'
12/18/25 19:44:11: GUIDANCE_SMGR: creating guidance session with uuid: '978907eb-bce4-4dd3-aa66-d3ae1792ee64' and name 'vitis-run_compile_horn_schunck'
12/18/25 19:44:11: SYSTEM_DIAGRAM: creating session with uuid: '978907eb-bce4-4dd3-aa66-d3ae1792ee64' and name 'vitis-run_compile_horn_schunck'
12/18/25 19:44:15: Dispatch Server: Accepted socket connection from client
12/18/25 19:44:15: Starting Socket connection
12/18/25 19:44:23: SESSION_MGR: closing session for UUID '978907eb-bce4-4dd3-aa66-d3ae1792ee64' with name 'vitis-run_compile_horn_schunck'
12/18/25 19:44:23: KERNEL_SVC: closing session for UUID '978907eb-bce4-4dd3-aa66-d3ae1792ee64' with name 'vitis-run_compile_horn_schunck'
12/18/25 19:44:23: GUIDANCE_SMGR: closing session for UUID '978907eb-bce4-4dd3-aa66-d3ae1792ee64' with name 'vitis-run_compile_horn_schunck'
12/18/25 19:44:23: SYSTEM_DIAGRAM: closing session for UUID '978907eb-bce4-4dd3-aa66-d3ae1792ee64' with name 'vitis-run_compile_horn_schunck'
12/18/25 19:44:23: STOP_SERVER received, server token: 87007fcb-17c1-42f1-98cf-a0d4f071db50, passed token: 87007fcb-17c1-42f1-98cf-a0d4f071db50
12/18/25 19:44:23: Socket received request to stop server.
12/18/25 19:44:23: Dispatch Server: do_await_stop
12/18/25 19:44:23: SERVER: destructor for server bound to port 62871
12/18/25 19:46:19: Running xcd server. This server was built by gradle.
12/18/25 19:46:19: Server was asked to start on port: '55232'
12/18/25 19:46:19: Server is using token UUID: '5714545d-92b2-40f6-b33e-8005fa3efbb0'
12/18/25 19:46:19: SESSION_MGR: creating session with session uuid: '6d04a3e9-ade5-4ab9-8d63-1f78fcd2ec76' and name 'default'
12/18/25 19:46:19: Attempting to start server on port '55232'
12/18/25 19:46:19: Running Dispatch Server
12/18/25 19:46:19: Version 2.2.0
12/18/25 19:46:22: Dispatch Server: Accepted socket connection from client
12/18/25 19:46:22: Starting Socket connection
12/18/25 19:46:22: EXCHANGE_TOKEN received, server token: 5714545d-92b2-40f6-b33e-8005fa3efbb0, passed token: 5714545d-92b2-40f6-b33e-8005fa3efbb0
12/18/25 19:46:22: DISPATCH_HANDLER: Adding handler from function makeHandler in library xv_system_diagram
12/18/25 19:46:22: SESSION_MGR: creating session with session uuid: 'd7e9b2c6-f234-4dc7-b3e2-f11d891f124e' and name 'vitis-run_compile_horn_schunck'
12/18/25 19:46:22: KERNEL_SVC: creating session with uuid: 'd7e9b2c6-f234-4dc7-b3e2-f11d891f124e' and name 'vitis-run_compile_horn_schunck'
12/18/25 19:46:22: GUIDANCE_SMGR: creating guidance session with uuid: 'd7e9b2c6-f234-4dc7-b3e2-f11d891f124e' and name 'vitis-run_compile_horn_schunck'
12/18/25 19:46:22: SYSTEM_DIAGRAM: creating session with uuid: 'd7e9b2c6-f234-4dc7-b3e2-f11d891f124e' and name 'vitis-run_compile_horn_schunck'
12/18/25 19:46:25: Dispatch Server: Accepted socket connection from client
12/18/25 19:46:25: Starting Socket connection
12/18/25 19:46:30: SESSION_MGR: closing session for UUID 'd7e9b2c6-f234-4dc7-b3e2-f11d891f124e' with name 'vitis-run_compile_horn_schunck'
12/18/25 19:46:30: KERNEL_SVC: closing session for UUID 'd7e9b2c6-f234-4dc7-b3e2-f11d891f124e' with name 'vitis-run_compile_horn_schunck'
12/18/25 19:46:30: GUIDANCE_SMGR: closing session for UUID 'd7e9b2c6-f234-4dc7-b3e2-f11d891f124e' with name 'vitis-run_compile_horn_schunck'
12/18/25 19:46:30: SYSTEM_DIAGRAM: closing session for UUID 'd7e9b2c6-f234-4dc7-b3e2-f11d891f124e' with name 'vitis-run_compile_horn_schunck'
12/18/25 19:46:30: STOP_SERVER received, server token: 5714545d-92b2-40f6-b33e-8005fa3efbb0, passed token: 5714545d-92b2-40f6-b33e-8005fa3efbb0
12/18/25 19:46:30: Socket received request to stop server.
12/18/25 19:46:30: Dispatch Server: do_await_stop
12/18/25 19:46:30: SERVER: destructor for server bound to port 55232
12/18/25 19:46:34: Running xcd server. This server was built by gradle.
12/18/25 19:46:34: Server was asked to start on port: '63837'
12/18/25 19:46:34: Server is using token UUID: 'ee0ea231-41bf-4530-8ecf-1a004bbf28c9'
12/18/25 19:46:34: SESSION_MGR: creating session with session uuid: '6d04a3e9-ade5-4ab9-8d63-1f78fcd2ec76' and name 'default'
12/18/25 19:46:34: Attempting to start server on port '63837'
12/18/25 19:46:34: Running Dispatch Server
12/18/25 19:46:34: Version 2.2.0
12/18/25 19:46:36: Dispatch Server: Accepted socket connection from client
12/18/25 19:46:36: Starting Socket connection
12/18/25 19:46:36: EXCHANGE_TOKEN received, server token: ee0ea231-41bf-4530-8ecf-1a004bbf28c9, passed token: ee0ea231-41bf-4530-8ecf-1a004bbf28c9
12/18/25 19:46:36: DISPATCH_HANDLER: Adding handler from function makeHandler in library xv_system_diagram
12/18/25 19:46:36: SESSION_MGR: creating session with session uuid: 'cc4e2691-fb1f-4012-8284-343bb4df26d1' and name 'vitis-run_compile_horn_schunck'
12/18/25 19:46:36: KERNEL_SVC: creating session with uuid: 'cc4e2691-fb1f-4012-8284-343bb4df26d1' and name 'vitis-run_compile_horn_schunck'
12/18/25 19:46:36: GUIDANCE_SMGR: creating guidance session with uuid: 'cc4e2691-fb1f-4012-8284-343bb4df26d1' and name 'vitis-run_compile_horn_schunck'
12/18/25 19:46:36: SYSTEM_DIAGRAM: creating session with uuid: 'cc4e2691-fb1f-4012-8284-343bb4df26d1' and name 'vitis-run_compile_horn_schunck'
12/18/25 19:46:40: Dispatch Server: Accepted socket connection from client
12/18/25 19:46:40: Starting Socket connection
12/18/25 19:46:46: SESSION_MGR: closing session for UUID 'cc4e2691-fb1f-4012-8284-343bb4df26d1' with name 'vitis-run_compile_horn_schunck'
12/18/25 19:46:46: KERNEL_SVC: closing session for UUID 'cc4e2691-fb1f-4012-8284-343bb4df26d1' with name 'vitis-run_compile_horn_schunck'
12/18/25 19:46:46: GUIDANCE_SMGR: closing session for UUID 'cc4e2691-fb1f-4012-8284-343bb4df26d1' with name 'vitis-run_compile_horn_schunck'
12/18/25 19:46:46: SYSTEM_DIAGRAM: closing session for UUID 'cc4e2691-fb1f-4012-8284-343bb4df26d1' with name 'vitis-run_compile_horn_schunck'
12/18/25 19:46:46: STOP_SERVER received, server token: ee0ea231-41bf-4530-8ecf-1a004bbf28c9, passed token: ee0ea231-41bf-4530-8ecf-1a004bbf28c9
12/18/25 19:46:46: Socket received request to stop server.
12/18/25 19:46:46: Dispatch Server: do_await_stop
12/18/25 19:46:46: SERVER: destructor for server bound to port 63837
12/18/25 19:47:54: Running xcd server. This server was built by gradle.
12/18/25 19:47:54: Server was asked to start on port: '65396'
12/18/25 19:47:54: Server is using token UUID: '3189458c-40f9-43bd-a8cf-fec8c649b65e'
12/18/25 19:47:54: SESSION_MGR: creating session with session uuid: '6d04a3e9-ade5-4ab9-8d63-1f78fcd2ec76' and name 'default'
12/18/25 19:47:54: Attempting to start server on port '65396'
12/18/25 19:47:54: Running Dispatch Server
12/18/25 19:47:54: Version 2.2.0
12/18/25 19:47:56: Dispatch Server: Accepted socket connection from client
12/18/25 19:47:56: Starting Socket connection
12/18/25 19:47:56: EXCHANGE_TOKEN received, server token: 3189458c-40f9-43bd-a8cf-fec8c649b65e, passed token: 3189458c-40f9-43bd-a8cf-fec8c649b65e
12/18/25 19:47:56: DISPATCH_HANDLER: Adding handler from function makeHandler in library xv_system_diagram
12/18/25 19:47:56: SESSION_MGR: creating session with session uuid: '95d9acf9-e9f0-4fdb-bd33-8573283ae180' and name 'vitis-run_compile_horn_schunck'
12/18/25 19:47:56: KERNEL_SVC: creating session with uuid: '95d9acf9-e9f0-4fdb-bd33-8573283ae180' and name 'vitis-run_compile_horn_schunck'
12/18/25 19:47:56: GUIDANCE_SMGR: creating guidance session with uuid: '95d9acf9-e9f0-4fdb-bd33-8573283ae180' and name 'vitis-run_compile_horn_schunck'
12/18/25 19:47:56: SYSTEM_DIAGRAM: creating session with uuid: '95d9acf9-e9f0-4fdb-bd33-8573283ae180' and name 'vitis-run_compile_horn_schunck'
12/18/25 19:48:00: Dispatch Server: Accepted socket connection from client
12/18/25 19:48:00: Starting Socket connection
12/18/25 19:48:04: SESSION_MGR: closing session for UUID '95d9acf9-e9f0-4fdb-bd33-8573283ae180' with name 'vitis-run_compile_horn_schunck'
12/18/25 19:48:04: KERNEL_SVC: closing session for UUID '95d9acf9-e9f0-4fdb-bd33-8573283ae180' with name 'vitis-run_compile_horn_schunck'
12/18/25 19:48:04: GUIDANCE_SMGR: closing session for UUID '95d9acf9-e9f0-4fdb-bd33-8573283ae180' with name 'vitis-run_compile_horn_schunck'
12/18/25 19:48:04: SYSTEM_DIAGRAM: closing session for UUID '95d9acf9-e9f0-4fdb-bd33-8573283ae180' with name 'vitis-run_compile_horn_schunck'
12/18/25 19:48:04: STOP_SERVER received, server token: 3189458c-40f9-43bd-a8cf-fec8c649b65e, passed token: 3189458c-40f9-43bd-a8cf-fec8c649b65e
12/18/25 19:48:04: Socket received request to stop server.
12/18/25 19:48:04: Dispatch Server: do_await_stop
12/18/25 19:48:04: SERVER: destructor for server bound to port 65396
12/18/25 19:48:34: Running xcd server. This server was built by gradle.
12/18/25 19:48:34: Server was asked to start on port: '58226'
12/18/25 19:48:34: Server is using token UUID: '9c85c58f-22bd-43f3-9001-1fd2a0b3e709'
12/18/25 19:48:34: SESSION_MGR: creating session with session uuid: '6d04a3e9-ade5-4ab9-8d63-1f78fcd2ec76' and name 'default'
12/18/25 19:48:34: Attempting to start server on port '58226'
12/18/25 19:48:34: Running Dispatch Server
12/18/25 19:48:34: Version 2.2.0
12/18/25 19:48:37: Dispatch Server: Accepted socket connection from client
12/18/25 19:48:37: Starting Socket connection
12/18/25 19:48:37: EXCHANGE_TOKEN received, server token: 9c85c58f-22bd-43f3-9001-1fd2a0b3e709, passed token: 9c85c58f-22bd-43f3-9001-1fd2a0b3e709
12/18/25 19:48:37: DISPATCH_HANDLER: Adding handler from function makeHandler in library xv_system_diagram
12/18/25 19:48:37: SESSION_MGR: creating session with session uuid: '01d6ff49-e64d-4b7d-9aa0-25c75ee727fd' and name 'vitis-run_compile_horn_schunck'
12/18/25 19:48:37: KERNEL_SVC: creating session with uuid: '01d6ff49-e64d-4b7d-9aa0-25c75ee727fd' and name 'vitis-run_compile_horn_schunck'
12/18/25 19:48:37: GUIDANCE_SMGR: creating guidance session with uuid: '01d6ff49-e64d-4b7d-9aa0-25c75ee727fd' and name 'vitis-run_compile_horn_schunck'
12/18/25 19:48:37: SYSTEM_DIAGRAM: creating session with uuid: '01d6ff49-e64d-4b7d-9aa0-25c75ee727fd' and name 'vitis-run_compile_horn_schunck'
12/18/25 19:48:41: Dispatch Server: Accepted socket connection from client
12/18/25 19:48:41: Starting Socket connection
12/18/25 19:48:46: SESSION_MGR: closing session for UUID '01d6ff49-e64d-4b7d-9aa0-25c75ee727fd' with name 'vitis-run_compile_horn_schunck'
12/18/25 19:48:46: KERNEL_SVC: closing session for UUID '01d6ff49-e64d-4b7d-9aa0-25c75ee727fd' with name 'vitis-run_compile_horn_schunck'
12/18/25 19:48:46: GUIDANCE_SMGR: closing session for UUID '01d6ff49-e64d-4b7d-9aa0-25c75ee727fd' with name 'vitis-run_compile_horn_schunck'
12/18/25 19:48:46: SYSTEM_DIAGRAM: closing session for UUID '01d6ff49-e64d-4b7d-9aa0-25c75ee727fd' with name 'vitis-run_compile_horn_schunck'
12/18/25 19:48:46: STOP_SERVER received, server token: 9c85c58f-22bd-43f3-9001-1fd2a0b3e709, passed token: 9c85c58f-22bd-43f3-9001-1fd2a0b3e709
12/18/25 19:48:46: Socket received request to stop server.
12/18/25 19:48:46: Dispatch Server: do_await_stop
12/18/25 19:48:46: SERVER: destructor for server bound to port 58226
12/18/25 19:49:05: Running xcd server. This server was built by gradle.
12/18/25 19:49:05: Server was asked to start on port: '64572'
12/18/25 19:49:05: Server is using token UUID: '224941ae-3e94-4f3d-900f-8c19fe1fc31f'
12/18/25 19:49:05: SESSION_MGR: creating session with session uuid: '6d04a3e9-ade5-4ab9-8d63-1f78fcd2ec76' and name 'default'
12/18/25 19:49:05: Attempting to start server on port '64572'
12/18/25 19:49:05: Running Dispatch Server
12/18/25 19:49:05: Version 2.2.0
12/18/25 19:49:08: Dispatch Server: Accepted socket connection from client
12/18/25 19:49:08: Starting Socket connection
12/18/25 19:49:08: EXCHANGE_TOKEN received, server token: 224941ae-3e94-4f3d-900f-8c19fe1fc31f, passed token: 224941ae-3e94-4f3d-900f-8c19fe1fc31f
12/18/25 19:49:08: DISPATCH_HANDLER: Adding handler from function makeHandler in library xv_system_diagram
12/18/25 19:49:08: SESSION_MGR: creating session with session uuid: 'd5746f5b-5f0a-4aad-a0e2-cb4484d49665' and name 'vitis-run_compile_horn_schunck'
12/18/25 19:49:08: KERNEL_SVC: creating session with uuid: 'd5746f5b-5f0a-4aad-a0e2-cb4484d49665' and name 'vitis-run_compile_horn_schunck'
12/18/25 19:49:08: GUIDANCE_SMGR: creating guidance session with uuid: 'd5746f5b-5f0a-4aad-a0e2-cb4484d49665' and name 'vitis-run_compile_horn_schunck'
12/18/25 19:49:08: SYSTEM_DIAGRAM: creating session with uuid: 'd5746f5b-5f0a-4aad-a0e2-cb4484d49665' and name 'vitis-run_compile_horn_schunck'
12/18/25 19:49:11: Dispatch Server: Accepted socket connection from client
12/18/25 19:49:11: Starting Socket connection
12/18/25 19:49:17: SESSION_MGR: closing session for UUID 'd5746f5b-5f0a-4aad-a0e2-cb4484d49665' with name 'vitis-run_compile_horn_schunck'
12/18/25 19:49:17: KERNEL_SVC: closing session for UUID 'd5746f5b-5f0a-4aad-a0e2-cb4484d49665' with name 'vitis-run_compile_horn_schunck'
12/18/25 19:49:17: GUIDANCE_SMGR: closing session for UUID 'd5746f5b-5f0a-4aad-a0e2-cb4484d49665' with name 'vitis-run_compile_horn_schunck'
12/18/25 19:49:17: SYSTEM_DIAGRAM: closing session for UUID 'd5746f5b-5f0a-4aad-a0e2-cb4484d49665' with name 'vitis-run_compile_horn_schunck'
12/18/25 19:49:18: STOP_SERVER received, server token: 224941ae-3e94-4f3d-900f-8c19fe1fc31f, passed token: 224941ae-3e94-4f3d-900f-8c19fe1fc31f
12/18/25 19:49:18: Socket received request to stop server.
12/18/25 19:49:18: Dispatch Server: do_await_stop
12/18/25 19:49:18: SERVER: destructor for server bound to port 64572
12/18/25 19:51:22: Running xcd server. This server was built by gradle.
12/18/25 19:51:22: Server was asked to start on port: '63100'
12/18/25 19:51:22: Server is using token UUID: 'f25e552d-580c-4556-80f4-9b854288eb0e'
12/18/25 19:51:22: SESSION_MGR: creating session with session uuid: '6d04a3e9-ade5-4ab9-8d63-1f78fcd2ec76' and name 'default'
12/18/25 19:51:22: Attempting to start server on port '63100'
12/18/25 19:51:22: Running Dispatch Server
12/18/25 19:51:22: Version 2.2.0
12/18/25 19:51:25: Dispatch Server: Accepted socket connection from client
12/18/25 19:51:25: Starting Socket connection
12/18/25 19:51:25: EXCHANGE_TOKEN received, server token: f25e552d-580c-4556-80f4-9b854288eb0e, passed token: f25e552d-580c-4556-80f4-9b854288eb0e
12/18/25 19:51:25: DISPATCH_HANDLER: Adding handler from function makeHandler in library xv_system_diagram
12/18/25 19:51:25: SESSION_MGR: creating session with session uuid: '1336f911-91e6-4051-b677-a9a4555119dc' and name 'vitis-run_compile_horn_schunck'
12/18/25 19:51:25: KERNEL_SVC: creating session with uuid: '1336f911-91e6-4051-b677-a9a4555119dc' and name 'vitis-run_compile_horn_schunck'
12/18/25 19:51:25: GUIDANCE_SMGR: creating guidance session with uuid: '1336f911-91e6-4051-b677-a9a4555119dc' and name 'vitis-run_compile_horn_schunck'
12/18/25 19:51:25: SYSTEM_DIAGRAM: creating session with uuid: '1336f911-91e6-4051-b677-a9a4555119dc' and name 'vitis-run_compile_horn_schunck'
12/18/25 19:51:29: Dispatch Server: Accepted socket connection from client
12/18/25 19:51:29: Starting Socket connection
12/18/25 19:51:46: SESSION_MGR: closing session for UUID '1336f911-91e6-4051-b677-a9a4555119dc' with name 'vitis-run_compile_horn_schunck'
12/18/25 19:51:46: KERNEL_SVC: closing session for UUID '1336f911-91e6-4051-b677-a9a4555119dc' with name 'vitis-run_compile_horn_schunck'
12/18/25 19:51:46: GUIDANCE_SMGR: closing session for UUID '1336f911-91e6-4051-b677-a9a4555119dc' with name 'vitis-run_compile_horn_schunck'
12/18/25 19:51:46: SYSTEM_DIAGRAM: closing session for UUID '1336f911-91e6-4051-b677-a9a4555119dc' with name 'vitis-run_compile_horn_schunck'
12/18/25 19:51:46: STOP_SERVER received, server token: f25e552d-580c-4556-80f4-9b854288eb0e, passed token: f25e552d-580c-4556-80f4-9b854288eb0e
12/18/25 19:51:46: Socket received request to stop server.
12/18/25 19:51:46: Dispatch Server: do_await_stop
12/18/25 19:51:46: SERVER: destructor for server bound to port 63100
12/18/25 20:19:30: Running xcd server. This server was built by gradle.
12/18/25 20:19:30: Server was asked to start on port: '64717'
12/18/25 20:19:30: Server is using token UUID: '194aae42-e4de-4937-9100-af84f66bb17f'
12/18/25 20:19:30: SESSION_MGR: creating session with session uuid: '6d04a3e9-ade5-4ab9-8d63-1f78fcd2ec76' and name 'default'
12/18/25 20:19:30: Attempting to start server on port '64717'
12/18/25 20:19:30: Running Dispatch Server
12/18/25 20:19:30: Version 2.2.0
12/18/25 20:19:32: Dispatch Server: Accepted socket connection from client
12/18/25 20:19:32: Starting Socket connection
12/18/25 20:19:32: EXCHANGE_TOKEN received, server token: 194aae42-e4de-4937-9100-af84f66bb17f, passed token: 194aae42-e4de-4937-9100-af84f66bb17f
12/18/25 20:19:33: DISPATCH_HANDLER: Adding handler from function makeHandler in library xv_system_diagram
12/18/25 20:19:33: SESSION_MGR: creating session with session uuid: '9956e688-f94e-45eb-a7f7-85243d10310c' and name 'vitis-run_compile_horn_schunck'
12/18/25 20:19:33: KERNEL_SVC: creating session with uuid: '9956e688-f94e-45eb-a7f7-85243d10310c' and name 'vitis-run_compile_horn_schunck'
12/18/25 20:19:33: GUIDANCE_SMGR: creating guidance session with uuid: '9956e688-f94e-45eb-a7f7-85243d10310c' and name 'vitis-run_compile_horn_schunck'
12/18/25 20:19:33: SYSTEM_DIAGRAM: creating session with uuid: '9956e688-f94e-45eb-a7f7-85243d10310c' and name 'vitis-run_compile_horn_schunck'
12/18/25 20:19:36: Dispatch Server: Accepted socket connection from client
12/18/25 20:19:36: Starting Socket connection
12/18/25 20:19:46: SESSION_MGR: closing session for UUID '9956e688-f94e-45eb-a7f7-85243d10310c' with name 'vitis-run_compile_horn_schunck'
12/18/25 20:19:46: KERNEL_SVC: closing session for UUID '9956e688-f94e-45eb-a7f7-85243d10310c' with name 'vitis-run_compile_horn_schunck'
12/18/25 20:19:46: GUIDANCE_SMGR: closing session for UUID '9956e688-f94e-45eb-a7f7-85243d10310c' with name 'vitis-run_compile_horn_schunck'
12/18/25 20:19:46: SYSTEM_DIAGRAM: closing session for UUID '9956e688-f94e-45eb-a7f7-85243d10310c' with name 'vitis-run_compile_horn_schunck'
12/18/25 20:19:46: STOP_SERVER received, server token: 194aae42-e4de-4937-9100-af84f66bb17f, passed token: 194aae42-e4de-4937-9100-af84f66bb17f
12/18/25 20:19:46: Socket received request to stop server.
12/18/25 20:19:46: Dispatch Server: do_await_stop
12/18/25 20:19:46: SERVER: destructor for server bound to port 64717
12/18/25 20:19:51: Running xcd server. This server was built by gradle.
12/18/25 20:19:51: Server was asked to start on port: '64731'
12/18/25 20:19:51: Server is using token UUID: '77e079de-50ce-4f69-ab17-89d51d790960'
12/18/25 20:19:51: SESSION_MGR: creating session with session uuid: '6d04a3e9-ade5-4ab9-8d63-1f78fcd2ec76' and name 'default'
12/18/25 20:19:51: Attempting to start server on port '64731'
12/18/25 20:19:51: Running Dispatch Server
12/18/25 20:19:51: Version 2.2.0
12/18/25 20:19:53: Dispatch Server: Accepted socket connection from client
12/18/25 20:19:53: Starting Socket connection
12/18/25 20:19:53: EXCHANGE_TOKEN received, server token: 77e079de-50ce-4f69-ab17-89d51d790960, passed token: 77e079de-50ce-4f69-ab17-89d51d790960
12/18/25 20:19:53: DISPATCH_HANDLER: Adding handler from function makeHandler in library xv_system_diagram
12/18/25 20:19:53: SESSION_MGR: creating session with session uuid: 'd5ca6f92-d6fe-4e71-aebe-717bd8fa223d' and name 'vitis-run_compile_horn_schunck'
12/18/25 20:19:53: KERNEL_SVC: creating session with uuid: 'd5ca6f92-d6fe-4e71-aebe-717bd8fa223d' and name 'vitis-run_compile_horn_schunck'
12/18/25 20:19:53: GUIDANCE_SMGR: creating guidance session with uuid: 'd5ca6f92-d6fe-4e71-aebe-717bd8fa223d' and name 'vitis-run_compile_horn_schunck'
12/18/25 20:19:53: SYSTEM_DIAGRAM: creating session with uuid: 'd5ca6f92-d6fe-4e71-aebe-717bd8fa223d' and name 'vitis-run_compile_horn_schunck'
12/18/25 20:19:57: Dispatch Server: Accepted socket connection from client
12/18/25 20:19:57: Starting Socket connection
12/18/25 20:20:07: SESSION_MGR: closing session for UUID 'd5ca6f92-d6fe-4e71-aebe-717bd8fa223d' with name 'vitis-run_compile_horn_schunck'
12/18/25 20:20:07: KERNEL_SVC: closing session for UUID 'd5ca6f92-d6fe-4e71-aebe-717bd8fa223d' with name 'vitis-run_compile_horn_schunck'
12/18/25 20:20:07: GUIDANCE_SMGR: closing session for UUID 'd5ca6f92-d6fe-4e71-aebe-717bd8fa223d' with name 'vitis-run_compile_horn_schunck'
12/18/25 20:20:07: SYSTEM_DIAGRAM: closing session for UUID 'd5ca6f92-d6fe-4e71-aebe-717bd8fa223d' with name 'vitis-run_compile_horn_schunck'
12/18/25 20:20:07: STOP_SERVER received, server token: 77e079de-50ce-4f69-ab17-89d51d790960, passed token: 77e079de-50ce-4f69-ab17-89d51d790960
12/18/25 20:20:07: Socket received request to stop server.
12/18/25 20:20:07: Dispatch Server: do_await_stop
12/18/25 20:20:07: SERVER: destructor for server bound to port 64731
12/18/25 20:22:42: Running xcd server. This server was built by gradle.
12/18/25 20:22:42: Server was asked to start on port: '49770'
12/18/25 20:22:42: Server is using token UUID: '9e240a8d-dca4-4a18-9fe7-79df49a1ea93'
12/18/25 20:22:42: SESSION_MGR: creating session with session uuid: '6d04a3e9-ade5-4ab9-8d63-1f78fcd2ec76' and name 'default'
12/18/25 20:22:42: Attempting to start server on port '49770'
12/18/25 20:22:42: Running Dispatch Server
12/18/25 20:22:42: Version 2.2.0
12/18/25 20:22:44: Dispatch Server: Accepted socket connection from client
12/18/25 20:22:44: Starting Socket connection
12/18/25 20:22:44: EXCHANGE_TOKEN received, server token: 9e240a8d-dca4-4a18-9fe7-79df49a1ea93, passed token: 9e240a8d-dca4-4a18-9fe7-79df49a1ea93
12/18/25 20:22:44: DISPATCH_HANDLER: Adding handler from function makeHandler in library xv_system_diagram
12/18/25 20:22:44: SESSION_MGR: creating session with session uuid: 'af9a9cb9-bfec-4ae7-ba5f-d71a1363b51e' and name 'vitis-run_compile_horn_schunck'
12/18/25 20:22:44: KERNEL_SVC: creating session with uuid: 'af9a9cb9-bfec-4ae7-ba5f-d71a1363b51e' and name 'vitis-run_compile_horn_schunck'
12/18/25 20:22:44: GUIDANCE_SMGR: creating guidance session with uuid: 'af9a9cb9-bfec-4ae7-ba5f-d71a1363b51e' and name 'vitis-run_compile_horn_schunck'
12/18/25 20:22:44: SYSTEM_DIAGRAM: creating session with uuid: 'af9a9cb9-bfec-4ae7-ba5f-d71a1363b51e' and name 'vitis-run_compile_horn_schunck'
12/18/25 20:22:48: Dispatch Server: Accepted socket connection from client
12/18/25 20:22:48: Starting Socket connection
12/18/25 20:22:50: SESSION_MGR: closing session for UUID 'af9a9cb9-bfec-4ae7-ba5f-d71a1363b51e' with name 'vitis-run_compile_horn_schunck'
12/18/25 20:22:50: KERNEL_SVC: closing session for UUID 'af9a9cb9-bfec-4ae7-ba5f-d71a1363b51e' with name 'vitis-run_compile_horn_schunck'
12/18/25 20:22:50: GUIDANCE_SMGR: closing session for UUID 'af9a9cb9-bfec-4ae7-ba5f-d71a1363b51e' with name 'vitis-run_compile_horn_schunck'
12/18/25 20:22:50: SYSTEM_DIAGRAM: closing session for UUID 'af9a9cb9-bfec-4ae7-ba5f-d71a1363b51e' with name 'vitis-run_compile_horn_schunck'
12/18/25 20:22:50: STOP_SERVER received, server token: 9e240a8d-dca4-4a18-9fe7-79df49a1ea93, passed token: 9e240a8d-dca4-4a18-9fe7-79df49a1ea93
12/18/25 20:22:50: Socket received request to stop server.
12/18/25 20:22:50: Dispatch Server: do_await_stop
12/18/25 20:22:50: SERVER: destructor for server bound to port 49770
12/18/25 20:23:30: Running xcd server. This server was built by gradle.
12/18/25 20:23:30: Server was asked to start on port: '62840'
12/18/25 20:23:30: Server is using token UUID: '17e511a0-dedc-4586-8133-d86c9ea5768c'
12/18/25 20:23:30: SESSION_MGR: creating session with session uuid: '6d04a3e9-ade5-4ab9-8d63-1f78fcd2ec76' and name 'default'
12/18/25 20:23:30: Attempting to start server on port '62840'
12/18/25 20:23:30: Running Dispatch Server
12/18/25 20:23:30: Version 2.2.0
12/18/25 20:23:32: Dispatch Server: Accepted socket connection from client
12/18/25 20:23:32: Starting Socket connection
12/18/25 20:23:32: EXCHANGE_TOKEN received, server token: 17e511a0-dedc-4586-8133-d86c9ea5768c, passed token: 17e511a0-dedc-4586-8133-d86c9ea5768c
12/18/25 20:23:32: DISPATCH_HANDLER: Adding handler from function makeHandler in library xv_system_diagram
12/18/25 20:23:32: SESSION_MGR: creating session with session uuid: '6bd7c401-44fd-4195-b062-84e8f69c10bd' and name 'vitis-run_compile_horn_schunck'
12/18/25 20:23:32: KERNEL_SVC: creating session with uuid: '6bd7c401-44fd-4195-b062-84e8f69c10bd' and name 'vitis-run_compile_horn_schunck'
12/18/25 20:23:32: GUIDANCE_SMGR: creating guidance session with uuid: '6bd7c401-44fd-4195-b062-84e8f69c10bd' and name 'vitis-run_compile_horn_schunck'
12/18/25 20:23:32: SYSTEM_DIAGRAM: creating session with uuid: '6bd7c401-44fd-4195-b062-84e8f69c10bd' and name 'vitis-run_compile_horn_schunck'
12/18/25 20:23:36: Dispatch Server: Accepted socket connection from client
12/18/25 20:23:36: Starting Socket connection
12/18/25 20:23:38: SESSION_MGR: closing session for UUID '6bd7c401-44fd-4195-b062-84e8f69c10bd' with name 'vitis-run_compile_horn_schunck'
12/18/25 20:23:38: KERNEL_SVC: closing session for UUID '6bd7c401-44fd-4195-b062-84e8f69c10bd' with name 'vitis-run_compile_horn_schunck'
12/18/25 20:23:38: GUIDANCE_SMGR: closing session for UUID '6bd7c401-44fd-4195-b062-84e8f69c10bd' with name 'vitis-run_compile_horn_schunck'
12/18/25 20:23:38: SYSTEM_DIAGRAM: closing session for UUID '6bd7c401-44fd-4195-b062-84e8f69c10bd' with name 'vitis-run_compile_horn_schunck'
12/18/25 20:23:38: STOP_SERVER received, server token: 17e511a0-dedc-4586-8133-d86c9ea5768c, passed token: 17e511a0-dedc-4586-8133-d86c9ea5768c
12/18/25 20:23:38: Socket received request to stop server.
12/18/25 20:23:38: Dispatch Server: do_await_stop
12/18/25 20:23:38: SERVER: destructor for server bound to port 62840
12/18/25 20:28:45: Running xcd server. This server was built by gradle.
12/18/25 20:28:45: Server was asked to start on port: '51140'
12/18/25 20:28:45: Server is using token UUID: '416fd917-8092-4242-8683-5468afcad03f'
12/18/25 20:28:45: SESSION_MGR: creating session with session uuid: '6d04a3e9-ade5-4ab9-8d63-1f78fcd2ec76' and name 'default'
12/18/25 20:28:45: Attempting to start server on port '51140'
12/18/25 20:28:45: Running Dispatch Server
12/18/25 20:28:45: Version 2.2.0
12/18/25 20:28:47: Dispatch Server: Accepted socket connection from client
12/18/25 20:28:47: Starting Socket connection
12/18/25 20:28:47: EXCHANGE_TOKEN received, server token: 416fd917-8092-4242-8683-5468afcad03f, passed token: 416fd917-8092-4242-8683-5468afcad03f
12/18/25 20:28:48: DISPATCH_HANDLER: Adding handler from function makeHandler in library xv_system_diagram
12/18/25 20:28:48: SESSION_MGR: creating session with session uuid: 'd600d735-bc55-4c4d-aa39-717a5f8da224' and name 'vitis-run_compile_horn_schunck'
12/18/25 20:28:48: KERNEL_SVC: creating session with uuid: 'd600d735-bc55-4c4d-aa39-717a5f8da224' and name 'vitis-run_compile_horn_schunck'
12/18/25 20:28:48: GUIDANCE_SMGR: creating guidance session with uuid: 'd600d735-bc55-4c4d-aa39-717a5f8da224' and name 'vitis-run_compile_horn_schunck'
12/18/25 20:28:48: SYSTEM_DIAGRAM: creating session with uuid: 'd600d735-bc55-4c4d-aa39-717a5f8da224' and name 'vitis-run_compile_horn_schunck'
12/18/25 20:28:51: Dispatch Server: Accepted socket connection from client
12/18/25 20:28:51: Starting Socket connection
12/18/25 20:28:56: SESSION_MGR: closing session for UUID 'd600d735-bc55-4c4d-aa39-717a5f8da224' with name 'vitis-run_compile_horn_schunck'
12/18/25 20:28:56: KERNEL_SVC: closing session for UUID 'd600d735-bc55-4c4d-aa39-717a5f8da224' with name 'vitis-run_compile_horn_schunck'
12/18/25 20:28:56: GUIDANCE_SMGR: closing session for UUID 'd600d735-bc55-4c4d-aa39-717a5f8da224' with name 'vitis-run_compile_horn_schunck'
12/18/25 20:28:56: SYSTEM_DIAGRAM: closing session for UUID 'd600d735-bc55-4c4d-aa39-717a5f8da224' with name 'vitis-run_compile_horn_schunck'
12/18/25 20:28:56: STOP_SERVER received, server token: 416fd917-8092-4242-8683-5468afcad03f, passed token: 416fd917-8092-4242-8683-5468afcad03f
12/18/25 20:28:56: Socket received request to stop server.
12/18/25 20:28:56: Dispatch Server: do_await_stop
12/18/25 20:28:56: SERVER: destructor for server bound to port 51140
12/18/25 20:42:38: Running xcd server. This server was built by gradle.
12/18/25 20:42:38: Server was asked to start on port: '54644'
12/18/25 20:42:38: Server is using token UUID: '3832023a-8121-44b5-8bfb-a39f26105c5a'
12/18/25 20:42:38: SESSION_MGR: creating session with session uuid: '6d04a3e9-ade5-4ab9-8d63-1f78fcd2ec76' and name 'default'
12/18/25 20:42:38: Attempting to start server on port '54644'
12/18/25 20:42:38: Running Dispatch Server
12/18/25 20:42:38: Version 2.2.0
12/18/25 20:42:41: Dispatch Server: Accepted socket connection from client
12/18/25 20:42:41: Starting Socket connection
12/18/25 20:42:41: EXCHANGE_TOKEN received, server token: 3832023a-8121-44b5-8bfb-a39f26105c5a, passed token: 3832023a-8121-44b5-8bfb-a39f26105c5a
12/18/25 20:42:41: DISPATCH_HANDLER: Adding handler from function makeHandler in library xv_system_diagram
12/18/25 20:42:41: SESSION_MGR: creating session with session uuid: '2b0621a3-39b1-45ce-ae59-4325e281d846' and name 'vitis-run_compile_horn_schunck'
12/18/25 20:42:41: KERNEL_SVC: creating session with uuid: '2b0621a3-39b1-45ce-ae59-4325e281d846' and name 'vitis-run_compile_horn_schunck'
12/18/25 20:42:41: GUIDANCE_SMGR: creating guidance session with uuid: '2b0621a3-39b1-45ce-ae59-4325e281d846' and name 'vitis-run_compile_horn_schunck'
12/18/25 20:42:41: SYSTEM_DIAGRAM: creating session with uuid: '2b0621a3-39b1-45ce-ae59-4325e281d846' and name 'vitis-run_compile_horn_schunck'
12/18/25 20:42:45: Dispatch Server: Accepted socket connection from client
12/18/25 20:42:45: Starting Socket connection
12/18/25 20:42:45: SESSION_MGR: closing session for UUID '2b0621a3-39b1-45ce-ae59-4325e281d846' with name 'vitis-run_compile_horn_schunck'
12/18/25 20:42:45: KERNEL_SVC: closing session for UUID '2b0621a3-39b1-45ce-ae59-4325e281d846' with name 'vitis-run_compile_horn_schunck'
12/18/25 20:42:45: GUIDANCE_SMGR: closing session for UUID '2b0621a3-39b1-45ce-ae59-4325e281d846' with name 'vitis-run_compile_horn_schunck'
12/18/25 20:42:45: SYSTEM_DIAGRAM: closing session for UUID '2b0621a3-39b1-45ce-ae59-4325e281d846' with name 'vitis-run_compile_horn_schunck'
12/18/25 20:42:45: STOP_SERVER received, server token: 3832023a-8121-44b5-8bfb-a39f26105c5a, passed token: 3832023a-8121-44b5-8bfb-a39f26105c5a
12/18/25 20:42:45: Socket received request to stop server.
12/18/25 20:42:45: Dispatch Server: do_await_stop
12/18/25 20:42:45: SERVER: destructor for server bound to port 54644
12/18/25 20:47:48: Running xcd server. This server was built by gradle.
12/18/25 20:47:48: Server was asked to start on port: '54835'
12/18/25 20:47:48: Server is using token UUID: '87014e74-006c-4457-b08a-e21a981f56f8'
12/18/25 20:47:48: SESSION_MGR: creating session with session uuid: '6d04a3e9-ade5-4ab9-8d63-1f78fcd2ec76' and name 'default'
12/18/25 20:47:48: Attempting to start server on port '54835'
12/18/25 20:47:48: Running Dispatch Server
12/18/25 20:47:48: Version 2.2.0
12/18/25 20:47:51: Dispatch Server: Accepted socket connection from client
12/18/25 20:47:51: Starting Socket connection
12/18/25 20:47:51: EXCHANGE_TOKEN received, server token: 87014e74-006c-4457-b08a-e21a981f56f8, passed token: 87014e74-006c-4457-b08a-e21a981f56f8
12/18/25 20:47:51: DISPATCH_HANDLER: Adding handler from function makeHandler in library xv_system_diagram
12/18/25 20:47:51: SESSION_MGR: creating session with session uuid: 'e5864132-ae4e-4a92-90fb-e21291ebe886' and name 'vitis-run_compile_horn_schunck'
12/18/25 20:47:51: KERNEL_SVC: creating session with uuid: 'e5864132-ae4e-4a92-90fb-e21291ebe886' and name 'vitis-run_compile_horn_schunck'
12/18/25 20:47:51: GUIDANCE_SMGR: creating guidance session with uuid: 'e5864132-ae4e-4a92-90fb-e21291ebe886' and name 'vitis-run_compile_horn_schunck'
12/18/25 20:47:51: SYSTEM_DIAGRAM: creating session with uuid: 'e5864132-ae4e-4a92-90fb-e21291ebe886' and name 'vitis-run_compile_horn_schunck'
12/18/25 20:47:54: Dispatch Server: Accepted socket connection from client
12/18/25 20:47:54: Starting Socket connection
12/18/25 20:48:02: SESSION_MGR: closing session for UUID 'e5864132-ae4e-4a92-90fb-e21291ebe886' with name 'vitis-run_compile_horn_schunck'
12/18/25 20:48:02: KERNEL_SVC: closing session for UUID 'e5864132-ae4e-4a92-90fb-e21291ebe886' with name 'vitis-run_compile_horn_schunck'
12/18/25 20:48:02: GUIDANCE_SMGR: closing session for UUID 'e5864132-ae4e-4a92-90fb-e21291ebe886' with name 'vitis-run_compile_horn_schunck'
12/18/25 20:48:02: SYSTEM_DIAGRAM: closing session for UUID 'e5864132-ae4e-4a92-90fb-e21291ebe886' with name 'vitis-run_compile_horn_schunck'
12/18/25 20:48:02: STOP_SERVER received, server token: 87014e74-006c-4457-b08a-e21a981f56f8, passed token: 87014e74-006c-4457-b08a-e21a981f56f8
12/18/25 20:48:02: Socket received request to stop server.
12/18/25 20:48:02: Dispatch Server: do_await_stop
12/18/25 20:48:02: SERVER: destructor for server bound to port 54835
