12/18/25 13:58:50: Running xcd server. This server was built by gradle.
12/18/25 13:58:50: Server was asked to start on port: '63171'
12/18/25 13:58:50: Server is using token UUID: '7d8c522e-dfb0-483a-8cc0-ab7dd6b1b90d'
12/18/25 13:58:50: SESSION_MGR: creating session with session uuid: '6d04a3e9-ade5-4ab9-8d63-1f78fcd2ec76' and name 'default'
12/18/25 13:58:50: Attempting to start server on port '63171'
12/18/25 13:58:50: Running Dispatch Server
12/18/25 13:58:50: Version 2.2.0
12/18/25 13:58:53: Dispatch Server: Accepted socket connection from client
12/18/25 13:58:53: Starting Socket connection
12/18/25 13:58:53: EXCHANGE_TOKEN received, server token: 7d8c522e-dfb0-483a-8cc0-ab7dd6b1b90d, passed token: 7d8c522e-dfb0-483a-8cc0-ab7dd6b1b90d
12/18/25 13:58:54: DISPATCH_HANDLER: Adding handler from function makeHandler in library xv_system_diagram
12/18/25 13:58:54: SESSION_MGR: creating session with session uuid: '7bff7648-ab3a-4283-b0ae-031ad85b676a' and name 'vitis-run_compile_horn_schunck_hls'
12/18/25 13:58:54: KERNEL_SVC: creating session with uuid: '7bff7648-ab3a-4283-b0ae-031ad85b676a' and name 'vitis-run_compile_horn_schunck_hls'
12/18/25 13:58:54: GUIDANCE_SMGR: creating guidance session with uuid: '7bff7648-ab3a-4283-b0ae-031ad85b676a' and name 'vitis-run_compile_horn_schunck_hls'
12/18/25 13:58:54: SYSTEM_DIAGRAM: creating session with uuid: '7bff7648-ab3a-4283-b0ae-031ad85b676a' and name 'vitis-run_compile_horn_schunck_hls'
12/18/25 13:59:19: Dispatch Server: Accepted socket connection from client
12/18/25 13:59:19: Starting Socket connection
12/18/25 13:59:42: SESSION_MGR: closing session for UUID '7bff7648-ab3a-4283-b0ae-031ad85b676a' with name 'vitis-run_compile_horn_schunck_hls'
12/18/25 13:59:42: KERNEL_SVC: closing session for UUID '7bff7648-ab3a-4283-b0ae-031ad85b676a' with name 'vitis-run_compile_horn_schunck_hls'
12/18/25 13:59:42: GUIDANCE_SMGR: closing session for UUID '7bff7648-ab3a-4283-b0ae-031ad85b676a' with name 'vitis-run_compile_horn_schunck_hls'
12/18/25 13:59:42: SYSTEM_DIAGRAM: closing session for UUID '7bff7648-ab3a-4283-b0ae-031ad85b676a' with name 'vitis-run_compile_horn_schunck_hls'
12/18/25 13:59:42: STOP_SERVER received, server token: 7d8c522e-dfb0-483a-8cc0-ab7dd6b1b90d, passed token: 7d8c522e-dfb0-483a-8cc0-ab7dd6b1b90d
12/18/25 13:59:42: Socket received request to stop server.
12/18/25 13:59:42: Dispatch Server: do_await_stop
12/18/25 13:59:42: SERVER: destructor for server bound to port 63171
12/18/25 14:02:44: Running xcd server. This server was built by gradle.
12/18/25 14:02:44: Server was asked to start on port: '53591'
12/18/25 14:02:44: Server is using token UUID: '0b1ade6c-d8fa-40ce-8968-7809804d2270'
12/18/25 14:02:44: SESSION_MGR: creating session with session uuid: '6d04a3e9-ade5-4ab9-8d63-1f78fcd2ec76' and name 'default'
12/18/25 14:02:44: Attempting to start server on port '53591'
12/18/25 14:02:44: Running Dispatch Server
12/18/25 14:02:44: Version 2.2.0
12/18/25 14:02:46: Dispatch Server: Accepted socket connection from client
12/18/25 14:02:46: Starting Socket connection
12/18/25 14:02:46: EXCHANGE_TOKEN received, server token: 0b1ade6c-d8fa-40ce-8968-7809804d2270, passed token: 0b1ade6c-d8fa-40ce-8968-7809804d2270
12/18/25 14:02:47: DISPATCH_HANDLER: Adding handler from function makeHandler in library xv_system_diagram
12/18/25 14:02:47: SESSION_MGR: creating session with session uuid: '8a201f4a-d201-4139-8f06-2fcd9d8f7ca0' and name 'vitis-run_compile_horn_schunck_hls'
12/18/25 14:02:47: KERNEL_SVC: creating session with uuid: '8a201f4a-d201-4139-8f06-2fcd9d8f7ca0' and name 'vitis-run_compile_horn_schunck_hls'
12/18/25 14:02:47: GUIDANCE_SMGR: creating guidance session with uuid: '8a201f4a-d201-4139-8f06-2fcd9d8f7ca0' and name 'vitis-run_compile_horn_schunck_hls'
12/18/25 14:02:47: SYSTEM_DIAGRAM: creating session with uuid: '8a201f4a-d201-4139-8f06-2fcd9d8f7ca0' and name 'vitis-run_compile_horn_schunck_hls'
12/18/25 14:03:22: Dispatch Server: Accepted socket connection from client
12/18/25 14:03:22: Starting Socket connection
12/18/25 14:03:56: SESSION_MGR: closing session for UUID '8a201f4a-d201-4139-8f06-2fcd9d8f7ca0' with name 'vitis-run_compile_horn_schunck_hls'
12/18/25 14:03:56: KERNEL_SVC: closing session for UUID '8a201f4a-d201-4139-8f06-2fcd9d8f7ca0' with name 'vitis-run_compile_horn_schunck_hls'
12/18/25 14:03:56: GUIDANCE_SMGR: closing session for UUID '8a201f4a-d201-4139-8f06-2fcd9d8f7ca0' with name 'vitis-run_compile_horn_schunck_hls'
12/18/25 14:03:56: SYSTEM_DIAGRAM: closing session for UUID '8a201f4a-d201-4139-8f06-2fcd9d8f7ca0' with name 'vitis-run_compile_horn_schunck_hls'
12/18/25 14:03:56: STOP_SERVER received, server token: 0b1ade6c-d8fa-40ce-8968-7809804d2270, passed token: 0b1ade6c-d8fa-40ce-8968-7809804d2270
12/18/25 14:03:56: Socket received request to stop server.
12/18/25 14:03:56: Dispatch Server: do_await_stop
12/18/25 14:03:56: SERVER: destructor for server bound to port 53591
12/18/25 14:07:21: Running xcd server. This server was built by gradle.
12/18/25 14:07:21: Server was asked to start on port: '57471'
12/18/25 14:07:21: Server is using token UUID: '92d37b1f-5f55-4737-ad70-15d64326dfbe'
12/18/25 14:07:21: SESSION_MGR: creating session with session uuid: '6d04a3e9-ade5-4ab9-8d63-1f78fcd2ec76' and name 'default'
12/18/25 14:07:21: Attempting to start server on port '57471'
12/18/25 14:07:21: Running Dispatch Server
12/18/25 14:07:21: Version 2.2.0
12/18/25 14:07:23: Dispatch Server: Accepted socket connection from client
12/18/25 14:07:23: Starting Socket connection
12/18/25 14:07:23: EXCHANGE_TOKEN received, server token: 92d37b1f-5f55-4737-ad70-15d64326dfbe, passed token: 92d37b1f-5f55-4737-ad70-15d64326dfbe
12/18/25 14:07:24: DISPATCH_HANDLER: Adding handler from function makeHandler in library xv_system_diagram
12/18/25 14:07:24: SESSION_MGR: creating session with session uuid: '2e03213e-a983-4e57-8848-ff171f9a6da3' and name 'v++_compile_horn_schunck_hls'
12/18/25 14:07:24: KERNEL_SVC: creating session with uuid: '2e03213e-a983-4e57-8848-ff171f9a6da3' and name 'v++_compile_horn_schunck_hls'
12/18/25 14:07:24: GUIDANCE_SMGR: creating guidance session with uuid: '2e03213e-a983-4e57-8848-ff171f9a6da3' and name 'v++_compile_horn_schunck_hls'
12/18/25 14:07:24: SYSTEM_DIAGRAM: creating session with uuid: '2e03213e-a983-4e57-8848-ff171f9a6da3' and name 'v++_compile_horn_schunck_hls'
12/18/25 14:07:47: Dispatch Server: Accepted socket connection from client
12/18/25 14:07:47: Starting Socket connection
12/18/25 14:09:06: SESSION_MGR: closing session for UUID '2e03213e-a983-4e57-8848-ff171f9a6da3' with name 'v++_compile_horn_schunck_hls'
12/18/25 14:09:06: KERNEL_SVC: closing session for UUID '2e03213e-a983-4e57-8848-ff171f9a6da3' with name 'v++_compile_horn_schunck_hls'
12/18/25 14:09:06: GUIDANCE_SMGR: closing session for UUID '2e03213e-a983-4e57-8848-ff171f9a6da3' with name 'v++_compile_horn_schunck_hls'
12/18/25 14:09:06: SYSTEM_DIAGRAM: closing session for UUID '2e03213e-a983-4e57-8848-ff171f9a6da3' with name 'v++_compile_horn_schunck_hls'
12/18/25 14:09:06: STOP_SERVER received, server token: 92d37b1f-5f55-4737-ad70-15d64326dfbe, passed token: 92d37b1f-5f55-4737-ad70-15d64326dfbe
12/18/25 14:09:06: Socket received request to stop server.
12/18/25 14:09:06: Dispatch Server: do_await_stop
12/18/25 14:09:06: SERVER: destructor for server bound to port 57471
12/18/25 14:19:20: Running xcd server. This server was built by gradle.
12/18/25 14:19:20: Server was asked to start on port: '60902'
12/18/25 14:19:20: Server is using token UUID: '4107d537-da98-477c-a1ce-62bb6b9abe1a'
12/18/25 14:19:20: SESSION_MGR: creating session with session uuid: '6d04a3e9-ade5-4ab9-8d63-1f78fcd2ec76' and name 'default'
12/18/25 14:19:20: Attempting to start server on port '60902'
12/18/25 14:19:20: Running Dispatch Server
12/18/25 14:19:20: Version 2.2.0
12/18/25 14:19:22: Dispatch Server: Accepted socket connection from client
12/18/25 14:19:22: Starting Socket connection
12/18/25 14:19:22: EXCHANGE_TOKEN received, server token: 4107d537-da98-477c-a1ce-62bb6b9abe1a, passed token: 4107d537-da98-477c-a1ce-62bb6b9abe1a
12/18/25 14:19:22: DISPATCH_HANDLER: Adding handler from function makeHandler in library xv_system_diagram
12/18/25 14:19:22: SESSION_MGR: creating session with session uuid: '97c82425-f299-4490-88db-44ac5bcf3f71' and name 'vitis-run_compile_horn_schunck_hls'
12/18/25 14:19:22: KERNEL_SVC: creating session with uuid: '97c82425-f299-4490-88db-44ac5bcf3f71' and name 'vitis-run_compile_horn_schunck_hls'
12/18/25 14:19:22: GUIDANCE_SMGR: creating guidance session with uuid: '97c82425-f299-4490-88db-44ac5bcf3f71' and name 'vitis-run_compile_horn_schunck_hls'
12/18/25 14:19:22: SYSTEM_DIAGRAM: creating session with uuid: '97c82425-f299-4490-88db-44ac5bcf3f71' and name 'vitis-run_compile_horn_schunck_hls'
12/18/25 14:19:33: Dispatch Server: Accepted socket connection from client
12/18/25 14:19:33: Starting Socket connection
12/18/25 14:19:44: SESSION_MGR: closing session for UUID '97c82425-f299-4490-88db-44ac5bcf3f71' with name 'vitis-run_compile_horn_schunck_hls'
12/18/25 14:19:44: KERNEL_SVC: closing session for UUID '97c82425-f299-4490-88db-44ac5bcf3f71' with name 'vitis-run_compile_horn_schunck_hls'
12/18/25 14:19:44: GUIDANCE_SMGR: closing session for UUID '97c82425-f299-4490-88db-44ac5bcf3f71' with name 'vitis-run_compile_horn_schunck_hls'
12/18/25 14:19:44: SYSTEM_DIAGRAM: closing session for UUID '97c82425-f299-4490-88db-44ac5bcf3f71' with name 'vitis-run_compile_horn_schunck_hls'
12/18/25 14:19:44: STOP_SERVER received, server token: 4107d537-da98-477c-a1ce-62bb6b9abe1a, passed token: 4107d537-da98-477c-a1ce-62bb6b9abe1a
12/18/25 14:19:44: Socket received request to stop server.
12/18/25 14:19:44: Dispatch Server: do_await_stop
12/18/25 14:19:44: SERVER: destructor for server bound to port 60902
12/18/25 14:22:46: Running xcd server. This server was built by gradle.
12/18/25 14:22:46: Server was asked to start on port: '55198'
12/18/25 14:22:46: Server is using token UUID: 'a5291b5c-0b3d-478d-86bd-d0e195add41e'
12/18/25 14:22:46: SESSION_MGR: creating session with session uuid: '6d04a3e9-ade5-4ab9-8d63-1f78fcd2ec76' and name 'default'
12/18/25 14:22:46: Attempting to start server on port '55198'
12/18/25 14:22:46: Running Dispatch Server
12/18/25 14:22:46: Version 2.2.0
12/18/25 14:22:49: Dispatch Server: Accepted socket connection from client
12/18/25 14:22:49: Starting Socket connection
12/18/25 14:22:49: EXCHANGE_TOKEN received, server token: a5291b5c-0b3d-478d-86bd-d0e195add41e, passed token: a5291b5c-0b3d-478d-86bd-d0e195add41e
12/18/25 14:22:49: DISPATCH_HANDLER: Adding handler from function makeHandler in library xv_system_diagram
12/18/25 14:22:49: SESSION_MGR: creating session with session uuid: '90fc4202-8a47-420c-ac0a-b3b52cd74b1d' and name 'v++_compile_horn_schunck_hls'
12/18/25 14:22:49: KERNEL_SVC: creating session with uuid: '90fc4202-8a47-420c-ac0a-b3b52cd74b1d' and name 'v++_compile_horn_schunck_hls'
12/18/25 14:22:49: GUIDANCE_SMGR: creating guidance session with uuid: '90fc4202-8a47-420c-ac0a-b3b52cd74b1d' and name 'v++_compile_horn_schunck_hls'
12/18/25 14:22:49: SYSTEM_DIAGRAM: creating session with uuid: '90fc4202-8a47-420c-ac0a-b3b52cd74b1d' and name 'v++_compile_horn_schunck_hls'
12/18/25 14:23:00: Dispatch Server: Accepted socket connection from client
12/18/25 14:23:00: Starting Socket connection
12/18/25 14:23:48: SESSION_MGR: closing session for UUID '90fc4202-8a47-420c-ac0a-b3b52cd74b1d' with name 'v++_compile_horn_schunck_hls'
12/18/25 14:23:48: KERNEL_SVC: closing session for UUID '90fc4202-8a47-420c-ac0a-b3b52cd74b1d' with name 'v++_compile_horn_schunck_hls'
12/18/25 14:23:48: GUIDANCE_SMGR: closing session for UUID '90fc4202-8a47-420c-ac0a-b3b52cd74b1d' with name 'v++_compile_horn_schunck_hls'
12/18/25 14:23:49: SYSTEM_DIAGRAM: closing session for UUID '90fc4202-8a47-420c-ac0a-b3b52cd74b1d' with name 'v++_compile_horn_schunck_hls'
12/18/25 14:23:49: STOP_SERVER received, server token: a5291b5c-0b3d-478d-86bd-d0e195add41e, passed token: a5291b5c-0b3d-478d-86bd-d0e195add41e
12/18/25 14:23:49: Socket received request to stop server.
12/18/25 14:23:49: Dispatch Server: do_await_stop
12/18/25 14:23:49: SERVER: destructor for server bound to port 55198
12/18/25 17:32:02: Running xcd server. This server was built by gradle.
12/18/25 17:32:02: Server was asked to start on port: '61345'
12/18/25 17:32:02: Server is using token UUID: 'fea6018b-0716-4498-97ae-65fce87bd20b'
12/18/25 17:32:02: SESSION_MGR: creating session with session uuid: '6d04a3e9-ade5-4ab9-8d63-1f78fcd2ec76' and name 'default'
12/18/25 17:32:02: Attempting to start server on port '61345'
12/18/25 17:32:02: Running Dispatch Server
12/18/25 17:32:02: Version 2.2.0
12/18/25 17:32:04: Dispatch Server: Accepted socket connection from client
12/18/25 17:32:04: Starting Socket connection
12/18/25 17:32:04: EXCHANGE_TOKEN received, server token: fea6018b-0716-4498-97ae-65fce87bd20b, passed token: fea6018b-0716-4498-97ae-65fce87bd20b
12/18/25 17:32:04: DISPATCH_HANDLER: Adding handler from function makeHandler in library xv_system_diagram
12/18/25 17:32:04: SESSION_MGR: creating session with session uuid: '1faae34e-5389-45a3-ac11-933eef3458d0' and name 'vitis-run_compile_horn_schunck_hls'
12/18/25 17:32:04: KERNEL_SVC: creating session with uuid: '1faae34e-5389-45a3-ac11-933eef3458d0' and name 'vitis-run_compile_horn_schunck_hls'
12/18/25 17:32:04: GUIDANCE_SMGR: creating guidance session with uuid: '1faae34e-5389-45a3-ac11-933eef3458d0' and name 'vitis-run_compile_horn_schunck_hls'
12/18/25 17:32:04: SYSTEM_DIAGRAM: creating session with uuid: '1faae34e-5389-45a3-ac11-933eef3458d0' and name 'vitis-run_compile_horn_schunck_hls'
12/18/25 17:32:16: Dispatch Server: Accepted socket connection from client
12/18/25 17:32:16: Starting Socket connection
12/18/25 17:32:17: SESSION_MGR: closing session for UUID '1faae34e-5389-45a3-ac11-933eef3458d0' with name 'vitis-run_compile_horn_schunck_hls'
12/18/25 17:32:17: KERNEL_SVC: closing session for UUID '1faae34e-5389-45a3-ac11-933eef3458d0' with name 'vitis-run_compile_horn_schunck_hls'
12/18/25 17:32:17: GUIDANCE_SMGR: closing session for UUID '1faae34e-5389-45a3-ac11-933eef3458d0' with name 'vitis-run_compile_horn_schunck_hls'
12/18/25 17:32:17: SYSTEM_DIAGRAM: closing session for UUID '1faae34e-5389-45a3-ac11-933eef3458d0' with name 'vitis-run_compile_horn_schunck_hls'
12/18/25 17:32:17: STOP_SERVER received, server token: fea6018b-0716-4498-97ae-65fce87bd20b, passed token: fea6018b-0716-4498-97ae-65fce87bd20b
12/18/25 17:32:17: Socket received request to stop server.
12/18/25 17:32:17: Dispatch Server: do_await_stop
12/18/25 17:32:17: SERVER: destructor for server bound to port 61345
12/18/25 19:01:32: Running xcd server. This server was built by gradle.
12/18/25 19:01:32: Server was asked to start on port: '59124'
12/18/25 19:01:32: Server is using token UUID: '37535011-58e5-4b51-b1d5-dba09cd1a7a5'
12/18/25 19:01:32: SESSION_MGR: creating session with session uuid: '6d04a3e9-ade5-4ab9-8d63-1f78fcd2ec76' and name 'default'
12/18/25 19:01:32: Attempting to start server on port '59124'
12/18/25 19:01:32: Running Dispatch Server
12/18/25 19:01:32: Version 2.2.0
12/18/25 19:01:34: Dispatch Server: Accepted socket connection from client
12/18/25 19:01:34: Starting Socket connection
12/18/25 19:01:34: EXCHANGE_TOKEN received, server token: 37535011-58e5-4b51-b1d5-dba09cd1a7a5, passed token: 37535011-58e5-4b51-b1d5-dba09cd1a7a5
12/18/25 19:01:35: DISPATCH_HANDLER: Adding handler from function makeHandler in library xv_system_diagram
12/18/25 19:01:35: SESSION_MGR: creating session with session uuid: 'dffdd723-5d9a-42e5-a992-b1f0d560847d' and name 'vitis-run_compile_horn_schunck_hls'
12/18/25 19:01:35: KERNEL_SVC: creating session with uuid: 'dffdd723-5d9a-42e5-a992-b1f0d560847d' and name 'vitis-run_compile_horn_schunck_hls'
12/18/25 19:01:35: GUIDANCE_SMGR: creating guidance session with uuid: 'dffdd723-5d9a-42e5-a992-b1f0d560847d' and name 'vitis-run_compile_horn_schunck_hls'
12/18/25 19:01:35: SYSTEM_DIAGRAM: creating session with uuid: 'dffdd723-5d9a-42e5-a992-b1f0d560847d' and name 'vitis-run_compile_horn_schunck_hls'
12/18/25 19:01:51: Dispatch Server: Accepted socket connection from client
12/18/25 19:01:51: Starting Socket connection
12/18/25 19:02:08: SESSION_MGR: closing session for UUID 'dffdd723-5d9a-42e5-a992-b1f0d560847d' with name 'vitis-run_compile_horn_schunck_hls'
12/18/25 19:02:08: KERNEL_SVC: closing session for UUID 'dffdd723-5d9a-42e5-a992-b1f0d560847d' with name 'vitis-run_compile_horn_schunck_hls'
12/18/25 19:02:08: GUIDANCE_SMGR: closing session for UUID 'dffdd723-5d9a-42e5-a992-b1f0d560847d' with name 'vitis-run_compile_horn_schunck_hls'
12/18/25 19:02:08: SYSTEM_DIAGRAM: closing session for UUID 'dffdd723-5d9a-42e5-a992-b1f0d560847d' with name 'vitis-run_compile_horn_schunck_hls'
12/18/25 19:02:08: STOP_SERVER received, server token: 37535011-58e5-4b51-b1d5-dba09cd1a7a5, passed token: 37535011-58e5-4b51-b1d5-dba09cd1a7a5
12/18/25 19:02:08: Socket received request to stop server.
12/18/25 19:02:08: Dispatch Server: do_await_stop
12/18/25 19:02:08: SERVER: destructor for server bound to port 59124
12/18/25 19:02:31: Running xcd server. This server was built by gradle.
12/18/25 19:02:31: Server was asked to start on port: '50640'
12/18/25 19:02:31: Server is using token UUID: '9df9d0fb-def2-4c15-9ecc-ca332367ad18'
12/18/25 19:02:31: SESSION_MGR: creating session with session uuid: '6d04a3e9-ade5-4ab9-8d63-1f78fcd2ec76' and name 'default'
12/18/25 19:02:31: Attempting to start server on port '50640'
12/18/25 19:02:31: Running Dispatch Server
12/18/25 19:02:31: Version 2.2.0
12/18/25 19:02:34: Dispatch Server: Accepted socket connection from client
12/18/25 19:02:34: Starting Socket connection
12/18/25 19:02:34: EXCHANGE_TOKEN received, server token: 9df9d0fb-def2-4c15-9ecc-ca332367ad18, passed token: 9df9d0fb-def2-4c15-9ecc-ca332367ad18
12/18/25 19:02:34: DISPATCH_HANDLER: Adding handler from function makeHandler in library xv_system_diagram
12/18/25 19:02:34: SESSION_MGR: creating session with session uuid: 'd35399c3-9213-44d5-b57f-7577b1cf565c' and name 'vitis-run_compile_horn_schunck_hls'
12/18/25 19:02:34: KERNEL_SVC: creating session with uuid: 'd35399c3-9213-44d5-b57f-7577b1cf565c' and name 'vitis-run_compile_horn_schunck_hls'
12/18/25 19:02:34: GUIDANCE_SMGR: creating guidance session with uuid: 'd35399c3-9213-44d5-b57f-7577b1cf565c' and name 'vitis-run_compile_horn_schunck_hls'
12/18/25 19:02:34: SYSTEM_DIAGRAM: creating session with uuid: 'd35399c3-9213-44d5-b57f-7577b1cf565c' and name 'vitis-run_compile_horn_schunck_hls'
12/18/25 19:02:42: Dispatch Server: Accepted socket connection from client
12/18/25 19:02:42: Starting Socket connection
12/18/25 19:02:51: SESSION_MGR: closing session for UUID 'd35399c3-9213-44d5-b57f-7577b1cf565c' with name 'vitis-run_compile_horn_schunck_hls'
12/18/25 19:02:51: KERNEL_SVC: closing session for UUID 'd35399c3-9213-44d5-b57f-7577b1cf565c' with name 'vitis-run_compile_horn_schunck_hls'
12/18/25 19:02:51: GUIDANCE_SMGR: closing session for UUID 'd35399c3-9213-44d5-b57f-7577b1cf565c' with name 'vitis-run_compile_horn_schunck_hls'
12/18/25 19:02:51: SYSTEM_DIAGRAM: closing session for UUID 'd35399c3-9213-44d5-b57f-7577b1cf565c' with name 'vitis-run_compile_horn_schunck_hls'
12/18/25 19:02:51: STOP_SERVER received, server token: 9df9d0fb-def2-4c15-9ecc-ca332367ad18, passed token: 9df9d0fb-def2-4c15-9ecc-ca332367ad18
12/18/25 19:02:51: Socket received request to stop server.
12/18/25 19:02:51: Dispatch Server: do_await_stop
12/18/25 19:02:51: SERVER: destructor for server bound to port 50640
