

================================================================
== Vitis HLS Report for 'compute_derivatives_16'
================================================================
* Date:           Thu Dec 18 21:18:45 2025

* Version:        2025.2 (Build 6295257 on Nov 12 2025)
* Project:        pyramidal_hs
* Solution:       hls (Vivado IP Flow Target)
* Product family: kintexu
* Target device:  xcku115-flva1517-3-e


================================================================
== Performance Estimates
================================================================
+ Timing: 
    * Summary: 
    +--------+----------+----------+------------+
    |  Clock |  Target  | Estimated| Uncertainty|
    +--------+----------+----------+------------+
    |ap_clk  |  10.00 ns|  7.261 ns|     2.70 ns|
    +--------+----------+----------+------------+

+ Latency: 
    * Summary: 
    +---------+---------+----------+----------+-----+-----+-------------------+
    |  Latency (cycles) |  Latency (absolute) |  Interval |      Pipeline     |
    |   min   |   max   |    min   |    max   | min | max |        Type       |
    +---------+---------+----------+----------+-----+-----+-------------------+
    |      267|      267|  2.670 us|  2.670 us|    0|    0|  loop pipeline stp|
    +---------+---------+----------+----------+-----+-----+-------------------+

    + Detail: 
        * Instance: 
        N/A

        * Loop: 
        +-----------------------------------+---------+---------+----------+-----------+-----------+------+----------+
        |                                   |  Latency (cycles) | Iteration|  Initiation Interval  | Trip |          |
        |             Loop Name             |   min   |   max   |  Latency |  achieved |   target  | Count| Pipelined|
        +-----------------------------------+---------+---------+----------+-----------+-----------+------+----------+
        |- VITIS_LOOP_70_1_VITIS_LOOP_71_2  |      265|      265|        11|          1|          1|   256|       yes|
        +-----------------------------------+---------+---------+----------+-----------+-----------+------+----------+



================================================================
== Utilization Estimates
================================================================
* Summary: 
+---------------------+---------+------+---------+--------+-----+
|         Name        | BRAM_18K|  DSP |    FF   |   LUT  | URAM|
+---------------------+---------+------+---------+--------+-----+
|DSP                  |        -|     -|        -|       -|    -|
|Expression           |        -|     -|        0|     509|    -|
|FIFO                 |        -|     -|        -|       -|    -|
|Instance             |        -|    16|      196|     414|    -|
|Memory               |        -|     -|        -|       -|    -|
|Multiplexer          |        -|     -|        0|     369|    -|
|Register             |        -|     -|      905|     320|    -|
+---------------------+---------+------+---------+--------+-----+
|Total                |        0|    16|     1101|    1612|    0|
+---------------------+---------+------+---------+--------+-----+
|Available SLR        |     2160|  2760|   663360|  331680|    0|
+---------------------+---------+------+---------+--------+-----+
|Utilization SLR (%)  |        0|    ~0|       ~0|      ~0|  100|
+---------------------+---------+------+---------+--------+-----+
|Available            |     4320|  5520|  1326720|  663360|    0|
+---------------------+---------+------+---------+--------+-----+
|Utilization (%)      |        0|    ~0|       ~0|      ~0|    0|
+---------------------+---------+------+---------+--------+-----+

+ Detail: 
    * Instance: 
    +----------------------------+------------------------+---------+----+----+----+-----+
    |          Instance          |         Module         | BRAM_18K| DSP| FF | LUT| URAM|
    +----------------------------+------------------------+---------+----+----+----+-----+
    |mul_4ns_6ns_9_1_1_U77       |mul_4ns_6ns_9_1_1       |        0|   0|   0|  22|    0|
    |mul_4ns_6ns_9_1_1_U78       |mul_4ns_6ns_9_1_1       |        0|   0|   0|  22|    0|
    |mul_5ns_7ns_11_1_1_U73      |mul_5ns_7ns_11_1_1      |        0|   0|   0|  32|    0|
    |mul_5ns_7ns_11_1_1_U75      |mul_5ns_7ns_11_1_1      |        0|   0|   0|  32|    0|
    |mul_5ns_7ns_11_1_1_U76      |mul_5ns_7ns_11_1_1      |        0|   0|   0|  32|    0|
    |mul_64ns_66ns_129_1_1_U68   |mul_64ns_66ns_129_1_1   |        0|  16|   0|  50|    0|
    |sparsemux_7_2_16_1_1_U69    |sparsemux_7_2_16_1_1    |        0|   0|   0|   9|    0|
    |sparsemux_7_2_16_1_1_U70    |sparsemux_7_2_16_1_1    |        0|   0|   0|   9|    0|
    |sparsemux_7_2_16_1_1_U71    |sparsemux_7_2_16_1_1    |        0|   0|   0|   9|    0|
    |sparsemux_7_2_16_1_1_U82    |sparsemux_7_2_16_1_1    |        0|   0|   0|   9|    0|
    |sparsemux_7_2_16_1_1_U83    |sparsemux_7_2_16_1_1    |        0|   0|   0|   9|    0|
    |sparsemux_7_2_16_1_1_U84    |sparsemux_7_2_16_1_1    |        0|   0|   0|   9|    0|
    |sparsemux_7_2_16_1_1_U85    |sparsemux_7_2_16_1_1    |        0|   0|   0|   9|    0|
    |sparsemux_7_2_16_1_1_U86    |sparsemux_7_2_16_1_1    |        0|   0|   0|   9|    0|
    |sparsemux_7_2_16_1_1_U88    |sparsemux_7_2_16_1_1    |        0|   0|   0|   9|    0|
    |sparsemux_7_2_16_1_1_U89    |sparsemux_7_2_16_1_1    |        0|   0|   0|   9|    0|
    |sparsemux_7_2_16_1_1_x_U79  |sparsemux_7_2_16_1_1_x  |        0|   0|   0|   9|    0|
    |sparsemux_7_2_16_1_1_x_U80  |sparsemux_7_2_16_1_1_x  |        0|   0|   0|   9|    0|
    |sparsemux_7_2_16_1_1_x_U81  |sparsemux_7_2_16_1_1_x  |        0|   0|   0|   9|    0|
    |sparsemux_7_2_16_1_1_x_U87  |sparsemux_7_2_16_1_1_x  |        0|   0|   0|   9|    0|
    |urem_5ns_3ns_2_9_1_U72      |urem_5ns_3ns_2_9_1      |        0|   0|  98|  49|    0|
    |urem_5ns_3ns_2_9_1_U74      |urem_5ns_3ns_2_9_1      |        0|   0|  98|  49|    0|
    +----------------------------+------------------------+---------+----+----+----+-----+
    |Total                       |                        |        0|  16| 196| 414|    0|
    +----------------------------+------------------------+---------+----+----+----+-----+

    * DSP: 
    N/A

    * Memory: 
    N/A

    * FIFO: 
    N/A

    * Expression: 
    +-------------------------+----------+----+---+----+------------+------------+
    |      Variable Name      | Operation| DSP| FF| LUT| Bitwidth P0| Bitwidth P1|
    +-------------------------+----------+----+---+----+------------+------------+
    |add_ln70_fu_711_p2       |         +|   0|  0|  16|           9|           1|
    |add_ln71_fu_873_p2       |         +|   0|  0|  12|           5|           1|
    |add_ln78_1_fu_1175_p2    |         +|   0|  0|  12|           4|           2|
    |add_ln78_2_fu_1156_p2    |         +|   0|  0|  13|           6|           6|
    |add_ln78_3_fu_1204_p2    |         +|   0|  0|  13|           6|           6|
    |add_ln78_fu_1127_p2      |         +|   0|  0|  12|           4|           1|
    |add_ln79_1_fu_898_p2     |         +|   0|  0|  12|           5|           2|
    |add_ln79_2_fu_743_p2     |         +|   0|  0|  12|           5|           1|
    |add_ln79_3_fu_1070_p2    |         +|   0|  0|  13|           6|           6|
    |add_ln79_4_fu_1089_p2    |         +|   0|  0|  13|           6|           6|
    |add_ln79_fu_737_p2       |         +|   0|  0|  12|           5|           2|
    |add_ln80_1_fu_1108_p2    |         +|   0|  0|  13|           6|           6|
    |add_ln80_fu_799_p2       |         +|   0|  0|  15|           8|           8|
    |sub_ln70_fu_956_p2       |         -|   0|  0|  13|           6|           6|
    |sub_ln78_1_fu_1397_p2    |         -|   0|  0|  24|           1|          17|
    |sub_ln78_2_fu_1423_p2    |         -|   0|  0|  23|           1|          16|
    |sub_ln78_fu_1383_p2      |         -|   0|  0|  24|          17|          17|
    |sub_ln79_1_fu_1498_p2    |         -|   0|  0|  24|           1|          17|
    |sub_ln79_2_fu_1524_p2    |         -|   0|  0|  23|           1|          16|
    |sub_ln79_3_fu_1011_p2    |         -|   0|  0|  13|           6|           6|
    |sub_ln79_4_fu_1061_p2    |         -|   0|  0|  13|           6|           6|
    |sub_ln79_fu_1484_p2      |         -|   0|  0|  24|          17|          17|
    |sub_ln80_fu_1558_p2      |         -|   0|  0|  23|          16|          16|
    |ap_condition_1267        |       and|   0|  0|   2|           1|           1|
    |ap_condition_408         |       and|   0|  0|   2|           1|           1|
    |icmp_ln70_fu_705_p2      |      icmp|   0|  0|  17|           9|          10|
    |icmp_ln71_fu_723_p2      |      icmp|   0|  0|  13|           5|           6|
    |icmp_ln73_1_fu_789_p2    |      icmp|   0|  0|  12|           5|           4|
    |icmp_ln73_2_fu_843_p2    |      icmp|   0|  0|  12|           5|           1|
    |icmp_ln73_3_fu_849_p2    |      icmp|   0|  0|  12|           5|           4|
    |icmp_ln73_fu_783_p2      |      icmp|   0|  0|  12|           5|           1|
    |or_ln73_1_fu_861_p2      |        or|   0|  0|   2|           1|           1|
    |or_ln73_2_fu_867_p2      |        or|   0|  0|   2|           1|           1|
    |or_ln73_fu_855_p2        |        or|   0|  0|   2|           1|           1|
    |select_ln70_1_fu_749_p3  |    select|   0|  0|   5|           1|           5|
    |select_ln70_2_fu_757_p3  |    select|   0|  0|   5|           1|           5|
    |select_ln70_fu_729_p3    |    select|   0|  0|   5|           1|           1|
    |select_ln78_fu_1429_p3   |    select|   0|  0|  16|           1|          16|
    |select_ln79_fu_1530_p3   |    select|   0|  0|  16|           1|          16|
    |ap_enable_pp0            |       xor|   0|  0|   2|           1|           2|
    +-------------------------+----------+----+---+----+------------+------------+
    |Total                    |          |   0|  0| 509|         192|         258|
    +-------------------------+----------+----+---+----+------------+------------+

    * Multiplexer: 
    +-----------------------------------------------------------------------------------------------------+----+-----------+-----+-----------+
    |                                                 Name                                                | LUT| Input Size| Bits| Total Bits|
    +-----------------------------------------------------------------------------------------------------+----+-----------+-----+-----------+
    |ap_done_int                                                                                          |   9|          2|    1|          2|
    |ap_enable_reg_pp0_iter1                                                                              |   9|          2|    1|          2|
    |ap_phi_mux_storemerge_phi_fu_617_p4                                                                  |   9|          2|   16|         32|
    |ap_phi_reg_pp0_iter1_storemerge_reg_613                                                              |   9|          2|   16|         32|
    |ap_sig_allocacmp_indvar_flatten_load                                                                 |   9|          2|    9|         18|
    |ap_sig_allocacmp_x_load                                                                              |   9|          2|    5|         10|
    |ap_sig_allocacmp_y_load                                                                              |   9|          2|    5|         10|
    |indvar_flatten_fu_144                                                                                |   9|          2|    9|         18|
    |p_ZZ12pyramidal_hsPA64_8ap_fixedILi16ELi6EL9ap_q_mode5EL9ap_o_mode3ELi0EES4_S4_S4_10_address0_local  |  31|          6|    6|         36|
    |p_ZZ12pyramidal_hsPA64_8ap_fixedILi16ELi6EL9ap_q_mode5EL9ap_o_mode3ELi0EES4_S4_S4_11_address0_local  |  31|          6|    6|         36|
    |p_ZZ12pyramidal_hsPA64_8ap_fixedILi16ELi6EL9ap_q_mode5EL9ap_o_mode3ELi0EES4_S4_S4_12_address0_local  |  31|          6|    6|         36|
    |p_ZZ12pyramidal_hsPA64_8ap_fixedILi16ELi6EL9ap_q_mode5EL9ap_o_mode3ELi0EES4_S4_S4_13_address0_local  |  31|          6|    6|         36|
    |p_ZZ12pyramidal_hsPA64_8ap_fixedILi16ELi6EL9ap_q_mode5EL9ap_o_mode3ELi0EES4_S4_S4_14_address0_local  |  31|          6|    6|         36|
    |p_ZZ12pyramidal_hsPA64_8ap_fixedILi16ELi6EL9ap_q_mode5EL9ap_o_mode3ELi0EES4_S4_S4_15_address0_local  |  31|          6|    6|         36|
    |p_ZZ12pyramidal_hsPA64_8ap_fixedILi16ELi6EL9ap_q_mode5EL9ap_o_mode3ELi0EES4_S4_S4_16_address0_local  |  31|          6|    6|         36|
    |p_ZZ12pyramidal_hsPA64_8ap_fixedILi16ELi6EL9ap_q_mode5EL9ap_o_mode3ELi0EES4_S4_S4_17_address0_local  |  31|          6|    6|         36|
    |p_ZZ12pyramidal_hsPA64_8ap_fixedILi16ELi6EL9ap_q_mode5EL9ap_o_mode3ELi0EES4_S4_S4_9_address0_local   |  31|          6|    6|         36|
    |x_fu_136                                                                                             |   9|          2|    5|         10|
    |y_fu_140                                                                                             |   9|          2|    5|         10|
    +-----------------------------------------------------------------------------------------------------+----+-----------+-----+-----------+
    |Total                                                                                                | 369|         74|  126|        468|
    +-----------------------------------------------------------------------------------------------------+----+-----------+-----+-----------+

    * Register: 
    +------------------------------------------+----+----+-----+-----------+
    |                   Name                   | FF | LUT| Bits| Const Bits|
    +------------------------------------------+----+----+-----+-----------+
    |It16_addr_reg_1607                        |   8|   0|    8|          0|
    |Ix16_addr_reg_1612                        |   8|   0|    8|          0|
    |Iy16_addr_reg_1617                        |   8|   0|    8|          0|
    |add_ln79_1_reg_1651                       |   5|   0|    5|          0|
    |ap_CS_fsm                                 |   1|   0|    1|          0|
    |ap_done_reg                               |   1|   0|    1|          0|
    |ap_enable_reg_pp0_iter1                   |   1|   0|    1|          0|
    |ap_enable_reg_pp0_iter10                  |   1|   0|    1|          0|
    |ap_enable_reg_pp0_iter2                   |   1|   0|    1|          0|
    |ap_enable_reg_pp0_iter3                   |   1|   0|    1|          0|
    |ap_enable_reg_pp0_iter4                   |   1|   0|    1|          0|
    |ap_enable_reg_pp0_iter5                   |   1|   0|    1|          0|
    |ap_enable_reg_pp0_iter6                   |   1|   0|    1|          0|
    |ap_enable_reg_pp0_iter7                   |   1|   0|    1|          0|
    |ap_enable_reg_pp0_iter8                   |   1|   0|    1|          0|
    |ap_enable_reg_pp0_iter9                   |   1|   0|    1|          0|
    |ap_loop_exit_ready_pp0_iter1_reg          |   1|   0|    1|          0|
    |ap_loop_exit_ready_pp0_iter2_reg          |   1|   0|    1|          0|
    |ap_loop_exit_ready_pp0_iter3_reg          |   1|   0|    1|          0|
    |ap_loop_exit_ready_pp0_iter4_reg          |   1|   0|    1|          0|
    |ap_loop_exit_ready_pp0_iter5_reg          |   1|   0|    1|          0|
    |ap_loop_exit_ready_pp0_iter6_reg          |   1|   0|    1|          0|
    |ap_loop_exit_ready_pp0_iter7_reg          |   1|   0|    1|          0|
    |ap_loop_exit_ready_pp0_iter8_reg          |   1|   0|    1|          0|
    |ap_loop_exit_ready_pp0_iter9_reg          |   1|   0|    1|          0|
    |ap_phi_reg_pp0_iter10_storemerge_reg_613  |  16|   0|   16|          0|
    |ap_phi_reg_pp0_iter1_storemerge_reg_613   |  16|   0|   16|          0|
    |ap_phi_reg_pp0_iter2_storemerge_reg_613   |  16|   0|   16|          0|
    |ap_phi_reg_pp0_iter3_storemerge_reg_613   |  16|   0|   16|          0|
    |ap_phi_reg_pp0_iter4_storemerge_reg_613   |  16|   0|   16|          0|
    |ap_phi_reg_pp0_iter5_storemerge_reg_613   |  16|   0|   16|          0|
    |ap_phi_reg_pp0_iter6_storemerge_reg_613   |  16|   0|   16|          0|
    |ap_phi_reg_pp0_iter7_storemerge_reg_613   |  16|   0|   16|          0|
    |ap_phi_reg_pp0_iter8_storemerge_reg_613   |  16|   0|   16|          0|
    |ap_phi_reg_pp0_iter9_storemerge_reg_613   |  16|   0|   16|          0|
    |icmp_ln70_reg_1586                        |   1|   0|    1|          0|
    |img2_16_addr_reg_1622                     |   8|   0|    8|          0|
    |indvar_flatten_fu_144                     |   9|   0|    9|          0|
    |or_ln73_2_reg_1638                        |   1|   0|    1|          0|
    |select_ln70_1_reg_1595                    |   5|   0|    5|          0|
    |select_ln70_2_reg_1600                    |   5|   0|    5|          0|
    |tmp_80_reg_1633                           |   4|   0|    4|          0|
    |trunc_ln70_reg_1642                       |   2|   0|    2|          0|
    |trunc_ln70_reg_1642_pp0_iter9_reg         |   2|   0|    2|          0|
    |trunc_ln71_1_reg_1656                     |   2|   0|    2|          0|
    |trunc_ln71_1_reg_1656_pp0_iter9_reg       |   2|   0|    2|          0|
    |trunc_ln71_reg_1627                       |   4|   0|    4|          0|
    |x_fu_136                                  |   5|   0|    5|          0|
    |y_fu_140                                  |   5|   0|    5|          0|
    |It16_addr_reg_1607                        |  64|  32|    8|          0|
    |Ix16_addr_reg_1612                        |  64|  32|    8|          0|
    |Iy16_addr_reg_1617                        |  64|  32|    8|          0|
    |icmp_ln70_reg_1586                        |  64|  32|    1|          0|
    |img2_16_addr_reg_1622                     |  64|  32|    8|          0|
    |or_ln73_2_reg_1638                        |  64|  32|    1|          0|
    |select_ln70_1_reg_1595                    |  64|  32|    5|          0|
    |select_ln70_2_reg_1600                    |  64|  32|    5|          0|
    |tmp_80_reg_1633                           |  64|  32|    4|          0|
    |trunc_ln71_reg_1627                       |  64|  32|    4|          0|
    +------------------------------------------+----+----+-----+-----------+
    |Total                                     | 905| 320|  317|          0|
    +------------------------------------------+----+----+-----+-----------+



================================================================
== Interface
================================================================
* Summary: 
+-----------------------------------------------------------------------------------------------+-----+-----+------------+--------------------------------------------------------------------------------------+--------------+
|                                           RTL Ports                                           | Dir | Bits|  Protocol  |                                     Source Object                                    |    C Type    |
+-----------------------------------------------------------------------------------------------+-----+-----+------------+--------------------------------------------------------------------------------------+--------------+
|ap_clk                                                                                         |   in|    1|  ap_ctrl_hs|                                                                compute_derivatives_16|  return value|
|ap_rst                                                                                         |   in|    1|  ap_ctrl_hs|                                                                compute_derivatives_16|  return value|
|ap_start                                                                                       |   in|    1|  ap_ctrl_hs|                                                                compute_derivatives_16|  return value|
|ap_done                                                                                        |  out|    1|  ap_ctrl_hs|                                                                compute_derivatives_16|  return value|
|ap_idle                                                                                        |  out|    1|  ap_ctrl_hs|                                                                compute_derivatives_16|  return value|
|ap_ready                                                                                       |  out|    1|  ap_ctrl_hs|                                                                compute_derivatives_16|  return value|
|Ix16_address0                                                                                  |  out|    8|   ap_memory|                                                                                  Ix16|         array|
|Ix16_ce0                                                                                       |  out|    1|   ap_memory|                                                                                  Ix16|         array|
|Ix16_we0                                                                                       |  out|    1|   ap_memory|                                                                                  Ix16|         array|
|Ix16_d0                                                                                        |  out|   16|   ap_memory|                                                                                  Ix16|         array|
|Ix16_address1                                                                                  |  out|    8|   ap_memory|                                                                                  Ix16|         array|
|Ix16_ce1                                                                                       |  out|    1|   ap_memory|                                                                                  Ix16|         array|
|Ix16_we1                                                                                       |  out|    1|   ap_memory|                                                                                  Ix16|         array|
|Ix16_d1                                                                                        |  out|   16|   ap_memory|                                                                                  Ix16|         array|
|Iy16_address0                                                                                  |  out|    8|   ap_memory|                                                                                  Iy16|         array|
|Iy16_ce0                                                                                       |  out|    1|   ap_memory|                                                                                  Iy16|         array|
|Iy16_we0                                                                                       |  out|    1|   ap_memory|                                                                                  Iy16|         array|
|Iy16_d0                                                                                        |  out|   16|   ap_memory|                                                                                  Iy16|         array|
|Iy16_address1                                                                                  |  out|    8|   ap_memory|                                                                                  Iy16|         array|
|Iy16_ce1                                                                                       |  out|    1|   ap_memory|                                                                                  Iy16|         array|
|Iy16_we1                                                                                       |  out|    1|   ap_memory|                                                                                  Iy16|         array|
|Iy16_d1                                                                                        |  out|   16|   ap_memory|                                                                                  Iy16|         array|
|p_ZZ12pyramidal_hsPA64_8ap_fixedILi16ELi6EL9ap_q_mode5EL9ap_o_mode3ELi0EES4_S4_S4_17_address0  |  out|    6|   ap_memory|  p_ZZ12pyramidal_hsPA64_8ap_fixedILi16ELi6EL9ap_q_mode5EL9ap_o_mode3ELi0EES4_S4_S4_17|         array|
|p_ZZ12pyramidal_hsPA64_8ap_fixedILi16ELi6EL9ap_q_mode5EL9ap_o_mode3ELi0EES4_S4_S4_17_ce0       |  out|    1|   ap_memory|  p_ZZ12pyramidal_hsPA64_8ap_fixedILi16ELi6EL9ap_q_mode5EL9ap_o_mode3ELi0EES4_S4_S4_17|         array|
|p_ZZ12pyramidal_hsPA64_8ap_fixedILi16ELi6EL9ap_q_mode5EL9ap_o_mode3ELi0EES4_S4_S4_17_q0        |   in|   16|   ap_memory|  p_ZZ12pyramidal_hsPA64_8ap_fixedILi16ELi6EL9ap_q_mode5EL9ap_o_mode3ELi0EES4_S4_S4_17|         array|
|p_ZZ12pyramidal_hsPA64_8ap_fixedILi16ELi6EL9ap_q_mode5EL9ap_o_mode3ELi0EES4_S4_S4_16_address0  |  out|    6|   ap_memory|  p_ZZ12pyramidal_hsPA64_8ap_fixedILi16ELi6EL9ap_q_mode5EL9ap_o_mode3ELi0EES4_S4_S4_16|         array|
|p_ZZ12pyramidal_hsPA64_8ap_fixedILi16ELi6EL9ap_q_mode5EL9ap_o_mode3ELi0EES4_S4_S4_16_ce0       |  out|    1|   ap_memory|  p_ZZ12pyramidal_hsPA64_8ap_fixedILi16ELi6EL9ap_q_mode5EL9ap_o_mode3ELi0EES4_S4_S4_16|         array|
|p_ZZ12pyramidal_hsPA64_8ap_fixedILi16ELi6EL9ap_q_mode5EL9ap_o_mode3ELi0EES4_S4_S4_16_q0        |   in|   16|   ap_memory|  p_ZZ12pyramidal_hsPA64_8ap_fixedILi16ELi6EL9ap_q_mode5EL9ap_o_mode3ELi0EES4_S4_S4_16|         array|
|p_ZZ12pyramidal_hsPA64_8ap_fixedILi16ELi6EL9ap_q_mode5EL9ap_o_mode3ELi0EES4_S4_S4_15_address0  |  out|    6|   ap_memory|  p_ZZ12pyramidal_hsPA64_8ap_fixedILi16ELi6EL9ap_q_mode5EL9ap_o_mode3ELi0EES4_S4_S4_15|         array|
|p_ZZ12pyramidal_hsPA64_8ap_fixedILi16ELi6EL9ap_q_mode5EL9ap_o_mode3ELi0EES4_S4_S4_15_ce0       |  out|    1|   ap_memory|  p_ZZ12pyramidal_hsPA64_8ap_fixedILi16ELi6EL9ap_q_mode5EL9ap_o_mode3ELi0EES4_S4_S4_15|         array|
|p_ZZ12pyramidal_hsPA64_8ap_fixedILi16ELi6EL9ap_q_mode5EL9ap_o_mode3ELi0EES4_S4_S4_15_q0        |   in|   16|   ap_memory|  p_ZZ12pyramidal_hsPA64_8ap_fixedILi16ELi6EL9ap_q_mode5EL9ap_o_mode3ELi0EES4_S4_S4_15|         array|
|p_ZZ12pyramidal_hsPA64_8ap_fixedILi16ELi6EL9ap_q_mode5EL9ap_o_mode3ELi0EES4_S4_S4_14_address0  |  out|    6|   ap_memory|  p_ZZ12pyramidal_hsPA64_8ap_fixedILi16ELi6EL9ap_q_mode5EL9ap_o_mode3ELi0EES4_S4_S4_14|         array|
|p_ZZ12pyramidal_hsPA64_8ap_fixedILi16ELi6EL9ap_q_mode5EL9ap_o_mode3ELi0EES4_S4_S4_14_ce0       |  out|    1|   ap_memory|  p_ZZ12pyramidal_hsPA64_8ap_fixedILi16ELi6EL9ap_q_mode5EL9ap_o_mode3ELi0EES4_S4_S4_14|         array|
|p_ZZ12pyramidal_hsPA64_8ap_fixedILi16ELi6EL9ap_q_mode5EL9ap_o_mode3ELi0EES4_S4_S4_14_q0        |   in|   16|   ap_memory|  p_ZZ12pyramidal_hsPA64_8ap_fixedILi16ELi6EL9ap_q_mode5EL9ap_o_mode3ELi0EES4_S4_S4_14|         array|
|p_ZZ12pyramidal_hsPA64_8ap_fixedILi16ELi6EL9ap_q_mode5EL9ap_o_mode3ELi0EES4_S4_S4_13_address0  |  out|    6|   ap_memory|  p_ZZ12pyramidal_hsPA64_8ap_fixedILi16ELi6EL9ap_q_mode5EL9ap_o_mode3ELi0EES4_S4_S4_13|         array|
|p_ZZ12pyramidal_hsPA64_8ap_fixedILi16ELi6EL9ap_q_mode5EL9ap_o_mode3ELi0EES4_S4_S4_13_ce0       |  out|    1|   ap_memory|  p_ZZ12pyramidal_hsPA64_8ap_fixedILi16ELi6EL9ap_q_mode5EL9ap_o_mode3ELi0EES4_S4_S4_13|         array|
|p_ZZ12pyramidal_hsPA64_8ap_fixedILi16ELi6EL9ap_q_mode5EL9ap_o_mode3ELi0EES4_S4_S4_13_q0        |   in|   16|   ap_memory|  p_ZZ12pyramidal_hsPA64_8ap_fixedILi16ELi6EL9ap_q_mode5EL9ap_o_mode3ELi0EES4_S4_S4_13|         array|
|p_ZZ12pyramidal_hsPA64_8ap_fixedILi16ELi6EL9ap_q_mode5EL9ap_o_mode3ELi0EES4_S4_S4_12_address0  |  out|    6|   ap_memory|  p_ZZ12pyramidal_hsPA64_8ap_fixedILi16ELi6EL9ap_q_mode5EL9ap_o_mode3ELi0EES4_S4_S4_12|         array|
|p_ZZ12pyramidal_hsPA64_8ap_fixedILi16ELi6EL9ap_q_mode5EL9ap_o_mode3ELi0EES4_S4_S4_12_ce0       |  out|    1|   ap_memory|  p_ZZ12pyramidal_hsPA64_8ap_fixedILi16ELi6EL9ap_q_mode5EL9ap_o_mode3ELi0EES4_S4_S4_12|         array|
|p_ZZ12pyramidal_hsPA64_8ap_fixedILi16ELi6EL9ap_q_mode5EL9ap_o_mode3ELi0EES4_S4_S4_12_q0        |   in|   16|   ap_memory|  p_ZZ12pyramidal_hsPA64_8ap_fixedILi16ELi6EL9ap_q_mode5EL9ap_o_mode3ELi0EES4_S4_S4_12|         array|
|p_ZZ12pyramidal_hsPA64_8ap_fixedILi16ELi6EL9ap_q_mode5EL9ap_o_mode3ELi0EES4_S4_S4_11_address0  |  out|    6|   ap_memory|  p_ZZ12pyramidal_hsPA64_8ap_fixedILi16ELi6EL9ap_q_mode5EL9ap_o_mode3ELi0EES4_S4_S4_11|         array|
|p_ZZ12pyramidal_hsPA64_8ap_fixedILi16ELi6EL9ap_q_mode5EL9ap_o_mode3ELi0EES4_S4_S4_11_ce0       |  out|    1|   ap_memory|  p_ZZ12pyramidal_hsPA64_8ap_fixedILi16ELi6EL9ap_q_mode5EL9ap_o_mode3ELi0EES4_S4_S4_11|         array|
|p_ZZ12pyramidal_hsPA64_8ap_fixedILi16ELi6EL9ap_q_mode5EL9ap_o_mode3ELi0EES4_S4_S4_11_q0        |   in|   16|   ap_memory|  p_ZZ12pyramidal_hsPA64_8ap_fixedILi16ELi6EL9ap_q_mode5EL9ap_o_mode3ELi0EES4_S4_S4_11|         array|
|p_ZZ12pyramidal_hsPA64_8ap_fixedILi16ELi6EL9ap_q_mode5EL9ap_o_mode3ELi0EES4_S4_S4_10_address0  |  out|    6|   ap_memory|  p_ZZ12pyramidal_hsPA64_8ap_fixedILi16ELi6EL9ap_q_mode5EL9ap_o_mode3ELi0EES4_S4_S4_10|         array|
|p_ZZ12pyramidal_hsPA64_8ap_fixedILi16ELi6EL9ap_q_mode5EL9ap_o_mode3ELi0EES4_S4_S4_10_ce0       |  out|    1|   ap_memory|  p_ZZ12pyramidal_hsPA64_8ap_fixedILi16ELi6EL9ap_q_mode5EL9ap_o_mode3ELi0EES4_S4_S4_10|         array|
|p_ZZ12pyramidal_hsPA64_8ap_fixedILi16ELi6EL9ap_q_mode5EL9ap_o_mode3ELi0EES4_S4_S4_10_q0        |   in|   16|   ap_memory|  p_ZZ12pyramidal_hsPA64_8ap_fixedILi16ELi6EL9ap_q_mode5EL9ap_o_mode3ELi0EES4_S4_S4_10|         array|
|p_ZZ12pyramidal_hsPA64_8ap_fixedILi16ELi6EL9ap_q_mode5EL9ap_o_mode3ELi0EES4_S4_S4_9_address0   |  out|    6|   ap_memory|   p_ZZ12pyramidal_hsPA64_8ap_fixedILi16ELi6EL9ap_q_mode5EL9ap_o_mode3ELi0EES4_S4_S4_9|         array|
|p_ZZ12pyramidal_hsPA64_8ap_fixedILi16ELi6EL9ap_q_mode5EL9ap_o_mode3ELi0EES4_S4_S4_9_ce0        |  out|    1|   ap_memory|   p_ZZ12pyramidal_hsPA64_8ap_fixedILi16ELi6EL9ap_q_mode5EL9ap_o_mode3ELi0EES4_S4_S4_9|         array|
|p_ZZ12pyramidal_hsPA64_8ap_fixedILi16ELi6EL9ap_q_mode5EL9ap_o_mode3ELi0EES4_S4_S4_9_q0         |   in|   16|   ap_memory|   p_ZZ12pyramidal_hsPA64_8ap_fixedILi16ELi6EL9ap_q_mode5EL9ap_o_mode3ELi0EES4_S4_S4_9|         array|
|img2_16_address0                                                                               |  out|    8|   ap_memory|                                                                               img2_16|         array|
|img2_16_ce0                                                                                    |  out|    1|   ap_memory|                                                                               img2_16|         array|
|img2_16_q0                                                                                     |   in|   16|   ap_memory|                                                                               img2_16|         array|
|It16_address0                                                                                  |  out|    8|   ap_memory|                                                                                  It16|         array|
|It16_ce0                                                                                       |  out|    1|   ap_memory|                                                                                  It16|         array|
|It16_we0                                                                                       |  out|    1|   ap_memory|                                                                                  It16|         array|
|It16_d0                                                                                        |  out|   16|   ap_memory|                                                                                  It16|         array|
+-----------------------------------------------------------------------------------------------+-----+-----+------------+--------------------------------------------------------------------------------------+--------------+

