

================================================================
== Vitis HLS Report for 'compute_derivatives_32'
================================================================
* Date:           Thu Dec 18 23:21:39 2025

* Version:        2025.2 (Build 6295257 on Nov 12 2025)
* Project:        pyramidal_hs
* Solution:       hls (Vivado IP Flow Target)
* Product family: kintex7
* Target device:  xc7k70t-fbg484-1


================================================================
== Performance Estimates
================================================================
+ Timing: 
    * Summary: 
    +--------+----------+----------+------------+
    |  Clock |  Target  | Estimated| Uncertainty|
    +--------+----------+----------+------------+
    |ap_clk  |  10.00 ns|  6.458 ns|     2.70 ns|
    +--------+----------+----------+------------+

+ Latency: 
    * Summary: 
    +---------+---------+-----------+-----------+-----+-----+-------------------+
    |  Latency (cycles) |   Latency (absolute)  |  Interval |      Pipeline     |
    |   min   |   max   |    min    |    max    | min | max |        Type       |
    +---------+---------+-----------+-----------+-----+-----+-------------------+
    |     1037|     1037|  10.370 us|  10.370 us|    0|    0|  loop pipeline stp|
    +---------+---------+-----------+-----------+-----+-----+-------------------+

    + Detail: 
        * Instance: 
        N/A

        * Loop: 
        +-----------------------------------+---------+---------+----------+-----------+-----------+------+----------+
        |                                   |  Latency (cycles) | Iteration|  Initiation Interval  | Trip |          |
        |             Loop Name             |   min   |   max   |  Latency |  achieved |   target  | Count| Pipelined|
        +-----------------------------------+---------+---------+----------+-----------+-----------+------+----------+
        |- VITIS_LOOP_46_1_VITIS_LOOP_47_2  |     1035|     1035|        13|          1|          1|  1024|       yes|
        +-----------------------------------+---------+---------+----------+-----------+-----------+------+----------+



================================================================
== Utilization Estimates
================================================================
* Summary: 
+-----------------+---------+-----+-------+-------+-----+
|       Name      | BRAM_18K| DSP |   FF  |  LUT  | URAM|
+-----------------+---------+-----+-------+-------+-----+
|DSP              |        -|    2|      -|      -|    -|
|Expression       |        -|    -|      0|    515|    -|
|FIFO             |        -|    -|      -|      -|    -|
|Instance         |        -|   16|    701|    744|    -|
|Memory           |        -|    -|      -|      -|    -|
|Multiplexer      |        -|    -|      0|    315|    -|
|Register         |        -|    -|   1235|    416|    -|
+-----------------+---------+-----+-------+-------+-----+
|Total            |        0|   18|   1936|   1990|    0|
+-----------------+---------+-----+-------+-------+-----+
|Available        |      270|  240|  82000|  41000|    0|
+-----------------+---------+-----+-------+-------+-----+
|Utilization (%)  |        0|    7|      2|      4|    0|
+-----------------+---------+-----+-------+-------+-----+

+ Detail: 
    * Instance: 
    +-----------------------------+------------------------+---------+----+-----+-----+-----+
    |           Instance          |         Module         | BRAM_18K| DSP|  FF | LUT | URAM|
    +-----------------------------+------------------------+---------+----+-----+-----+-----+
    |mul_5ns_5ns_7_1_1_U238       |mul_5ns_5ns_7_1_1       |        0|   0|    0|   17|    0|
    |mul_5ns_7ns_11_1_1_U236      |mul_5ns_7ns_11_1_1      |        0|   0|    0|   32|    0|
    |mul_5ns_7ns_11_1_1_U237      |mul_5ns_7ns_11_1_1      |        0|   0|    0|   32|    0|
    |mul_64ns_66ns_129_5_1_U227   |mul_64ns_66ns_129_5_1   |        0|  16|  441|  256|    0|
    |mul_6ns_8ns_13_1_1_U232      |mul_6ns_8ns_13_1_1      |        0|   0|    0|   41|    0|
    |mul_6ns_8ns_13_1_1_U234      |mul_6ns_8ns_13_1_1      |        0|   0|    0|   41|    0|
    |mul_6ns_8ns_13_1_1_U235      |mul_6ns_8ns_13_1_1      |        0|   0|    0|   41|    0|
    |sparsemux_7_2_16_1_1_U228    |sparsemux_7_2_16_1_1    |        0|   0|    0|    9|    0|
    |sparsemux_7_2_16_1_1_U229    |sparsemux_7_2_16_1_1    |        0|   0|    0|    9|    0|
    |sparsemux_7_2_16_1_1_U230    |sparsemux_7_2_16_1_1    |        0|   0|    0|    9|    0|
    |sparsemux_7_2_16_1_1_U242    |sparsemux_7_2_16_1_1    |        0|   0|    0|    9|    0|
    |sparsemux_7_2_16_1_1_U243    |sparsemux_7_2_16_1_1    |        0|   0|    0|    9|    0|
    |sparsemux_7_2_16_1_1_U244    |sparsemux_7_2_16_1_1    |        0|   0|    0|    9|    0|
    |sparsemux_7_2_16_1_1_U245    |sparsemux_7_2_16_1_1    |        0|   0|    0|    9|    0|
    |sparsemux_7_2_16_1_1_U246    |sparsemux_7_2_16_1_1    |        0|   0|    0|    9|    0|
    |sparsemux_7_2_16_1_1_U248    |sparsemux_7_2_16_1_1    |        0|   0|    0|    9|    0|
    |sparsemux_7_2_16_1_1_U249    |sparsemux_7_2_16_1_1    |        0|   0|    0|    9|    0|
    |sparsemux_7_2_16_1_1_x_U239  |sparsemux_7_2_16_1_1_x  |        0|   0|    0|    9|    0|
    |sparsemux_7_2_16_1_1_x_U240  |sparsemux_7_2_16_1_1_x  |        0|   0|    0|    9|    0|
    |sparsemux_7_2_16_1_1_x_U241  |sparsemux_7_2_16_1_1_x  |        0|   0|    0|    9|    0|
    |sparsemux_7_2_16_1_1_x_U247  |sparsemux_7_2_16_1_1_x  |        0|   0|    0|    9|    0|
    |urem_6ns_3ns_2_10_1_U231     |urem_6ns_3ns_2_10_1     |        0|   0|  130|   79|    0|
    |urem_6ns_3ns_2_10_1_U233     |urem_6ns_3ns_2_10_1     |        0|   0|  130|   79|    0|
    +-----------------------------+------------------------+---------+----+-----+-----+-----+
    |Total                        |                        |        0|  16|  701|  744|    0|
    +-----------------------------+------------------------+---------+----+-----+-----+-----+

    * DSP: 
    +-----------------------------------+------------------------------+--------------+
    |              Instance             |            Module            |  Expression  |
    +-----------------------------------+------------------------------+--------------+
    |mac_muladd_5ns_4ns_5ns_7_4_1_U250  |mac_muladd_5ns_4ns_5ns_7_4_1  |  i0 * i1 + i2|
    |mac_muladd_7s_4ns_5ns_7_4_1_U251   |mac_muladd_7s_4ns_5ns_7_4_1   |  i0 * i1 + i2|
    +-----------------------------------+------------------------------+--------------+

    * Memory: 
    N/A

    * FIFO: 
    N/A

    * Expression: 
    +-------------------------+----------+----+---+----+------------+------------+
    |      Variable Name      | Operation| DSP| FF| LUT| Bitwidth P0| Bitwidth P1|
    +-------------------------+----------+----+---+----+------------+------------+
    |add_ln46_fu_717_p2       |         +|   0|  0|  18|          11|           1|
    |add_ln47_fu_867_p2       |         +|   0|  0|  14|           6|           1|
    |add_ln54_1_fu_1012_p2    |         +|   0|  0|  13|           5|           2|
    |add_ln54_2_fu_1103_p2    |         +|   0|  0|  14|           7|           7|
    |add_ln54_3_fu_1125_p2    |         +|   0|  0|  14|           7|           7|
    |add_ln54_fu_987_p2       |         +|   0|  0|  13|           5|           1|
    |add_ln55_1_fu_949_p2     |         +|   0|  0|  14|           6|           2|
    |add_ln55_2_fu_749_p2     |         +|   0|  0|  14|           6|           1|
    |add_ln55_fu_743_p2       |         +|   0|  0|  14|           6|           2|
    |add_ln56_1_fu_1070_p2    |         +|   0|  0|  14|           7|           7|
    |add_ln56_fu_898_p2       |         +|   0|  0|  17|          10|          10|
    |sub_ln54_1_fu_1430_p2    |         -|   0|  0|  24|           1|          17|
    |sub_ln54_2_fu_1445_p2    |         -|   0|  0|  23|           1|          16|
    |sub_ln54_fu_1304_p2      |         -|   0|  0|  24|          17|          17|
    |sub_ln55_1_fu_1458_p2    |         -|   0|  0|  24|           1|          17|
    |sub_ln55_2_fu_1473_p2    |         -|   0|  0|  23|           1|          16|
    |sub_ln55_fu_1374_p2      |         -|   0|  0|  24|          17|          17|
    |sub_ln56_fu_1424_p2      |         -|   0|  0|  23|          16|          16|
    |ap_condition_1345        |       and|   0|  0|   6|           1|           1|
    |ap_condition_482         |       and|   0|  0|   6|           1|           1|
    |icmp_ln46_fu_711_p2      |      icmp|   0|  0|  19|          11|          12|
    |icmp_ln47_fu_729_p2      |      icmp|   0|  0|  14|           6|           7|
    |icmp_ln49_1_fu_787_p2    |      icmp|   0|  0|  14|           6|           5|
    |icmp_ln49_2_fu_837_p2    |      icmp|   0|  0|  14|           6|           1|
    |icmp_ln49_3_fu_843_p2    |      icmp|   0|  0|  14|           6|           5|
    |icmp_ln49_fu_781_p2      |      icmp|   0|  0|  14|           6|           1|
    |or_ln49_1_fu_855_p2      |        or|   0|  0|   6|           1|           1|
    |or_ln49_2_fu_861_p2      |        or|   0|  0|   6|           1|           1|
    |or_ln49_fu_849_p2        |        or|   0|  0|   6|           1|           1|
    |select_ln46_3_fu_755_p3  |    select|   0|  0|   6|           1|           6|
    |select_ln46_4_fu_763_p3  |    select|   0|  0|   6|           1|           6|
    |select_ln46_fu_735_p3    |    select|   0|  0|   6|           1|           1|
    |select_ln54_fu_1451_p3   |    select|   0|  0|  16|           1|          16|
    |select_ln55_fu_1479_p3   |    select|   0|  0|  16|           1|          16|
    |select_ln56_fu_1398_p3   |    select|   0|  0|  16|           1|          16|
    |ap_enable_pp0            |       xor|   0|  0|   6|           1|           2|
    +-------------------------+----------+----+---+----+------------+------------+
    |Total                    |          |   0|  0| 515|         183|         256|
    +-------------------------+----------+----+---+----+------------+------------+

    * Multiplexer: 
    +----------------------------------------------------------------------------------------------------+----+-----------+-----+-----------+
    |                                                Name                                                | LUT| Input Size| Bits| Total Bits|
    +----------------------------------------------------------------------------------------------------+----+-----------+-----+-----------+
    |ap_done_int                                                                                         |   9|          2|    1|          2|
    |ap_enable_reg_pp0_iter1                                                                             |   9|          2|    1|          2|
    |ap_phi_reg_pp0_iter12_storemerge_reg_619                                                            |   9|          2|   16|         32|
    |ap_phi_reg_pp0_iter2_storemerge_reg_619                                                             |   9|          2|   16|         32|
    |ap_sig_allocacmp_indvar_flatten_load                                                                |   9|          2|   11|         22|
    |ap_sig_allocacmp_x_load                                                                             |   9|          2|    6|         12|
    |ap_sig_allocacmp_y_load                                                                             |   9|          2|    6|         12|
    |indvar_flatten_fu_136                                                                               |   9|          2|   11|         22|
    |p_ZZ12pyramidal_hsPA64_8ap_fixedILi16ELi6EL9ap_q_mode5EL9ap_o_mode3ELi0EES4_S4_S4_1_address0_local  |  25|          6|    7|         42|
    |p_ZZ12pyramidal_hsPA64_8ap_fixedILi16ELi6EL9ap_q_mode5EL9ap_o_mode3ELi0EES4_S4_S4_2_address0_local  |  25|          6|    7|         42|
    |p_ZZ12pyramidal_hsPA64_8ap_fixedILi16ELi6EL9ap_q_mode5EL9ap_o_mode3ELi0EES4_S4_S4_3_address0_local  |  25|          6|    7|         42|
    |p_ZZ12pyramidal_hsPA64_8ap_fixedILi16ELi6EL9ap_q_mode5EL9ap_o_mode3ELi0EES4_S4_S4_4_address0_local  |  25|          6|    7|         42|
    |p_ZZ12pyramidal_hsPA64_8ap_fixedILi16ELi6EL9ap_q_mode5EL9ap_o_mode3ELi0EES4_S4_S4_5_address0_local  |  25|          6|    7|         42|
    |p_ZZ12pyramidal_hsPA64_8ap_fixedILi16ELi6EL9ap_q_mode5EL9ap_o_mode3ELi0EES4_S4_S4_6_address0_local  |  25|          6|    7|         42|
    |p_ZZ12pyramidal_hsPA64_8ap_fixedILi16ELi6EL9ap_q_mode5EL9ap_o_mode3ELi0EES4_S4_S4_7_address0_local  |  25|          6|    7|         42|
    |p_ZZ12pyramidal_hsPA64_8ap_fixedILi16ELi6EL9ap_q_mode5EL9ap_o_mode3ELi0EES4_S4_S4_8_address0_local  |  25|          6|    7|         42|
    |p_ZZ12pyramidal_hsPA64_8ap_fixedILi16ELi6EL9ap_q_mode5EL9ap_o_mode3ELi0EES4_S4_S4_address0_local    |  25|          6|    7|         42|
    |x_fu_128                                                                                            |   9|          2|    6|         12|
    |y_fu_132                                                                                            |   9|          2|    6|         12|
    +----------------------------------------------------------------------------------------------------+----+-----------+-----+-----------+
    |Total                                                                                               | 315|         74|  143|        538|
    +----------------------------------------------------------------------------------------------------+----+-----------+-----+-----------+

    * Register: 
    +------------------------------------------+----+----+-----+-----------+
    |                   Name                   | FF | LUT| Bits| Const Bits|
    +------------------------------------------+----+----+-----+-----------+
    |It32_addr_reg_1574                        |  10|   0|   10|          0|
    |Ix32_addr_reg_1579                        |  10|   0|   10|          0|
    |Iy32_addr_reg_1584                        |  10|   0|   10|          0|
    |ap_CS_fsm                                 |   1|   0|    1|          0|
    |ap_done_reg                               |   1|   0|    1|          0|
    |ap_enable_reg_pp0_iter1                   |   1|   0|    1|          0|
    |ap_enable_reg_pp0_iter10                  |   1|   0|    1|          0|
    |ap_enable_reg_pp0_iter11                  |   1|   0|    1|          0|
    |ap_enable_reg_pp0_iter12                  |   1|   0|    1|          0|
    |ap_enable_reg_pp0_iter2                   |   1|   0|    1|          0|
    |ap_enable_reg_pp0_iter3                   |   1|   0|    1|          0|
    |ap_enable_reg_pp0_iter4                   |   1|   0|    1|          0|
    |ap_enable_reg_pp0_iter5                   |   1|   0|    1|          0|
    |ap_enable_reg_pp0_iter6                   |   1|   0|    1|          0|
    |ap_enable_reg_pp0_iter7                   |   1|   0|    1|          0|
    |ap_enable_reg_pp0_iter8                   |   1|   0|    1|          0|
    |ap_enable_reg_pp0_iter9                   |   1|   0|    1|          0|
    |ap_loop_exit_ready_pp0_iter10_reg         |   1|   0|    1|          0|
    |ap_loop_exit_ready_pp0_iter11_reg         |   1|   0|    1|          0|
    |ap_loop_exit_ready_pp0_iter1_reg          |   1|   0|    1|          0|
    |ap_loop_exit_ready_pp0_iter2_reg          |   1|   0|    1|          0|
    |ap_loop_exit_ready_pp0_iter3_reg          |   1|   0|    1|          0|
    |ap_loop_exit_ready_pp0_iter4_reg          |   1|   0|    1|          0|
    |ap_loop_exit_ready_pp0_iter5_reg          |   1|   0|    1|          0|
    |ap_loop_exit_ready_pp0_iter6_reg          |   1|   0|    1|          0|
    |ap_loop_exit_ready_pp0_iter7_reg          |   1|   0|    1|          0|
    |ap_loop_exit_ready_pp0_iter8_reg          |   1|   0|    1|          0|
    |ap_loop_exit_ready_pp0_iter9_reg          |   1|   0|    1|          0|
    |ap_phi_reg_pp0_iter10_storemerge_reg_619  |  16|   0|   16|          0|
    |ap_phi_reg_pp0_iter11_storemerge_reg_619  |  16|   0|   16|          0|
    |ap_phi_reg_pp0_iter12_storemerge_reg_619  |  16|   0|   16|          0|
    |ap_phi_reg_pp0_iter1_storemerge_reg_619   |  16|   0|   16|          0|
    |ap_phi_reg_pp0_iter2_storemerge_reg_619   |  16|   0|   16|          0|
    |ap_phi_reg_pp0_iter3_storemerge_reg_619   |  16|   0|   16|          0|
    |ap_phi_reg_pp0_iter4_storemerge_reg_619   |  16|   0|   16|          0|
    |ap_phi_reg_pp0_iter5_storemerge_reg_619   |  16|   0|   16|          0|
    |ap_phi_reg_pp0_iter6_storemerge_reg_619   |  16|   0|   16|          0|
    |ap_phi_reg_pp0_iter7_storemerge_reg_619   |  16|   0|   16|          0|
    |ap_phi_reg_pp0_iter8_storemerge_reg_619   |  16|   0|   16|          0|
    |ap_phi_reg_pp0_iter9_storemerge_reg_619   |  16|   0|   16|          0|
    |icmp_ln46_reg_1525                        |   1|   0|    1|          0|
    |indvar_flatten_fu_136                     |  11|   0|   11|          0|
    |lshr_ln_reg_1565                          |   4|   0|    4|          0|
    |or_ln49_2_reg_1570                        |   1|   0|    1|          0|
    |select_ln46_4_reg_1536                    |   6|   0|    6|          0|
    |select_ln46_reg_1529                      |   6|   0|    6|          0|
    |sub_ln54_reg_1888                         |  17|   0|   17|          0|
    |sub_ln55_reg_1903                         |  17|   0|   17|          0|
    |tmp_52_reg_1594                           |   5|   0|    5|          0|
    |tmp_53_reg_1549                           |   5|   0|    5|          0|
    |tmp_54_reg_1589                           |   5|   0|    5|          0|
    |tmp_56_reg_1643                           |   4|   0|    4|          0|
    |tmp_57_reg_1648                           |   4|   0|    4|          0|
    |tmp_58_reg_1893                           |   1|   0|    1|          0|
    |tmp_59_reg_1908                           |   1|   0|    1|          0|
    |trunc_ln46_reg_1614                       |   2|   0|    2|          0|
    |trunc_ln46_reg_1614_pp0_iter10_reg        |   2|   0|    2|          0|
    |trunc_ln47_6_reg_1560                     |   1|   0|    1|          0|
    |trunc_ln47_7_reg_1630                     |   2|   0|    2|          0|
    |trunc_ln47_7_reg_1630_pp0_iter10_reg      |   2|   0|    2|          0|
    |trunc_ln47_reg_1554                       |   5|   0|    5|          0|
    |trunc_ln54_2_reg_1898                     |  16|   0|   16|          0|
    |trunc_ln55_2_reg_1913                     |  16|   0|   16|          0|
    |trunc_ln56_reg_1543                       |   5|   0|    5|          0|
    |x_fu_128                                  |   6|   0|    6|          0|
    |y_fu_132                                  |   6|   0|    6|          0|
    |zext_ln55_2_reg_1623                      |   5|   0|    7|          2|
    |It32_addr_reg_1574                        |  64|  32|   10|          0|
    |Ix32_addr_reg_1579                        |  64|  32|   10|          0|
    |Iy32_addr_reg_1584                        |  64|  32|   10|          0|
    |icmp_ln46_reg_1525                        |  64|  32|    1|          0|
    |lshr_ln_reg_1565                          |  64|  32|    4|          0|
    |or_ln49_2_reg_1570                        |  64|  32|    1|          0|
    |select_ln46_4_reg_1536                    |  64|  32|    6|          0|
    |tmp_52_reg_1594                           |  64|  32|    5|          0|
    |tmp_53_reg_1549                           |  64|  32|    5|          0|
    |tmp_54_reg_1589                           |  64|  32|    5|          0|
    |trunc_ln47_6_reg_1560                     |  64|  32|    1|          0|
    |trunc_ln47_reg_1554                       |  64|  32|    5|          0|
    |trunc_ln56_reg_1543                       |  64|  32|    5|          0|
    +------------------------------------------+----+----+-----+-----------+
    |Total                                     |1235| 416|  473|          2|
    +------------------------------------------+----+----+-----+-----------+



================================================================
== Interface
================================================================
* Summary: 
+----------------------------------------------------------------------------------------------+-----+-----+------------+-------------------------------------------------------------------------------------+--------------+
|                                           RTL Ports                                          | Dir | Bits|  Protocol  |                                    Source Object                                    |    C Type    |
+----------------------------------------------------------------------------------------------+-----+-----+------------+-------------------------------------------------------------------------------------+--------------+
|ap_clk                                                                                        |   in|    1|  ap_ctrl_hs|                                                               compute_derivatives_32|  return value|
|ap_rst                                                                                        |   in|    1|  ap_ctrl_hs|                                                               compute_derivatives_32|  return value|
|ap_start                                                                                      |   in|    1|  ap_ctrl_hs|                                                               compute_derivatives_32|  return value|
|ap_done                                                                                       |  out|    1|  ap_ctrl_hs|                                                               compute_derivatives_32|  return value|
|ap_idle                                                                                       |  out|    1|  ap_ctrl_hs|                                                               compute_derivatives_32|  return value|
|ap_ready                                                                                      |  out|    1|  ap_ctrl_hs|                                                               compute_derivatives_32|  return value|
|Ix32_address0                                                                                 |  out|   10|   ap_memory|                                                                                 Ix32|         array|
|Ix32_ce0                                                                                      |  out|    1|   ap_memory|                                                                                 Ix32|         array|
|Ix32_we0                                                                                      |  out|    1|   ap_memory|                                                                                 Ix32|         array|
|Ix32_d0                                                                                       |  out|   16|   ap_memory|                                                                                 Ix32|         array|
|Ix32_address1                                                                                 |  out|   10|   ap_memory|                                                                                 Ix32|         array|
|Ix32_ce1                                                                                      |  out|    1|   ap_memory|                                                                                 Ix32|         array|
|Ix32_we1                                                                                      |  out|    1|   ap_memory|                                                                                 Ix32|         array|
|Ix32_d1                                                                                       |  out|   16|   ap_memory|                                                                                 Ix32|         array|
|Iy32_address0                                                                                 |  out|   10|   ap_memory|                                                                                 Iy32|         array|
|Iy32_ce0                                                                                      |  out|    1|   ap_memory|                                                                                 Iy32|         array|
|Iy32_we0                                                                                      |  out|    1|   ap_memory|                                                                                 Iy32|         array|
|Iy32_d0                                                                                       |  out|   16|   ap_memory|                                                                                 Iy32|         array|
|Iy32_address1                                                                                 |  out|   10|   ap_memory|                                                                                 Iy32|         array|
|Iy32_ce1                                                                                      |  out|    1|   ap_memory|                                                                                 Iy32|         array|
|Iy32_we1                                                                                      |  out|    1|   ap_memory|                                                                                 Iy32|         array|
|Iy32_d1                                                                                       |  out|   16|   ap_memory|                                                                                 Iy32|         array|
|p_ZZ12pyramidal_hsPA64_8ap_fixedILi16ELi6EL9ap_q_mode5EL9ap_o_mode3ELi0EES4_S4_S4_8_address0  |  out|    7|   ap_memory|  p_ZZ12pyramidal_hsPA64_8ap_fixedILi16ELi6EL9ap_q_mode5EL9ap_o_mode3ELi0EES4_S4_S4_8|         array|
|p_ZZ12pyramidal_hsPA64_8ap_fixedILi16ELi6EL9ap_q_mode5EL9ap_o_mode3ELi0EES4_S4_S4_8_ce0       |  out|    1|   ap_memory|  p_ZZ12pyramidal_hsPA64_8ap_fixedILi16ELi6EL9ap_q_mode5EL9ap_o_mode3ELi0EES4_S4_S4_8|         array|
|p_ZZ12pyramidal_hsPA64_8ap_fixedILi16ELi6EL9ap_q_mode5EL9ap_o_mode3ELi0EES4_S4_S4_8_q0        |   in|   16|   ap_memory|  p_ZZ12pyramidal_hsPA64_8ap_fixedILi16ELi6EL9ap_q_mode5EL9ap_o_mode3ELi0EES4_S4_S4_8|         array|
|p_ZZ12pyramidal_hsPA64_8ap_fixedILi16ELi6EL9ap_q_mode5EL9ap_o_mode3ELi0EES4_S4_S4_7_address0  |  out|    7|   ap_memory|  p_ZZ12pyramidal_hsPA64_8ap_fixedILi16ELi6EL9ap_q_mode5EL9ap_o_mode3ELi0EES4_S4_S4_7|         array|
|p_ZZ12pyramidal_hsPA64_8ap_fixedILi16ELi6EL9ap_q_mode5EL9ap_o_mode3ELi0EES4_S4_S4_7_ce0       |  out|    1|   ap_memory|  p_ZZ12pyramidal_hsPA64_8ap_fixedILi16ELi6EL9ap_q_mode5EL9ap_o_mode3ELi0EES4_S4_S4_7|         array|
|p_ZZ12pyramidal_hsPA64_8ap_fixedILi16ELi6EL9ap_q_mode5EL9ap_o_mode3ELi0EES4_S4_S4_7_q0        |   in|   16|   ap_memory|  p_ZZ12pyramidal_hsPA64_8ap_fixedILi16ELi6EL9ap_q_mode5EL9ap_o_mode3ELi0EES4_S4_S4_7|         array|
|p_ZZ12pyramidal_hsPA64_8ap_fixedILi16ELi6EL9ap_q_mode5EL9ap_o_mode3ELi0EES4_S4_S4_6_address0  |  out|    7|   ap_memory|  p_ZZ12pyramidal_hsPA64_8ap_fixedILi16ELi6EL9ap_q_mode5EL9ap_o_mode3ELi0EES4_S4_S4_6|         array|
|p_ZZ12pyramidal_hsPA64_8ap_fixedILi16ELi6EL9ap_q_mode5EL9ap_o_mode3ELi0EES4_S4_S4_6_ce0       |  out|    1|   ap_memory|  p_ZZ12pyramidal_hsPA64_8ap_fixedILi16ELi6EL9ap_q_mode5EL9ap_o_mode3ELi0EES4_S4_S4_6|         array|
|p_ZZ12pyramidal_hsPA64_8ap_fixedILi16ELi6EL9ap_q_mode5EL9ap_o_mode3ELi0EES4_S4_S4_6_q0        |   in|   16|   ap_memory|  p_ZZ12pyramidal_hsPA64_8ap_fixedILi16ELi6EL9ap_q_mode5EL9ap_o_mode3ELi0EES4_S4_S4_6|         array|
|p_ZZ12pyramidal_hsPA64_8ap_fixedILi16ELi6EL9ap_q_mode5EL9ap_o_mode3ELi0EES4_S4_S4_5_address0  |  out|    7|   ap_memory|  p_ZZ12pyramidal_hsPA64_8ap_fixedILi16ELi6EL9ap_q_mode5EL9ap_o_mode3ELi0EES4_S4_S4_5|         array|
|p_ZZ12pyramidal_hsPA64_8ap_fixedILi16ELi6EL9ap_q_mode5EL9ap_o_mode3ELi0EES4_S4_S4_5_ce0       |  out|    1|   ap_memory|  p_ZZ12pyramidal_hsPA64_8ap_fixedILi16ELi6EL9ap_q_mode5EL9ap_o_mode3ELi0EES4_S4_S4_5|         array|
|p_ZZ12pyramidal_hsPA64_8ap_fixedILi16ELi6EL9ap_q_mode5EL9ap_o_mode3ELi0EES4_S4_S4_5_q0        |   in|   16|   ap_memory|  p_ZZ12pyramidal_hsPA64_8ap_fixedILi16ELi6EL9ap_q_mode5EL9ap_o_mode3ELi0EES4_S4_S4_5|         array|
|p_ZZ12pyramidal_hsPA64_8ap_fixedILi16ELi6EL9ap_q_mode5EL9ap_o_mode3ELi0EES4_S4_S4_4_address0  |  out|    7|   ap_memory|  p_ZZ12pyramidal_hsPA64_8ap_fixedILi16ELi6EL9ap_q_mode5EL9ap_o_mode3ELi0EES4_S4_S4_4|         array|
|p_ZZ12pyramidal_hsPA64_8ap_fixedILi16ELi6EL9ap_q_mode5EL9ap_o_mode3ELi0EES4_S4_S4_4_ce0       |  out|    1|   ap_memory|  p_ZZ12pyramidal_hsPA64_8ap_fixedILi16ELi6EL9ap_q_mode5EL9ap_o_mode3ELi0EES4_S4_S4_4|         array|
|p_ZZ12pyramidal_hsPA64_8ap_fixedILi16ELi6EL9ap_q_mode5EL9ap_o_mode3ELi0EES4_S4_S4_4_q0        |   in|   16|   ap_memory|  p_ZZ12pyramidal_hsPA64_8ap_fixedILi16ELi6EL9ap_q_mode5EL9ap_o_mode3ELi0EES4_S4_S4_4|         array|
|p_ZZ12pyramidal_hsPA64_8ap_fixedILi16ELi6EL9ap_q_mode5EL9ap_o_mode3ELi0EES4_S4_S4_3_address0  |  out|    7|   ap_memory|  p_ZZ12pyramidal_hsPA64_8ap_fixedILi16ELi6EL9ap_q_mode5EL9ap_o_mode3ELi0EES4_S4_S4_3|         array|
|p_ZZ12pyramidal_hsPA64_8ap_fixedILi16ELi6EL9ap_q_mode5EL9ap_o_mode3ELi0EES4_S4_S4_3_ce0       |  out|    1|   ap_memory|  p_ZZ12pyramidal_hsPA64_8ap_fixedILi16ELi6EL9ap_q_mode5EL9ap_o_mode3ELi0EES4_S4_S4_3|         array|
|p_ZZ12pyramidal_hsPA64_8ap_fixedILi16ELi6EL9ap_q_mode5EL9ap_o_mode3ELi0EES4_S4_S4_3_q0        |   in|   16|   ap_memory|  p_ZZ12pyramidal_hsPA64_8ap_fixedILi16ELi6EL9ap_q_mode5EL9ap_o_mode3ELi0EES4_S4_S4_3|         array|
|p_ZZ12pyramidal_hsPA64_8ap_fixedILi16ELi6EL9ap_q_mode5EL9ap_o_mode3ELi0EES4_S4_S4_2_address0  |  out|    7|   ap_memory|  p_ZZ12pyramidal_hsPA64_8ap_fixedILi16ELi6EL9ap_q_mode5EL9ap_o_mode3ELi0EES4_S4_S4_2|         array|
|p_ZZ12pyramidal_hsPA64_8ap_fixedILi16ELi6EL9ap_q_mode5EL9ap_o_mode3ELi0EES4_S4_S4_2_ce0       |  out|    1|   ap_memory|  p_ZZ12pyramidal_hsPA64_8ap_fixedILi16ELi6EL9ap_q_mode5EL9ap_o_mode3ELi0EES4_S4_S4_2|         array|
|p_ZZ12pyramidal_hsPA64_8ap_fixedILi16ELi6EL9ap_q_mode5EL9ap_o_mode3ELi0EES4_S4_S4_2_q0        |   in|   16|   ap_memory|  p_ZZ12pyramidal_hsPA64_8ap_fixedILi16ELi6EL9ap_q_mode5EL9ap_o_mode3ELi0EES4_S4_S4_2|         array|
|p_ZZ12pyramidal_hsPA64_8ap_fixedILi16ELi6EL9ap_q_mode5EL9ap_o_mode3ELi0EES4_S4_S4_1_address0  |  out|    7|   ap_memory|  p_ZZ12pyramidal_hsPA64_8ap_fixedILi16ELi6EL9ap_q_mode5EL9ap_o_mode3ELi0EES4_S4_S4_1|         array|
|p_ZZ12pyramidal_hsPA64_8ap_fixedILi16ELi6EL9ap_q_mode5EL9ap_o_mode3ELi0EES4_S4_S4_1_ce0       |  out|    1|   ap_memory|  p_ZZ12pyramidal_hsPA64_8ap_fixedILi16ELi6EL9ap_q_mode5EL9ap_o_mode3ELi0EES4_S4_S4_1|         array|
|p_ZZ12pyramidal_hsPA64_8ap_fixedILi16ELi6EL9ap_q_mode5EL9ap_o_mode3ELi0EES4_S4_S4_1_q0        |   in|   16|   ap_memory|  p_ZZ12pyramidal_hsPA64_8ap_fixedILi16ELi6EL9ap_q_mode5EL9ap_o_mode3ELi0EES4_S4_S4_1|         array|
|p_ZZ12pyramidal_hsPA64_8ap_fixedILi16ELi6EL9ap_q_mode5EL9ap_o_mode3ELi0EES4_S4_S4_address0    |  out|    7|   ap_memory|    p_ZZ12pyramidal_hsPA64_8ap_fixedILi16ELi6EL9ap_q_mode5EL9ap_o_mode3ELi0EES4_S4_S4|         array|
|p_ZZ12pyramidal_hsPA64_8ap_fixedILi16ELi6EL9ap_q_mode5EL9ap_o_mode3ELi0EES4_S4_S4_ce0         |  out|    1|   ap_memory|    p_ZZ12pyramidal_hsPA64_8ap_fixedILi16ELi6EL9ap_q_mode5EL9ap_o_mode3ELi0EES4_S4_S4|         array|
|p_ZZ12pyramidal_hsPA64_8ap_fixedILi16ELi6EL9ap_q_mode5EL9ap_o_mode3ELi0EES4_S4_S4_q0          |   in|   16|   ap_memory|    p_ZZ12pyramidal_hsPA64_8ap_fixedILi16ELi6EL9ap_q_mode5EL9ap_o_mode3ELi0EES4_S4_S4|         array|
|pyramidal_hs_ap_fixed_64_ap_fixed_64_ap_fixed_64_ap_fixed_64_1_address0                       |  out|    9|   ap_memory|                       pyramidal_hs_ap_fixed_64_ap_fixed_64_ap_fixed_64_ap_fixed_64_1|         array|
|pyramidal_hs_ap_fixed_64_ap_fixed_64_ap_fixed_64_ap_fixed_64_1_ce0                            |  out|    1|   ap_memory|                       pyramidal_hs_ap_fixed_64_ap_fixed_64_ap_fixed_64_ap_fixed_64_1|         array|
|pyramidal_hs_ap_fixed_64_ap_fixed_64_ap_fixed_64_ap_fixed_64_1_q0                             |   in|   16|   ap_memory|                       pyramidal_hs_ap_fixed_64_ap_fixed_64_ap_fixed_64_ap_fixed_64_1|         array|
|pyramidal_hs_ap_fixed_64_ap_fixed_64_ap_fixed_64_ap_fixed_64_address0                         |  out|    9|   ap_memory|                         pyramidal_hs_ap_fixed_64_ap_fixed_64_ap_fixed_64_ap_fixed_64|         array|
|pyramidal_hs_ap_fixed_64_ap_fixed_64_ap_fixed_64_ap_fixed_64_ce0                              |  out|    1|   ap_memory|                         pyramidal_hs_ap_fixed_64_ap_fixed_64_ap_fixed_64_ap_fixed_64|         array|
|pyramidal_hs_ap_fixed_64_ap_fixed_64_ap_fixed_64_ap_fixed_64_q0                               |   in|   16|   ap_memory|                         pyramidal_hs_ap_fixed_64_ap_fixed_64_ap_fixed_64_ap_fixed_64|         array|
|It32_address0                                                                                 |  out|   10|   ap_memory|                                                                                 It32|         array|
|It32_ce0                                                                                      |  out|    1|   ap_memory|                                                                                 It32|         array|
|It32_we0                                                                                      |  out|    1|   ap_memory|                                                                                 It32|         array|
|It32_d0                                                                                       |  out|   16|   ap_memory|                                                                                 It32|         array|
+----------------------------------------------------------------------------------------------+-----+-----+------------+-------------------------------------------------------------------------------------+--------------+

