

================================================================
== Vitis HLS Report for 'compute_derivatives'
================================================================
* Date:           Thu Dec 18 21:18:51 2025

* Version:        2025.2 (Build 6295257 on Nov 12 2025)
* Project:        pyramidal_hs
* Solution:       hls (Vivado IP Flow Target)
* Product family: kintexu
* Target device:  xcku115-flva1517-3-e


================================================================
== Performance Estimates
================================================================
+ Timing: 
    * Summary: 
    +--------+----------+----------+------------+
    |  Clock |  Target  | Estimated| Uncertainty|
    +--------+----------+----------+------------+
    |ap_clk  |  10.00 ns|  5.576 ns|     2.70 ns|
    +--------+----------+----------+------------+

+ Latency: 
    * Summary: 
    +---------+---------+----------+----------+-----+-----+-------------------+
    |  Latency (cycles) |  Latency (absolute) |  Interval |      Pipeline     |
    |   min   |   max   |    min   |    max   | min | max |        Type       |
    +---------+---------+----------+----------+-----+-----+-------------------+
    |    12290|    12290|  0.123 ms|  0.123 ms|    0|    0|  loop pipeline stp|
    +---------+---------+----------+----------+-----+-----+-------------------+

    + Detail: 
        * Instance: 
        N/A

        * Loop: 
        +-----------------------------------+---------+---------+----------+-----------+-----------+------+----------+
        |                                   |  Latency (cycles) | Iteration|  Initiation Interval  | Trip |          |
        |             Loop Name             |   min   |   max   |  Latency |  achieved |   target  | Count| Pipelined|
        +-----------------------------------+---------+---------+----------+-----------+-----------+------+----------+
        |- VITIS_LOOP_12_1_VITIS_LOOP_13_2  |    12288|    12288|         4|          3|          1|  4096|       yes|
        +-----------------------------------+---------+---------+----------+-----------+-----------+------+----------+



================================================================
== Utilization Estimates
================================================================
* Summary: 
+---------------------+---------+------+---------+--------+-----+
|         Name        | BRAM_18K|  DSP |    FF   |   LUT  | URAM|
+---------------------+---------+------+---------+--------+-----+
|DSP                  |        -|     -|        -|       -|    -|
|Expression           |        -|     -|        0|     474|    -|
|FIFO                 |        -|     -|        -|       -|    -|
|Instance             |        -|     -|        -|       -|    -|
|Memory               |        -|     -|        -|       -|    -|
|Multiplexer          |        -|     -|        0|     209|    -|
|Register             |        -|     -|      123|       -|    -|
+---------------------+---------+------+---------+--------+-----+
|Total                |        0|     0|      123|     683|    0|
+---------------------+---------+------+---------+--------+-----+
|Available SLR        |     2160|  2760|   663360|  331680|    0|
+---------------------+---------+------+---------+--------+-----+
|Utilization SLR (%)  |        0|     0|       ~0|      ~0|  100|
+---------------------+---------+------+---------+--------+-----+
|Available            |     4320|  5520|  1326720|  663360|    0|
+---------------------+---------+------+---------+--------+-----+
|Utilization (%)      |        0|     0|       ~0|      ~0|    0|
+---------------------+---------+------+---------+--------+-----+

+ Detail: 
    * Instance: 
    N/A

    * DSP: 
    N/A

    * Memory: 
    N/A

    * FIFO: 
    N/A

    * Expression: 
    +-------------------------+----------+----+---+----+------------+------------+
    |      Variable Name      | Operation| DSP| FF| LUT| Bitwidth P0| Bitwidth P1|
    +-------------------------+----------+----+---+----+------------+------------+
    |add_ln12_fu_215_p2       |         +|   0|  0|  20|          13|           1|
    |add_ln13_fu_436_p2       |         +|   0|  0|  14|           7|           1|
    |add_ln28_1_fu_417_p2     |         +|   0|  0|  13|           6|           2|
    |add_ln28_fu_398_p2       |         +|   0|  0|  13|           6|           1|
    |add_ln29_2_fu_309_p2     |         +|   0|  0|  13|           6|           2|
    |add_ln29_3_fu_251_p2     |         +|   0|  0|  14|           7|           1|
    |add_ln29_4_fu_342_p2     |         +|   0|  0|  19|          12|          12|
    |add_ln29_5_fu_353_p2     |         +|   0|  0|  19|          12|          12|
    |add_ln29_fu_245_p2       |         +|   0|  0|  13|           6|           2|
    |add_ln32_fu_327_p2       |         +|   0|  0|  19|          12|          12|
    |sub_ln28_1_fu_479_p2     |         -|   0|  0|  24|           1|          17|
    |sub_ln28_2_fu_505_p2     |         -|   0|  0|  23|           1|          16|
    |sub_ln28_fu_465_p2       |         -|   0|  0|  24|          17|          17|
    |sub_ln29_1_fu_542_p2     |         -|   0|  0|  24|           1|          17|
    |sub_ln29_2_fu_568_p2     |         -|   0|  0|  23|           1|          16|
    |sub_ln29_fu_528_p2       |         -|   0|  0|  24|          17|          17|
    |sub_ln32_fu_583_p2       |         -|   0|  0|  23|          16|          16|
    |icmp_ln12_fu_209_p2      |      icmp|   0|  0|  21|          13|          14|
    |icmp_ln13_fu_231_p2      |      icmp|   0|  0|  15|           7|           8|
    |icmp_ln19_1_fu_287_p2    |      icmp|   0|  0|  14|           7|           6|
    |icmp_ln19_2_fu_368_p2    |      icmp|   0|  0|  14|           7|           1|
    |icmp_ln19_3_fu_374_p2    |      icmp|   0|  0|  14|           7|           6|
    |icmp_ln19_fu_281_p2      |      icmp|   0|  0|  14|           7|           1|
    |or_ln19_1_fu_386_p2      |        or|   0|  0|   2|           1|           1|
    |or_ln19_2_fu_392_p2      |        or|   0|  0|   2|           1|           1|
    |or_ln19_fu_380_p2        |        or|   0|  0|   2|           1|           1|
    |select_ln12_1_fu_261_p3  |    select|   0|  0|   7|           1|           7|
    |select_ln12_fu_237_p3    |    select|   0|  0|   7|           1|           1|
    |select_ln28_fu_511_p3    |    select|   0|  0|  16|           1|          16|
    |select_ln29_2_fu_293_p3  |    select|   0|  0|   6|           1|           6|
    |select_ln29_fu_574_p3    |    select|   0|  0|  16|           1|          16|
    |ap_enable_pp0            |       xor|   0|  0|   2|           1|           2|
    +-------------------------+----------+----+---+----+------------+------------+
    |Total                    |          |   0|  0| 474|         198|         249|
    +-------------------------+----------+----+---+----+------------+------------+

    * Multiplexer: 
    +--------------------------------------+----+-----------+-----+-----------+
    |                 Name                 | LUT| Input Size| Bits| Total Bits|
    +--------------------------------------+----+-----------+-----+-----------+
    |Ix64_address0_local                   |  14|          3|   12|         36|
    |Ix64_d0_local                         |  14|          3|   16|         48|
    |Iy64_address0_local                   |  14|          3|   12|         36|
    |Iy64_d0_local                         |  14|          3|   16|         48|
    |ap_NS_fsm                             |  20|          4|    1|          4|
    |ap_done_int                           |   9|          2|    1|          2|
    |ap_enable_reg_pp0_iter0               |   9|          2|    1|          2|
    |ap_enable_reg_pp0_iter0_reg           |   9|          2|    1|          2|
    |ap_enable_reg_pp0_iter1               |   9|          2|    1|          2|
    |ap_phi_mux_storemerge_phi_fu_183_p4   |   9|          2|   16|         32|
    |ap_sig_allocacmp_indvar_flatten_load  |   9|          2|   13|         26|
    |ap_sig_allocacmp_x_load               |   9|          2|    7|         14|
    |ap_sig_allocacmp_y_load               |   9|          2|    7|         14|
    |img1_address0_local                   |  20|          4|   12|         48|
    |img1_address1_local                   |  14|          3|   12|         36|
    |indvar_flatten_fu_76                  |   9|          2|   13|         26|
    |x_fu_68                               |   9|          2|    7|         14|
    |y_fu_72                               |   9|          2|    7|         14|
    +--------------------------------------+----+-----------+-----+-----------+
    |Total                                 | 209|         45|  155|        404|
    +--------------------------------------+----+-----------+-----+-----------+

    * Register: 
    +-----------------------------+----+----+-----+-----------+
    |             Name            | FF | LUT| Bits| Const Bits|
    +-----------------------------+----+----+-----+-----------+
    |It64_addr_reg_614            |  12|   0|   12|          0|
    |Ix64_addr_reg_619            |  12|   0|   12|          0|
    |Iy64_addr_reg_624            |  12|   0|   12|          0|
    |ap_CS_fsm                    |   3|   0|    3|          0|
    |ap_done_reg                  |   1|   0|    1|          0|
    |ap_enable_reg_pp0_iter0_reg  |   1|   0|    1|          0|
    |ap_enable_reg_pp0_iter1      |   1|   0|    1|          0|
    |icmp_ln12_reg_610            |   1|   0|    1|          0|
    |img1_addr_5_reg_629          |  12|   0|   12|          0|
    |img1_addr_6_reg_634          |  12|   0|   12|          0|
    |img1_addr_7_reg_639          |  12|   0|   12|          0|
    |img2_load_reg_663            |  16|   0|   16|          0|
    |indvar_flatten_fu_76         |  13|   0|   13|          0|
    |or_ln19_2_reg_649            |   1|   0|    1|          0|
    |x_fu_68                      |   7|   0|    7|          0|
    |y_fu_72                      |   7|   0|    7|          0|
    +-----------------------------+----+----+-----+-----------+
    |Total                        | 123|   0|  123|          0|
    +-----------------------------+----+----+-----+-----------+



================================================================
== Interface
================================================================
* Summary: 
+---------------+-----+-----+------------+---------------------+--------------+
|   RTL Ports   | Dir | Bits|  Protocol  |    Source Object    |    C Type    |
+---------------+-----+-----+------------+---------------------+--------------+
|ap_clk         |   in|    1|  ap_ctrl_hs|  compute_derivatives|  return value|
|ap_rst         |   in|    1|  ap_ctrl_hs|  compute_derivatives|  return value|
|ap_start       |   in|    1|  ap_ctrl_hs|  compute_derivatives|  return value|
|ap_done        |  out|    1|  ap_ctrl_hs|  compute_derivatives|  return value|
|ap_idle        |  out|    1|  ap_ctrl_hs|  compute_derivatives|  return value|
|ap_ready       |  out|    1|  ap_ctrl_hs|  compute_derivatives|  return value|
|img1_address0  |  out|   12|   ap_memory|                 img1|         array|
|img1_ce0       |  out|    1|   ap_memory|                 img1|         array|
|img1_q0        |   in|   16|   ap_memory|                 img1|         array|
|img1_address1  |  out|   12|   ap_memory|                 img1|         array|
|img1_ce1       |  out|    1|   ap_memory|                 img1|         array|
|img1_q1        |   in|   16|   ap_memory|                 img1|         array|
|img2_address0  |  out|   12|   ap_memory|                 img2|         array|
|img2_ce0       |  out|    1|   ap_memory|                 img2|         array|
|img2_q0        |   in|   16|   ap_memory|                 img2|         array|
|Ix64_address0  |  out|   12|   ap_memory|                 Ix64|         array|
|Ix64_ce0       |  out|    1|   ap_memory|                 Ix64|         array|
|Ix64_we0       |  out|    1|   ap_memory|                 Ix64|         array|
|Ix64_d0        |  out|   16|   ap_memory|                 Ix64|         array|
|Iy64_address0  |  out|   12|   ap_memory|                 Iy64|         array|
|Iy64_ce0       |  out|    1|   ap_memory|                 Iy64|         array|
|Iy64_we0       |  out|    1|   ap_memory|                 Iy64|         array|
|Iy64_d0        |  out|   16|   ap_memory|                 Iy64|         array|
|It64_address0  |  out|   12|   ap_memory|                 It64|         array|
|It64_ce0       |  out|    1|   ap_memory|                 It64|         array|
|It64_we0       |  out|    1|   ap_memory|                 It64|         array|
|It64_d0        |  out|   16|   ap_memory|                 It64|         array|
+---------------+-----+-----+------------+---------------------+--------------+

