

================================================================
== Vitis HLS Report for 'horn_schunck_64_Pipeline_VITIS_LOOP_33_5'
================================================================
* Date:           Thu Dec 18 21:18:52 2025

* Version:        2025.2 (Build 6295257 on Nov 12 2025)
* Project:        pyramidal_hs
* Solution:       hls (Vivado IP Flow Target)
* Product family: kintexu
* Target device:  xcku115-flva1517-3-e


================================================================
== Performance Estimates
================================================================
+ Timing: 
    * Summary: 
    +--------+----------+-----------+------------+
    |  Clock |  Target  | Estimated | Uncertainty|
    +--------+----------+-----------+------------+
    |ap_clk  |  10.00 ns|  17.823 ns|     2.70 ns|
    +--------+----------+-----------+------------+

+ Latency: 
    * Summary: 
    +---------+---------+-----------+-----------+-----+-----+-------------------+
    |  Latency (cycles) |   Latency (absolute)  |  Interval |      Pipeline     |
    |   min   |   max   |    min    |    max    | min | max |        Type       |
    +---------+---------+-----------+-----------+-----+-----+-------------------+
    |     3479|     3479|  62.006 us|  62.006 us|    0|    0|  loop pipeline stp|
    +---------+---------+-----------+-----------+-----+-----+-------------------+

    + Detail: 
        * Instance: 
        N/A

        * Loop: 
        +-------------------+---------+---------+----------+-----------+-----------+------+----------+
        |                   |  Latency (cycles) | Iteration|  Initiation Interval  | Trip |          |
        |     Loop Name     |   min   |   max   |  Latency |  achieved |   target  | Count| Pipelined|
        +-------------------+---------+---------+----------+-----------+-----------+------+----------+
        |- VITIS_LOOP_33_5  |     3477|     3477|        62|         56|          1|    62|       yes|
        +-------------------+---------+---------+----------+-----------+-----------+------+----------+



================================================================
== Utilization Estimates
================================================================
* Summary: 
+---------------------+---------+------+---------+--------+-----+
|         Name        | BRAM_18K|  DSP |    FF   |   LUT  | URAM|
+---------------------+---------+------+---------+--------+-----+
|DSP                  |        -|     6|        -|       -|    -|
|Expression           |        -|     -|        0|     276|    -|
|FIFO                 |        -|     -|        -|       -|    -|
|Instance             |        -|     -|     6066|    4635|    -|
|Memory               |        -|     -|        -|       -|    -|
|Multiplexer          |        -|     -|        0|     391|    -|
|Register             |        -|     -|      400|       -|    -|
+---------------------+---------+------+---------+--------+-----+
|Total                |        0|     6|     6466|    5302|    0|
+---------------------+---------+------+---------+--------+-----+
|Available SLR        |     2160|  2760|   663360|  331680|    0|
+---------------------+---------+------+---------+--------+-----+
|Utilization SLR (%)  |        0|    ~0|       ~0|       1|  100|
+---------------------+---------+------+---------+--------+-----+
|Available            |     4320|  5520|  1326720|  663360|    0|
+---------------------+---------+------+---------+--------+-----+
|Utilization (%)      |        0|    ~0|       ~0|      ~0|    0|
+---------------------+---------+------+---------+--------+-----+

+ Detail: 
    * Instance: 
    +----------------------------+-----------------------+---------+----+------+------+-----+
    |          Instance          |         Module        | BRAM_18K| DSP|  FF  |  LUT | URAM|
    +----------------------------+-----------------------+---------+----+------+------+-----+
    |sdiv_53ns_33s_53_57_1_U344  |sdiv_53ns_33s_53_57_1  |        0|   0|  6066|  4635|    0|
    +----------------------------+-----------------------+---------+----+------+------+-----+
    |Total                       |                       |        0|   0|  6066|  4635|    0|
    +----------------------------+-----------------------+---------+----+------+------+-----+

    * DSP: 
    +-------------------------------------+--------------------------------+--------------+
    |               Instance              |             Module             |  Expression  |
    +-------------------------------------+--------------------------------+--------------+
    |mac_muladd_16s_16s_21ns_32_4_1_U345  |mac_muladd_16s_16s_21ns_32_4_1  |  i0 * i0 + i1|
    |mac_muladd_16s_16s_26s_33_1_1_U347   |mac_muladd_16s_16s_26s_33_1_1   |  i0 * i1 + i2|
    |mac_muladd_16s_16s_32s_33_4_1_U346   |mac_muladd_16s_16s_32s_33_4_1   |  i0 + i1 * i1|
    |mac_muladd_16s_16s_33s_33_1_1_U348   |mac_muladd_16s_16s_33s_33_1_1   |  i0 + i1 * i2|
    |mac_mulsub_16s_16s_26s_26_1_1_U349   |mac_mulsub_16s_16s_26s_26_1_1   |  i0 - i1 * i2|
    |mac_mulsub_16s_16s_26s_26_1_1_U350   |mac_mulsub_16s_16s_26s_26_1_1   |  i0 - i1 * i2|
    +-------------------------------------+--------------------------------+--------------+

    * Memory: 
    N/A

    * FIFO: 
    N/A

    * Expression: 
    +----------------------+----------+----+---+----+------------+------------+
    |     Variable Name    | Operation| DSP| FF| LUT| Bitwidth P0| Bitwidth P1|
    +----------------------+----------+----+---+----+------------+------------+
    |add_ln37_2_fu_300_p2  |         +|   0|  0|  13|           6|           1|
    |add_ln37_3_fu_360_p2  |         +|   0|  0|  24|          17|          17|
    |add_ln37_4_fu_376_p2  |         +|   0|  0|  18|          18|          18|
    |add_ln37_5_fu_382_p2  |         +|   0|  0|  18|          18|          18|
    |add_ln38_1_fu_459_p2  |         +|   0|  0|  18|          18|          18|
    |add_ln38_2_fu_465_p2  |         +|   0|  0|  18|          18|          18|
    |add_ln38_fu_443_p2    |         +|   0|  0|  24|          17|          17|
    |sub_ln37_1_fu_412_p2  |         -|   0|  0|  23|           1|          16|
    |sub_ln37_fu_396_p2    |         -|   0|  0|  25|           1|          18|
    |sub_ln38_1_fu_495_p2  |         -|   0|  0|  23|           1|          16|
    |sub_ln38_fu_479_p2    |         -|   0|  0|  25|           1|          18|
    |icmp_ln33_fu_265_p2   |      icmp|   0|  0|  13|           6|           2|
    |u_avg_fu_428_p3       |    select|   0|  0|  16|           1|          16|
    |v_avg_fu_511_p3       |    select|   0|  0|  16|           1|          16|
    |ap_enable_pp0         |       xor|   0|  0|   2|           1|           2|
    +----------------------+----------+----+---+----+------------+------------+
    |Total                 |          |   0|  0| 276|         125|         211|
    +----------------------+----------+----+---+----+------------+------------+

    * Multiplexer: 
    +----------------------------------------+-----+-----------+-----+-----------+
    |                  Name                  | LUT | Input Size| Bits| Total Bits|
    +----------------------------------------+-----+-----------+-----+-----------+
    |ap_NS_fsm                               |  245|         57|    1|         57|
    |ap_done_int                             |    9|          2|    1|          2|
    |ap_enable_reg_pp0_iter0                 |    9|          2|    1|          2|
    |ap_enable_reg_pp0_iter0_reg             |    9|          2|    1|          2|
    |ap_enable_reg_pp0_iter1                 |    9|          2|    1|          2|
    |ap_sig_allocacmp_store_forwarded3_load  |    9|          2|   16|         32|
    |ap_sig_allocacmp_store_forwarded_load   |    9|          2|   16|         32|
    |ap_sig_allocacmp_x_1                    |    9|          2|    6|         12|
    |store_forwarded3_fu_92                  |    9|          2|   16|         32|
    |store_forwarded_fu_88                   |    9|          2|   16|         32|
    |u_address0_local                        |   14|          3|   12|         36|
    |u_address1_local                        |   14|          3|   12|         36|
    |v_address0_local                        |   14|          3|   12|         36|
    |v_address1_local                        |   14|          3|   12|         36|
    |x_fu_84                                 |    9|          2|    6|         12|
    +----------------------------------------+-----+-----------+-----+-----------+
    |Total                                   |  391|         89|  129|        361|
    +----------------------------------------+-----+-----------+-----+-----------+

    * Register: 
    +---------------------------------+----+----+-----+-----------+
    |               Name              | FF | LUT| Bits| Const Bits|
    +---------------------------------+----+----+-----+-----------+
    |It64_load_reg_793                |  16|   0|   16|          0|
    |Ix64_load_reg_775                |  16|   0|   16|          0|
    |Ix64_load_reg_775_pp0_iter1_reg  |  16|   0|   16|          0|
    |Iy64_load_reg_787                |  16|   0|   16|          0|
    |Iy64_load_reg_787_pp0_iter1_reg  |  16|   0|   16|          0|
    |ap_CS_fsm                        |  56|   0|   56|          0|
    |ap_done_reg                      |   1|   0|    1|          0|
    |ap_enable_reg_pp0_iter0_reg      |   1|   0|    1|          0|
    |ap_enable_reg_pp0_iter1          |   1|   0|    1|          0|
    |icmp_ln33_reg_700                |   1|   0|    1|          0|
    |sext_ln40_2_reg_808              |  32|   0|   32|          0|
    |sext_ln40_reg_780                |  32|   0|   32|          0|
    |store_forwarded3_fu_92           |  16|   0|   16|          0|
    |store_forwarded_fu_88            |  16|   0|   16|          0|
    |u_avg_reg_820                    |  16|   0|   16|          0|
    |u_load_1_reg_755                 |  16|   0|   16|          0|
    |u_load_2_reg_760                 |  16|   0|   16|          0|
    |u_load_3_reg_798                 |  16|   0|   16|          0|
    |v_avg_reg_825                    |  16|   0|   16|          0|
    |v_load_1_reg_765                 |  16|   0|   16|          0|
    |v_load_2_reg_770                 |  16|   0|   16|          0|
    |v_load_3_reg_803                 |  16|   0|   16|          0|
    |x_1_reg_695                      |   6|   0|    6|          0|
    |x_fu_84                          |   6|   0|    6|          0|
    |zext_ln40_reg_704                |  12|   0|   64|         52|
    |zext_ln40_reg_704_pp0_iter1_reg  |  12|   0|   64|         52|
    +---------------------------------+----+----+-----+-----------+
    |Total                            | 400|   0|  504|        104|
    +---------------------------------+----+----+-----+-----------+



================================================================
== Interface
================================================================
* Summary: 
+---------------+-----+-----+------------+------------------------------------------+--------------+
|   RTL Ports   | Dir | Bits|  Protocol  |               Source Object              |    C Type    |
+---------------+-----+-----+------------+------------------------------------------+--------------+
|ap_clk         |   in|    1|  ap_ctrl_hs|  horn_schunck_64_Pipeline_VITIS_LOOP_33_5|  return value|
|ap_rst         |   in|    1|  ap_ctrl_hs|  horn_schunck_64_Pipeline_VITIS_LOOP_33_5|  return value|
|ap_start       |   in|    1|  ap_ctrl_hs|  horn_schunck_64_Pipeline_VITIS_LOOP_33_5|  return value|
|ap_done        |  out|    1|  ap_ctrl_hs|  horn_schunck_64_Pipeline_VITIS_LOOP_33_5|  return value|
|ap_idle        |  out|    1|  ap_ctrl_hs|  horn_schunck_64_Pipeline_VITIS_LOOP_33_5|  return value|
|ap_ready       |  out|    1|  ap_ctrl_hs|  horn_schunck_64_Pipeline_VITIS_LOOP_33_5|  return value|
|u_load         |   in|   16|     ap_none|                                    u_load|        scalar|
|v_load         |   in|   16|     ap_none|                                    v_load|        scalar|
|y              |   in|    6|     ap_none|                                         y|        scalar|
|add_ln37       |   in|    6|     ap_none|                                  add_ln37|        scalar|
|u_address0     |  out|   12|   ap_memory|                                         u|         array|
|u_ce0          |  out|    1|   ap_memory|                                         u|         array|
|u_q0           |   in|   16|   ap_memory|                                         u|         array|
|u_address1     |  out|   12|   ap_memory|                                         u|         array|
|u_ce1          |  out|    1|   ap_memory|                                         u|         array|
|u_we1          |  out|    1|   ap_memory|                                         u|         array|
|u_d1           |  out|   16|   ap_memory|                                         u|         array|
|u_q1           |   in|   16|   ap_memory|                                         u|         array|
|add_ln37_1     |   in|    6|     ap_none|                                add_ln37_1|        scalar|
|v_address0     |  out|   12|   ap_memory|                                         v|         array|
|v_ce0          |  out|    1|   ap_memory|                                         v|         array|
|v_q0           |   in|   16|   ap_memory|                                         v|         array|
|v_address1     |  out|   12|   ap_memory|                                         v|         array|
|v_ce1          |  out|    1|   ap_memory|                                         v|         array|
|v_we1          |  out|    1|   ap_memory|                                         v|         array|
|v_d1           |  out|   16|   ap_memory|                                         v|         array|
|v_q1           |   in|   16|   ap_memory|                                         v|         array|
|Ix64_address0  |  out|   12|   ap_memory|                                      Ix64|         array|
|Ix64_ce0       |  out|    1|   ap_memory|                                      Ix64|         array|
|Ix64_q0        |   in|   16|   ap_memory|                                      Ix64|         array|
|Iy64_address0  |  out|   12|   ap_memory|                                      Iy64|         array|
|Iy64_ce0       |  out|    1|   ap_memory|                                      Iy64|         array|
|Iy64_q0        |   in|   16|   ap_memory|                                      Iy64|         array|
|It64_address0  |  out|   12|   ap_memory|                                      It64|         array|
|It64_ce0       |  out|    1|   ap_memory|                                      It64|         array|
|It64_q0        |   in|   16|   ap_memory|                                      It64|         array|
+---------------+-----+-----+------------+------------------------------------------+--------------+

