

================================================================
== Vitis HLS Report for 'horn_schunck_16'
================================================================
* Date:           Thu Dec 18 21:18:47 2025

* Version:        2025.2 (Build 6295257 on Nov 12 2025)
* Project:        pyramidal_hs
* Solution:       hls (Vivado IP Flow Target)
* Product family: kintexu
* Target device:  xcku115-flva1517-3-e


================================================================
== Performance Estimates
================================================================
+ Timing: 
    * Summary: 
    +--------+----------+-----------+------------+
    |  Clock |  Target  | Estimated | Uncertainty|
    +--------+----------+-----------+------------+
    |ap_clk  |  10.00 ns|  17.350 ns|     2.70 ns|
    +--------+----------+-----------+------------+

+ Latency: 
    * Summary: 
    +---------+---------+----------+----------+-------+-------+---------+
    |  Latency (cycles) |  Latency (absolute) |    Interval   | Pipeline|
    |   min   |   max   |    min   |    max   |  min  |  max  |   Type  |
    +---------+---------+----------+----------+-------+-------+---------+
    |    55207|    55207|  0.958 ms|  0.958 ms|  55207|  55207|       no|
    +---------+---------+----------+----------+-------+-------+---------+

    + Detail: 
        * Instance: 
        +----------------------------------------------------------------------+------------------------------------------------------------+---------+---------+----------+----------+-----+-----+-------------------+
        |                                                                      |                                                            |  Latency (cycles) |  Latency (absolute) |  Interval |      Pipeline     |
        |                               Instance                               |                           Module                           |   min   |   max   |    min   |    max   | min | max |        Type       |
        +----------------------------------------------------------------------+------------------------------------------------------------+---------+---------+----------+----------+-----+-----+-------------------+
        |grp_horn_schunck_16_Pipeline_VITIS_LOOP_110_1_VITIS_LOOP_112_2_fu_54  |horn_schunck_16_Pipeline_VITIS_LOOP_110_1_VITIS_LOOP_112_2  |      265|      265|  2.650 us|  2.650 us|    0|    0|  loop pipeline stp|
        |grp_horn_schunck_16_Pipeline_VITIS_LOOP_123_4_VITIS_LOOP_125_5_fu_82  |horn_schunck_16_Pipeline_VITIS_LOOP_123_4_VITIS_LOOP_125_5  |    10986|    10986|  0.191 ms|  0.191 ms|    0|    0|  loop pipeline stp|
        +----------------------------------------------------------------------+------------------------------------------------------------+---------+---------+----------+----------+-----+-----+-------------------+

        * Loop: 
        +--------------------+---------+---------+----------+-----------+-----------+------+----------+
        |                    |  Latency (cycles) | Iteration|  Initiation Interval  | Trip |          |
        |      Loop Name     |   min   |   max   |  Latency |  achieved |   target  | Count| Pipelined|
        +--------------------+---------+---------+----------+-----------+-----------+------+----------+
        |- VITIS_LOOP_121_3  |    54940|    54940|     10988|          -|          -|     5|        no|
        +--------------------+---------+---------+----------+-----------+-----------+------+----------+



================================================================
== Utilization Estimates
================================================================
* Summary: 
+---------------------+---------+------+---------+--------+-----+
|         Name        | BRAM_18K|  DSP |    FF   |   LUT  | URAM|
+---------------------+---------+------+---------+--------+-----+
|DSP                  |        -|     -|        -|       -|    -|
|Expression           |        -|     -|        0|      20|    -|
|FIFO                 |        -|     -|        -|       -|    -|
|Instance             |        -|     6|     7487|    6518|    -|
|Memory               |        -|     -|        -|       -|    -|
|Multiplexer          |        -|     -|        0|     761|    -|
|Register             |        -|     -|        9|       -|    -|
+---------------------+---------+------+---------+--------+-----+
|Total                |        0|     6|     7496|    7299|    0|
+---------------------+---------+------+---------+--------+-----+
|Available SLR        |     2160|  2760|   663360|  331680|    0|
+---------------------+---------+------+---------+--------+-----+
|Utilization SLR (%)  |        0|    ~0|        1|       2|  100|
+---------------------+---------+------+---------+--------+-----+
|Available            |     4320|  5520|  1326720|  663360|    0|
+---------------------+---------+------+---------+--------+-----+
|Utilization (%)      |        0|    ~0|       ~0|       1|    0|
+---------------------+---------+------+---------+--------+-----+

+ Detail: 
    * Instance: 
    +----------------------------------------------------------------------+------------------------------------------------------------+---------+----+------+------+-----+
    |                               Instance                               |                           Module                           | BRAM_18K| DSP|  FF  |  LUT | URAM|
    +----------------------------------------------------------------------+------------------------------------------------------------+---------+----+------+------+-----+
    |grp_horn_schunck_16_Pipeline_VITIS_LOOP_110_1_VITIS_LOOP_112_2_fu_54  |horn_schunck_16_Pipeline_VITIS_LOOP_110_1_VITIS_LOOP_112_2  |        0|   0|   333|   331|    0|
    |grp_horn_schunck_16_Pipeline_VITIS_LOOP_123_4_VITIS_LOOP_125_5_fu_82  |horn_schunck_16_Pipeline_VITIS_LOOP_123_4_VITIS_LOOP_125_5  |        0|   6|  7154|  6187|    0|
    +----------------------------------------------------------------------+------------------------------------------------------------+---------+----+------+------+-----+
    |Total                                                                 |                                                            |        0|   6|  7487|  6518|    0|
    +----------------------------------------------------------------------+------------------------------------------------------------+---------+----+------+------+-----+

    * DSP: 
    N/A

    * Memory: 
    N/A

    * FIFO: 
    N/A

    * Expression: 
    +----------------------+----------+----+---+----+------------+------------+
    |     Variable Name    | Operation| DSP| FF| LUT| Bitwidth P0| Bitwidth P1|
    +----------------------+----------+----+---+----+------------+------------+
    |iter_6_fu_130_p2      |         +|   0|  0|  10|           3|           1|
    |icmp_ln121_fu_124_p2  |      icmp|   0|  0|  10|           3|           3|
    +----------------------+----------+----+---+----+------------+------------+
    |Total                 |          |   0|  0|  20|           6|           4|
    +----------------------+----------+----+---+----+------------+------------+

    * Multiplexer: 
    +-----------------------------------------------------------------------------------------------+----+-----------+-----+-----------+
    |                                              Name                                             | LUT| Input Size| Bits| Total Bits|
    +-----------------------------------------------------------------------------------------------+----+-----------+-----+-----------+
    |ap_NS_fsm                                                                                      |  26|          5|    1|          5|
    |iter_fu_50                                                                                     |   9|          2|    3|          6|
    |p_ZZ12pyramidal_hsPA64_8ap_fixedILi16ELi6EL9ap_q_mode5EL9ap_o_mode3ELi0EES4_S4_S4_24_address0  |  14|          3|    6|         18|
    |p_ZZ12pyramidal_hsPA64_8ap_fixedILi16ELi6EL9ap_q_mode5EL9ap_o_mode3ELi0EES4_S4_S4_24_ce0       |  14|          3|    1|          3|
    |p_ZZ12pyramidal_hsPA64_8ap_fixedILi16ELi6EL9ap_q_mode5EL9ap_o_mode3ELi0EES4_S4_S4_24_d0        |  14|          3|   16|         48|
    |p_ZZ12pyramidal_hsPA64_8ap_fixedILi16ELi6EL9ap_q_mode5EL9ap_o_mode3ELi0EES4_S4_S4_24_we0       |  14|          3|    1|          3|
    |p_ZZ12pyramidal_hsPA64_8ap_fixedILi16ELi6EL9ap_q_mode5EL9ap_o_mode3ELi0EES4_S4_S4_25_address0  |  14|          3|    6|         18|
    |p_ZZ12pyramidal_hsPA64_8ap_fixedILi16ELi6EL9ap_q_mode5EL9ap_o_mode3ELi0EES4_S4_S4_25_ce0       |  14|          3|    1|          3|
    |p_ZZ12pyramidal_hsPA64_8ap_fixedILi16ELi6EL9ap_q_mode5EL9ap_o_mode3ELi0EES4_S4_S4_25_ce1       |   9|          2|    1|          2|
    |p_ZZ12pyramidal_hsPA64_8ap_fixedILi16ELi6EL9ap_q_mode5EL9ap_o_mode3ELi0EES4_S4_S4_25_d0        |  14|          3|   16|         48|
    |p_ZZ12pyramidal_hsPA64_8ap_fixedILi16ELi6EL9ap_q_mode5EL9ap_o_mode3ELi0EES4_S4_S4_25_we0       |  14|          3|    1|          3|
    |p_ZZ12pyramidal_hsPA64_8ap_fixedILi16ELi6EL9ap_q_mode5EL9ap_o_mode3ELi0EES4_S4_S4_26_address0  |  14|          3|    6|         18|
    |p_ZZ12pyramidal_hsPA64_8ap_fixedILi16ELi6EL9ap_q_mode5EL9ap_o_mode3ELi0EES4_S4_S4_26_ce0       |  14|          3|    1|          3|
    |p_ZZ12pyramidal_hsPA64_8ap_fixedILi16ELi6EL9ap_q_mode5EL9ap_o_mode3ELi0EES4_S4_S4_26_d0        |  14|          3|   16|         48|
    |p_ZZ12pyramidal_hsPA64_8ap_fixedILi16ELi6EL9ap_q_mode5EL9ap_o_mode3ELi0EES4_S4_S4_26_we0       |  14|          3|    1|          3|
    |p_ZZ12pyramidal_hsPA64_8ap_fixedILi16ELi6EL9ap_q_mode5EL9ap_o_mode3ELi0EES4_S4_S4_27_address0  |  14|          3|    6|         18|
    |p_ZZ12pyramidal_hsPA64_8ap_fixedILi16ELi6EL9ap_q_mode5EL9ap_o_mode3ELi0EES4_S4_S4_27_ce0       |  14|          3|    1|          3|
    |p_ZZ12pyramidal_hsPA64_8ap_fixedILi16ELi6EL9ap_q_mode5EL9ap_o_mode3ELi0EES4_S4_S4_27_ce1       |   9|          2|    1|          2|
    |p_ZZ12pyramidal_hsPA64_8ap_fixedILi16ELi6EL9ap_q_mode5EL9ap_o_mode3ELi0EES4_S4_S4_27_d0        |  14|          3|   16|         48|
    |p_ZZ12pyramidal_hsPA64_8ap_fixedILi16ELi6EL9ap_q_mode5EL9ap_o_mode3ELi0EES4_S4_S4_27_we0       |  14|          3|    1|          3|
    |p_ZZ12pyramidal_hsPA64_8ap_fixedILi16ELi6EL9ap_q_mode5EL9ap_o_mode3ELi0EES4_S4_S4_28_address0  |  14|          3|    6|         18|
    |p_ZZ12pyramidal_hsPA64_8ap_fixedILi16ELi6EL9ap_q_mode5EL9ap_o_mode3ELi0EES4_S4_S4_28_ce0       |  14|          3|    1|          3|
    |p_ZZ12pyramidal_hsPA64_8ap_fixedILi16ELi6EL9ap_q_mode5EL9ap_o_mode3ELi0EES4_S4_S4_28_d0        |  14|          3|   16|         48|
    |p_ZZ12pyramidal_hsPA64_8ap_fixedILi16ELi6EL9ap_q_mode5EL9ap_o_mode3ELi0EES4_S4_S4_28_we0       |  14|          3|    1|          3|
    |p_ZZ12pyramidal_hsPA64_8ap_fixedILi16ELi6EL9ap_q_mode5EL9ap_o_mode3ELi0EES4_S4_S4_29_address0  |  14|          3|    6|         18|
    |p_ZZ12pyramidal_hsPA64_8ap_fixedILi16ELi6EL9ap_q_mode5EL9ap_o_mode3ELi0EES4_S4_S4_29_ce0       |  14|          3|    1|          3|
    |p_ZZ12pyramidal_hsPA64_8ap_fixedILi16ELi6EL9ap_q_mode5EL9ap_o_mode3ELi0EES4_S4_S4_29_ce1       |   9|          2|    1|          2|
    |p_ZZ12pyramidal_hsPA64_8ap_fixedILi16ELi6EL9ap_q_mode5EL9ap_o_mode3ELi0EES4_S4_S4_29_d0        |  14|          3|   16|         48|
    |p_ZZ12pyramidal_hsPA64_8ap_fixedILi16ELi6EL9ap_q_mode5EL9ap_o_mode3ELi0EES4_S4_S4_29_we0       |  14|          3|    1|          3|
    |p_ZZ12pyramidal_hsPA64_8ap_fixedILi16ELi6EL9ap_q_mode5EL9ap_o_mode3ELi0EES4_S4_S4_36_address0  |  14|          3|    6|         18|
    |p_ZZ12pyramidal_hsPA64_8ap_fixedILi16ELi6EL9ap_q_mode5EL9ap_o_mode3ELi0EES4_S4_S4_36_ce0       |  14|          3|    1|          3|
    |p_ZZ12pyramidal_hsPA64_8ap_fixedILi16ELi6EL9ap_q_mode5EL9ap_o_mode3ELi0EES4_S4_S4_36_d0        |  14|          3|   16|         48|
    |p_ZZ12pyramidal_hsPA64_8ap_fixedILi16ELi6EL9ap_q_mode5EL9ap_o_mode3ELi0EES4_S4_S4_36_we0       |  14|          3|    1|          3|
    |p_ZZ12pyramidal_hsPA64_8ap_fixedILi16ELi6EL9ap_q_mode5EL9ap_o_mode3ELi0EES4_S4_S4_37_address0  |  14|          3|    6|         18|
    |p_ZZ12pyramidal_hsPA64_8ap_fixedILi16ELi6EL9ap_q_mode5EL9ap_o_mode3ELi0EES4_S4_S4_37_ce0       |  14|          3|    1|          3|
    |p_ZZ12pyramidal_hsPA64_8ap_fixedILi16ELi6EL9ap_q_mode5EL9ap_o_mode3ELi0EES4_S4_S4_37_ce1       |   9|          2|    1|          2|
    |p_ZZ12pyramidal_hsPA64_8ap_fixedILi16ELi6EL9ap_q_mode5EL9ap_o_mode3ELi0EES4_S4_S4_37_d0        |  14|          3|   16|         48|
    |p_ZZ12pyramidal_hsPA64_8ap_fixedILi16ELi6EL9ap_q_mode5EL9ap_o_mode3ELi0EES4_S4_S4_37_we0       |  14|          3|    1|          3|
    |p_ZZ12pyramidal_hsPA64_8ap_fixedILi16ELi6EL9ap_q_mode5EL9ap_o_mode3ELi0EES4_S4_S4_38_address0  |  14|          3|    6|         18|
    |p_ZZ12pyramidal_hsPA64_8ap_fixedILi16ELi6EL9ap_q_mode5EL9ap_o_mode3ELi0EES4_S4_S4_38_ce0       |  14|          3|    1|          3|
    |p_ZZ12pyramidal_hsPA64_8ap_fixedILi16ELi6EL9ap_q_mode5EL9ap_o_mode3ELi0EES4_S4_S4_38_d0        |  14|          3|   16|         48|
    |p_ZZ12pyramidal_hsPA64_8ap_fixedILi16ELi6EL9ap_q_mode5EL9ap_o_mode3ELi0EES4_S4_S4_38_we0       |  14|          3|    1|          3|
    |p_ZZ12pyramidal_hsPA64_8ap_fixedILi16ELi6EL9ap_q_mode5EL9ap_o_mode3ELi0EES4_S4_S4_39_address0  |  14|          3|    6|         18|
    |p_ZZ12pyramidal_hsPA64_8ap_fixedILi16ELi6EL9ap_q_mode5EL9ap_o_mode3ELi0EES4_S4_S4_39_ce0       |  14|          3|    1|          3|
    |p_ZZ12pyramidal_hsPA64_8ap_fixedILi16ELi6EL9ap_q_mode5EL9ap_o_mode3ELi0EES4_S4_S4_39_ce1       |   9|          2|    1|          2|
    |p_ZZ12pyramidal_hsPA64_8ap_fixedILi16ELi6EL9ap_q_mode5EL9ap_o_mode3ELi0EES4_S4_S4_39_d0        |  14|          3|   16|         48|
    |p_ZZ12pyramidal_hsPA64_8ap_fixedILi16ELi6EL9ap_q_mode5EL9ap_o_mode3ELi0EES4_S4_S4_39_we0       |  14|          3|    1|          3|
    |p_ZZ12pyramidal_hsPA64_8ap_fixedILi16ELi6EL9ap_q_mode5EL9ap_o_mode3ELi0EES4_S4_S4_40_address0  |  14|          3|    6|         18|
    |p_ZZ12pyramidal_hsPA64_8ap_fixedILi16ELi6EL9ap_q_mode5EL9ap_o_mode3ELi0EES4_S4_S4_40_ce0       |  14|          3|    1|          3|
    |p_ZZ12pyramidal_hsPA64_8ap_fixedILi16ELi6EL9ap_q_mode5EL9ap_o_mode3ELi0EES4_S4_S4_40_d0        |  14|          3|   16|         48|
    |p_ZZ12pyramidal_hsPA64_8ap_fixedILi16ELi6EL9ap_q_mode5EL9ap_o_mode3ELi0EES4_S4_S4_40_we0       |  14|          3|    1|          3|
    |p_ZZ12pyramidal_hsPA64_8ap_fixedILi16ELi6EL9ap_q_mode5EL9ap_o_mode3ELi0EES4_S4_S4_41_address0  |  14|          3|    6|         18|
    |p_ZZ12pyramidal_hsPA64_8ap_fixedILi16ELi6EL9ap_q_mode5EL9ap_o_mode3ELi0EES4_S4_S4_41_ce0       |  14|          3|    1|          3|
    |p_ZZ12pyramidal_hsPA64_8ap_fixedILi16ELi6EL9ap_q_mode5EL9ap_o_mode3ELi0EES4_S4_S4_41_ce1       |   9|          2|    1|          2|
    |p_ZZ12pyramidal_hsPA64_8ap_fixedILi16ELi6EL9ap_q_mode5EL9ap_o_mode3ELi0EES4_S4_S4_41_d0        |  14|          3|   16|         48|
    |p_ZZ12pyramidal_hsPA64_8ap_fixedILi16ELi6EL9ap_q_mode5EL9ap_o_mode3ELi0EES4_S4_S4_41_we0       |  14|          3|    1|          3|
    +-----------------------------------------------------------------------------------------------+----+-----------+-----+-----------+
    |Total                                                                                          | 761|        163|  298|        887|
    +-----------------------------------------------------------------------------------------------+----+-----------+-----+-----------+

    * Register: 
    +-----------------------------------------------------------------------------------+---+----+-----+-----------+
    |                                        Name                                       | FF| LUT| Bits| Const Bits|
    +-----------------------------------------------------------------------------------+---+----+-----+-----------+
    |ap_CS_fsm                                                                          |  4|   0|    4|          0|
    |grp_horn_schunck_16_Pipeline_VITIS_LOOP_110_1_VITIS_LOOP_112_2_fu_54_ap_start_reg  |  1|   0|    1|          0|
    |grp_horn_schunck_16_Pipeline_VITIS_LOOP_123_4_VITIS_LOOP_125_5_fu_82_ap_start_reg  |  1|   0|    1|          0|
    |iter_fu_50                                                                         |  3|   0|    3|          0|
    +-----------------------------------------------------------------------------------+---+----+-----+-----------+
    |Total                                                                              |  9|   0|    9|          0|
    +-----------------------------------------------------------------------------------+---+----+-----+-----------+



================================================================
== Interface
================================================================
* Summary: 
+-----------------------------------------------------------------------------------------------+-----+-----+------------+--------------------------------------------------------------------------------------+--------------+
|                                           RTL Ports                                           | Dir | Bits|  Protocol  |                                     Source Object                                    |    C Type    |
+-----------------------------------------------------------------------------------------------+-----+-----+------------+--------------------------------------------------------------------------------------+--------------+
|ap_clk                                                                                         |   in|    1|  ap_ctrl_hs|                                                                       horn_schunck_16|  return value|
|ap_rst                                                                                         |   in|    1|  ap_ctrl_hs|                                                                       horn_schunck_16|  return value|
|ap_start                                                                                       |   in|    1|  ap_ctrl_hs|                                                                       horn_schunck_16|  return value|
|ap_done                                                                                        |  out|    1|  ap_ctrl_hs|                                                                       horn_schunck_16|  return value|
|ap_idle                                                                                        |  out|    1|  ap_ctrl_hs|                                                                       horn_schunck_16|  return value|
|ap_ready                                                                                       |  out|    1|  ap_ctrl_hs|                                                                       horn_schunck_16|  return value|
|p_ZZ12pyramidal_hsPA64_8ap_fixedILi16ELi6EL9ap_q_mode5EL9ap_o_mode3ELi0EES4_S4_S4_41_address0  |  out|    6|   ap_memory|  p_ZZ12pyramidal_hsPA64_8ap_fixedILi16ELi6EL9ap_q_mode5EL9ap_o_mode3ELi0EES4_S4_S4_41|         array|
|p_ZZ12pyramidal_hsPA64_8ap_fixedILi16ELi6EL9ap_q_mode5EL9ap_o_mode3ELi0EES4_S4_S4_41_ce0       |  out|    1|   ap_memory|  p_ZZ12pyramidal_hsPA64_8ap_fixedILi16ELi6EL9ap_q_mode5EL9ap_o_mode3ELi0EES4_S4_S4_41|         array|
|p_ZZ12pyramidal_hsPA64_8ap_fixedILi16ELi6EL9ap_q_mode5EL9ap_o_mode3ELi0EES4_S4_S4_41_we0       |  out|    1|   ap_memory|  p_ZZ12pyramidal_hsPA64_8ap_fixedILi16ELi6EL9ap_q_mode5EL9ap_o_mode3ELi0EES4_S4_S4_41|         array|
|p_ZZ12pyramidal_hsPA64_8ap_fixedILi16ELi6EL9ap_q_mode5EL9ap_o_mode3ELi0EES4_S4_S4_41_d0        |  out|   16|   ap_memory|  p_ZZ12pyramidal_hsPA64_8ap_fixedILi16ELi6EL9ap_q_mode5EL9ap_o_mode3ELi0EES4_S4_S4_41|         array|
|p_ZZ12pyramidal_hsPA64_8ap_fixedILi16ELi6EL9ap_q_mode5EL9ap_o_mode3ELi0EES4_S4_S4_41_q0        |   in|   16|   ap_memory|  p_ZZ12pyramidal_hsPA64_8ap_fixedILi16ELi6EL9ap_q_mode5EL9ap_o_mode3ELi0EES4_S4_S4_41|         array|
|p_ZZ12pyramidal_hsPA64_8ap_fixedILi16ELi6EL9ap_q_mode5EL9ap_o_mode3ELi0EES4_S4_S4_41_address1  |  out|    6|   ap_memory|  p_ZZ12pyramidal_hsPA64_8ap_fixedILi16ELi6EL9ap_q_mode5EL9ap_o_mode3ELi0EES4_S4_S4_41|         array|
|p_ZZ12pyramidal_hsPA64_8ap_fixedILi16ELi6EL9ap_q_mode5EL9ap_o_mode3ELi0EES4_S4_S4_41_ce1       |  out|    1|   ap_memory|  p_ZZ12pyramidal_hsPA64_8ap_fixedILi16ELi6EL9ap_q_mode5EL9ap_o_mode3ELi0EES4_S4_S4_41|         array|
|p_ZZ12pyramidal_hsPA64_8ap_fixedILi16ELi6EL9ap_q_mode5EL9ap_o_mode3ELi0EES4_S4_S4_41_q1        |   in|   16|   ap_memory|  p_ZZ12pyramidal_hsPA64_8ap_fixedILi16ELi6EL9ap_q_mode5EL9ap_o_mode3ELi0EES4_S4_S4_41|         array|
|p_ZZ12pyramidal_hsPA64_8ap_fixedILi16ELi6EL9ap_q_mode5EL9ap_o_mode3ELi0EES4_S4_S4_29_address0  |  out|    6|   ap_memory|  p_ZZ12pyramidal_hsPA64_8ap_fixedILi16ELi6EL9ap_q_mode5EL9ap_o_mode3ELi0EES4_S4_S4_29|         array|
|p_ZZ12pyramidal_hsPA64_8ap_fixedILi16ELi6EL9ap_q_mode5EL9ap_o_mode3ELi0EES4_S4_S4_29_ce0       |  out|    1|   ap_memory|  p_ZZ12pyramidal_hsPA64_8ap_fixedILi16ELi6EL9ap_q_mode5EL9ap_o_mode3ELi0EES4_S4_S4_29|         array|
|p_ZZ12pyramidal_hsPA64_8ap_fixedILi16ELi6EL9ap_q_mode5EL9ap_o_mode3ELi0EES4_S4_S4_29_we0       |  out|    1|   ap_memory|  p_ZZ12pyramidal_hsPA64_8ap_fixedILi16ELi6EL9ap_q_mode5EL9ap_o_mode3ELi0EES4_S4_S4_29|         array|
|p_ZZ12pyramidal_hsPA64_8ap_fixedILi16ELi6EL9ap_q_mode5EL9ap_o_mode3ELi0EES4_S4_S4_29_d0        |  out|   16|   ap_memory|  p_ZZ12pyramidal_hsPA64_8ap_fixedILi16ELi6EL9ap_q_mode5EL9ap_o_mode3ELi0EES4_S4_S4_29|         array|
|p_ZZ12pyramidal_hsPA64_8ap_fixedILi16ELi6EL9ap_q_mode5EL9ap_o_mode3ELi0EES4_S4_S4_29_q0        |   in|   16|   ap_memory|  p_ZZ12pyramidal_hsPA64_8ap_fixedILi16ELi6EL9ap_q_mode5EL9ap_o_mode3ELi0EES4_S4_S4_29|         array|
|p_ZZ12pyramidal_hsPA64_8ap_fixedILi16ELi6EL9ap_q_mode5EL9ap_o_mode3ELi0EES4_S4_S4_29_address1  |  out|    6|   ap_memory|  p_ZZ12pyramidal_hsPA64_8ap_fixedILi16ELi6EL9ap_q_mode5EL9ap_o_mode3ELi0EES4_S4_S4_29|         array|
|p_ZZ12pyramidal_hsPA64_8ap_fixedILi16ELi6EL9ap_q_mode5EL9ap_o_mode3ELi0EES4_S4_S4_29_ce1       |  out|    1|   ap_memory|  p_ZZ12pyramidal_hsPA64_8ap_fixedILi16ELi6EL9ap_q_mode5EL9ap_o_mode3ELi0EES4_S4_S4_29|         array|
|p_ZZ12pyramidal_hsPA64_8ap_fixedILi16ELi6EL9ap_q_mode5EL9ap_o_mode3ELi0EES4_S4_S4_29_q1        |   in|   16|   ap_memory|  p_ZZ12pyramidal_hsPA64_8ap_fixedILi16ELi6EL9ap_q_mode5EL9ap_o_mode3ELi0EES4_S4_S4_29|         array|
|p_ZZ12pyramidal_hsPA64_8ap_fixedILi16ELi6EL9ap_q_mode5EL9ap_o_mode3ELi0EES4_S4_S4_40_address0  |  out|    6|   ap_memory|  p_ZZ12pyramidal_hsPA64_8ap_fixedILi16ELi6EL9ap_q_mode5EL9ap_o_mode3ELi0EES4_S4_S4_40|         array|
|p_ZZ12pyramidal_hsPA64_8ap_fixedILi16ELi6EL9ap_q_mode5EL9ap_o_mode3ELi0EES4_S4_S4_40_ce0       |  out|    1|   ap_memory|  p_ZZ12pyramidal_hsPA64_8ap_fixedILi16ELi6EL9ap_q_mode5EL9ap_o_mode3ELi0EES4_S4_S4_40|         array|
|p_ZZ12pyramidal_hsPA64_8ap_fixedILi16ELi6EL9ap_q_mode5EL9ap_o_mode3ELi0EES4_S4_S4_40_we0       |  out|    1|   ap_memory|  p_ZZ12pyramidal_hsPA64_8ap_fixedILi16ELi6EL9ap_q_mode5EL9ap_o_mode3ELi0EES4_S4_S4_40|         array|
|p_ZZ12pyramidal_hsPA64_8ap_fixedILi16ELi6EL9ap_q_mode5EL9ap_o_mode3ELi0EES4_S4_S4_40_d0        |  out|   16|   ap_memory|  p_ZZ12pyramidal_hsPA64_8ap_fixedILi16ELi6EL9ap_q_mode5EL9ap_o_mode3ELi0EES4_S4_S4_40|         array|
|p_ZZ12pyramidal_hsPA64_8ap_fixedILi16ELi6EL9ap_q_mode5EL9ap_o_mode3ELi0EES4_S4_S4_40_q0        |   in|   16|   ap_memory|  p_ZZ12pyramidal_hsPA64_8ap_fixedILi16ELi6EL9ap_q_mode5EL9ap_o_mode3ELi0EES4_S4_S4_40|         array|
|p_ZZ12pyramidal_hsPA64_8ap_fixedILi16ELi6EL9ap_q_mode5EL9ap_o_mode3ELi0EES4_S4_S4_28_address0  |  out|    6|   ap_memory|  p_ZZ12pyramidal_hsPA64_8ap_fixedILi16ELi6EL9ap_q_mode5EL9ap_o_mode3ELi0EES4_S4_S4_28|         array|
|p_ZZ12pyramidal_hsPA64_8ap_fixedILi16ELi6EL9ap_q_mode5EL9ap_o_mode3ELi0EES4_S4_S4_28_ce0       |  out|    1|   ap_memory|  p_ZZ12pyramidal_hsPA64_8ap_fixedILi16ELi6EL9ap_q_mode5EL9ap_o_mode3ELi0EES4_S4_S4_28|         array|
|p_ZZ12pyramidal_hsPA64_8ap_fixedILi16ELi6EL9ap_q_mode5EL9ap_o_mode3ELi0EES4_S4_S4_28_we0       |  out|    1|   ap_memory|  p_ZZ12pyramidal_hsPA64_8ap_fixedILi16ELi6EL9ap_q_mode5EL9ap_o_mode3ELi0EES4_S4_S4_28|         array|
|p_ZZ12pyramidal_hsPA64_8ap_fixedILi16ELi6EL9ap_q_mode5EL9ap_o_mode3ELi0EES4_S4_S4_28_d0        |  out|   16|   ap_memory|  p_ZZ12pyramidal_hsPA64_8ap_fixedILi16ELi6EL9ap_q_mode5EL9ap_o_mode3ELi0EES4_S4_S4_28|         array|
|p_ZZ12pyramidal_hsPA64_8ap_fixedILi16ELi6EL9ap_q_mode5EL9ap_o_mode3ELi0EES4_S4_S4_28_q0        |   in|   16|   ap_memory|  p_ZZ12pyramidal_hsPA64_8ap_fixedILi16ELi6EL9ap_q_mode5EL9ap_o_mode3ELi0EES4_S4_S4_28|         array|
|p_ZZ12pyramidal_hsPA64_8ap_fixedILi16ELi6EL9ap_q_mode5EL9ap_o_mode3ELi0EES4_S4_S4_39_address0  |  out|    6|   ap_memory|  p_ZZ12pyramidal_hsPA64_8ap_fixedILi16ELi6EL9ap_q_mode5EL9ap_o_mode3ELi0EES4_S4_S4_39|         array|
|p_ZZ12pyramidal_hsPA64_8ap_fixedILi16ELi6EL9ap_q_mode5EL9ap_o_mode3ELi0EES4_S4_S4_39_ce0       |  out|    1|   ap_memory|  p_ZZ12pyramidal_hsPA64_8ap_fixedILi16ELi6EL9ap_q_mode5EL9ap_o_mode3ELi0EES4_S4_S4_39|         array|
|p_ZZ12pyramidal_hsPA64_8ap_fixedILi16ELi6EL9ap_q_mode5EL9ap_o_mode3ELi0EES4_S4_S4_39_we0       |  out|    1|   ap_memory|  p_ZZ12pyramidal_hsPA64_8ap_fixedILi16ELi6EL9ap_q_mode5EL9ap_o_mode3ELi0EES4_S4_S4_39|         array|
|p_ZZ12pyramidal_hsPA64_8ap_fixedILi16ELi6EL9ap_q_mode5EL9ap_o_mode3ELi0EES4_S4_S4_39_d0        |  out|   16|   ap_memory|  p_ZZ12pyramidal_hsPA64_8ap_fixedILi16ELi6EL9ap_q_mode5EL9ap_o_mode3ELi0EES4_S4_S4_39|         array|
|p_ZZ12pyramidal_hsPA64_8ap_fixedILi16ELi6EL9ap_q_mode5EL9ap_o_mode3ELi0EES4_S4_S4_39_q0        |   in|   16|   ap_memory|  p_ZZ12pyramidal_hsPA64_8ap_fixedILi16ELi6EL9ap_q_mode5EL9ap_o_mode3ELi0EES4_S4_S4_39|         array|
|p_ZZ12pyramidal_hsPA64_8ap_fixedILi16ELi6EL9ap_q_mode5EL9ap_o_mode3ELi0EES4_S4_S4_39_address1  |  out|    6|   ap_memory|  p_ZZ12pyramidal_hsPA64_8ap_fixedILi16ELi6EL9ap_q_mode5EL9ap_o_mode3ELi0EES4_S4_S4_39|         array|
|p_ZZ12pyramidal_hsPA64_8ap_fixedILi16ELi6EL9ap_q_mode5EL9ap_o_mode3ELi0EES4_S4_S4_39_ce1       |  out|    1|   ap_memory|  p_ZZ12pyramidal_hsPA64_8ap_fixedILi16ELi6EL9ap_q_mode5EL9ap_o_mode3ELi0EES4_S4_S4_39|         array|
|p_ZZ12pyramidal_hsPA64_8ap_fixedILi16ELi6EL9ap_q_mode5EL9ap_o_mode3ELi0EES4_S4_S4_39_q1        |   in|   16|   ap_memory|  p_ZZ12pyramidal_hsPA64_8ap_fixedILi16ELi6EL9ap_q_mode5EL9ap_o_mode3ELi0EES4_S4_S4_39|         array|
|p_ZZ12pyramidal_hsPA64_8ap_fixedILi16ELi6EL9ap_q_mode5EL9ap_o_mode3ELi0EES4_S4_S4_27_address0  |  out|    6|   ap_memory|  p_ZZ12pyramidal_hsPA64_8ap_fixedILi16ELi6EL9ap_q_mode5EL9ap_o_mode3ELi0EES4_S4_S4_27|         array|
|p_ZZ12pyramidal_hsPA64_8ap_fixedILi16ELi6EL9ap_q_mode5EL9ap_o_mode3ELi0EES4_S4_S4_27_ce0       |  out|    1|   ap_memory|  p_ZZ12pyramidal_hsPA64_8ap_fixedILi16ELi6EL9ap_q_mode5EL9ap_o_mode3ELi0EES4_S4_S4_27|         array|
|p_ZZ12pyramidal_hsPA64_8ap_fixedILi16ELi6EL9ap_q_mode5EL9ap_o_mode3ELi0EES4_S4_S4_27_we0       |  out|    1|   ap_memory|  p_ZZ12pyramidal_hsPA64_8ap_fixedILi16ELi6EL9ap_q_mode5EL9ap_o_mode3ELi0EES4_S4_S4_27|         array|
|p_ZZ12pyramidal_hsPA64_8ap_fixedILi16ELi6EL9ap_q_mode5EL9ap_o_mode3ELi0EES4_S4_S4_27_d0        |  out|   16|   ap_memory|  p_ZZ12pyramidal_hsPA64_8ap_fixedILi16ELi6EL9ap_q_mode5EL9ap_o_mode3ELi0EES4_S4_S4_27|         array|
|p_ZZ12pyramidal_hsPA64_8ap_fixedILi16ELi6EL9ap_q_mode5EL9ap_o_mode3ELi0EES4_S4_S4_27_q0        |   in|   16|   ap_memory|  p_ZZ12pyramidal_hsPA64_8ap_fixedILi16ELi6EL9ap_q_mode5EL9ap_o_mode3ELi0EES4_S4_S4_27|         array|
|p_ZZ12pyramidal_hsPA64_8ap_fixedILi16ELi6EL9ap_q_mode5EL9ap_o_mode3ELi0EES4_S4_S4_27_address1  |  out|    6|   ap_memory|  p_ZZ12pyramidal_hsPA64_8ap_fixedILi16ELi6EL9ap_q_mode5EL9ap_o_mode3ELi0EES4_S4_S4_27|         array|
|p_ZZ12pyramidal_hsPA64_8ap_fixedILi16ELi6EL9ap_q_mode5EL9ap_o_mode3ELi0EES4_S4_S4_27_ce1       |  out|    1|   ap_memory|  p_ZZ12pyramidal_hsPA64_8ap_fixedILi16ELi6EL9ap_q_mode5EL9ap_o_mode3ELi0EES4_S4_S4_27|         array|
|p_ZZ12pyramidal_hsPA64_8ap_fixedILi16ELi6EL9ap_q_mode5EL9ap_o_mode3ELi0EES4_S4_S4_27_q1        |   in|   16|   ap_memory|  p_ZZ12pyramidal_hsPA64_8ap_fixedILi16ELi6EL9ap_q_mode5EL9ap_o_mode3ELi0EES4_S4_S4_27|         array|
|p_ZZ12pyramidal_hsPA64_8ap_fixedILi16ELi6EL9ap_q_mode5EL9ap_o_mode3ELi0EES4_S4_S4_38_address0  |  out|    6|   ap_memory|  p_ZZ12pyramidal_hsPA64_8ap_fixedILi16ELi6EL9ap_q_mode5EL9ap_o_mode3ELi0EES4_S4_S4_38|         array|
|p_ZZ12pyramidal_hsPA64_8ap_fixedILi16ELi6EL9ap_q_mode5EL9ap_o_mode3ELi0EES4_S4_S4_38_ce0       |  out|    1|   ap_memory|  p_ZZ12pyramidal_hsPA64_8ap_fixedILi16ELi6EL9ap_q_mode5EL9ap_o_mode3ELi0EES4_S4_S4_38|         array|
|p_ZZ12pyramidal_hsPA64_8ap_fixedILi16ELi6EL9ap_q_mode5EL9ap_o_mode3ELi0EES4_S4_S4_38_we0       |  out|    1|   ap_memory|  p_ZZ12pyramidal_hsPA64_8ap_fixedILi16ELi6EL9ap_q_mode5EL9ap_o_mode3ELi0EES4_S4_S4_38|         array|
|p_ZZ12pyramidal_hsPA64_8ap_fixedILi16ELi6EL9ap_q_mode5EL9ap_o_mode3ELi0EES4_S4_S4_38_d0        |  out|   16|   ap_memory|  p_ZZ12pyramidal_hsPA64_8ap_fixedILi16ELi6EL9ap_q_mode5EL9ap_o_mode3ELi0EES4_S4_S4_38|         array|
|p_ZZ12pyramidal_hsPA64_8ap_fixedILi16ELi6EL9ap_q_mode5EL9ap_o_mode3ELi0EES4_S4_S4_38_q0        |   in|   16|   ap_memory|  p_ZZ12pyramidal_hsPA64_8ap_fixedILi16ELi6EL9ap_q_mode5EL9ap_o_mode3ELi0EES4_S4_S4_38|         array|
|p_ZZ12pyramidal_hsPA64_8ap_fixedILi16ELi6EL9ap_q_mode5EL9ap_o_mode3ELi0EES4_S4_S4_26_address0  |  out|    6|   ap_memory|  p_ZZ12pyramidal_hsPA64_8ap_fixedILi16ELi6EL9ap_q_mode5EL9ap_o_mode3ELi0EES4_S4_S4_26|         array|
|p_ZZ12pyramidal_hsPA64_8ap_fixedILi16ELi6EL9ap_q_mode5EL9ap_o_mode3ELi0EES4_S4_S4_26_ce0       |  out|    1|   ap_memory|  p_ZZ12pyramidal_hsPA64_8ap_fixedILi16ELi6EL9ap_q_mode5EL9ap_o_mode3ELi0EES4_S4_S4_26|         array|
|p_ZZ12pyramidal_hsPA64_8ap_fixedILi16ELi6EL9ap_q_mode5EL9ap_o_mode3ELi0EES4_S4_S4_26_we0       |  out|    1|   ap_memory|  p_ZZ12pyramidal_hsPA64_8ap_fixedILi16ELi6EL9ap_q_mode5EL9ap_o_mode3ELi0EES4_S4_S4_26|         array|
|p_ZZ12pyramidal_hsPA64_8ap_fixedILi16ELi6EL9ap_q_mode5EL9ap_o_mode3ELi0EES4_S4_S4_26_d0        |  out|   16|   ap_memory|  p_ZZ12pyramidal_hsPA64_8ap_fixedILi16ELi6EL9ap_q_mode5EL9ap_o_mode3ELi0EES4_S4_S4_26|         array|
|p_ZZ12pyramidal_hsPA64_8ap_fixedILi16ELi6EL9ap_q_mode5EL9ap_o_mode3ELi0EES4_S4_S4_26_q0        |   in|   16|   ap_memory|  p_ZZ12pyramidal_hsPA64_8ap_fixedILi16ELi6EL9ap_q_mode5EL9ap_o_mode3ELi0EES4_S4_S4_26|         array|
|p_ZZ12pyramidal_hsPA64_8ap_fixedILi16ELi6EL9ap_q_mode5EL9ap_o_mode3ELi0EES4_S4_S4_37_address0  |  out|    6|   ap_memory|  p_ZZ12pyramidal_hsPA64_8ap_fixedILi16ELi6EL9ap_q_mode5EL9ap_o_mode3ELi0EES4_S4_S4_37|         array|
|p_ZZ12pyramidal_hsPA64_8ap_fixedILi16ELi6EL9ap_q_mode5EL9ap_o_mode3ELi0EES4_S4_S4_37_ce0       |  out|    1|   ap_memory|  p_ZZ12pyramidal_hsPA64_8ap_fixedILi16ELi6EL9ap_q_mode5EL9ap_o_mode3ELi0EES4_S4_S4_37|         array|
|p_ZZ12pyramidal_hsPA64_8ap_fixedILi16ELi6EL9ap_q_mode5EL9ap_o_mode3ELi0EES4_S4_S4_37_we0       |  out|    1|   ap_memory|  p_ZZ12pyramidal_hsPA64_8ap_fixedILi16ELi6EL9ap_q_mode5EL9ap_o_mode3ELi0EES4_S4_S4_37|         array|
|p_ZZ12pyramidal_hsPA64_8ap_fixedILi16ELi6EL9ap_q_mode5EL9ap_o_mode3ELi0EES4_S4_S4_37_d0        |  out|   16|   ap_memory|  p_ZZ12pyramidal_hsPA64_8ap_fixedILi16ELi6EL9ap_q_mode5EL9ap_o_mode3ELi0EES4_S4_S4_37|         array|
|p_ZZ12pyramidal_hsPA64_8ap_fixedILi16ELi6EL9ap_q_mode5EL9ap_o_mode3ELi0EES4_S4_S4_37_q0        |   in|   16|   ap_memory|  p_ZZ12pyramidal_hsPA64_8ap_fixedILi16ELi6EL9ap_q_mode5EL9ap_o_mode3ELi0EES4_S4_S4_37|         array|
|p_ZZ12pyramidal_hsPA64_8ap_fixedILi16ELi6EL9ap_q_mode5EL9ap_o_mode3ELi0EES4_S4_S4_37_address1  |  out|    6|   ap_memory|  p_ZZ12pyramidal_hsPA64_8ap_fixedILi16ELi6EL9ap_q_mode5EL9ap_o_mode3ELi0EES4_S4_S4_37|         array|
|p_ZZ12pyramidal_hsPA64_8ap_fixedILi16ELi6EL9ap_q_mode5EL9ap_o_mode3ELi0EES4_S4_S4_37_ce1       |  out|    1|   ap_memory|  p_ZZ12pyramidal_hsPA64_8ap_fixedILi16ELi6EL9ap_q_mode5EL9ap_o_mode3ELi0EES4_S4_S4_37|         array|
|p_ZZ12pyramidal_hsPA64_8ap_fixedILi16ELi6EL9ap_q_mode5EL9ap_o_mode3ELi0EES4_S4_S4_37_q1        |   in|   16|   ap_memory|  p_ZZ12pyramidal_hsPA64_8ap_fixedILi16ELi6EL9ap_q_mode5EL9ap_o_mode3ELi0EES4_S4_S4_37|         array|
|p_ZZ12pyramidal_hsPA64_8ap_fixedILi16ELi6EL9ap_q_mode5EL9ap_o_mode3ELi0EES4_S4_S4_25_address0  |  out|    6|   ap_memory|  p_ZZ12pyramidal_hsPA64_8ap_fixedILi16ELi6EL9ap_q_mode5EL9ap_o_mode3ELi0EES4_S4_S4_25|         array|
|p_ZZ12pyramidal_hsPA64_8ap_fixedILi16ELi6EL9ap_q_mode5EL9ap_o_mode3ELi0EES4_S4_S4_25_ce0       |  out|    1|   ap_memory|  p_ZZ12pyramidal_hsPA64_8ap_fixedILi16ELi6EL9ap_q_mode5EL9ap_o_mode3ELi0EES4_S4_S4_25|         array|
|p_ZZ12pyramidal_hsPA64_8ap_fixedILi16ELi6EL9ap_q_mode5EL9ap_o_mode3ELi0EES4_S4_S4_25_we0       |  out|    1|   ap_memory|  p_ZZ12pyramidal_hsPA64_8ap_fixedILi16ELi6EL9ap_q_mode5EL9ap_o_mode3ELi0EES4_S4_S4_25|         array|
|p_ZZ12pyramidal_hsPA64_8ap_fixedILi16ELi6EL9ap_q_mode5EL9ap_o_mode3ELi0EES4_S4_S4_25_d0        |  out|   16|   ap_memory|  p_ZZ12pyramidal_hsPA64_8ap_fixedILi16ELi6EL9ap_q_mode5EL9ap_o_mode3ELi0EES4_S4_S4_25|         array|
|p_ZZ12pyramidal_hsPA64_8ap_fixedILi16ELi6EL9ap_q_mode5EL9ap_o_mode3ELi0EES4_S4_S4_25_q0        |   in|   16|   ap_memory|  p_ZZ12pyramidal_hsPA64_8ap_fixedILi16ELi6EL9ap_q_mode5EL9ap_o_mode3ELi0EES4_S4_S4_25|         array|
|p_ZZ12pyramidal_hsPA64_8ap_fixedILi16ELi6EL9ap_q_mode5EL9ap_o_mode3ELi0EES4_S4_S4_25_address1  |  out|    6|   ap_memory|  p_ZZ12pyramidal_hsPA64_8ap_fixedILi16ELi6EL9ap_q_mode5EL9ap_o_mode3ELi0EES4_S4_S4_25|         array|
|p_ZZ12pyramidal_hsPA64_8ap_fixedILi16ELi6EL9ap_q_mode5EL9ap_o_mode3ELi0EES4_S4_S4_25_ce1       |  out|    1|   ap_memory|  p_ZZ12pyramidal_hsPA64_8ap_fixedILi16ELi6EL9ap_q_mode5EL9ap_o_mode3ELi0EES4_S4_S4_25|         array|
|p_ZZ12pyramidal_hsPA64_8ap_fixedILi16ELi6EL9ap_q_mode5EL9ap_o_mode3ELi0EES4_S4_S4_25_q1        |   in|   16|   ap_memory|  p_ZZ12pyramidal_hsPA64_8ap_fixedILi16ELi6EL9ap_q_mode5EL9ap_o_mode3ELi0EES4_S4_S4_25|         array|
|p_ZZ12pyramidal_hsPA64_8ap_fixedILi16ELi6EL9ap_q_mode5EL9ap_o_mode3ELi0EES4_S4_S4_36_address0  |  out|    6|   ap_memory|  p_ZZ12pyramidal_hsPA64_8ap_fixedILi16ELi6EL9ap_q_mode5EL9ap_o_mode3ELi0EES4_S4_S4_36|         array|
|p_ZZ12pyramidal_hsPA64_8ap_fixedILi16ELi6EL9ap_q_mode5EL9ap_o_mode3ELi0EES4_S4_S4_36_ce0       |  out|    1|   ap_memory|  p_ZZ12pyramidal_hsPA64_8ap_fixedILi16ELi6EL9ap_q_mode5EL9ap_o_mode3ELi0EES4_S4_S4_36|         array|
|p_ZZ12pyramidal_hsPA64_8ap_fixedILi16ELi6EL9ap_q_mode5EL9ap_o_mode3ELi0EES4_S4_S4_36_we0       |  out|    1|   ap_memory|  p_ZZ12pyramidal_hsPA64_8ap_fixedILi16ELi6EL9ap_q_mode5EL9ap_o_mode3ELi0EES4_S4_S4_36|         array|
|p_ZZ12pyramidal_hsPA64_8ap_fixedILi16ELi6EL9ap_q_mode5EL9ap_o_mode3ELi0EES4_S4_S4_36_d0        |  out|   16|   ap_memory|  p_ZZ12pyramidal_hsPA64_8ap_fixedILi16ELi6EL9ap_q_mode5EL9ap_o_mode3ELi0EES4_S4_S4_36|         array|
|p_ZZ12pyramidal_hsPA64_8ap_fixedILi16ELi6EL9ap_q_mode5EL9ap_o_mode3ELi0EES4_S4_S4_36_q0        |   in|   16|   ap_memory|  p_ZZ12pyramidal_hsPA64_8ap_fixedILi16ELi6EL9ap_q_mode5EL9ap_o_mode3ELi0EES4_S4_S4_36|         array|
|p_ZZ12pyramidal_hsPA64_8ap_fixedILi16ELi6EL9ap_q_mode5EL9ap_o_mode3ELi0EES4_S4_S4_24_address0  |  out|    6|   ap_memory|  p_ZZ12pyramidal_hsPA64_8ap_fixedILi16ELi6EL9ap_q_mode5EL9ap_o_mode3ELi0EES4_S4_S4_24|         array|
|p_ZZ12pyramidal_hsPA64_8ap_fixedILi16ELi6EL9ap_q_mode5EL9ap_o_mode3ELi0EES4_S4_S4_24_ce0       |  out|    1|   ap_memory|  p_ZZ12pyramidal_hsPA64_8ap_fixedILi16ELi6EL9ap_q_mode5EL9ap_o_mode3ELi0EES4_S4_S4_24|         array|
|p_ZZ12pyramidal_hsPA64_8ap_fixedILi16ELi6EL9ap_q_mode5EL9ap_o_mode3ELi0EES4_S4_S4_24_we0       |  out|    1|   ap_memory|  p_ZZ12pyramidal_hsPA64_8ap_fixedILi16ELi6EL9ap_q_mode5EL9ap_o_mode3ELi0EES4_S4_S4_24|         array|
|p_ZZ12pyramidal_hsPA64_8ap_fixedILi16ELi6EL9ap_q_mode5EL9ap_o_mode3ELi0EES4_S4_S4_24_d0        |  out|   16|   ap_memory|  p_ZZ12pyramidal_hsPA64_8ap_fixedILi16ELi6EL9ap_q_mode5EL9ap_o_mode3ELi0EES4_S4_S4_24|         array|
|p_ZZ12pyramidal_hsPA64_8ap_fixedILi16ELi6EL9ap_q_mode5EL9ap_o_mode3ELi0EES4_S4_S4_24_q0        |   in|   16|   ap_memory|  p_ZZ12pyramidal_hsPA64_8ap_fixedILi16ELi6EL9ap_q_mode5EL9ap_o_mode3ELi0EES4_S4_S4_24|         array|
|Ix16_address0                                                                                  |  out|    8|   ap_memory|                                                                                  Ix16|         array|
|Ix16_ce0                                                                                       |  out|    1|   ap_memory|                                                                                  Ix16|         array|
|Ix16_q0                                                                                        |   in|   16|   ap_memory|                                                                                  Ix16|         array|
|Iy16_address0                                                                                  |  out|    8|   ap_memory|                                                                                  Iy16|         array|
|Iy16_ce0                                                                                       |  out|    1|   ap_memory|                                                                                  Iy16|         array|
|Iy16_q0                                                                                        |   in|   16|   ap_memory|                                                                                  Iy16|         array|
|It16_address0                                                                                  |  out|    8|   ap_memory|                                                                                  It16|         array|
|It16_ce0                                                                                       |  out|    1|   ap_memory|                                                                                  It16|         array|
|It16_q0                                                                                        |   in|   16|   ap_memory|                                                                                  It16|         array|
+-----------------------------------------------------------------------------------------------+-----+-----+------------+--------------------------------------------------------------------------------------+--------------+

