

================================================================
== Vitis HLS Report for 'pyramidal_hs'
================================================================
* Date:           Thu Dec 18 21:18:57 2025

* Version:        2025.2 (Build 6295257 on Nov 12 2025)
* Project:        pyramidal_hs
* Solution:       hls (Vivado IP Flow Target)
* Product family: kintexu
* Target device:  xcku115-flva1517-3-e


================================================================
== Performance Estimates
================================================================
+ Timing: 
    * Summary: 
    +--------+----------+-----------+------------+
    |  Clock |  Target  | Estimated | Uncertainty|
    +--------+----------+-----------+------------+
    |ap_clk  |  10.00 ns|  17.823 ns|     2.70 ns|
    +--------+----------+-----------+------------+

+ Latency: 
    * Summary: 
    +---------+---------+-----------+-----------+---------+---------+---------+
    |  Latency (cycles) |   Latency (absolute)  |      Interval     | Pipeline|
    |   min   |   max   |    min    |    max    |   min   |   max   |   Type  |
    +---------+---------+-----------+-----------+---------+---------+---------+
    |  1412689|  1412689|  25.178 ms|  25.178 ms|  1412690|  1412690|       no|
    +---------+---------+-----------+-----------+---------+---------+---------+

    + Detail: 
        * Instance: 
        +-------------------------------------------------------------------+--------------------------------------------------------+---------+---------+-----------+-----------+---------+---------+-------------------+
        |                                                                   |                                                        |  Latency (cycles) |   Latency (absolute)  |      Interval     |      Pipeline     |
        |                              Instance                             |                         Module                         |   min   |   max   |    min    |    max    |   min   |   max   |        Type       |
        +-------------------------------------------------------------------+--------------------------------------------------------+---------+---------+-----------+-----------+---------+---------+-------------------+
        |grp_pyramidal_hs_Pipeline_VITIS_LOOP_6_1_VITIS_LOOP_7_2_fu_164     |pyramidal_hs_Pipeline_VITIS_LOOP_6_1_VITIS_LOOP_7_2     |     2058|     2058|  20.580 us|  20.580 us|        0|        0|  loop pipeline stp|
        |grp_pyramidal_hs_Pipeline_VITIS_LOOP_6_1_VITIS_LOOP_7_23_fu_188    |pyramidal_hs_Pipeline_VITIS_LOOP_6_1_VITIS_LOOP_7_23    |     2050|     2050|  20.500 us|  20.500 us|        0|        0|  loop pipeline stp|
        |grp_pyramidal_hs_Pipeline_VITIS_LOOP_17_1_VITIS_LOOP_18_2_fu_198   |pyramidal_hs_Pipeline_VITIS_LOOP_17_1_VITIS_LOOP_18_2   |      268|      268|   2.680 us|   2.680 us|        0|        0|  loop pipeline stp|
        |grp_pyramidal_hs_Pipeline_VITIS_LOOP_17_1_VITIS_LOOP_18_24_fu_238  |pyramidal_hs_Pipeline_VITIS_LOOP_17_1_VITIS_LOOP_18_24  |      259|      259|   2.590 us|   2.590 us|        0|        0|  loop pipeline stp|
        |grp_compute_derivatives_fu_248                                     |compute_derivatives                                     |    12290|    12290|   0.123 ms|   0.123 ms|        0|        0|  loop pipeline stp|
        |grp_compute_derivatives_16_fu_262                                  |compute_derivatives_16                                  |      267|      267|   2.670 us|   2.670 us|        0|        0|  loop pipeline stp|
        |grp_compute_derivatives_32_fu_292                                  |compute_derivatives_32                                  |     1037|     1037|  10.370 us|  10.370 us|        0|        0|  loop pipeline stp|
        |grp_horn_schunck_16_fu_324                                         |horn_schunck_16                                         |    55207|    55207|   0.958 ms|   0.958 ms|    55207|    55207|                 no|
        |grp_pyramidal_hs_Pipeline_VITIS_LOOP_29_1_VITIS_LOOP_30_2_fu_358   |pyramidal_hs_Pipeline_VITIS_LOOP_29_1_VITIS_LOOP_30_2   |     1034|     1034|  10.340 us|  10.340 us|        0|        0|  loop pipeline stp|
        |grp_pyramidal_hs_Pipeline_VITIS_LOOP_29_1_VITIS_LOOP_30_25_fu_386  |pyramidal_hs_Pipeline_VITIS_LOOP_29_1_VITIS_LOOP_30_25  |     1034|     1034|  10.340 us|  10.340 us|        0|        0|  loop pipeline stp|
        |grp_pyramidal_hs_Pipeline_VITIS_LOOP_41_1_VITIS_LOOP_43_2_fu_414   |pyramidal_hs_Pipeline_VITIS_LOOP_41_1_VITIS_LOOP_43_2   |     1034|     1034|  10.340 us|  10.340 us|        0|        0|  loop pipeline stp|
        |grp_horn_schunck_32_fu_442                                         |horn_schunck_32                                         |   252066|   252066|   4.373 ms|   4.373 ms|   252066|   252066|                 no|
        |grp_pyramidal_hs_Pipeline_VITIS_LOOP_39_1_VITIS_LOOP_40_2_fu_476   |pyramidal_hs_Pipeline_VITIS_LOOP_39_1_VITIS_LOOP_40_2   |     4105|     4105|  41.050 us|  41.050 us|        0|        0|  loop pipeline stp|
        |grp_pyramidal_hs_Pipeline_VITIS_LOOP_39_1_VITIS_LOOP_40_26_fu_494  |pyramidal_hs_Pipeline_VITIS_LOOP_39_1_VITIS_LOOP_40_26  |     4105|     4105|  41.050 us|  41.050 us|        0|        0|  loop pipeline stp|
        |grp_pyramidal_hs_Pipeline_VITIS_LOOP_58_3_VITIS_LOOP_60_4_fu_512   |pyramidal_hs_Pipeline_VITIS_LOOP_58_3_VITIS_LOOP_60_4   |     4098|     4098|  40.980 us|  40.980 us|        0|        0|  loop pipeline stp|
        |grp_horn_schunck_64_fu_520                                         |horn_schunck_64                                         |  1079741|  1079741|  19.244 ms|  19.244 ms|  1079741|  1079741|                 no|
        +-------------------------------------------------------------------+--------------------------------------------------------+---------+---------+-----------+-----------+---------+---------+-------------------+

        * Loop: 
        N/A



================================================================
== Utilization Estimates
================================================================
* Summary: 
+---------------------+---------+------+---------+--------+-----+
|         Name        | BRAM_18K|  DSP |    FF   |   LUT  | URAM|
+---------------------+---------+------+---------+--------+-----+
|DSP                  |        -|     -|        -|       -|    -|
|Expression           |        -|     -|        0|      10|    -|
|FIFO                 |        -|     -|        -|       -|    -|
|Instance             |        -|    53|    28173|   28587|    -|
|Memory               |       42|     -|      432|     225|    0|
|Multiplexer          |        -|     -|        0|    3628|    -|
|Register             |        -|     -|       36|       -|    -|
+---------------------+---------+------+---------+--------+-----+
|Total                |       42|    53|    28641|   32450|    0|
+---------------------+---------+------+---------+--------+-----+
|Available SLR        |     2160|  2760|   663360|  331680|    0|
+---------------------+---------+------+---------+--------+-----+
|Utilization SLR (%)  |        1|     1|        4|       9|  100|
+---------------------+---------+------+---------+--------+-----+
|Available            |     4320|  5520|  1326720|  663360|    0|
+---------------------+---------+------+---------+--------+-----+
|Utilization (%)      |       ~0|    ~0|        2|       4|    0|
+---------------------+---------+------+---------+--------+-----+

+ Detail: 
    * Instance: 
    +-------------------------------------------------------------------+--------------------------------------------------------+---------+----+------+------+-----+
    |                              Instance                             |                         Module                         | BRAM_18K| DSP|  FF  |  LUT | URAM|
    +-------------------------------------------------------------------+--------------------------------------------------------+---------+----+------+------+-----+
    |grp_compute_derivatives_fu_248                                     |compute_derivatives                                     |        0|   0|   123|   683|    0|
    |grp_compute_derivatives_16_fu_262                                  |compute_derivatives_16                                  |        0|  16|  1101|  1612|    0|
    |grp_compute_derivatives_32_fu_292                                  |compute_derivatives_32                                  |        0|  18|  1431|  1779|    0|
    |grp_horn_schunck_16_fu_324                                         |horn_schunck_16                                         |        0|   6|  7496|  7299|    0|
    |grp_horn_schunck_32_fu_442                                         |horn_schunck_32                                         |        0|   6|  7234|  6291|    0|
    |grp_horn_schunck_64_fu_520                                         |horn_schunck_64                                         |        0|   6|  6529|  5488|    0|
    |grp_pyramidal_hs_Pipeline_VITIS_LOOP_17_1_VITIS_LOOP_18_2_fu_198   |pyramidal_hs_Pipeline_VITIS_LOOP_17_1_VITIS_LOOP_18_2   |        0|   0|   687|  1230|    0|
    |grp_pyramidal_hs_Pipeline_VITIS_LOOP_17_1_VITIS_LOOP_18_24_fu_238  |pyramidal_hs_Pipeline_VITIS_LOOP_17_1_VITIS_LOOP_18_24  |        0|   0|    75|   309|    0|
    |grp_pyramidal_hs_Pipeline_VITIS_LOOP_29_1_VITIS_LOOP_30_2_fu_358   |pyramidal_hs_Pipeline_VITIS_LOOP_29_1_VITIS_LOOP_30_2   |        0|   0|   706|   605|    0|
    |grp_pyramidal_hs_Pipeline_VITIS_LOOP_29_1_VITIS_LOOP_30_25_fu_386  |pyramidal_hs_Pipeline_VITIS_LOOP_29_1_VITIS_LOOP_30_25  |        0|   0|   706|   605|    0|
    |grp_pyramidal_hs_Pipeline_VITIS_LOOP_39_1_VITIS_LOOP_40_2_fu_476   |pyramidal_hs_Pipeline_VITIS_LOOP_39_1_VITIS_LOOP_40_2   |        0|   0|   419|   457|    0|
    |grp_pyramidal_hs_Pipeline_VITIS_LOOP_39_1_VITIS_LOOP_40_26_fu_494  |pyramidal_hs_Pipeline_VITIS_LOOP_39_1_VITIS_LOOP_40_26  |        0|   0|   419|   457|    0|
    |grp_pyramidal_hs_Pipeline_VITIS_LOOP_41_1_VITIS_LOOP_43_2_fu_414   |pyramidal_hs_Pipeline_VITIS_LOOP_41_1_VITIS_LOOP_43_2   |        0|   0|   467|   475|    0|
    |grp_pyramidal_hs_Pipeline_VITIS_LOOP_58_3_VITIS_LOOP_60_4_fu_512   |pyramidal_hs_Pipeline_VITIS_LOOP_58_3_VITIS_LOOP_60_4   |        0|   0|    54|   191|    0|
    |grp_pyramidal_hs_Pipeline_VITIS_LOOP_6_1_VITIS_LOOP_7_2_fu_164     |pyramidal_hs_Pipeline_VITIS_LOOP_6_1_VITIS_LOOP_7_2     |        0|   1|   666|   759|    0|
    |grp_pyramidal_hs_Pipeline_VITIS_LOOP_6_1_VITIS_LOOP_7_23_fu_188    |pyramidal_hs_Pipeline_VITIS_LOOP_6_1_VITIS_LOOP_7_23    |        0|   0|    60|   347|    0|
    +-------------------------------------------------------------------+--------------------------------------------------------+---------+----+------+------+-----+
    |Total                                                              |                                                        |        0|  53| 28173| 28587|    0|
    +-------------------------------------------------------------------+--------------------------------------------------------+---------+----+------+------+-----+

    * DSP: 
    N/A

    * Memory: 
    +----------------------------------------------------------------------------------------+----------------------------------------------------------------------------------+---------+----+----+-----+------+-----+------+-------------+
    |                                         Memory                                         |                                      Module                                      | BRAM_18K| FF | LUT| URAM| Words| Bits| Banks| W*Bits*Banks|
    +----------------------------------------------------------------------------------------+----------------------------------------------------------------------------------+---------+----+----+-----+------+-----+------+-------------+
    |It32_U                                                                                  |It32_RAM_AUTO_1R1W                                                                |        1|   0|   0|    0|  1024|   16|     1|        16384|
    |Ix16_U                                                                                  |Ix16_RAM_AUTO_1R1W                                                                |        1|   0|   0|    0|   256|   16|     1|         4096|
    |Iy16_U                                                                                  |Ix16_RAM_AUTO_1R1W                                                                |        1|   0|   0|    0|   256|   16|     1|         4096|
    |Ix32_U                                                                                  |Ix32_RAM_AUTO_1R1W                                                                |        1|   0|   0|    0|  1024|   16|     1|        16384|
    |Iy32_U                                                                                  |Ix32_RAM_AUTO_1R1W                                                                |        1|   0|   0|    0|  1024|   16|     1|        16384|
    |Ix64_U                                                                                  |Ix64_RAM_AUTO_1R1W                                                                |        4|   0|   0|    0|  4096|   16|     1|        65536|
    |Iy64_U                                                                                  |Ix64_RAM_AUTO_1R1W                                                                |        4|   0|   0|    0|  4096|   16|     1|        65536|
    |It64_U                                                                                  |Ix64_RAM_AUTO_1R1W                                                                |        4|   0|   0|    0|  4096|   16|     1|        65536|
    |img2_16_U                                                                               |img2_16_RAM_AUTO_1R1W                                                             |        1|   0|   0|    0|   256|   16|     1|         4096|
    |It16_U                                                                                  |img2_16_RAM_AUTO_1R1W                                                             |        1|   0|   0|    0|   256|   16|     1|         4096|
    |p_ZZ12pyramidal_hsPA64_8ap_fixedILi16ELi6EL9ap_q_mode5EL9ap_o_mode3ELi0EES4_S4_S4_35_U  |p_ZZ12pyramidal_hsPA64_8ap_fixedILi16ELi6EL9ap_q_mode5EL9ap_o_mode3ELi0EES4_SFfa  |        1|   0|   0|    0|   176|   16|     1|         2816|
    |p_ZZ12pyramidal_hsPA64_8ap_fixedILi16ELi6EL9ap_q_mode5EL9ap_o_mode3ELi0EES4_S4_S4_34_U  |p_ZZ12pyramidal_hsPA64_8ap_fixedILi16ELi6EL9ap_q_mode5EL9ap_o_mode3ELi0EES4_SFfa  |        1|   0|   0|    0|   176|   16|     1|         2816|
    |p_ZZ12pyramidal_hsPA64_8ap_fixedILi16ELi6EL9ap_q_mode5EL9ap_o_mode3ELi0EES4_S4_S4_33_U  |p_ZZ12pyramidal_hsPA64_8ap_fixedILi16ELi6EL9ap_q_mode5EL9ap_o_mode3ELi0EES4_SFfa  |        1|   0|   0|    0|   176|   16|     1|         2816|
    |p_ZZ12pyramidal_hsPA64_8ap_fixedILi16ELi6EL9ap_q_mode5EL9ap_o_mode3ELi0EES4_S4_S4_32_U  |p_ZZ12pyramidal_hsPA64_8ap_fixedILi16ELi6EL9ap_q_mode5EL9ap_o_mode3ELi0EES4_SFfa  |        1|   0|   0|    0|   176|   16|     1|         2816|
    |p_ZZ12pyramidal_hsPA64_8ap_fixedILi16ELi6EL9ap_q_mode5EL9ap_o_mode3ELi0EES4_S4_S4_31_U  |p_ZZ12pyramidal_hsPA64_8ap_fixedILi16ELi6EL9ap_q_mode5EL9ap_o_mode3ELi0EES4_SFfa  |        1|   0|   0|    0|   176|   16|     1|         2816|
    |p_ZZ12pyramidal_hsPA64_8ap_fixedILi16ELi6EL9ap_q_mode5EL9ap_o_mode3ELi0EES4_S4_S4_30_U  |p_ZZ12pyramidal_hsPA64_8ap_fixedILi16ELi6EL9ap_q_mode5EL9ap_o_mode3ELi0EES4_SFfa  |        1|   0|   0|    0|   176|   16|     1|         2816|
    |p_ZZ12pyramidal_hsPA64_8ap_fixedILi16ELi6EL9ap_q_mode5EL9ap_o_mode3ELi0EES4_S4_S4_23_U  |p_ZZ12pyramidal_hsPA64_8ap_fixedILi16ELi6EL9ap_q_mode5EL9ap_o_mode3ELi0EES4_SFfa  |        1|   0|   0|    0|   176|   16|     1|         2816|
    |p_ZZ12pyramidal_hsPA64_8ap_fixedILi16ELi6EL9ap_q_mode5EL9ap_o_mode3ELi0EES4_S4_S4_22_U  |p_ZZ12pyramidal_hsPA64_8ap_fixedILi16ELi6EL9ap_q_mode5EL9ap_o_mode3ELi0EES4_SFfa  |        1|   0|   0|    0|   176|   16|     1|         2816|
    |p_ZZ12pyramidal_hsPA64_8ap_fixedILi16ELi6EL9ap_q_mode5EL9ap_o_mode3ELi0EES4_S4_S4_21_U  |p_ZZ12pyramidal_hsPA64_8ap_fixedILi16ELi6EL9ap_q_mode5EL9ap_o_mode3ELi0EES4_SFfa  |        1|   0|   0|    0|   176|   16|     1|         2816|
    |p_ZZ12pyramidal_hsPA64_8ap_fixedILi16ELi6EL9ap_q_mode5EL9ap_o_mode3ELi0EES4_S4_S4_20_U  |p_ZZ12pyramidal_hsPA64_8ap_fixedILi16ELi6EL9ap_q_mode5EL9ap_o_mode3ELi0EES4_SFfa  |        1|   0|   0|    0|   176|   16|     1|         2816|
    |p_ZZ12pyramidal_hsPA64_8ap_fixedILi16ELi6EL9ap_q_mode5EL9ap_o_mode3ELi0EES4_S4_S4_19_U  |p_ZZ12pyramidal_hsPA64_8ap_fixedILi16ELi6EL9ap_q_mode5EL9ap_o_mode3ELi0EES4_SFfa  |        1|   0|   0|    0|   176|   16|     1|         2816|
    |p_ZZ12pyramidal_hsPA64_8ap_fixedILi16ELi6EL9ap_q_mode5EL9ap_o_mode3ELi0EES4_S4_S4_18_U  |p_ZZ12pyramidal_hsPA64_8ap_fixedILi16ELi6EL9ap_q_mode5EL9ap_o_mode3ELi0EES4_SFfa  |        1|   0|   0|    0|   176|   16|     1|         2816|
    |p_ZZ12pyramidal_hsPA64_8ap_fixedILi16ELi6EL9ap_q_mode5EL9ap_o_mode3ELi0EES4_S4_S4_8_U   |p_ZZ12pyramidal_hsPA64_8ap_fixedILi16ELi6EL9ap_q_mode5EL9ap_o_mode3ELi0EES4_Sbkb  |        1|   0|   0|    0|   121|   16|     1|         1936|
    |p_ZZ12pyramidal_hsPA64_8ap_fixedILi16ELi6EL9ap_q_mode5EL9ap_o_mode3ELi0EES4_S4_S4_7_U   |p_ZZ12pyramidal_hsPA64_8ap_fixedILi16ELi6EL9ap_q_mode5EL9ap_o_mode3ELi0EES4_Sbkb  |        1|   0|   0|    0|   121|   16|     1|         1936|
    |p_ZZ12pyramidal_hsPA64_8ap_fixedILi16ELi6EL9ap_q_mode5EL9ap_o_mode3ELi0EES4_S4_S4_6_U   |p_ZZ12pyramidal_hsPA64_8ap_fixedILi16ELi6EL9ap_q_mode5EL9ap_o_mode3ELi0EES4_Sbkb  |        1|   0|   0|    0|   121|   16|     1|         1936|
    |p_ZZ12pyramidal_hsPA64_8ap_fixedILi16ELi6EL9ap_q_mode5EL9ap_o_mode3ELi0EES4_S4_S4_5_U   |p_ZZ12pyramidal_hsPA64_8ap_fixedILi16ELi6EL9ap_q_mode5EL9ap_o_mode3ELi0EES4_Sbkb  |        1|   0|   0|    0|   121|   16|     1|         1936|
    |p_ZZ12pyramidal_hsPA64_8ap_fixedILi16ELi6EL9ap_q_mode5EL9ap_o_mode3ELi0EES4_S4_S4_4_U   |p_ZZ12pyramidal_hsPA64_8ap_fixedILi16ELi6EL9ap_q_mode5EL9ap_o_mode3ELi0EES4_Sbkb  |        1|   0|   0|    0|   121|   16|     1|         1936|
    |p_ZZ12pyramidal_hsPA64_8ap_fixedILi16ELi6EL9ap_q_mode5EL9ap_o_mode3ELi0EES4_S4_S4_3_U   |p_ZZ12pyramidal_hsPA64_8ap_fixedILi16ELi6EL9ap_q_mode5EL9ap_o_mode3ELi0EES4_Sbkb  |        1|   0|   0|    0|   121|   16|     1|         1936|
    |p_ZZ12pyramidal_hsPA64_8ap_fixedILi16ELi6EL9ap_q_mode5EL9ap_o_mode3ELi0EES4_S4_S4_2_U   |p_ZZ12pyramidal_hsPA64_8ap_fixedILi16ELi6EL9ap_q_mode5EL9ap_o_mode3ELi0EES4_Sbkb  |        1|   0|   0|    0|   121|   16|     1|         1936|
    |p_ZZ12pyramidal_hsPA64_8ap_fixedILi16ELi6EL9ap_q_mode5EL9ap_o_mode3ELi0EES4_S4_S4_1_U   |p_ZZ12pyramidal_hsPA64_8ap_fixedILi16ELi6EL9ap_q_mode5EL9ap_o_mode3ELi0EES4_Sbkb  |        1|   0|   0|    0|   121|   16|     1|         1936|
    |p_ZZ12pyramidal_hsPA64_8ap_fixedILi16ELi6EL9ap_q_mode5EL9ap_o_mode3ELi0EES4_S4_S4_U     |p_ZZ12pyramidal_hsPA64_8ap_fixedILi16ELi6EL9ap_q_mode5EL9ap_o_mode3ELi0EES4_Sbkb  |        1|   0|   0|    0|   121|   16|     1|         1936|
    |p_ZZ12pyramidal_hsPA64_8ap_fixedILi16ELi6EL9ap_q_mode5EL9ap_o_mode3ELi0EES4_S4_S4_17_U  |p_ZZ12pyramidal_hsPA64_8ap_fixedILi16ELi6EL9ap_q_mode5EL9ap_o_mode3ELi0EES4_SkbM  |        0|  16|   9|    0|    36|   16|     1|          576|
    |p_ZZ12pyramidal_hsPA64_8ap_fixedILi16ELi6EL9ap_q_mode5EL9ap_o_mode3ELi0EES4_S4_S4_16_U  |p_ZZ12pyramidal_hsPA64_8ap_fixedILi16ELi6EL9ap_q_mode5EL9ap_o_mode3ELi0EES4_SkbM  |        0|  16|   9|    0|    36|   16|     1|          576|
    |p_ZZ12pyramidal_hsPA64_8ap_fixedILi16ELi6EL9ap_q_mode5EL9ap_o_mode3ELi0EES4_S4_S4_15_U  |p_ZZ12pyramidal_hsPA64_8ap_fixedILi16ELi6EL9ap_q_mode5EL9ap_o_mode3ELi0EES4_SkbM  |        0|  16|   9|    0|    36|   16|     1|          576|
    |p_ZZ12pyramidal_hsPA64_8ap_fixedILi16ELi6EL9ap_q_mode5EL9ap_o_mode3ELi0EES4_S4_S4_14_U  |p_ZZ12pyramidal_hsPA64_8ap_fixedILi16ELi6EL9ap_q_mode5EL9ap_o_mode3ELi0EES4_SkbM  |        0|  16|   9|    0|    36|   16|     1|          576|
    |p_ZZ12pyramidal_hsPA64_8ap_fixedILi16ELi6EL9ap_q_mode5EL9ap_o_mode3ELi0EES4_S4_S4_13_U  |p_ZZ12pyramidal_hsPA64_8ap_fixedILi16ELi6EL9ap_q_mode5EL9ap_o_mode3ELi0EES4_SkbM  |        0|  16|   9|    0|    36|   16|     1|          576|
    |p_ZZ12pyramidal_hsPA64_8ap_fixedILi16ELi6EL9ap_q_mode5EL9ap_o_mode3ELi0EES4_S4_S4_12_U  |p_ZZ12pyramidal_hsPA64_8ap_fixedILi16ELi6EL9ap_q_mode5EL9ap_o_mode3ELi0EES4_SkbM  |        0|  16|   9|    0|    36|   16|     1|          576|
    |p_ZZ12pyramidal_hsPA64_8ap_fixedILi16ELi6EL9ap_q_mode5EL9ap_o_mode3ELi0EES4_S4_S4_11_U  |p_ZZ12pyramidal_hsPA64_8ap_fixedILi16ELi6EL9ap_q_mode5EL9ap_o_mode3ELi0EES4_SkbM  |        0|  16|   9|    0|    36|   16|     1|          576|
    |p_ZZ12pyramidal_hsPA64_8ap_fixedILi16ELi6EL9ap_q_mode5EL9ap_o_mode3ELi0EES4_S4_S4_10_U  |p_ZZ12pyramidal_hsPA64_8ap_fixedILi16ELi6EL9ap_q_mode5EL9ap_o_mode3ELi0EES4_SkbM  |        0|  16|   9|    0|    36|   16|     1|          576|
    |p_ZZ12pyramidal_hsPA64_8ap_fixedILi16ELi6EL9ap_q_mode5EL9ap_o_mode3ELi0EES4_S4_S4_9_U   |p_ZZ12pyramidal_hsPA64_8ap_fixedILi16ELi6EL9ap_q_mode5EL9ap_o_mode3ELi0EES4_SkbM  |        0|  16|   9|    0|    36|   16|     1|          576|
    |p_ZZ12pyramidal_hsPA64_8ap_fixedILi16ELi6EL9ap_q_mode5EL9ap_o_mode3ELi0EES4_S4_S4_41_U  |p_ZZ12pyramidal_hsPA64_8ap_fixedILi16ELi6EL9ap_q_mode5EL9ap_o_mode3ELi0EES4_Stde  |        0|  32|  12|    0|    48|   16|     1|          768|
    |p_ZZ12pyramidal_hsPA64_8ap_fixedILi16ELi6EL9ap_q_mode5EL9ap_o_mode3ELi0EES4_S4_S4_29_U  |p_ZZ12pyramidal_hsPA64_8ap_fixedILi16ELi6EL9ap_q_mode5EL9ap_o_mode3ELi0EES4_Stde  |        0|  32|  12|    0|    48|   16|     1|          768|
    |p_ZZ12pyramidal_hsPA64_8ap_fixedILi16ELi6EL9ap_q_mode5EL9ap_o_mode3ELi0EES4_S4_S4_39_U  |p_ZZ12pyramidal_hsPA64_8ap_fixedILi16ELi6EL9ap_q_mode5EL9ap_o_mode3ELi0EES4_Stde  |        0|  32|  12|    0|    48|   16|     1|          768|
    |p_ZZ12pyramidal_hsPA64_8ap_fixedILi16ELi6EL9ap_q_mode5EL9ap_o_mode3ELi0EES4_S4_S4_27_U  |p_ZZ12pyramidal_hsPA64_8ap_fixedILi16ELi6EL9ap_q_mode5EL9ap_o_mode3ELi0EES4_Stde  |        0|  32|  12|    0|    48|   16|     1|          768|
    |p_ZZ12pyramidal_hsPA64_8ap_fixedILi16ELi6EL9ap_q_mode5EL9ap_o_mode3ELi0EES4_S4_S4_37_U  |p_ZZ12pyramidal_hsPA64_8ap_fixedILi16ELi6EL9ap_q_mode5EL9ap_o_mode3ELi0EES4_Stde  |        0|  32|  12|    0|    48|   16|     1|          768|
    |p_ZZ12pyramidal_hsPA64_8ap_fixedILi16ELi6EL9ap_q_mode5EL9ap_o_mode3ELi0EES4_S4_S4_25_U  |p_ZZ12pyramidal_hsPA64_8ap_fixedILi16ELi6EL9ap_q_mode5EL9ap_o_mode3ELi0EES4_Stde  |        0|  32|  12|    0|    48|   16|     1|          768|
    |p_ZZ12pyramidal_hsPA64_8ap_fixedILi16ELi6EL9ap_q_mode5EL9ap_o_mode3ELi0EES4_S4_S4_40_U  |p_ZZ12pyramidal_hsPA64_8ap_fixedILi16ELi6EL9ap_q_mode5EL9ap_o_mode3ELi0EES4_Svdy  |        0|  16|  12|    0|    48|   16|     1|          768|
    |p_ZZ12pyramidal_hsPA64_8ap_fixedILi16ELi6EL9ap_q_mode5EL9ap_o_mode3ELi0EES4_S4_S4_28_U  |p_ZZ12pyramidal_hsPA64_8ap_fixedILi16ELi6EL9ap_q_mode5EL9ap_o_mode3ELi0EES4_Svdy  |        0|  16|  12|    0|    48|   16|     1|          768|
    |p_ZZ12pyramidal_hsPA64_8ap_fixedILi16ELi6EL9ap_q_mode5EL9ap_o_mode3ELi0EES4_S4_S4_38_U  |p_ZZ12pyramidal_hsPA64_8ap_fixedILi16ELi6EL9ap_q_mode5EL9ap_o_mode3ELi0EES4_Svdy  |        0|  16|  12|    0|    48|   16|     1|          768|
    |p_ZZ12pyramidal_hsPA64_8ap_fixedILi16ELi6EL9ap_q_mode5EL9ap_o_mode3ELi0EES4_S4_S4_26_U  |p_ZZ12pyramidal_hsPA64_8ap_fixedILi16ELi6EL9ap_q_mode5EL9ap_o_mode3ELi0EES4_Svdy  |        0|  16|  12|    0|    48|   16|     1|          768|
    |p_ZZ12pyramidal_hsPA64_8ap_fixedILi16ELi6EL9ap_q_mode5EL9ap_o_mode3ELi0EES4_S4_S4_36_U  |p_ZZ12pyramidal_hsPA64_8ap_fixedILi16ELi6EL9ap_q_mode5EL9ap_o_mode3ELi0EES4_Svdy  |        0|  16|  12|    0|    48|   16|     1|          768|
    |p_ZZ12pyramidal_hsPA64_8ap_fixedILi16ELi6EL9ap_q_mode5EL9ap_o_mode3ELi0EES4_S4_S4_24_U  |p_ZZ12pyramidal_hsPA64_8ap_fixedILi16ELi6EL9ap_q_mode5EL9ap_o_mode3ELi0EES4_Svdy  |        0|  16|  12|    0|    48|   16|     1|          768|
    |pyramidal_hs_ap_fixed_64_ap_fixed_64_ap_fixed_64_ap_fixed_64_1_U                        |pyramidal_hs_ap_fixed_64_ap_fixed_64_ap_fixed_64_ap_fixed_64_1_RAM_AUTO_1R1W      |        1|   0|   0|    0|   512|   16|     1|         8192|
    |pyramidal_hs_ap_fixed_64_ap_fixed_64_ap_fixed_64_ap_fixed_64_U                          |pyramidal_hs_ap_fixed_64_ap_fixed_64_ap_fixed_64_ap_fixed_64_1_RAM_AUTO_1R1W      |        1|   0|   0|    0|   512|   16|     1|         8192|
    +----------------------------------------------------------------------------------------+----------------------------------------------------------------------------------+---------+----+----+-----+------+-----+------+-------------+
    |Total                                                                                   |                                                                                  |       42| 432| 225|    0| 21509|  864|    54|       344144|
    +----------------------------------------------------------------------------------------+----------------------------------------------------------------------------------+---------+----+----+-----+------+-----+------+-------------+

    * FIFO: 
    N/A

    * Expression: 
    +----------------------------------+----------+----+---+----+------------+------------+
    |           Variable Name          | Operation| DSP| FF| LUT| Bitwidth P0| Bitwidth P1|
    +----------------------------------+----------+----+---+----+------------+------------+
    |ap_block_state10_on_subcall_done  |        or|   0|  0|   2|           1|           1|
    |ap_block_state16_on_subcall_done  |        or|   0|  0|   2|           1|           1|
    |ap_block_state2_on_subcall_done   |        or|   0|  0|   2|           1|           1|
    |ap_block_state4_on_subcall_done   |        or|   0|  0|   2|           1|           1|
    |ap_block_state6_on_subcall_done   |        or|   0|  0|   2|           1|           1|
    +----------------------------------+----------+----+---+----+------------+------------+
    |Total                             |          |   0|  0|  10|           5|           5|
    +----------------------------------+----------+----+---+----+------------+------------+

    * Multiplexer: 
    +-----------------------------------------------------------------------------------------------+----+-----------+-----+-----------+
    |                                              Name                                             | LUT| Input Size| Bits| Total Bits|
    +-----------------------------------------------------------------------------------------------+----+-----------+-----+-----------+
    |It16_address0                                                                                  |  14|          3|    8|         24|
    |It16_ce0                                                                                       |  14|          3|    1|          3|
    |It16_we0                                                                                       |   9|          2|    1|          2|
    |It32_address0                                                                                  |  14|          3|   10|         30|
    |It32_ce0                                                                                       |  14|          3|    1|          3|
    |It32_we0                                                                                       |   9|          2|    1|          2|
    |It64_address0                                                                                  |  14|          3|   12|         36|
    |It64_ce0                                                                                       |  14|          3|    1|          3|
    |It64_we0                                                                                       |   9|          2|    1|          2|
    |Ix16_address0                                                                                  |  14|          3|    8|         24|
    |Ix16_ce0                                                                                       |  14|          3|    1|          3|
    |Ix16_ce1                                                                                       |   9|          2|    1|          2|
    |Ix16_we0                                                                                       |   9|          2|    1|          2|
    |Ix16_we1                                                                                       |   9|          2|    1|          2|
    |Ix32_address0                                                                                  |  14|          3|   10|         30|
    |Ix32_ce0                                                                                       |  14|          3|    1|          3|
    |Ix32_ce1                                                                                       |   9|          2|    1|          2|
    |Ix32_we0                                                                                       |   9|          2|    1|          2|
    |Ix32_we1                                                                                       |   9|          2|    1|          2|
    |Ix64_address0                                                                                  |  14|          3|   12|         36|
    |Ix64_ce0                                                                                       |  14|          3|    1|          3|
    |Ix64_we0                                                                                       |   9|          2|    1|          2|
    |Iy16_address0                                                                                  |  14|          3|    8|         24|
    |Iy16_ce0                                                                                       |  14|          3|    1|          3|
    |Iy16_ce1                                                                                       |   9|          2|    1|          2|
    |Iy16_we0                                                                                       |   9|          2|    1|          2|
    |Iy16_we1                                                                                       |   9|          2|    1|          2|
    |Iy32_address0                                                                                  |  14|          3|   10|         30|
    |Iy32_ce0                                                                                       |  14|          3|    1|          3|
    |Iy32_ce1                                                                                       |   9|          2|    1|          2|
    |Iy32_we0                                                                                       |   9|          2|    1|          2|
    |Iy32_we1                                                                                       |   9|          2|    1|          2|
    |Iy64_address0                                                                                  |  14|          3|   12|         36|
    |Iy64_ce0                                                                                       |  14|          3|    1|          3|
    |Iy64_we0                                                                                       |   9|          2|    1|          2|
    |ap_NS_fsm                                                                                      |  88|         21|    1|         21|
    |img1_address0                                                                                  |  14|          3|   12|         36|
    |img1_address1                                                                                  |  14|          3|   12|         36|
    |img1_ce0                                                                                       |  14|          3|    1|          3|
    |img1_ce1                                                                                       |  14|          3|    1|          3|
    |img2_16_address0                                                                               |  14|          3|    8|         24|
    |img2_16_ce0                                                                                    |  14|          3|    1|          3|
    |img2_16_we0                                                                                    |   9|          2|    1|          2|
    |img2_address0                                                                                  |  14|          3|   12|         36|
    |img2_ce0                                                                                       |  14|          3|    1|          3|
    |img2_ce1                                                                                       |   9|          2|    1|          2|
    |p_ZZ12pyramidal_hsPA64_8ap_fixedILi16ELi6EL9ap_q_mode5EL9ap_o_mode3ELi0EES4_S4_S4_10_address0  |  14|          3|    6|         18|
    |p_ZZ12pyramidal_hsPA64_8ap_fixedILi16ELi6EL9ap_q_mode5EL9ap_o_mode3ELi0EES4_S4_S4_10_ce0       |  14|          3|    1|          3|
    |p_ZZ12pyramidal_hsPA64_8ap_fixedILi16ELi6EL9ap_q_mode5EL9ap_o_mode3ELi0EES4_S4_S4_10_we0       |   9|          2|    1|          2|
    |p_ZZ12pyramidal_hsPA64_8ap_fixedILi16ELi6EL9ap_q_mode5EL9ap_o_mode3ELi0EES4_S4_S4_11_address0  |  14|          3|    6|         18|
    |p_ZZ12pyramidal_hsPA64_8ap_fixedILi16ELi6EL9ap_q_mode5EL9ap_o_mode3ELi0EES4_S4_S4_11_ce0       |  14|          3|    1|          3|
    |p_ZZ12pyramidal_hsPA64_8ap_fixedILi16ELi6EL9ap_q_mode5EL9ap_o_mode3ELi0EES4_S4_S4_11_we0       |   9|          2|    1|          2|
    |p_ZZ12pyramidal_hsPA64_8ap_fixedILi16ELi6EL9ap_q_mode5EL9ap_o_mode3ELi0EES4_S4_S4_12_address0  |  14|          3|    6|         18|
    |p_ZZ12pyramidal_hsPA64_8ap_fixedILi16ELi6EL9ap_q_mode5EL9ap_o_mode3ELi0EES4_S4_S4_12_ce0       |  14|          3|    1|          3|
    |p_ZZ12pyramidal_hsPA64_8ap_fixedILi16ELi6EL9ap_q_mode5EL9ap_o_mode3ELi0EES4_S4_S4_12_we0       |   9|          2|    1|          2|
    |p_ZZ12pyramidal_hsPA64_8ap_fixedILi16ELi6EL9ap_q_mode5EL9ap_o_mode3ELi0EES4_S4_S4_13_address0  |  14|          3|    6|         18|
    |p_ZZ12pyramidal_hsPA64_8ap_fixedILi16ELi6EL9ap_q_mode5EL9ap_o_mode3ELi0EES4_S4_S4_13_ce0       |  14|          3|    1|          3|
    |p_ZZ12pyramidal_hsPA64_8ap_fixedILi16ELi6EL9ap_q_mode5EL9ap_o_mode3ELi0EES4_S4_S4_13_we0       |   9|          2|    1|          2|
    |p_ZZ12pyramidal_hsPA64_8ap_fixedILi16ELi6EL9ap_q_mode5EL9ap_o_mode3ELi0EES4_S4_S4_14_address0  |  14|          3|    6|         18|
    |p_ZZ12pyramidal_hsPA64_8ap_fixedILi16ELi6EL9ap_q_mode5EL9ap_o_mode3ELi0EES4_S4_S4_14_ce0       |  14|          3|    1|          3|
    |p_ZZ12pyramidal_hsPA64_8ap_fixedILi16ELi6EL9ap_q_mode5EL9ap_o_mode3ELi0EES4_S4_S4_14_we0       |   9|          2|    1|          2|
    |p_ZZ12pyramidal_hsPA64_8ap_fixedILi16ELi6EL9ap_q_mode5EL9ap_o_mode3ELi0EES4_S4_S4_15_address0  |  14|          3|    6|         18|
    |p_ZZ12pyramidal_hsPA64_8ap_fixedILi16ELi6EL9ap_q_mode5EL9ap_o_mode3ELi0EES4_S4_S4_15_ce0       |  14|          3|    1|          3|
    |p_ZZ12pyramidal_hsPA64_8ap_fixedILi16ELi6EL9ap_q_mode5EL9ap_o_mode3ELi0EES4_S4_S4_15_we0       |   9|          2|    1|          2|
    |p_ZZ12pyramidal_hsPA64_8ap_fixedILi16ELi6EL9ap_q_mode5EL9ap_o_mode3ELi0EES4_S4_S4_16_address0  |  14|          3|    6|         18|
    |p_ZZ12pyramidal_hsPA64_8ap_fixedILi16ELi6EL9ap_q_mode5EL9ap_o_mode3ELi0EES4_S4_S4_16_ce0       |  14|          3|    1|          3|
    |p_ZZ12pyramidal_hsPA64_8ap_fixedILi16ELi6EL9ap_q_mode5EL9ap_o_mode3ELi0EES4_S4_S4_16_we0       |   9|          2|    1|          2|
    |p_ZZ12pyramidal_hsPA64_8ap_fixedILi16ELi6EL9ap_q_mode5EL9ap_o_mode3ELi0EES4_S4_S4_17_address0  |  14|          3|    6|         18|
    |p_ZZ12pyramidal_hsPA64_8ap_fixedILi16ELi6EL9ap_q_mode5EL9ap_o_mode3ELi0EES4_S4_S4_17_ce0       |  14|          3|    1|          3|
    |p_ZZ12pyramidal_hsPA64_8ap_fixedILi16ELi6EL9ap_q_mode5EL9ap_o_mode3ELi0EES4_S4_S4_17_we0       |   9|          2|    1|          2|
    |p_ZZ12pyramidal_hsPA64_8ap_fixedILi16ELi6EL9ap_q_mode5EL9ap_o_mode3ELi0EES4_S4_S4_18_address0  |  26|          5|    8|         40|
    |p_ZZ12pyramidal_hsPA64_8ap_fixedILi16ELi6EL9ap_q_mode5EL9ap_o_mode3ELi0EES4_S4_S4_18_ce0       |  26|          5|    1|          5|
    |p_ZZ12pyramidal_hsPA64_8ap_fixedILi16ELi6EL9ap_q_mode5EL9ap_o_mode3ELi0EES4_S4_S4_18_ce1       |   9|          2|    1|          2|
    |p_ZZ12pyramidal_hsPA64_8ap_fixedILi16ELi6EL9ap_q_mode5EL9ap_o_mode3ELi0EES4_S4_S4_18_d0        |  20|          4|   16|         64|
    |p_ZZ12pyramidal_hsPA64_8ap_fixedILi16ELi6EL9ap_q_mode5EL9ap_o_mode3ELi0EES4_S4_S4_18_we0       |  20|          4|    1|          4|
    |p_ZZ12pyramidal_hsPA64_8ap_fixedILi16ELi6EL9ap_q_mode5EL9ap_o_mode3ELi0EES4_S4_S4_19_address0  |  26|          5|    8|         40|
    |p_ZZ12pyramidal_hsPA64_8ap_fixedILi16ELi6EL9ap_q_mode5EL9ap_o_mode3ELi0EES4_S4_S4_19_address1  |  14|          3|    8|         24|
    |p_ZZ12pyramidal_hsPA64_8ap_fixedILi16ELi6EL9ap_q_mode5EL9ap_o_mode3ELi0EES4_S4_S4_19_ce0       |  26|          5|    1|          5|
    |p_ZZ12pyramidal_hsPA64_8ap_fixedILi16ELi6EL9ap_q_mode5EL9ap_o_mode3ELi0EES4_S4_S4_19_ce1       |  14|          3|    1|          3|
    |p_ZZ12pyramidal_hsPA64_8ap_fixedILi16ELi6EL9ap_q_mode5EL9ap_o_mode3ELi0EES4_S4_S4_19_d0        |  20|          4|   16|         64|
    |p_ZZ12pyramidal_hsPA64_8ap_fixedILi16ELi6EL9ap_q_mode5EL9ap_o_mode3ELi0EES4_S4_S4_19_we0       |  20|          4|    1|          4|
    |p_ZZ12pyramidal_hsPA64_8ap_fixedILi16ELi6EL9ap_q_mode5EL9ap_o_mode3ELi0EES4_S4_S4_1_address0   |  20|          4|    7|         28|
    |p_ZZ12pyramidal_hsPA64_8ap_fixedILi16ELi6EL9ap_q_mode5EL9ap_o_mode3ELi0EES4_S4_S4_1_ce0        |  20|          4|    1|          4|
    |p_ZZ12pyramidal_hsPA64_8ap_fixedILi16ELi6EL9ap_q_mode5EL9ap_o_mode3ELi0EES4_S4_S4_1_ce1        |   9|          2|    1|          2|
    |p_ZZ12pyramidal_hsPA64_8ap_fixedILi16ELi6EL9ap_q_mode5EL9ap_o_mode3ELi0EES4_S4_S4_1_we0        |   9|          2|    1|          2|
    |p_ZZ12pyramidal_hsPA64_8ap_fixedILi16ELi6EL9ap_q_mode5EL9ap_o_mode3ELi0EES4_S4_S4_20_address0  |  26|          5|    8|         40|
    |p_ZZ12pyramidal_hsPA64_8ap_fixedILi16ELi6EL9ap_q_mode5EL9ap_o_mode3ELi0EES4_S4_S4_20_ce0       |  26|          5|    1|          5|
    |p_ZZ12pyramidal_hsPA64_8ap_fixedILi16ELi6EL9ap_q_mode5EL9ap_o_mode3ELi0EES4_S4_S4_20_ce1       |   9|          2|    1|          2|
    |p_ZZ12pyramidal_hsPA64_8ap_fixedILi16ELi6EL9ap_q_mode5EL9ap_o_mode3ELi0EES4_S4_S4_20_d0        |  20|          4|   16|         64|
    |p_ZZ12pyramidal_hsPA64_8ap_fixedILi16ELi6EL9ap_q_mode5EL9ap_o_mode3ELi0EES4_S4_S4_20_we0       |  20|          4|    1|          4|
    |p_ZZ12pyramidal_hsPA64_8ap_fixedILi16ELi6EL9ap_q_mode5EL9ap_o_mode3ELi0EES4_S4_S4_21_address0  |  26|          5|    8|         40|
    |p_ZZ12pyramidal_hsPA64_8ap_fixedILi16ELi6EL9ap_q_mode5EL9ap_o_mode3ELi0EES4_S4_S4_21_address1  |  14|          3|    8|         24|
    |p_ZZ12pyramidal_hsPA64_8ap_fixedILi16ELi6EL9ap_q_mode5EL9ap_o_mode3ELi0EES4_S4_S4_21_ce0       |  26|          5|    1|          5|
    |p_ZZ12pyramidal_hsPA64_8ap_fixedILi16ELi6EL9ap_q_mode5EL9ap_o_mode3ELi0EES4_S4_S4_21_ce1       |  14|          3|    1|          3|
    |p_ZZ12pyramidal_hsPA64_8ap_fixedILi16ELi6EL9ap_q_mode5EL9ap_o_mode3ELi0EES4_S4_S4_21_d0        |  20|          4|   16|         64|
    |p_ZZ12pyramidal_hsPA64_8ap_fixedILi16ELi6EL9ap_q_mode5EL9ap_o_mode3ELi0EES4_S4_S4_21_we0       |  20|          4|    1|          4|
    |p_ZZ12pyramidal_hsPA64_8ap_fixedILi16ELi6EL9ap_q_mode5EL9ap_o_mode3ELi0EES4_S4_S4_22_address0  |  26|          5|    8|         40|
    |p_ZZ12pyramidal_hsPA64_8ap_fixedILi16ELi6EL9ap_q_mode5EL9ap_o_mode3ELi0EES4_S4_S4_22_ce0       |  26|          5|    1|          5|
    |p_ZZ12pyramidal_hsPA64_8ap_fixedILi16ELi6EL9ap_q_mode5EL9ap_o_mode3ELi0EES4_S4_S4_22_ce1       |   9|          2|    1|          2|
    |p_ZZ12pyramidal_hsPA64_8ap_fixedILi16ELi6EL9ap_q_mode5EL9ap_o_mode3ELi0EES4_S4_S4_22_d0        |  20|          4|   16|         64|
    |p_ZZ12pyramidal_hsPA64_8ap_fixedILi16ELi6EL9ap_q_mode5EL9ap_o_mode3ELi0EES4_S4_S4_22_we0       |  20|          4|    1|          4|
    |p_ZZ12pyramidal_hsPA64_8ap_fixedILi16ELi6EL9ap_q_mode5EL9ap_o_mode3ELi0EES4_S4_S4_23_address0  |  26|          5|    8|         40|
    |p_ZZ12pyramidal_hsPA64_8ap_fixedILi16ELi6EL9ap_q_mode5EL9ap_o_mode3ELi0EES4_S4_S4_23_address1  |  14|          3|    8|         24|
    |p_ZZ12pyramidal_hsPA64_8ap_fixedILi16ELi6EL9ap_q_mode5EL9ap_o_mode3ELi0EES4_S4_S4_23_ce0       |  26|          5|    1|          5|
    |p_ZZ12pyramidal_hsPA64_8ap_fixedILi16ELi6EL9ap_q_mode5EL9ap_o_mode3ELi0EES4_S4_S4_23_ce1       |  14|          3|    1|          3|
    |p_ZZ12pyramidal_hsPA64_8ap_fixedILi16ELi6EL9ap_q_mode5EL9ap_o_mode3ELi0EES4_S4_S4_23_d0        |  20|          4|   16|         64|
    |p_ZZ12pyramidal_hsPA64_8ap_fixedILi16ELi6EL9ap_q_mode5EL9ap_o_mode3ELi0EES4_S4_S4_23_we0       |  20|          4|    1|          4|
    |p_ZZ12pyramidal_hsPA64_8ap_fixedILi16ELi6EL9ap_q_mode5EL9ap_o_mode3ELi0EES4_S4_S4_24_address0  |  14|          3|    6|         18|
    |p_ZZ12pyramidal_hsPA64_8ap_fixedILi16ELi6EL9ap_q_mode5EL9ap_o_mode3ELi0EES4_S4_S4_24_ce0       |  14|          3|    1|          3|
    |p_ZZ12pyramidal_hsPA64_8ap_fixedILi16ELi6EL9ap_q_mode5EL9ap_o_mode3ELi0EES4_S4_S4_24_we0       |   9|          2|    1|          2|
    |p_ZZ12pyramidal_hsPA64_8ap_fixedILi16ELi6EL9ap_q_mode5EL9ap_o_mode3ELi0EES4_S4_S4_25_address0  |  14|          3|    6|         18|
    |p_ZZ12pyramidal_hsPA64_8ap_fixedILi16ELi6EL9ap_q_mode5EL9ap_o_mode3ELi0EES4_S4_S4_25_ce0       |  14|          3|    1|          3|
    |p_ZZ12pyramidal_hsPA64_8ap_fixedILi16ELi6EL9ap_q_mode5EL9ap_o_mode3ELi0EES4_S4_S4_25_ce1       |   9|          2|    1|          2|
    |p_ZZ12pyramidal_hsPA64_8ap_fixedILi16ELi6EL9ap_q_mode5EL9ap_o_mode3ELi0EES4_S4_S4_25_we0       |   9|          2|    1|          2|
    |p_ZZ12pyramidal_hsPA64_8ap_fixedILi16ELi6EL9ap_q_mode5EL9ap_o_mode3ELi0EES4_S4_S4_26_address0  |  14|          3|    6|         18|
    |p_ZZ12pyramidal_hsPA64_8ap_fixedILi16ELi6EL9ap_q_mode5EL9ap_o_mode3ELi0EES4_S4_S4_26_ce0       |  14|          3|    1|          3|
    |p_ZZ12pyramidal_hsPA64_8ap_fixedILi16ELi6EL9ap_q_mode5EL9ap_o_mode3ELi0EES4_S4_S4_26_we0       |   9|          2|    1|          2|
    |p_ZZ12pyramidal_hsPA64_8ap_fixedILi16ELi6EL9ap_q_mode5EL9ap_o_mode3ELi0EES4_S4_S4_27_address0  |  14|          3|    6|         18|
    |p_ZZ12pyramidal_hsPA64_8ap_fixedILi16ELi6EL9ap_q_mode5EL9ap_o_mode3ELi0EES4_S4_S4_27_ce0       |  14|          3|    1|          3|
    |p_ZZ12pyramidal_hsPA64_8ap_fixedILi16ELi6EL9ap_q_mode5EL9ap_o_mode3ELi0EES4_S4_S4_27_ce1       |   9|          2|    1|          2|
    |p_ZZ12pyramidal_hsPA64_8ap_fixedILi16ELi6EL9ap_q_mode5EL9ap_o_mode3ELi0EES4_S4_S4_27_we0       |   9|          2|    1|          2|
    |p_ZZ12pyramidal_hsPA64_8ap_fixedILi16ELi6EL9ap_q_mode5EL9ap_o_mode3ELi0EES4_S4_S4_28_address0  |  14|          3|    6|         18|
    |p_ZZ12pyramidal_hsPA64_8ap_fixedILi16ELi6EL9ap_q_mode5EL9ap_o_mode3ELi0EES4_S4_S4_28_ce0       |  14|          3|    1|          3|
    |p_ZZ12pyramidal_hsPA64_8ap_fixedILi16ELi6EL9ap_q_mode5EL9ap_o_mode3ELi0EES4_S4_S4_28_we0       |   9|          2|    1|          2|
    |p_ZZ12pyramidal_hsPA64_8ap_fixedILi16ELi6EL9ap_q_mode5EL9ap_o_mode3ELi0EES4_S4_S4_29_address0  |  14|          3|    6|         18|
    |p_ZZ12pyramidal_hsPA64_8ap_fixedILi16ELi6EL9ap_q_mode5EL9ap_o_mode3ELi0EES4_S4_S4_29_ce0       |  14|          3|    1|          3|
    |p_ZZ12pyramidal_hsPA64_8ap_fixedILi16ELi6EL9ap_q_mode5EL9ap_o_mode3ELi0EES4_S4_S4_29_ce1       |   9|          2|    1|          2|
    |p_ZZ12pyramidal_hsPA64_8ap_fixedILi16ELi6EL9ap_q_mode5EL9ap_o_mode3ELi0EES4_S4_S4_29_we0       |   9|          2|    1|          2|
    |p_ZZ12pyramidal_hsPA64_8ap_fixedILi16ELi6EL9ap_q_mode5EL9ap_o_mode3ELi0EES4_S4_S4_2_address0   |  20|          4|    7|         28|
    |p_ZZ12pyramidal_hsPA64_8ap_fixedILi16ELi6EL9ap_q_mode5EL9ap_o_mode3ELi0EES4_S4_S4_2_ce0        |  20|          4|    1|          4|
    |p_ZZ12pyramidal_hsPA64_8ap_fixedILi16ELi6EL9ap_q_mode5EL9ap_o_mode3ELi0EES4_S4_S4_2_ce1        |   9|          2|    1|          2|
    |p_ZZ12pyramidal_hsPA64_8ap_fixedILi16ELi6EL9ap_q_mode5EL9ap_o_mode3ELi0EES4_S4_S4_2_we0        |   9|          2|    1|          2|
    |p_ZZ12pyramidal_hsPA64_8ap_fixedILi16ELi6EL9ap_q_mode5EL9ap_o_mode3ELi0EES4_S4_S4_30_address0  |  26|          5|    8|         40|
    |p_ZZ12pyramidal_hsPA64_8ap_fixedILi16ELi6EL9ap_q_mode5EL9ap_o_mode3ELi0EES4_S4_S4_30_ce0       |  26|          5|    1|          5|
    |p_ZZ12pyramidal_hsPA64_8ap_fixedILi16ELi6EL9ap_q_mode5EL9ap_o_mode3ELi0EES4_S4_S4_30_ce1       |   9|          2|    1|          2|
    |p_ZZ12pyramidal_hsPA64_8ap_fixedILi16ELi6EL9ap_q_mode5EL9ap_o_mode3ELi0EES4_S4_S4_30_d0        |  20|          4|   16|         64|
    |p_ZZ12pyramidal_hsPA64_8ap_fixedILi16ELi6EL9ap_q_mode5EL9ap_o_mode3ELi0EES4_S4_S4_30_we0       |  20|          4|    1|          4|
    |p_ZZ12pyramidal_hsPA64_8ap_fixedILi16ELi6EL9ap_q_mode5EL9ap_o_mode3ELi0EES4_S4_S4_31_address0  |  26|          5|    8|         40|
    |p_ZZ12pyramidal_hsPA64_8ap_fixedILi16ELi6EL9ap_q_mode5EL9ap_o_mode3ELi0EES4_S4_S4_31_address1  |  14|          3|    8|         24|
    |p_ZZ12pyramidal_hsPA64_8ap_fixedILi16ELi6EL9ap_q_mode5EL9ap_o_mode3ELi0EES4_S4_S4_31_ce0       |  26|          5|    1|          5|
    |p_ZZ12pyramidal_hsPA64_8ap_fixedILi16ELi6EL9ap_q_mode5EL9ap_o_mode3ELi0EES4_S4_S4_31_ce1       |  14|          3|    1|          3|
    |p_ZZ12pyramidal_hsPA64_8ap_fixedILi16ELi6EL9ap_q_mode5EL9ap_o_mode3ELi0EES4_S4_S4_31_d0        |  20|          4|   16|         64|
    |p_ZZ12pyramidal_hsPA64_8ap_fixedILi16ELi6EL9ap_q_mode5EL9ap_o_mode3ELi0EES4_S4_S4_31_we0       |  20|          4|    1|          4|
    |p_ZZ12pyramidal_hsPA64_8ap_fixedILi16ELi6EL9ap_q_mode5EL9ap_o_mode3ELi0EES4_S4_S4_32_address0  |  26|          5|    8|         40|
    |p_ZZ12pyramidal_hsPA64_8ap_fixedILi16ELi6EL9ap_q_mode5EL9ap_o_mode3ELi0EES4_S4_S4_32_ce0       |  26|          5|    1|          5|
    |p_ZZ12pyramidal_hsPA64_8ap_fixedILi16ELi6EL9ap_q_mode5EL9ap_o_mode3ELi0EES4_S4_S4_32_ce1       |   9|          2|    1|          2|
    |p_ZZ12pyramidal_hsPA64_8ap_fixedILi16ELi6EL9ap_q_mode5EL9ap_o_mode3ELi0EES4_S4_S4_32_d0        |  20|          4|   16|         64|
    |p_ZZ12pyramidal_hsPA64_8ap_fixedILi16ELi6EL9ap_q_mode5EL9ap_o_mode3ELi0EES4_S4_S4_32_we0       |  20|          4|    1|          4|
    |p_ZZ12pyramidal_hsPA64_8ap_fixedILi16ELi6EL9ap_q_mode5EL9ap_o_mode3ELi0EES4_S4_S4_33_address0  |  26|          5|    8|         40|
    |p_ZZ12pyramidal_hsPA64_8ap_fixedILi16ELi6EL9ap_q_mode5EL9ap_o_mode3ELi0EES4_S4_S4_33_address1  |  14|          3|    8|         24|
    |p_ZZ12pyramidal_hsPA64_8ap_fixedILi16ELi6EL9ap_q_mode5EL9ap_o_mode3ELi0EES4_S4_S4_33_ce0       |  26|          5|    1|          5|
    |p_ZZ12pyramidal_hsPA64_8ap_fixedILi16ELi6EL9ap_q_mode5EL9ap_o_mode3ELi0EES4_S4_S4_33_ce1       |  14|          3|    1|          3|
    |p_ZZ12pyramidal_hsPA64_8ap_fixedILi16ELi6EL9ap_q_mode5EL9ap_o_mode3ELi0EES4_S4_S4_33_d0        |  20|          4|   16|         64|
    |p_ZZ12pyramidal_hsPA64_8ap_fixedILi16ELi6EL9ap_q_mode5EL9ap_o_mode3ELi0EES4_S4_S4_33_we0       |  20|          4|    1|          4|
    |p_ZZ12pyramidal_hsPA64_8ap_fixedILi16ELi6EL9ap_q_mode5EL9ap_o_mode3ELi0EES4_S4_S4_34_address0  |  26|          5|    8|         40|
    |p_ZZ12pyramidal_hsPA64_8ap_fixedILi16ELi6EL9ap_q_mode5EL9ap_o_mode3ELi0EES4_S4_S4_34_ce0       |  26|          5|    1|          5|
    |p_ZZ12pyramidal_hsPA64_8ap_fixedILi16ELi6EL9ap_q_mode5EL9ap_o_mode3ELi0EES4_S4_S4_34_ce1       |   9|          2|    1|          2|
    |p_ZZ12pyramidal_hsPA64_8ap_fixedILi16ELi6EL9ap_q_mode5EL9ap_o_mode3ELi0EES4_S4_S4_34_d0        |  20|          4|   16|         64|
    |p_ZZ12pyramidal_hsPA64_8ap_fixedILi16ELi6EL9ap_q_mode5EL9ap_o_mode3ELi0EES4_S4_S4_34_we0       |  20|          4|    1|          4|
    |p_ZZ12pyramidal_hsPA64_8ap_fixedILi16ELi6EL9ap_q_mode5EL9ap_o_mode3ELi0EES4_S4_S4_35_address0  |  26|          5|    8|         40|
    |p_ZZ12pyramidal_hsPA64_8ap_fixedILi16ELi6EL9ap_q_mode5EL9ap_o_mode3ELi0EES4_S4_S4_35_address1  |  14|          3|    8|         24|
    |p_ZZ12pyramidal_hsPA64_8ap_fixedILi16ELi6EL9ap_q_mode5EL9ap_o_mode3ELi0EES4_S4_S4_35_ce0       |  26|          5|    1|          5|
    |p_ZZ12pyramidal_hsPA64_8ap_fixedILi16ELi6EL9ap_q_mode5EL9ap_o_mode3ELi0EES4_S4_S4_35_ce1       |  14|          3|    1|          3|
    |p_ZZ12pyramidal_hsPA64_8ap_fixedILi16ELi6EL9ap_q_mode5EL9ap_o_mode3ELi0EES4_S4_S4_35_d0        |  20|          4|   16|         64|
    |p_ZZ12pyramidal_hsPA64_8ap_fixedILi16ELi6EL9ap_q_mode5EL9ap_o_mode3ELi0EES4_S4_S4_35_we0       |  20|          4|    1|          4|
    |p_ZZ12pyramidal_hsPA64_8ap_fixedILi16ELi6EL9ap_q_mode5EL9ap_o_mode3ELi0EES4_S4_S4_36_address0  |  14|          3|    6|         18|
    |p_ZZ12pyramidal_hsPA64_8ap_fixedILi16ELi6EL9ap_q_mode5EL9ap_o_mode3ELi0EES4_S4_S4_36_ce0       |  14|          3|    1|          3|
    |p_ZZ12pyramidal_hsPA64_8ap_fixedILi16ELi6EL9ap_q_mode5EL9ap_o_mode3ELi0EES4_S4_S4_36_we0       |   9|          2|    1|          2|
    |p_ZZ12pyramidal_hsPA64_8ap_fixedILi16ELi6EL9ap_q_mode5EL9ap_o_mode3ELi0EES4_S4_S4_37_address0  |  14|          3|    6|         18|
    |p_ZZ12pyramidal_hsPA64_8ap_fixedILi16ELi6EL9ap_q_mode5EL9ap_o_mode3ELi0EES4_S4_S4_37_ce0       |  14|          3|    1|          3|
    |p_ZZ12pyramidal_hsPA64_8ap_fixedILi16ELi6EL9ap_q_mode5EL9ap_o_mode3ELi0EES4_S4_S4_37_ce1       |   9|          2|    1|          2|
    |p_ZZ12pyramidal_hsPA64_8ap_fixedILi16ELi6EL9ap_q_mode5EL9ap_o_mode3ELi0EES4_S4_S4_37_we0       |   9|          2|    1|          2|
    |p_ZZ12pyramidal_hsPA64_8ap_fixedILi16ELi6EL9ap_q_mode5EL9ap_o_mode3ELi0EES4_S4_S4_38_address0  |  14|          3|    6|         18|
    |p_ZZ12pyramidal_hsPA64_8ap_fixedILi16ELi6EL9ap_q_mode5EL9ap_o_mode3ELi0EES4_S4_S4_38_ce0       |  14|          3|    1|          3|
    |p_ZZ12pyramidal_hsPA64_8ap_fixedILi16ELi6EL9ap_q_mode5EL9ap_o_mode3ELi0EES4_S4_S4_38_we0       |   9|          2|    1|          2|
    |p_ZZ12pyramidal_hsPA64_8ap_fixedILi16ELi6EL9ap_q_mode5EL9ap_o_mode3ELi0EES4_S4_S4_39_address0  |  14|          3|    6|         18|
    |p_ZZ12pyramidal_hsPA64_8ap_fixedILi16ELi6EL9ap_q_mode5EL9ap_o_mode3ELi0EES4_S4_S4_39_ce0       |  14|          3|    1|          3|
    |p_ZZ12pyramidal_hsPA64_8ap_fixedILi16ELi6EL9ap_q_mode5EL9ap_o_mode3ELi0EES4_S4_S4_39_ce1       |   9|          2|    1|          2|
    |p_ZZ12pyramidal_hsPA64_8ap_fixedILi16ELi6EL9ap_q_mode5EL9ap_o_mode3ELi0EES4_S4_S4_39_we0       |   9|          2|    1|          2|
    |p_ZZ12pyramidal_hsPA64_8ap_fixedILi16ELi6EL9ap_q_mode5EL9ap_o_mode3ELi0EES4_S4_S4_3_address0   |  20|          4|    7|         28|
    |p_ZZ12pyramidal_hsPA64_8ap_fixedILi16ELi6EL9ap_q_mode5EL9ap_o_mode3ELi0EES4_S4_S4_3_ce0        |  20|          4|    1|          4|
    |p_ZZ12pyramidal_hsPA64_8ap_fixedILi16ELi6EL9ap_q_mode5EL9ap_o_mode3ELi0EES4_S4_S4_3_ce1        |   9|          2|    1|          2|
    |p_ZZ12pyramidal_hsPA64_8ap_fixedILi16ELi6EL9ap_q_mode5EL9ap_o_mode3ELi0EES4_S4_S4_3_we0        |   9|          2|    1|          2|
    |p_ZZ12pyramidal_hsPA64_8ap_fixedILi16ELi6EL9ap_q_mode5EL9ap_o_mode3ELi0EES4_S4_S4_40_address0  |  14|          3|    6|         18|
    |p_ZZ12pyramidal_hsPA64_8ap_fixedILi16ELi6EL9ap_q_mode5EL9ap_o_mode3ELi0EES4_S4_S4_40_ce0       |  14|          3|    1|          3|
    |p_ZZ12pyramidal_hsPA64_8ap_fixedILi16ELi6EL9ap_q_mode5EL9ap_o_mode3ELi0EES4_S4_S4_40_we0       |   9|          2|    1|          2|
    |p_ZZ12pyramidal_hsPA64_8ap_fixedILi16ELi6EL9ap_q_mode5EL9ap_o_mode3ELi0EES4_S4_S4_41_address0  |  14|          3|    6|         18|
    |p_ZZ12pyramidal_hsPA64_8ap_fixedILi16ELi6EL9ap_q_mode5EL9ap_o_mode3ELi0EES4_S4_S4_41_ce0       |  14|          3|    1|          3|
    |p_ZZ12pyramidal_hsPA64_8ap_fixedILi16ELi6EL9ap_q_mode5EL9ap_o_mode3ELi0EES4_S4_S4_41_ce1       |   9|          2|    1|          2|
    |p_ZZ12pyramidal_hsPA64_8ap_fixedILi16ELi6EL9ap_q_mode5EL9ap_o_mode3ELi0EES4_S4_S4_41_we0       |   9|          2|    1|          2|
    |p_ZZ12pyramidal_hsPA64_8ap_fixedILi16ELi6EL9ap_q_mode5EL9ap_o_mode3ELi0EES4_S4_S4_4_address0   |  20|          4|    7|         28|
    |p_ZZ12pyramidal_hsPA64_8ap_fixedILi16ELi6EL9ap_q_mode5EL9ap_o_mode3ELi0EES4_S4_S4_4_ce0        |  20|          4|    1|          4|
    |p_ZZ12pyramidal_hsPA64_8ap_fixedILi16ELi6EL9ap_q_mode5EL9ap_o_mode3ELi0EES4_S4_S4_4_ce1        |   9|          2|    1|          2|
    |p_ZZ12pyramidal_hsPA64_8ap_fixedILi16ELi6EL9ap_q_mode5EL9ap_o_mode3ELi0EES4_S4_S4_4_we0        |   9|          2|    1|          2|
    |p_ZZ12pyramidal_hsPA64_8ap_fixedILi16ELi6EL9ap_q_mode5EL9ap_o_mode3ELi0EES4_S4_S4_5_address0   |  20|          4|    7|         28|
    |p_ZZ12pyramidal_hsPA64_8ap_fixedILi16ELi6EL9ap_q_mode5EL9ap_o_mode3ELi0EES4_S4_S4_5_ce0        |  20|          4|    1|          4|
    |p_ZZ12pyramidal_hsPA64_8ap_fixedILi16ELi6EL9ap_q_mode5EL9ap_o_mode3ELi0EES4_S4_S4_5_ce1        |   9|          2|    1|          2|
    |p_ZZ12pyramidal_hsPA64_8ap_fixedILi16ELi6EL9ap_q_mode5EL9ap_o_mode3ELi0EES4_S4_S4_5_we0        |   9|          2|    1|          2|
    |p_ZZ12pyramidal_hsPA64_8ap_fixedILi16ELi6EL9ap_q_mode5EL9ap_o_mode3ELi0EES4_S4_S4_6_address0   |  20|          4|    7|         28|
    |p_ZZ12pyramidal_hsPA64_8ap_fixedILi16ELi6EL9ap_q_mode5EL9ap_o_mode3ELi0EES4_S4_S4_6_ce0        |  20|          4|    1|          4|
    |p_ZZ12pyramidal_hsPA64_8ap_fixedILi16ELi6EL9ap_q_mode5EL9ap_o_mode3ELi0EES4_S4_S4_6_ce1        |   9|          2|    1|          2|
    |p_ZZ12pyramidal_hsPA64_8ap_fixedILi16ELi6EL9ap_q_mode5EL9ap_o_mode3ELi0EES4_S4_S4_6_we0        |   9|          2|    1|          2|
    |p_ZZ12pyramidal_hsPA64_8ap_fixedILi16ELi6EL9ap_q_mode5EL9ap_o_mode3ELi0EES4_S4_S4_7_address0   |  20|          4|    7|         28|
    |p_ZZ12pyramidal_hsPA64_8ap_fixedILi16ELi6EL9ap_q_mode5EL9ap_o_mode3ELi0EES4_S4_S4_7_ce0        |  20|          4|    1|          4|
    |p_ZZ12pyramidal_hsPA64_8ap_fixedILi16ELi6EL9ap_q_mode5EL9ap_o_mode3ELi0EES4_S4_S4_7_ce1        |   9|          2|    1|          2|
    |p_ZZ12pyramidal_hsPA64_8ap_fixedILi16ELi6EL9ap_q_mode5EL9ap_o_mode3ELi0EES4_S4_S4_7_we0        |   9|          2|    1|          2|
    |p_ZZ12pyramidal_hsPA64_8ap_fixedILi16ELi6EL9ap_q_mode5EL9ap_o_mode3ELi0EES4_S4_S4_8_address0   |  20|          4|    7|         28|
    |p_ZZ12pyramidal_hsPA64_8ap_fixedILi16ELi6EL9ap_q_mode5EL9ap_o_mode3ELi0EES4_S4_S4_8_ce0        |  20|          4|    1|          4|
    |p_ZZ12pyramidal_hsPA64_8ap_fixedILi16ELi6EL9ap_q_mode5EL9ap_o_mode3ELi0EES4_S4_S4_8_ce1        |   9|          2|    1|          2|
    |p_ZZ12pyramidal_hsPA64_8ap_fixedILi16ELi6EL9ap_q_mode5EL9ap_o_mode3ELi0EES4_S4_S4_8_we0        |   9|          2|    1|          2|
    |p_ZZ12pyramidal_hsPA64_8ap_fixedILi16ELi6EL9ap_q_mode5EL9ap_o_mode3ELi0EES4_S4_S4_9_address0   |  14|          3|    6|         18|
    |p_ZZ12pyramidal_hsPA64_8ap_fixedILi16ELi6EL9ap_q_mode5EL9ap_o_mode3ELi0EES4_S4_S4_9_ce0        |  14|          3|    1|          3|
    |p_ZZ12pyramidal_hsPA64_8ap_fixedILi16ELi6EL9ap_q_mode5EL9ap_o_mode3ELi0EES4_S4_S4_9_we0        |   9|          2|    1|          2|
    |p_ZZ12pyramidal_hsPA64_8ap_fixedILi16ELi6EL9ap_q_mode5EL9ap_o_mode3ELi0EES4_S4_S4_address0     |  20|          4|    7|         28|
    |p_ZZ12pyramidal_hsPA64_8ap_fixedILi16ELi6EL9ap_q_mode5EL9ap_o_mode3ELi0EES4_S4_S4_ce0          |  20|          4|    1|          4|
    |p_ZZ12pyramidal_hsPA64_8ap_fixedILi16ELi6EL9ap_q_mode5EL9ap_o_mode3ELi0EES4_S4_S4_ce1          |   9|          2|    1|          2|
    |p_ZZ12pyramidal_hsPA64_8ap_fixedILi16ELi6EL9ap_q_mode5EL9ap_o_mode3ELi0EES4_S4_S4_we0          |   9|          2|    1|          2|
    |pyramidal_hs_ap_fixed_64_ap_fixed_64_ap_fixed_64_ap_fixed_64_1_address0                        |  20|          4|    9|         36|
    |pyramidal_hs_ap_fixed_64_ap_fixed_64_ap_fixed_64_ap_fixed_64_1_ce0                             |  20|          4|    1|          4|
    |pyramidal_hs_ap_fixed_64_ap_fixed_64_ap_fixed_64_ap_fixed_64_1_ce1                             |   9|          2|    1|          2|
    |pyramidal_hs_ap_fixed_64_ap_fixed_64_ap_fixed_64_ap_fixed_64_1_we0                             |   9|          2|    1|          2|
    |pyramidal_hs_ap_fixed_64_ap_fixed_64_ap_fixed_64_ap_fixed_64_address0                          |  20|          4|    9|         36|
    |pyramidal_hs_ap_fixed_64_ap_fixed_64_ap_fixed_64_ap_fixed_64_ce0                               |  20|          4|    1|          4|
    |pyramidal_hs_ap_fixed_64_ap_fixed_64_ap_fixed_64_ap_fixed_64_ce1                               |   9|          2|    1|          2|
    |pyramidal_hs_ap_fixed_64_ap_fixed_64_ap_fixed_64_ap_fixed_64_we0                               |   9|          2|    1|          2|
    |u_address0                                                                                     |  20|          4|   12|         48|
    |u_address1                                                                                     |  14|          3|   12|         36|
    |u_ce0                                                                                          |  20|          4|    1|          4|
    |u_ce1                                                                                          |  14|          3|    1|          3|
    |u_d0                                                                                           |  14|          3|   16|         48|
    |u_we0                                                                                          |  14|          3|    1|          3|
    |u_we1                                                                                          |   9|          2|    1|          2|
    |v_address0                                                                                     |  20|          4|   12|         48|
    |v_address1                                                                                     |  14|          3|   12|         36|
    |v_ce0                                                                                          |  20|          4|    1|          4|
    |v_ce1                                                                                          |  14|          3|    1|          3|
    |v_d0                                                                                           |  14|          3|   16|         48|
    |v_we0                                                                                          |  14|          3|    1|          3|
    |v_we1                                                                                          |   9|          2|    1|          2|
    +-----------------------------------------------------------------------------------------------+----+-----------+-----+-----------+
    |Total                                                                                          |3628|        757|  915|       3225|
    +-----------------------------------------------------------------------------------------------+----+-----------+-----+-----------+

    * Register: 
    +--------------------------------------------------------------------------------+----+----+-----+-----------+
    |                                      Name                                      | FF | LUT| Bits| Const Bits|
    +--------------------------------------------------------------------------------+----+----+-----+-----------+
    |ap_CS_fsm                                                                       |  20|   0|   20|          0|
    |grp_compute_derivatives_16_fu_262_ap_start_reg                                  |   1|   0|    1|          0|
    |grp_compute_derivatives_32_fu_292_ap_start_reg                                  |   1|   0|    1|          0|
    |grp_compute_derivatives_fu_248_ap_start_reg                                     |   1|   0|    1|          0|
    |grp_horn_schunck_16_fu_324_ap_start_reg                                         |   1|   0|    1|          0|
    |grp_horn_schunck_32_fu_442_ap_start_reg                                         |   1|   0|    1|          0|
    |grp_horn_schunck_64_fu_520_ap_start_reg                                         |   1|   0|    1|          0|
    |grp_pyramidal_hs_Pipeline_VITIS_LOOP_17_1_VITIS_LOOP_18_24_fu_238_ap_start_reg  |   1|   0|    1|          0|
    |grp_pyramidal_hs_Pipeline_VITIS_LOOP_17_1_VITIS_LOOP_18_2_fu_198_ap_start_reg   |   1|   0|    1|          0|
    |grp_pyramidal_hs_Pipeline_VITIS_LOOP_29_1_VITIS_LOOP_30_25_fu_386_ap_start_reg  |   1|   0|    1|          0|
    |grp_pyramidal_hs_Pipeline_VITIS_LOOP_29_1_VITIS_LOOP_30_2_fu_358_ap_start_reg   |   1|   0|    1|          0|
    |grp_pyramidal_hs_Pipeline_VITIS_LOOP_39_1_VITIS_LOOP_40_26_fu_494_ap_start_reg  |   1|   0|    1|          0|
    |grp_pyramidal_hs_Pipeline_VITIS_LOOP_39_1_VITIS_LOOP_40_2_fu_476_ap_start_reg   |   1|   0|    1|          0|
    |grp_pyramidal_hs_Pipeline_VITIS_LOOP_41_1_VITIS_LOOP_43_2_fu_414_ap_start_reg   |   1|   0|    1|          0|
    |grp_pyramidal_hs_Pipeline_VITIS_LOOP_58_3_VITIS_LOOP_60_4_fu_512_ap_start_reg   |   1|   0|    1|          0|
    |grp_pyramidal_hs_Pipeline_VITIS_LOOP_6_1_VITIS_LOOP_7_23_fu_188_ap_start_reg    |   1|   0|    1|          0|
    |grp_pyramidal_hs_Pipeline_VITIS_LOOP_6_1_VITIS_LOOP_7_2_fu_164_ap_start_reg     |   1|   0|    1|          0|
    +--------------------------------------------------------------------------------+----+----+-----+-----------+
    |Total                                                                           |  36|   0|   36|          0|
    +--------------------------------------------------------------------------------+----+----+-----+-----------+



================================================================
== Interface
================================================================
* Summary: 
+---------------+-----+-----+------------+--------------+--------------+
|   RTL Ports   | Dir | Bits|  Protocol  | Source Object|    C Type    |
+---------------+-----+-----+------------+--------------+--------------+
|ap_clk         |   in|    1|  ap_ctrl_hs|  pyramidal_hs|  return value|
|ap_rst         |   in|    1|  ap_ctrl_hs|  pyramidal_hs|  return value|
|ap_start       |   in|    1|  ap_ctrl_hs|  pyramidal_hs|  return value|
|ap_done        |  out|    1|  ap_ctrl_hs|  pyramidal_hs|  return value|
|ap_idle        |  out|    1|  ap_ctrl_hs|  pyramidal_hs|  return value|
|ap_ready       |  out|    1|  ap_ctrl_hs|  pyramidal_hs|  return value|
|img1_address0  |  out|   12|   ap_memory|          img1|         array|
|img1_ce0       |  out|    1|   ap_memory|          img1|         array|
|img1_q0        |   in|   16|   ap_memory|          img1|         array|
|img1_address1  |  out|   12|   ap_memory|          img1|         array|
|img1_ce1       |  out|    1|   ap_memory|          img1|         array|
|img1_q1        |   in|   16|   ap_memory|          img1|         array|
|img2_address0  |  out|   12|   ap_memory|          img2|         array|
|img2_ce0       |  out|    1|   ap_memory|          img2|         array|
|img2_q0        |   in|   16|   ap_memory|          img2|         array|
|img2_address1  |  out|   12|   ap_memory|          img2|         array|
|img2_ce1       |  out|    1|   ap_memory|          img2|         array|
|img2_q1        |   in|   16|   ap_memory|          img2|         array|
|u_address0     |  out|   12|   ap_memory|             u|         array|
|u_ce0          |  out|    1|   ap_memory|             u|         array|
|u_we0          |  out|    1|   ap_memory|             u|         array|
|u_d0           |  out|   16|   ap_memory|             u|         array|
|u_q0           |   in|   16|   ap_memory|             u|         array|
|u_address1     |  out|   12|   ap_memory|             u|         array|
|u_ce1          |  out|    1|   ap_memory|             u|         array|
|u_we1          |  out|    1|   ap_memory|             u|         array|
|u_d1           |  out|   16|   ap_memory|             u|         array|
|u_q1           |   in|   16|   ap_memory|             u|         array|
|v_address0     |  out|   12|   ap_memory|             v|         array|
|v_ce0          |  out|    1|   ap_memory|             v|         array|
|v_we0          |  out|    1|   ap_memory|             v|         array|
|v_d0           |  out|   16|   ap_memory|             v|         array|
|v_q0           |   in|   16|   ap_memory|             v|         array|
|v_address1     |  out|   12|   ap_memory|             v|         array|
|v_ce1          |  out|    1|   ap_memory|             v|         array|
|v_we1          |  out|    1|   ap_memory|             v|         array|
|v_d1           |  out|   16|   ap_memory|             v|         array|
|v_q1           |   in|   16|   ap_memory|             v|         array|
+---------------+-----+-----+------------+--------------+--------------+

