C:\Alex\Facultate\AN_III\OpticalFlow\Optical-Flow\horn_schunck_hls\pyramidal_hs\hls\.autopilot\db\derivatives_hls.pp.0.cpp:2269:5: remark: Added loop label VITIS_LOOP_676_1:   [xilinx-label-all-loops]
    for (unsigned i = low; i != high+1; ++i) {
    ^
    VITIS_LOOP_676_1: 
C:\Alex\Facultate\AN_III\OpticalFlow\Optical-Flow\horn_schunck_hls\pyramidal_hs\hls\.autopilot\db\derivatives_hls.pp.0.cpp:2269:5: note: FIX-IT applied suggested code changes
C:\Alex\Facultate\AN_III\OpticalFlow\Optical-Flow\horn_schunck_hls\pyramidal_hs\hls\.autopilot\db\derivatives_hls.pp.0.cpp:2283:5: remark: Added loop label VITIS_LOOP_690_1:   [xilinx-label-all-loops]
    for (unsigned i = low; i != high+1; ++i) {
    ^
    VITIS_LOOP_690_1: 
C:\Alex\Facultate\AN_III\OpticalFlow\Optical-Flow\horn_schunck_hls\pyramidal_hs\hls\.autopilot\db\derivatives_hls.pp.0.cpp:2283:5: note: FIX-IT applied suggested code changes
C:\Alex\Facultate\AN_III\OpticalFlow\Optical-Flow\horn_schunck_hls\pyramidal_hs\hls\.autopilot\db\derivatives_hls.pp.0.cpp:2297:5: remark: Added loop label VITIS_LOOP_704_1:   [xilinx-label-all-loops]
    for (unsigned i = low; i != high+1; ++i) {
    ^
    VITIS_LOOP_704_1: 
C:\Alex\Facultate\AN_III\OpticalFlow\Optical-Flow\horn_schunck_hls\pyramidal_hs\hls\.autopilot\db\derivatives_hls.pp.0.cpp:2297:5: note: FIX-IT applied suggested code changes
C:\Alex\Facultate\AN_III\OpticalFlow\Optical-Flow\horn_schunck_hls\pyramidal_hs\hls\.autopilot\db\derivatives_hls.pp.0.cpp:5805:7: remark: Added loop label VITIS_LOOP_1251_1:   [xilinx-label-all-loops]
      for (i = 0; i < __N - 1; ++i) {
      ^
      VITIS_LOOP_1251_1: 
C:\Alex\Facultate\AN_III\OpticalFlow\Optical-Flow\horn_schunck_hls\pyramidal_hs\hls\.autopilot\db\derivatives_hls.pp.0.cpp:5805:7: note: FIX-IT applied suggested code changes
C:\Alex\Facultate\AN_III\OpticalFlow\Optical-Flow\horn_schunck_hls\pyramidal_hs\hls\.autopilot\db\derivatives_hls.pp.0.cpp:49509:5: remark: Added loop label VITIS_LOOP_12_1:   [xilinx-label-all-loops]
    for (int y = 0; y < 64; y++) {
    ^
    VITIS_LOOP_12_1: 
C:\Alex\Facultate\AN_III\OpticalFlow\Optical-Flow\horn_schunck_hls\pyramidal_hs\hls\.autopilot\db\derivatives_hls.pp.0.cpp:49509:5: note: FIX-IT applied suggested code changes
C:\Alex\Facultate\AN_III\OpticalFlow\Optical-Flow\horn_schunck_hls\pyramidal_hs\hls\.autopilot\db\derivatives_hls.pp.0.cpp:49510:9: remark: Added loop label VITIS_LOOP_13_2:   [xilinx-label-all-loops]
        for (int x = 0; x < 64; x++) {
        ^
        VITIS_LOOP_13_2: 
C:\Alex\Facultate\AN_III\OpticalFlow\Optical-Flow\horn_schunck_hls\pyramidal_hs\hls\.autopilot\db\derivatives_hls.pp.0.cpp:49510:9: note: FIX-IT applied suggested code changes
C:\Alex\Facultate\AN_III\OpticalFlow\Optical-Flow\horn_schunck_hls\pyramidal_hs\hls\.autopilot\db\derivatives_hls.pp.0.cpp:49543:5: remark: Added loop label VITIS_LOOP_46_1:   [xilinx-label-all-loops]
    for (int y = 0; y < 64/2; y++) {
    ^
    VITIS_LOOP_46_1: 
C:\Alex\Facultate\AN_III\OpticalFlow\Optical-Flow\horn_schunck_hls\pyramidal_hs\hls\.autopilot\db\derivatives_hls.pp.0.cpp:49543:5: note: FIX-IT applied suggested code changes
C:\Alex\Facultate\AN_III\OpticalFlow\Optical-Flow\horn_schunck_hls\pyramidal_hs\hls\.autopilot\db\derivatives_hls.pp.0.cpp:49544:9: remark: Added loop label VITIS_LOOP_47_2:   [xilinx-label-all-loops]
        for (int x = 0; x < 64/2; x++) {
        ^
        VITIS_LOOP_47_2: 
C:\Alex\Facultate\AN_III\OpticalFlow\Optical-Flow\horn_schunck_hls\pyramidal_hs\hls\.autopilot\db\derivatives_hls.pp.0.cpp:49544:9: note: FIX-IT applied suggested code changes
C:\Alex\Facultate\AN_III\OpticalFlow\Optical-Flow\horn_schunck_hls\pyramidal_hs\hls\.autopilot\db\derivatives_hls.pp.0.cpp:49567:5: remark: Added loop label VITIS_LOOP_70_1:   [xilinx-label-all-loops]
    for (int y = 0; y < 64/4; y++) {
    ^
    VITIS_LOOP_70_1: 
C:\Alex\Facultate\AN_III\OpticalFlow\Optical-Flow\horn_schunck_hls\pyramidal_hs\hls\.autopilot\db\derivatives_hls.pp.0.cpp:49567:5: note: FIX-IT applied suggested code changes
C:\Alex\Facultate\AN_III\OpticalFlow\Optical-Flow\horn_schunck_hls\pyramidal_hs\hls\.autopilot\db\derivatives_hls.pp.0.cpp:49568:9: remark: Added loop label VITIS_LOOP_71_2:   [xilinx-label-all-loops]
        for (int x = 0; x < 64/4; x++) {
        ^
        VITIS_LOOP_71_2: 
C:\Alex\Facultate\AN_III\OpticalFlow\Optical-Flow\horn_schunck_hls\pyramidal_hs\hls\.autopilot\db\derivatives_hls.pp.0.cpp:49568:9: note: FIX-IT applied suggested code changes
