

================================================================
== Vitis HLS Report for 'horn_schunck_16_Pipeline_VITIS_LOOP_110_1_VITIS_LOOP_112_2'
================================================================
* Date:           Thu Dec 18 23:21:08 2025

* Version:        2025.2 (Build 6295257 on Nov 12 2025)
* Project:        pyramidal_hs
* Solution:       hls (Vivado IP Flow Target)
* Product family: kintex7
* Target device:  xc7k70t-fbg484-1


================================================================
== Performance Estimates
================================================================
+ Timing: 
    * Summary: 
    +--------+----------+----------+------------+
    |  Clock |  Target  | Estimated| Uncertainty|
    +--------+----------+----------+------------+
    |ap_clk  |  10.00 ns|  5.962 ns|     2.70 ns|
    +--------+----------+----------+------------+

+ Latency: 
    * Summary: 
    +---------+---------+----------+----------+-----+-----+-------------------+
    |  Latency (cycles) |  Latency (absolute) |  Interval |      Pipeline     |
    |   min   |   max   |    min   |    max   | min | max |        Type       |
    +---------+---------+----------+----------+-----+-----+-------------------+
    |      265|      265|  2.650 us|  2.650 us|    0|    0|  loop pipeline stp|
    +---------+---------+----------+----------+-----+-----+-------------------+

    + Detail: 
        * Instance: 
        N/A

        * Loop: 
        +-------------------------------------+---------+---------+----------+-----------+-----------+------+----------+
        |                                     |  Latency (cycles) | Iteration|  Initiation Interval  | Trip |          |
        |              Loop Name              |   min   |   max   |  Latency |  achieved |   target  | Count| Pipelined|
        +-------------------------------------+---------+---------+----------+-----------+-----------+------+----------+
        |- VITIS_LOOP_110_1_VITIS_LOOP_112_2  |      263|      263|         9|          1|          1|   256|       yes|
        +-------------------------------------+---------+---------+----------+-----------+-----------+------+----------+

============================================================
+ Verbose Summary: Synthesis Manager
============================================================
InlineROM: 1
ExposeGlobal: 0
============================================================
+ Verbose Summary: CDFG Model
============================================================
IsTopModel: 0
ResetActiveHigh: 1
IsCombinational: 0
IsDatapathOnly: 0
HasWiredReturn: 1
HasMFsm: 2
HasVarLatency: 1
IsPipeline: 0
IsRtlPipelined: 0
IsInstanceOverlapped: 0
IsDontTouch: 0
HasImplIP: 0
IsGatedGlobalClock: 0

+ Individual pipeline summary: 
  * Pipeline-0: initiation interval (II) = 1, depth = 9


============================================================
+ Verbose Summary: Schedule
============================================================
* Number of FSM states : 9
* Pipeline : 1
  Pipeline-0 : II = 1, D = 9, States = { 1 2 3 4 5 6 7 8 9 }
* Dataflow Pipeline: 0

* FSM state transitions: 
1 --> 2 
2 --> 3 
3 --> 4 
4 --> 5 
5 --> 6 
6 --> 7 
7 --> 8 
8 --> 9 
9 --> 

* FSM state operations: 

State 1 <SV = 0> <Delay = 5.96>
ST_1 : Operation 12 [1/1] (0.00ns)   --->   "%x = alloca i32 1" [../HS_hls/src/horn_schunck_hsl.cpp:112]   --->   Operation 12 'alloca' 'x' <Predicate = true> <Delay = 0.00>
ST_1 : Operation 13 [1/1] (0.00ns)   --->   "%y = alloca i32 1" [../HS_hls/src/horn_schunck_hsl.cpp:110]   --->   Operation 13 'alloca' 'y' <Predicate = true> <Delay = 0.00>
ST_1 : Operation 14 [1/1] (0.00ns)   --->   "%indvar_flatten = alloca i32 1"   --->   Operation 14 'alloca' 'indvar_flatten' <Predicate = true> <Delay = 0.00>
ST_1 : Operation 15 [1/1] (1.02ns)   --->   "%store_ln0 = store i9 0, i9 %indvar_flatten"   --->   Operation 15 'store' 'store_ln0' <Predicate = true> <Delay = 1.02>
ST_1 : Operation 16 [1/1] (1.02ns)   --->   "%store_ln110 = store i5 0, i5 %y" [../HS_hls/src/horn_schunck_hsl.cpp:110]   --->   Operation 16 'store' 'store_ln110' <Predicate = true> <Delay = 1.02>
ST_1 : Operation 17 [1/1] (1.02ns)   --->   "%store_ln112 = store i5 0, i5 %x" [../HS_hls/src/horn_schunck_hsl.cpp:112]   --->   Operation 17 'store' 'store_ln112' <Predicate = true> <Delay = 1.02>
ST_1 : Operation 18 [1/1] (0.00ns)   --->   "%br_ln0 = br void %for.body4"   --->   Operation 18 'br' 'br_ln0' <Predicate = true> <Delay = 0.00>
ST_1 : Operation 19 [1/1] (0.00ns)   --->   "%indvar_flatten_load = load i9 %indvar_flatten" [../HS_hls/src/horn_schunck_hsl.cpp:110]   --->   Operation 19 'load' 'indvar_flatten_load' <Predicate = true> <Delay = 0.00>
ST_1 : Operation 20 [1/1] (1.40ns)   --->   "%icmp_ln110 = icmp_eq  i9 %indvar_flatten_load, i9 256" [../HS_hls/src/horn_schunck_hsl.cpp:110]   --->   Operation 20 'icmp' 'icmp_ln110' <Predicate = true> <Delay = 1.40> <CoreInst = "Cmp">   --->   Core 9 'Cmp' <Latency = 0> <II = 1> <Delay = 1.40> <FuncUnit> <Opcode : 'seteq' 'setne' 'setle' 'setge' 'setlt' 'setgt'> <InPorts = 2> <OutPorts = 1>
ST_1 : Operation 21 [1/1] (1.40ns)   --->   "%add_ln110_1 = add i9 %indvar_flatten_load, i9 1" [../HS_hls/src/horn_schunck_hsl.cpp:110]   --->   Operation 21 'add' 'add_ln110_1' <Predicate = true> <Delay = 1.40> <CoreInst = "Adder">   --->   Core 1 'Adder' <Latency = 0> <II = 1> <Delay = 1.40> <FuncUnit> <Opcode : 'add' 'sub'> <InPorts = 2> <OutPorts = 1>
ST_1 : Operation 22 [1/1] (0.00ns)   --->   "%br_ln110 = br i1 %icmp_ln110, void %for.inc12, void %VITIS_LOOP_123_4.preheader.exitStub" [../HS_hls/src/horn_schunck_hsl.cpp:110]   --->   Operation 22 'br' 'br_ln110' <Predicate = true> <Delay = 0.00>
ST_1 : Operation 23 [1/1] (0.00ns)   --->   "%x_load = load i5 %x" [../HS_hls/src/horn_schunck_hsl.cpp:112]   --->   Operation 23 'load' 'x_load' <Predicate = (!icmp_ln110)> <Delay = 0.00>
ST_1 : Operation 24 [1/1] (0.00ns)   --->   "%y_load = load i5 %y" [../HS_hls/src/horn_schunck_hsl.cpp:110]   --->   Operation 24 'load' 'y_load' <Predicate = (!icmp_ln110)> <Delay = 0.00>
ST_1 : Operation 25 [1/1] (1.33ns)   --->   "%add_ln110 = add i5 %y_load, i5 1" [../HS_hls/src/horn_schunck_hsl.cpp:110]   --->   Operation 25 'add' 'add_ln110' <Predicate = (!icmp_ln110)> <Delay = 1.33> <CoreInst = "Adder">   --->   Core 1 'Adder' <Latency = 0> <II = 1> <Delay = 1.33> <FuncUnit> <Opcode : 'add' 'sub'> <InPorts = 2> <OutPorts = 1>
ST_1 : Operation 26 [1/1] (1.33ns)   --->   "%icmp_ln112 = icmp_eq  i5 %x_load, i5 16" [../HS_hls/src/horn_schunck_hsl.cpp:112]   --->   Operation 26 'icmp' 'icmp_ln112' <Predicate = (!icmp_ln110)> <Delay = 1.33> <CoreInst = "Cmp">   --->   Core 9 'Cmp' <Latency = 0> <II = 1> <Delay = 1.33> <FuncUnit> <Opcode : 'seteq' 'setne' 'setle' 'setge' 'setlt' 'setgt'> <InPorts = 2> <OutPorts = 1>
ST_1 : Operation 27 [1/1] (0.79ns)   --->   "%select_ln110 = select i1 %icmp_ln112, i5 0, i5 %x_load" [../HS_hls/src/horn_schunck_hsl.cpp:110]   --->   Operation 27 'select' 'select_ln110' <Predicate = (!icmp_ln110)> <Delay = 0.79> <CoreInst = "Sel">   --->   Core 73 'Sel' <Latency = 0> <II = 1> <Delay = 0.79> <FuncUnit> <Opcode : 'select'> <InPorts = 3> <OutPorts = 1>
ST_1 : Operation 28 [1/1] (0.79ns)   --->   "%select_ln110_1 = select i1 %icmp_ln112, i5 %add_ln110, i5 %y_load" [../HS_hls/src/horn_schunck_hsl.cpp:110]   --->   Operation 28 'select' 'select_ln110_1' <Predicate = (!icmp_ln110)> <Delay = 0.79> <CoreInst = "Sel">   --->   Core 73 'Sel' <Latency = 0> <II = 1> <Delay = 0.79> <FuncUnit> <Opcode : 'select'> <InPorts = 3> <OutPorts = 1>
ST_1 : Operation 29 [1/1] (0.00ns)   --->   "%zext_ln110 = zext i5 %select_ln110_1" [../HS_hls/src/horn_schunck_hsl.cpp:110]   --->   Operation 29 'zext' 'zext_ln110' <Predicate = (!icmp_ln110)> <Delay = 0.00>
ST_1 : Operation 30 [1/1] (2.80ns)   --->   "%mul_ln110 = mul i11 %zext_ln110, i11 43" [../HS_hls/src/horn_schunck_hsl.cpp:110]   --->   Operation 30 'mul' 'mul_ln110' <Predicate = (!icmp_ln110)> <Delay = 2.80> <CoreInst = "Multiplier">   --->   Core 3 'Multiplier' <Latency = 0> <II = 1> <Delay = 2.80> <FuncUnit> <Opcode : 'mul'> <InPorts = 2> <OutPorts = 1>
ST_1 : Operation 31 [9/9] (2.16ns)   --->   "%urem_ln110 = urem i5 %select_ln110_1, i5 3" [../HS_hls/src/horn_schunck_hsl.cpp:110]   --->   Operation 31 'urem' 'urem_ln110' <Predicate = (!icmp_ln110)> <Delay = 2.16> <CoreInst = "Divider">   --->   Core 6 'Divider' <Latency = 8> <II = 1> <Delay = 2.16> <FuncUnit> <Opcode : 'udiv' 'sdiv' 'urem' 'srem'> <InPorts = 2> <OutPorts = 1>
ST_1 : Operation 32 [1/1] (0.00ns)   --->   "%trunc_ln112 = trunc i5 %select_ln110" [../HS_hls/src/horn_schunck_hsl.cpp:112]   --->   Operation 32 'trunc' 'trunc_ln112' <Predicate = (!icmp_ln110)> <Delay = 0.00>
ST_1 : Operation 33 [1/1] (0.00ns)   --->   "%lshr_ln = partselect i3 @_ssdm_op_PartSelect.i3.i5.i32.i32, i5 %select_ln110, i32 1, i32 3" [../HS_hls/src/horn_schunck_hsl.cpp:112]   --->   Operation 33 'partselect' 'lshr_ln' <Predicate = (!icmp_ln110)> <Delay = 0.00>
ST_1 : Operation 34 [1/1] (0.00ns)   --->   "%tmp_86_cast = partselect i3 @_ssdm_op_PartSelect.i3.i11.i32.i32, i11 %mul_ln110, i32 7, i32 9" [../HS_hls/src/horn_schunck_hsl.cpp:115]   --->   Operation 34 'partselect' 'tmp_86_cast' <Predicate = (!icmp_ln110)> <Delay = 0.00>
ST_1 : Operation 35 [1/1] (1.33ns)   --->   "%add_ln112 = add i5 %select_ln110, i5 1" [../HS_hls/src/horn_schunck_hsl.cpp:112]   --->   Operation 35 'add' 'add_ln112' <Predicate = (!icmp_ln110)> <Delay = 1.33> <CoreInst = "Adder">   --->   Core 1 'Adder' <Latency = 0> <II = 1> <Delay = 1.33> <FuncUnit> <Opcode : 'add' 'sub'> <InPorts = 2> <OutPorts = 1>
ST_1 : Operation 36 [1/1] (1.02ns)   --->   "%store_ln110 = store i9 %add_ln110_1, i9 %indvar_flatten" [../HS_hls/src/horn_schunck_hsl.cpp:110]   --->   Operation 36 'store' 'store_ln110' <Predicate = (!icmp_ln110)> <Delay = 1.02>
ST_1 : Operation 37 [1/1] (1.02ns)   --->   "%store_ln110 = store i5 %select_ln110_1, i5 %y" [../HS_hls/src/horn_schunck_hsl.cpp:110]   --->   Operation 37 'store' 'store_ln110' <Predicate = (!icmp_ln110)> <Delay = 1.02>
ST_1 : Operation 38 [1/1] (1.02ns)   --->   "%store_ln112 = store i5 %add_ln112, i5 %x" [../HS_hls/src/horn_schunck_hsl.cpp:112]   --->   Operation 38 'store' 'store_ln112' <Predicate = (!icmp_ln110)> <Delay = 1.02>
ST_1 : Operation 39 [1/1] (0.00ns)   --->   "%br_ln112 = br void %for.body4" [../HS_hls/src/horn_schunck_hsl.cpp:112]   --->   Operation 39 'br' 'br_ln112' <Predicate = (!icmp_ln110)> <Delay = 0.00>

State 2 <SV = 1> <Delay = 2.16>
ST_2 : Operation 40 [8/9] (2.16ns)   --->   "%urem_ln110 = urem i5 %select_ln110_1, i5 3" [../HS_hls/src/horn_schunck_hsl.cpp:110]   --->   Operation 40 'urem' 'urem_ln110' <Predicate = true> <Delay = 2.16> <CoreInst = "Divider">   --->   Core 6 'Divider' <Latency = 8> <II = 1> <Delay = 2.16> <FuncUnit> <Opcode : 'udiv' 'sdiv' 'urem' 'srem'> <InPorts = 2> <OutPorts = 1>

State 3 <SV = 2> <Delay = 2.16>
ST_3 : Operation 41 [7/9] (2.16ns)   --->   "%urem_ln110 = urem i5 %select_ln110_1, i5 3" [../HS_hls/src/horn_schunck_hsl.cpp:110]   --->   Operation 41 'urem' 'urem_ln110' <Predicate = true> <Delay = 2.16> <CoreInst = "Divider">   --->   Core 6 'Divider' <Latency = 8> <II = 1> <Delay = 2.16> <FuncUnit> <Opcode : 'udiv' 'sdiv' 'urem' 'srem'> <InPorts = 2> <OutPorts = 1>

State 4 <SV = 3> <Delay = 2.16>
ST_4 : Operation 42 [6/9] (2.16ns)   --->   "%urem_ln110 = urem i5 %select_ln110_1, i5 3" [../HS_hls/src/horn_schunck_hsl.cpp:110]   --->   Operation 42 'urem' 'urem_ln110' <Predicate = true> <Delay = 2.16> <CoreInst = "Divider">   --->   Core 6 'Divider' <Latency = 8> <II = 1> <Delay = 2.16> <FuncUnit> <Opcode : 'udiv' 'sdiv' 'urem' 'srem'> <InPorts = 2> <OutPorts = 1>

State 5 <SV = 4> <Delay = 2.16>
ST_5 : Operation 43 [5/9] (2.16ns)   --->   "%urem_ln110 = urem i5 %select_ln110_1, i5 3" [../HS_hls/src/horn_schunck_hsl.cpp:110]   --->   Operation 43 'urem' 'urem_ln110' <Predicate = true> <Delay = 2.16> <CoreInst = "Divider">   --->   Core 6 'Divider' <Latency = 8> <II = 1> <Delay = 2.16> <FuncUnit> <Opcode : 'udiv' 'sdiv' 'urem' 'srem'> <InPorts = 2> <OutPorts = 1>

State 6 <SV = 5> <Delay = 2.16>
ST_6 : Operation 44 [4/9] (2.16ns)   --->   "%urem_ln110 = urem i5 %select_ln110_1, i5 3" [../HS_hls/src/horn_schunck_hsl.cpp:110]   --->   Operation 44 'urem' 'urem_ln110' <Predicate = true> <Delay = 2.16> <CoreInst = "Divider">   --->   Core 6 'Divider' <Latency = 8> <II = 1> <Delay = 2.16> <FuncUnit> <Opcode : 'udiv' 'sdiv' 'urem' 'srem'> <InPorts = 2> <OutPorts = 1>

State 7 <SV = 6> <Delay = 2.16>
ST_7 : Operation 45 [3/9] (2.16ns)   --->   "%urem_ln110 = urem i5 %select_ln110_1, i5 3" [../HS_hls/src/horn_schunck_hsl.cpp:110]   --->   Operation 45 'urem' 'urem_ln110' <Predicate = true> <Delay = 2.16> <CoreInst = "Divider">   --->   Core 6 'Divider' <Latency = 8> <II = 1> <Delay = 2.16> <FuncUnit> <Opcode : 'udiv' 'sdiv' 'urem' 'srem'> <InPorts = 2> <OutPorts = 1>

State 8 <SV = 7> <Delay = 2.16>
ST_8 : Operation 46 [2/9] (2.16ns)   --->   "%urem_ln110 = urem i5 %select_ln110_1, i5 3" [../HS_hls/src/horn_schunck_hsl.cpp:110]   --->   Operation 46 'urem' 'urem_ln110' <Predicate = true> <Delay = 2.16> <CoreInst = "Divider">   --->   Core 6 'Divider' <Latency = 8> <II = 1> <Delay = 2.16> <FuncUnit> <Opcode : 'udiv' 'sdiv' 'urem' 'srem'> <InPorts = 2> <OutPorts = 1>
ST_8 : Operation 91 [1/1] (1.02ns)   --->   "%ret_ln0 = ret"   --->   Operation 91 'ret' 'ret_ln0' <Predicate = (icmp_ln110)> <Delay = 1.02>

State 9 <SV = 8> <Delay = 4.59>
ST_9 : Operation 47 [1/1] (0.00ns)   --->   "%specloopname_ln0 = specloopname void @_ssdm_op_SpecLoopName, void @VITIS_LOOP_110_1_VITIS_LOOP_112_2_str"   --->   Operation 47 'specloopname' 'specloopname_ln0' <Predicate = true> <Delay = 0.00>
ST_9 : Operation 48 [1/1] (0.00ns)   --->   "%speclooptripcount_ln0 = speclooptripcount void @_ssdm_op_SpecLoopTripCount, i64 256, i64 256, i64 256"   --->   Operation 48 'speclooptripcount' 'speclooptripcount_ln0' <Predicate = true> <Delay = 0.00>
ST_9 : Operation 49 [1/9] (2.16ns)   --->   "%urem_ln110 = urem i5 %select_ln110_1, i5 3" [../HS_hls/src/horn_schunck_hsl.cpp:110]   --->   Operation 49 'urem' 'urem_ln110' <Predicate = true> <Delay = 2.16> <CoreInst = "Divider">   --->   Core 6 'Divider' <Latency = 8> <II = 1> <Delay = 2.16> <FuncUnit> <Opcode : 'udiv' 'sdiv' 'urem' 'srem'> <InPorts = 2> <OutPorts = 1>
ST_9 : Operation 50 [1/1] (0.00ns)   --->   "%trunc_ln110 = trunc i2 %urem_ln110" [../HS_hls/src/horn_schunck_hsl.cpp:110]   --->   Operation 50 'trunc' 'trunc_ln110' <Predicate = true> <Delay = 0.00>
ST_9 : Operation 51 [1/1] (0.00ns)   --->   "%specpipeline_ln114 = specpipeline void @_ssdm_op_SpecPipeline, i32 1, i32 0, i32 0, i32 0, i32 4294967295, void @empty_2" [../HS_hls/src/horn_schunck_hsl.cpp:114]   --->   Operation 51 'specpipeline' 'specpipeline_ln114' <Predicate = true> <Delay = 0.00>
ST_9 : Operation 52 [1/1] (0.00ns)   --->   "%tmp_s = bitconcatenate i6 @_ssdm_op_BitConcatenate.i6.i3.i3, i3 %tmp_86_cast, i3 %lshr_ln" [../HS_hls/src/horn_schunck_hsl.cpp:115]   --->   Operation 52 'bitconcatenate' 'tmp_s' <Predicate = true> <Delay = 0.00>
ST_9 : Operation 53 [1/1] (0.00ns)   --->   "%zext_ln115 = zext i6 %tmp_s" [../HS_hls/src/horn_schunck_hsl.cpp:115]   --->   Operation 53 'zext' 'zext_ln115' <Predicate = true> <Delay = 0.00>
ST_9 : Operation 54 [1/1] (0.00ns)   --->   "%p_ZZ12pyramidal_hsPA64_8ap_fixedILi16ELi6EL9ap_q_mode5EL9ap_o_mode3ELi0EES4_S4_S4_408 = getelementptr i16 %p_ZZ12pyramidal_hsPA64_8ap_fixedILi16ELi6EL9ap_q_mode5EL9ap_o_mode3ELi0EES4_S4_S4_41, i64 0, i64 %zext_ln115" [../HS_hls/src/horn_schunck_hsl.cpp:115]   --->   Operation 54 'getelementptr' 'p_ZZ12pyramidal_hsPA64_8ap_fixedILi16ELi6EL9ap_q_mode5EL9ap_o_mode3ELi0EES4_S4_S4_408' <Predicate = true> <Delay = 0.00>
ST_9 : Operation 55 [1/1] (0.00ns)   --->   "%p_ZZ12pyramidal_hsPA64_8ap_fixedILi16ELi6EL9ap_q_mode5EL9ap_o_mode3ELi0EES4_S4_S4_409 = getelementptr i16 %p_ZZ12pyramidal_hsPA64_8ap_fixedILi16ELi6EL9ap_q_mode5EL9ap_o_mode3ELi0EES4_S4_S4_40, i64 0, i64 %zext_ln115" [../HS_hls/src/horn_schunck_hsl.cpp:115]   --->   Operation 55 'getelementptr' 'p_ZZ12pyramidal_hsPA64_8ap_fixedILi16ELi6EL9ap_q_mode5EL9ap_o_mode3ELi0EES4_S4_S4_409' <Predicate = true> <Delay = 0.00>
ST_9 : Operation 56 [1/1] (0.00ns)   --->   "%p_ZZ12pyramidal_hsPA64_8ap_fixedILi16ELi6EL9ap_q_mode5EL9ap_o_mode3ELi0EES4_S4_S4_410 = getelementptr i16 %p_ZZ12pyramidal_hsPA64_8ap_fixedILi16ELi6EL9ap_q_mode5EL9ap_o_mode3ELi0EES4_S4_S4_39, i64 0, i64 %zext_ln115" [../HS_hls/src/horn_schunck_hsl.cpp:115]   --->   Operation 56 'getelementptr' 'p_ZZ12pyramidal_hsPA64_8ap_fixedILi16ELi6EL9ap_q_mode5EL9ap_o_mode3ELi0EES4_S4_S4_410' <Predicate = true> <Delay = 0.00>
ST_9 : Operation 57 [1/1] (0.00ns)   --->   "%p_ZZ12pyramidal_hsPA64_8ap_fixedILi16ELi6EL9ap_q_mode5EL9ap_o_mode3ELi0EES4_S4_S4_411 = getelementptr i16 %p_ZZ12pyramidal_hsPA64_8ap_fixedILi16ELi6EL9ap_q_mode5EL9ap_o_mode3ELi0EES4_S4_S4_38, i64 0, i64 %zext_ln115" [../HS_hls/src/horn_schunck_hsl.cpp:115]   --->   Operation 57 'getelementptr' 'p_ZZ12pyramidal_hsPA64_8ap_fixedILi16ELi6EL9ap_q_mode5EL9ap_o_mode3ELi0EES4_S4_S4_411' <Predicate = true> <Delay = 0.00>
ST_9 : Operation 58 [1/1] (0.00ns)   --->   "%p_ZZ12pyramidal_hsPA64_8ap_fixedILi16ELi6EL9ap_q_mode5EL9ap_o_mode3ELi0EES4_S4_S4_412 = getelementptr i16 %p_ZZ12pyramidal_hsPA64_8ap_fixedILi16ELi6EL9ap_q_mode5EL9ap_o_mode3ELi0EES4_S4_S4_37, i64 0, i64 %zext_ln115" [../HS_hls/src/horn_schunck_hsl.cpp:115]   --->   Operation 58 'getelementptr' 'p_ZZ12pyramidal_hsPA64_8ap_fixedILi16ELi6EL9ap_q_mode5EL9ap_o_mode3ELi0EES4_S4_S4_412' <Predicate = true> <Delay = 0.00>
ST_9 : Operation 59 [1/1] (0.00ns)   --->   "%p_ZZ12pyramidal_hsPA64_8ap_fixedILi16ELi6EL9ap_q_mode5EL9ap_o_mode3ELi0EES4_S4_S4_413 = getelementptr i16 %p_ZZ12pyramidal_hsPA64_8ap_fixedILi16ELi6EL9ap_q_mode5EL9ap_o_mode3ELi0EES4_S4_S4_36, i64 0, i64 %zext_ln115" [../HS_hls/src/horn_schunck_hsl.cpp:115]   --->   Operation 59 'getelementptr' 'p_ZZ12pyramidal_hsPA64_8ap_fixedILi16ELi6EL9ap_q_mode5EL9ap_o_mode3ELi0EES4_S4_S4_413' <Predicate = true> <Delay = 0.00>
ST_9 : Operation 60 [1/1] (0.00ns)   --->   "%p_ZZ12pyramidal_hsPA64_8ap_fixedILi16ELi6EL9ap_q_mode5EL9ap_o_mode3ELi0EES4_S4_S4_414 = getelementptr i16 %p_ZZ12pyramidal_hsPA64_8ap_fixedILi16ELi6EL9ap_q_mode5EL9ap_o_mode3ELi0EES4_S4_S4_29, i64 0, i64 %zext_ln115" [../HS_hls/src/horn_schunck_hsl.cpp:116]   --->   Operation 60 'getelementptr' 'p_ZZ12pyramidal_hsPA64_8ap_fixedILi16ELi6EL9ap_q_mode5EL9ap_o_mode3ELi0EES4_S4_S4_414' <Predicate = true> <Delay = 0.00>
ST_9 : Operation 61 [1/1] (0.00ns)   --->   "%p_ZZ12pyramidal_hsPA64_8ap_fixedILi16ELi6EL9ap_q_mode5EL9ap_o_mode3ELi0EES4_S4_S4_415 = getelementptr i16 %p_ZZ12pyramidal_hsPA64_8ap_fixedILi16ELi6EL9ap_q_mode5EL9ap_o_mode3ELi0EES4_S4_S4_28, i64 0, i64 %zext_ln115" [../HS_hls/src/horn_schunck_hsl.cpp:116]   --->   Operation 61 'getelementptr' 'p_ZZ12pyramidal_hsPA64_8ap_fixedILi16ELi6EL9ap_q_mode5EL9ap_o_mode3ELi0EES4_S4_S4_415' <Predicate = true> <Delay = 0.00>
ST_9 : Operation 62 [1/1] (0.00ns)   --->   "%p_ZZ12pyramidal_hsPA64_8ap_fixedILi16ELi6EL9ap_q_mode5EL9ap_o_mode3ELi0EES4_S4_S4_416 = getelementptr i16 %p_ZZ12pyramidal_hsPA64_8ap_fixedILi16ELi6EL9ap_q_mode5EL9ap_o_mode3ELi0EES4_S4_S4_27, i64 0, i64 %zext_ln115" [../HS_hls/src/horn_schunck_hsl.cpp:116]   --->   Operation 62 'getelementptr' 'p_ZZ12pyramidal_hsPA64_8ap_fixedILi16ELi6EL9ap_q_mode5EL9ap_o_mode3ELi0EES4_S4_S4_416' <Predicate = true> <Delay = 0.00>
ST_9 : Operation 63 [1/1] (0.00ns)   --->   "%p_ZZ12pyramidal_hsPA64_8ap_fixedILi16ELi6EL9ap_q_mode5EL9ap_o_mode3ELi0EES4_S4_S4_417 = getelementptr i16 %p_ZZ12pyramidal_hsPA64_8ap_fixedILi16ELi6EL9ap_q_mode5EL9ap_o_mode3ELi0EES4_S4_S4_26, i64 0, i64 %zext_ln115" [../HS_hls/src/horn_schunck_hsl.cpp:116]   --->   Operation 63 'getelementptr' 'p_ZZ12pyramidal_hsPA64_8ap_fixedILi16ELi6EL9ap_q_mode5EL9ap_o_mode3ELi0EES4_S4_S4_417' <Predicate = true> <Delay = 0.00>
ST_9 : Operation 64 [1/1] (0.00ns)   --->   "%p_ZZ12pyramidal_hsPA64_8ap_fixedILi16ELi6EL9ap_q_mode5EL9ap_o_mode3ELi0EES4_S4_S4_418 = getelementptr i16 %p_ZZ12pyramidal_hsPA64_8ap_fixedILi16ELi6EL9ap_q_mode5EL9ap_o_mode3ELi0EES4_S4_S4_25, i64 0, i64 %zext_ln115" [../HS_hls/src/horn_schunck_hsl.cpp:116]   --->   Operation 64 'getelementptr' 'p_ZZ12pyramidal_hsPA64_8ap_fixedILi16ELi6EL9ap_q_mode5EL9ap_o_mode3ELi0EES4_S4_S4_418' <Predicate = true> <Delay = 0.00>
ST_9 : Operation 65 [1/1] (0.00ns)   --->   "%p_ZZ12pyramidal_hsPA64_8ap_fixedILi16ELi6EL9ap_q_mode5EL9ap_o_mode3ELi0EES4_S4_S4_419 = getelementptr i16 %p_ZZ12pyramidal_hsPA64_8ap_fixedILi16ELi6EL9ap_q_mode5EL9ap_o_mode3ELi0EES4_S4_S4_24, i64 0, i64 %zext_ln115" [../HS_hls/src/horn_schunck_hsl.cpp:116]   --->   Operation 65 'getelementptr' 'p_ZZ12pyramidal_hsPA64_8ap_fixedILi16ELi6EL9ap_q_mode5EL9ap_o_mode3ELi0EES4_S4_S4_419' <Predicate = true> <Delay = 0.00>
ST_9 : Operation 66 [1/1] (1.00ns)   --->   "%switch_ln115 = switch i2 %trunc_ln110, void %arrayidx6201060.case.2, i2 0, void %arrayidx6201060.case.0, i2 1, void %arrayidx6201060.case.1" [../HS_hls/src/horn_schunck_hsl.cpp:115]   --->   Operation 66 'switch' 'switch_ln115' <Predicate = true> <Delay = 1.00>
ST_9 : Operation 67 [1/1] (0.00ns)   --->   "%br_ln115 = br i1 %trunc_ln112, void %arrayidx11211063.case.022, void %arrayidx11211063.case.123" [../HS_hls/src/horn_schunck_hsl.cpp:115]   --->   Operation 67 'br' 'br_ln115' <Predicate = (trunc_ln110 == 1)> <Delay = 0.00>
ST_9 : Operation 68 [1/1] ( I:1.42ns O:1.42ns )   --->   "%store_ln115 = store i16 0, i6 %p_ZZ12pyramidal_hsPA64_8ap_fixedILi16ELi6EL9ap_q_mode5EL9ap_o_mode3ELi0EES4_S4_S4_410" [../HS_hls/src/horn_schunck_hsl.cpp:115]   --->   Operation 68 'store' 'store_ln115' <Predicate = (trunc_ln110 == 1 & !trunc_ln112)> <Delay = 1.42> <CoreInst = "RAM">   --->   Core 81 'RAM' <Latency = 1> <II = 1> <Delay = 1.42> <Storage> <Opcode : 'load' 'store'> <Ports = 2> <Width = 16> <Depth = 48> <RAM>
ST_9 : Operation 69 [1/1] ( I:1.42ns O:1.42ns )   --->   "%store_ln116 = store i16 0, i6 %p_ZZ12pyramidal_hsPA64_8ap_fixedILi16ELi6EL9ap_q_mode5EL9ap_o_mode3ELi0EES4_S4_S4_416" [../HS_hls/src/horn_schunck_hsl.cpp:116]   --->   Operation 69 'store' 'store_ln116' <Predicate = (trunc_ln110 == 1 & !trunc_ln112)> <Delay = 1.42> <CoreInst = "RAM">   --->   Core 81 'RAM' <Latency = 1> <II = 1> <Delay = 1.42> <Storage> <Opcode : 'load' 'store'> <Ports = 2> <Width = 16> <Depth = 48> <RAM>
ST_9 : Operation 70 [1/1] (0.00ns)   --->   "%br_ln116 = br void %arrayidx11211063.exit21" [../HS_hls/src/horn_schunck_hsl.cpp:116]   --->   Operation 70 'br' 'br_ln116' <Predicate = (trunc_ln110 == 1 & !trunc_ln112)> <Delay = 0.00>
ST_9 : Operation 71 [1/1] ( I:1.42ns O:1.42ns )   --->   "%store_ln115 = store i16 0, i6 %p_ZZ12pyramidal_hsPA64_8ap_fixedILi16ELi6EL9ap_q_mode5EL9ap_o_mode3ELi0EES4_S4_S4_411" [../HS_hls/src/horn_schunck_hsl.cpp:115]   --->   Operation 71 'store' 'store_ln115' <Predicate = (trunc_ln110 == 1 & trunc_ln112)> <Delay = 1.42> <CoreInst = "RAM">   --->   Core 81 'RAM' <Latency = 1> <II = 1> <Delay = 1.42> <Storage> <Opcode : 'load' 'store'> <Ports = 2> <Width = 16> <Depth = 48> <RAM>
ST_9 : Operation 72 [1/1] ( I:1.42ns O:1.42ns )   --->   "%store_ln116 = store i16 0, i6 %p_ZZ12pyramidal_hsPA64_8ap_fixedILi16ELi6EL9ap_q_mode5EL9ap_o_mode3ELi0EES4_S4_S4_417" [../HS_hls/src/horn_schunck_hsl.cpp:116]   --->   Operation 72 'store' 'store_ln116' <Predicate = (trunc_ln110 == 1 & trunc_ln112)> <Delay = 1.42> <CoreInst = "RAM">   --->   Core 81 'RAM' <Latency = 1> <II = 1> <Delay = 1.42> <Storage> <Opcode : 'load' 'store'> <Ports = 2> <Width = 16> <Depth = 48> <RAM>
ST_9 : Operation 73 [1/1] (0.00ns)   --->   "%br_ln116 = br void %arrayidx11211063.exit21" [../HS_hls/src/horn_schunck_hsl.cpp:116]   --->   Operation 73 'br' 'br_ln116' <Predicate = (trunc_ln110 == 1 & trunc_ln112)> <Delay = 0.00>
ST_9 : Operation 74 [1/1] (0.00ns)   --->   "%br_ln116 = br void %arrayidx11211063.exit" [../HS_hls/src/horn_schunck_hsl.cpp:116]   --->   Operation 74 'br' 'br_ln116' <Predicate = (trunc_ln110 == 1)> <Delay = 0.00>
ST_9 : Operation 75 [1/1] (0.00ns)   --->   "%br_ln115 = br i1 %trunc_ln112, void %arrayidx11211063.case.018, void %arrayidx11211063.case.119" [../HS_hls/src/horn_schunck_hsl.cpp:115]   --->   Operation 75 'br' 'br_ln115' <Predicate = (trunc_ln110 == 0)> <Delay = 0.00>
ST_9 : Operation 76 [1/1] ( I:1.42ns O:1.42ns )   --->   "%store_ln115 = store i16 0, i6 %p_ZZ12pyramidal_hsPA64_8ap_fixedILi16ELi6EL9ap_q_mode5EL9ap_o_mode3ELi0EES4_S4_S4_408" [../HS_hls/src/horn_schunck_hsl.cpp:115]   --->   Operation 76 'store' 'store_ln115' <Predicate = (trunc_ln110 == 0 & !trunc_ln112)> <Delay = 1.42> <CoreInst = "RAM">   --->   Core 81 'RAM' <Latency = 1> <II = 1> <Delay = 1.42> <Storage> <Opcode : 'load' 'store'> <Ports = 2> <Width = 16> <Depth = 48> <RAM>
ST_9 : Operation 77 [1/1] ( I:1.42ns O:1.42ns )   --->   "%store_ln116 = store i16 0, i6 %p_ZZ12pyramidal_hsPA64_8ap_fixedILi16ELi6EL9ap_q_mode5EL9ap_o_mode3ELi0EES4_S4_S4_414" [../HS_hls/src/horn_schunck_hsl.cpp:116]   --->   Operation 77 'store' 'store_ln116' <Predicate = (trunc_ln110 == 0 & !trunc_ln112)> <Delay = 1.42> <CoreInst = "RAM">   --->   Core 81 'RAM' <Latency = 1> <II = 1> <Delay = 1.42> <Storage> <Opcode : 'load' 'store'> <Ports = 2> <Width = 16> <Depth = 48> <RAM>
ST_9 : Operation 78 [1/1] (0.00ns)   --->   "%br_ln116 = br void %arrayidx11211063.exit17" [../HS_hls/src/horn_schunck_hsl.cpp:116]   --->   Operation 78 'br' 'br_ln116' <Predicate = (trunc_ln110 == 0 & !trunc_ln112)> <Delay = 0.00>
ST_9 : Operation 79 [1/1] ( I:1.42ns O:1.42ns )   --->   "%store_ln115 = store i16 0, i6 %p_ZZ12pyramidal_hsPA64_8ap_fixedILi16ELi6EL9ap_q_mode5EL9ap_o_mode3ELi0EES4_S4_S4_409" [../HS_hls/src/horn_schunck_hsl.cpp:115]   --->   Operation 79 'store' 'store_ln115' <Predicate = (trunc_ln110 == 0 & trunc_ln112)> <Delay = 1.42> <CoreInst = "RAM">   --->   Core 81 'RAM' <Latency = 1> <II = 1> <Delay = 1.42> <Storage> <Opcode : 'load' 'store'> <Ports = 2> <Width = 16> <Depth = 48> <RAM>
ST_9 : Operation 80 [1/1] ( I:1.42ns O:1.42ns )   --->   "%store_ln116 = store i16 0, i6 %p_ZZ12pyramidal_hsPA64_8ap_fixedILi16ELi6EL9ap_q_mode5EL9ap_o_mode3ELi0EES4_S4_S4_415" [../HS_hls/src/horn_schunck_hsl.cpp:116]   --->   Operation 80 'store' 'store_ln116' <Predicate = (trunc_ln110 == 0 & trunc_ln112)> <Delay = 1.42> <CoreInst = "RAM">   --->   Core 81 'RAM' <Latency = 1> <II = 1> <Delay = 1.42> <Storage> <Opcode : 'load' 'store'> <Ports = 2> <Width = 16> <Depth = 48> <RAM>
ST_9 : Operation 81 [1/1] (0.00ns)   --->   "%br_ln116 = br void %arrayidx11211063.exit17" [../HS_hls/src/horn_schunck_hsl.cpp:116]   --->   Operation 81 'br' 'br_ln116' <Predicate = (trunc_ln110 == 0 & trunc_ln112)> <Delay = 0.00>
ST_9 : Operation 82 [1/1] (0.00ns)   --->   "%br_ln116 = br void %arrayidx11211063.exit" [../HS_hls/src/horn_schunck_hsl.cpp:116]   --->   Operation 82 'br' 'br_ln116' <Predicate = (trunc_ln110 == 0)> <Delay = 0.00>
ST_9 : Operation 83 [1/1] (0.00ns)   --->   "%br_ln115 = br i1 %trunc_ln112, void %arrayidx11211063.case.026, void %arrayidx11211063.case.127" [../HS_hls/src/horn_schunck_hsl.cpp:115]   --->   Operation 83 'br' 'br_ln115' <Predicate = (trunc_ln110 != 0 & trunc_ln110 != 1)> <Delay = 0.00>
ST_9 : Operation 84 [1/1] ( I:1.42ns O:1.42ns )   --->   "%store_ln115 = store i16 0, i6 %p_ZZ12pyramidal_hsPA64_8ap_fixedILi16ELi6EL9ap_q_mode5EL9ap_o_mode3ELi0EES4_S4_S4_412" [../HS_hls/src/horn_schunck_hsl.cpp:115]   --->   Operation 84 'store' 'store_ln115' <Predicate = (trunc_ln110 != 0 & trunc_ln110 != 1 & !trunc_ln112)> <Delay = 1.42> <CoreInst = "RAM">   --->   Core 81 'RAM' <Latency = 1> <II = 1> <Delay = 1.42> <Storage> <Opcode : 'load' 'store'> <Ports = 2> <Width = 16> <Depth = 48> <RAM>
ST_9 : Operation 85 [1/1] ( I:1.42ns O:1.42ns )   --->   "%store_ln116 = store i16 0, i6 %p_ZZ12pyramidal_hsPA64_8ap_fixedILi16ELi6EL9ap_q_mode5EL9ap_o_mode3ELi0EES4_S4_S4_418" [../HS_hls/src/horn_schunck_hsl.cpp:116]   --->   Operation 85 'store' 'store_ln116' <Predicate = (trunc_ln110 != 0 & trunc_ln110 != 1 & !trunc_ln112)> <Delay = 1.42> <CoreInst = "RAM">   --->   Core 81 'RAM' <Latency = 1> <II = 1> <Delay = 1.42> <Storage> <Opcode : 'load' 'store'> <Ports = 2> <Width = 16> <Depth = 48> <RAM>
ST_9 : Operation 86 [1/1] (0.00ns)   --->   "%br_ln116 = br void %arrayidx11211063.exit25" [../HS_hls/src/horn_schunck_hsl.cpp:116]   --->   Operation 86 'br' 'br_ln116' <Predicate = (trunc_ln110 != 0 & trunc_ln110 != 1 & !trunc_ln112)> <Delay = 0.00>
ST_9 : Operation 87 [1/1] ( I:1.42ns O:1.42ns )   --->   "%store_ln115 = store i16 0, i6 %p_ZZ12pyramidal_hsPA64_8ap_fixedILi16ELi6EL9ap_q_mode5EL9ap_o_mode3ELi0EES4_S4_S4_413" [../HS_hls/src/horn_schunck_hsl.cpp:115]   --->   Operation 87 'store' 'store_ln115' <Predicate = (trunc_ln110 != 0 & trunc_ln110 != 1 & trunc_ln112)> <Delay = 1.42> <CoreInst = "RAM">   --->   Core 81 'RAM' <Latency = 1> <II = 1> <Delay = 1.42> <Storage> <Opcode : 'load' 'store'> <Ports = 2> <Width = 16> <Depth = 48> <RAM>
ST_9 : Operation 88 [1/1] ( I:1.42ns O:1.42ns )   --->   "%store_ln116 = store i16 0, i6 %p_ZZ12pyramidal_hsPA64_8ap_fixedILi16ELi6EL9ap_q_mode5EL9ap_o_mode3ELi0EES4_S4_S4_419" [../HS_hls/src/horn_schunck_hsl.cpp:116]   --->   Operation 88 'store' 'store_ln116' <Predicate = (trunc_ln110 != 0 & trunc_ln110 != 1 & trunc_ln112)> <Delay = 1.42> <CoreInst = "RAM">   --->   Core 81 'RAM' <Latency = 1> <II = 1> <Delay = 1.42> <Storage> <Opcode : 'load' 'store'> <Ports = 2> <Width = 16> <Depth = 48> <RAM>
ST_9 : Operation 89 [1/1] (0.00ns)   --->   "%br_ln116 = br void %arrayidx11211063.exit25" [../HS_hls/src/horn_schunck_hsl.cpp:116]   --->   Operation 89 'br' 'br_ln116' <Predicate = (trunc_ln110 != 0 & trunc_ln110 != 1 & trunc_ln112)> <Delay = 0.00>
ST_9 : Operation 90 [1/1] (0.00ns)   --->   "%br_ln116 = br void %arrayidx11211063.exit" [../HS_hls/src/horn_schunck_hsl.cpp:116]   --->   Operation 90 'br' 'br_ln116' <Predicate = (trunc_ln110 != 0 & trunc_ln110 != 1)> <Delay = 0.00>


============================================================
+ Verbose Summary: Binding
============================================================
STG Binding: 
---------------- STG Properties BEGIN ----------------
- Is combinational: 0
- Is one-state seq: 0
- Is datapath-only: 0
- Is pipelined: 0
- Is top level: 0
Port [ Return ] is wired: 1; IO mode=ap_ctrl_hs:ce=0
Port [ p_ZZ12pyramidal_hsPA64_8ap_fixedILi16ELi6EL9ap_q_mode5EL9ap_o_mode3ELi0EES4_S4_S4_41]:  wired=1; compound=1; hidden=0; nouse=0; global=1; static=1; extern=0; dir=1; type=1; pingpong=0; private_global=0; MemPort=[03]; IO mode=ap_memory:ce=0
Port [ p_ZZ12pyramidal_hsPA64_8ap_fixedILi16ELi6EL9ap_q_mode5EL9ap_o_mode3ELi0EES4_S4_S4_29]:  wired=1; compound=1; hidden=0; nouse=0; global=1; static=1; extern=0; dir=1; type=1; pingpong=0; private_global=0; MemPort=[03]; IO mode=ap_memory:ce=0
Port [ p_ZZ12pyramidal_hsPA64_8ap_fixedILi16ELi6EL9ap_q_mode5EL9ap_o_mode3ELi0EES4_S4_S4_40]:  wired=1; compound=1; hidden=0; nouse=0; global=1; static=1; extern=0; dir=1; type=1; pingpong=0; private_global=0; MemPort=[03]; IO mode=ap_memory:ce=0
Port [ p_ZZ12pyramidal_hsPA64_8ap_fixedILi16ELi6EL9ap_q_mode5EL9ap_o_mode3ELi0EES4_S4_S4_28]:  wired=1; compound=1; hidden=0; nouse=0; global=1; static=1; extern=0; dir=1; type=1; pingpong=0; private_global=0; MemPort=[03]; IO mode=ap_memory:ce=0
Port [ p_ZZ12pyramidal_hsPA64_8ap_fixedILi16ELi6EL9ap_q_mode5EL9ap_o_mode3ELi0EES4_S4_S4_39]:  wired=1; compound=1; hidden=0; nouse=0; global=1; static=1; extern=0; dir=1; type=1; pingpong=0; private_global=0; MemPort=[03]; IO mode=ap_memory:ce=0
Port [ p_ZZ12pyramidal_hsPA64_8ap_fixedILi16ELi6EL9ap_q_mode5EL9ap_o_mode3ELi0EES4_S4_S4_27]:  wired=1; compound=1; hidden=0; nouse=0; global=1; static=1; extern=0; dir=1; type=1; pingpong=0; private_global=0; MemPort=[03]; IO mode=ap_memory:ce=0
Port [ p_ZZ12pyramidal_hsPA64_8ap_fixedILi16ELi6EL9ap_q_mode5EL9ap_o_mode3ELi0EES4_S4_S4_38]:  wired=1; compound=1; hidden=0; nouse=0; global=1; static=1; extern=0; dir=1; type=1; pingpong=0; private_global=0; MemPort=[03]; IO mode=ap_memory:ce=0
Port [ p_ZZ12pyramidal_hsPA64_8ap_fixedILi16ELi6EL9ap_q_mode5EL9ap_o_mode3ELi0EES4_S4_S4_26]:  wired=1; compound=1; hidden=0; nouse=0; global=1; static=1; extern=0; dir=1; type=1; pingpong=0; private_global=0; MemPort=[03]; IO mode=ap_memory:ce=0
Port [ p_ZZ12pyramidal_hsPA64_8ap_fixedILi16ELi6EL9ap_q_mode5EL9ap_o_mode3ELi0EES4_S4_S4_37]:  wired=1; compound=1; hidden=0; nouse=0; global=1; static=1; extern=0; dir=1; type=1; pingpong=0; private_global=0; MemPort=[03]; IO mode=ap_memory:ce=0
Port [ p_ZZ12pyramidal_hsPA64_8ap_fixedILi16ELi6EL9ap_q_mode5EL9ap_o_mode3ELi0EES4_S4_S4_25]:  wired=1; compound=1; hidden=0; nouse=0; global=1; static=1; extern=0; dir=1; type=1; pingpong=0; private_global=0; MemPort=[03]; IO mode=ap_memory:ce=0
Port [ p_ZZ12pyramidal_hsPA64_8ap_fixedILi16ELi6EL9ap_q_mode5EL9ap_o_mode3ELi0EES4_S4_S4_36]:  wired=1; compound=1; hidden=0; nouse=0; global=1; static=1; extern=0; dir=1; type=1; pingpong=0; private_global=0; MemPort=[03]; IO mode=ap_memory:ce=0
Port [ p_ZZ12pyramidal_hsPA64_8ap_fixedILi16ELi6EL9ap_q_mode5EL9ap_o_mode3ELi0EES4_S4_S4_24]:  wired=1; compound=1; hidden=0; nouse=0; global=1; static=1; extern=0; dir=1; type=1; pingpong=0; private_global=0; MemPort=[03]; IO mode=ap_memory:ce=0
---------------- STG Properties END ------------------

---------------- Datapath Model BEGIN ----------------

<LifeTime>
<method=bitvector/>
x                                                                                     (alloca           ) [ 0100000000]
y                                                                                     (alloca           ) [ 0100000000]
indvar_flatten                                                                        (alloca           ) [ 0100000000]
store_ln0                                                                             (store            ) [ 0000000000]
store_ln110                                                                           (store            ) [ 0000000000]
store_ln112                                                                           (store            ) [ 0000000000]
br_ln0                                                                                (br               ) [ 0000000000]
indvar_flatten_load                                                                   (load             ) [ 0000000000]
icmp_ln110                                                                            (icmp             ) [ 0111111110]
add_ln110_1                                                                           (add              ) [ 0000000000]
br_ln110                                                                              (br               ) [ 0000000000]
x_load                                                                                (load             ) [ 0000000000]
y_load                                                                                (load             ) [ 0000000000]
add_ln110                                                                             (add              ) [ 0000000000]
icmp_ln112                                                                            (icmp             ) [ 0000000000]
select_ln110                                                                          (select           ) [ 0000000000]
select_ln110_1                                                                        (select           ) [ 0111111111]
zext_ln110                                                                            (zext             ) [ 0000000000]
mul_ln110                                                                             (mul              ) [ 0000000000]
trunc_ln112                                                                           (trunc            ) [ 0111111111]
lshr_ln                                                                               (partselect       ) [ 0111111111]
tmp_86_cast                                                                           (partselect       ) [ 0111111111]
add_ln112                                                                             (add              ) [ 0000000000]
store_ln110                                                                           (store            ) [ 0000000000]
store_ln110                                                                           (store            ) [ 0000000000]
store_ln112                                                                           (store            ) [ 0000000000]
br_ln112                                                                              (br               ) [ 0000000000]
specloopname_ln0                                                                      (specloopname     ) [ 0000000000]
speclooptripcount_ln0                                                                 (speclooptripcount) [ 0000000000]
urem_ln110                                                                            (urem             ) [ 0000000000]
trunc_ln110                                                                           (trunc            ) [ 0100000001]
specpipeline_ln114                                                                    (specpipeline     ) [ 0000000000]
tmp_s                                                                                 (bitconcatenate   ) [ 0000000000]
zext_ln115                                                                            (zext             ) [ 0000000000]
p_ZZ12pyramidal_hsPA64_8ap_fixedILi16ELi6EL9ap_q_mode5EL9ap_o_mode3ELi0EES4_S4_S4_408 (getelementptr    ) [ 0000000000]
p_ZZ12pyramidal_hsPA64_8ap_fixedILi16ELi6EL9ap_q_mode5EL9ap_o_mode3ELi0EES4_S4_S4_409 (getelementptr    ) [ 0000000000]
p_ZZ12pyramidal_hsPA64_8ap_fixedILi16ELi6EL9ap_q_mode5EL9ap_o_mode3ELi0EES4_S4_S4_410 (getelementptr    ) [ 0000000000]
p_ZZ12pyramidal_hsPA64_8ap_fixedILi16ELi6EL9ap_q_mode5EL9ap_o_mode3ELi0EES4_S4_S4_411 (getelementptr    ) [ 0000000000]
p_ZZ12pyramidal_hsPA64_8ap_fixedILi16ELi6EL9ap_q_mode5EL9ap_o_mode3ELi0EES4_S4_S4_412 (getelementptr    ) [ 0000000000]
p_ZZ12pyramidal_hsPA64_8ap_fixedILi16ELi6EL9ap_q_mode5EL9ap_o_mode3ELi0EES4_S4_S4_413 (getelementptr    ) [ 0000000000]
p_ZZ12pyramidal_hsPA64_8ap_fixedILi16ELi6EL9ap_q_mode5EL9ap_o_mode3ELi0EES4_S4_S4_414 (getelementptr    ) [ 0000000000]
p_ZZ12pyramidal_hsPA64_8ap_fixedILi16ELi6EL9ap_q_mode5EL9ap_o_mode3ELi0EES4_S4_S4_415 (getelementptr    ) [ 0000000000]
p_ZZ12pyramidal_hsPA64_8ap_fixedILi16ELi6EL9ap_q_mode5EL9ap_o_mode3ELi0EES4_S4_S4_416 (getelementptr    ) [ 0000000000]
p_ZZ12pyramidal_hsPA64_8ap_fixedILi16ELi6EL9ap_q_mode5EL9ap_o_mode3ELi0EES4_S4_S4_417 (getelementptr    ) [ 0000000000]
p_ZZ12pyramidal_hsPA64_8ap_fixedILi16ELi6EL9ap_q_mode5EL9ap_o_mode3ELi0EES4_S4_S4_418 (getelementptr    ) [ 0000000000]
p_ZZ12pyramidal_hsPA64_8ap_fixedILi16ELi6EL9ap_q_mode5EL9ap_o_mode3ELi0EES4_S4_S4_419 (getelementptr    ) [ 0000000000]
switch_ln115                                                                          (switch           ) [ 0000000000]
br_ln115                                                                              (br               ) [ 0000000000]
store_ln115                                                                           (store            ) [ 0000000000]
store_ln116                                                                           (store            ) [ 0000000000]
br_ln116                                                                              (br               ) [ 0000000000]
store_ln115                                                                           (store            ) [ 0000000000]
store_ln116                                                                           (store            ) [ 0000000000]
br_ln116                                                                              (br               ) [ 0000000000]
br_ln116                                                                              (br               ) [ 0000000000]
br_ln115                                                                              (br               ) [ 0000000000]
store_ln115                                                                           (store            ) [ 0000000000]
store_ln116                                                                           (store            ) [ 0000000000]
br_ln116                                                                              (br               ) [ 0000000000]
store_ln115                                                                           (store            ) [ 0000000000]
store_ln116                                                                           (store            ) [ 0000000000]
br_ln116                                                                              (br               ) [ 0000000000]
br_ln116                                                                              (br               ) [ 0000000000]
br_ln115                                                                              (br               ) [ 0000000000]
store_ln115                                                                           (store            ) [ 0000000000]
store_ln116                                                                           (store            ) [ 0000000000]
br_ln116                                                                              (br               ) [ 0000000000]
store_ln115                                                                           (store            ) [ 0000000000]
store_ln116                                                                           (store            ) [ 0000000000]
br_ln116                                                                              (br               ) [ 0000000000]
br_ln116                                                                              (br               ) [ 0000000000]
ret_ln0                                                                               (ret              ) [ 0000000000]
</LifeTime>

<model>

<comp_list>
<comp id="0" class="1000" name="p_ZZ12pyramidal_hsPA64_8ap_fixedILi16ELi6EL9ap_q_mode5EL9ap_o_mode3ELi0EES4_S4_S4_41">
<pin_list>
<pin id="1" dir="1" index="0" bw="1" slack="0"/>
</pin_list>
<bind>
<StgValue><ssdm name="p_ZZ12pyramidal_hsPA64_8ap_fixedILi16ELi6EL9ap_q_mode5EL9ap_o_mode3ELi0EES4_S4_S4_41"/><MemPortTyVec>0 3 </MemPortTyVec>
</StgValue>
</bind>
</comp>

<comp id="2" class="1000" name="p_ZZ12pyramidal_hsPA64_8ap_fixedILi16ELi6EL9ap_q_mode5EL9ap_o_mode3ELi0EES4_S4_S4_29">
<pin_list>
<pin id="3" dir="1" index="0" bw="1" slack="0"/>
</pin_list>
<bind>
<StgValue><ssdm name="p_ZZ12pyramidal_hsPA64_8ap_fixedILi16ELi6EL9ap_q_mode5EL9ap_o_mode3ELi0EES4_S4_S4_29"/><MemPortTyVec>0 3 </MemPortTyVec>
</StgValue>
</bind>
</comp>

<comp id="4" class="1000" name="p_ZZ12pyramidal_hsPA64_8ap_fixedILi16ELi6EL9ap_q_mode5EL9ap_o_mode3ELi0EES4_S4_S4_40">
<pin_list>
<pin id="5" dir="1" index="0" bw="1" slack="0"/>
</pin_list>
<bind>
<StgValue><ssdm name="p_ZZ12pyramidal_hsPA64_8ap_fixedILi16ELi6EL9ap_q_mode5EL9ap_o_mode3ELi0EES4_S4_S4_40"/><MemPortTyVec>0 3 </MemPortTyVec>
</StgValue>
</bind>
</comp>

<comp id="6" class="1000" name="p_ZZ12pyramidal_hsPA64_8ap_fixedILi16ELi6EL9ap_q_mode5EL9ap_o_mode3ELi0EES4_S4_S4_28">
<pin_list>
<pin id="7" dir="1" index="0" bw="1" slack="0"/>
</pin_list>
<bind>
<StgValue><ssdm name="p_ZZ12pyramidal_hsPA64_8ap_fixedILi16ELi6EL9ap_q_mode5EL9ap_o_mode3ELi0EES4_S4_S4_28"/><MemPortTyVec>0 3 </MemPortTyVec>
</StgValue>
</bind>
</comp>

<comp id="8" class="1000" name="p_ZZ12pyramidal_hsPA64_8ap_fixedILi16ELi6EL9ap_q_mode5EL9ap_o_mode3ELi0EES4_S4_S4_39">
<pin_list>
<pin id="9" dir="1" index="0" bw="1" slack="0"/>
</pin_list>
<bind>
<StgValue><ssdm name="p_ZZ12pyramidal_hsPA64_8ap_fixedILi16ELi6EL9ap_q_mode5EL9ap_o_mode3ELi0EES4_S4_S4_39"/><MemPortTyVec>0 3 </MemPortTyVec>
</StgValue>
</bind>
</comp>

<comp id="10" class="1000" name="p_ZZ12pyramidal_hsPA64_8ap_fixedILi16ELi6EL9ap_q_mode5EL9ap_o_mode3ELi0EES4_S4_S4_27">
<pin_list>
<pin id="11" dir="1" index="0" bw="1" slack="0"/>
</pin_list>
<bind>
<StgValue><ssdm name="p_ZZ12pyramidal_hsPA64_8ap_fixedILi16ELi6EL9ap_q_mode5EL9ap_o_mode3ELi0EES4_S4_S4_27"/><MemPortTyVec>0 3 </MemPortTyVec>
</StgValue>
</bind>
</comp>

<comp id="12" class="1000" name="p_ZZ12pyramidal_hsPA64_8ap_fixedILi16ELi6EL9ap_q_mode5EL9ap_o_mode3ELi0EES4_S4_S4_38">
<pin_list>
<pin id="13" dir="1" index="0" bw="1" slack="0"/>
</pin_list>
<bind>
<StgValue><ssdm name="p_ZZ12pyramidal_hsPA64_8ap_fixedILi16ELi6EL9ap_q_mode5EL9ap_o_mode3ELi0EES4_S4_S4_38"/><MemPortTyVec>0 3 </MemPortTyVec>
</StgValue>
</bind>
</comp>

<comp id="14" class="1000" name="p_ZZ12pyramidal_hsPA64_8ap_fixedILi16ELi6EL9ap_q_mode5EL9ap_o_mode3ELi0EES4_S4_S4_26">
<pin_list>
<pin id="15" dir="1" index="0" bw="1" slack="0"/>
</pin_list>
<bind>
<StgValue><ssdm name="p_ZZ12pyramidal_hsPA64_8ap_fixedILi16ELi6EL9ap_q_mode5EL9ap_o_mode3ELi0EES4_S4_S4_26"/><MemPortTyVec>0 3 </MemPortTyVec>
</StgValue>
</bind>
</comp>

<comp id="16" class="1000" name="p_ZZ12pyramidal_hsPA64_8ap_fixedILi16ELi6EL9ap_q_mode5EL9ap_o_mode3ELi0EES4_S4_S4_37">
<pin_list>
<pin id="17" dir="1" index="0" bw="1" slack="0"/>
</pin_list>
<bind>
<StgValue><ssdm name="p_ZZ12pyramidal_hsPA64_8ap_fixedILi16ELi6EL9ap_q_mode5EL9ap_o_mode3ELi0EES4_S4_S4_37"/><MemPortTyVec>0 3 </MemPortTyVec>
</StgValue>
</bind>
</comp>

<comp id="18" class="1000" name="p_ZZ12pyramidal_hsPA64_8ap_fixedILi16ELi6EL9ap_q_mode5EL9ap_o_mode3ELi0EES4_S4_S4_25">
<pin_list>
<pin id="19" dir="1" index="0" bw="1" slack="0"/>
</pin_list>
<bind>
<StgValue><ssdm name="p_ZZ12pyramidal_hsPA64_8ap_fixedILi16ELi6EL9ap_q_mode5EL9ap_o_mode3ELi0EES4_S4_S4_25"/><MemPortTyVec>0 3 </MemPortTyVec>
</StgValue>
</bind>
</comp>

<comp id="20" class="1000" name="p_ZZ12pyramidal_hsPA64_8ap_fixedILi16ELi6EL9ap_q_mode5EL9ap_o_mode3ELi0EES4_S4_S4_36">
<pin_list>
<pin id="21" dir="1" index="0" bw="1" slack="0"/>
</pin_list>
<bind>
<StgValue><ssdm name="p_ZZ12pyramidal_hsPA64_8ap_fixedILi16ELi6EL9ap_q_mode5EL9ap_o_mode3ELi0EES4_S4_S4_36"/><MemPortTyVec>0 3 </MemPortTyVec>
</StgValue>
</bind>
</comp>

<comp id="22" class="1000" name="p_ZZ12pyramidal_hsPA64_8ap_fixedILi16ELi6EL9ap_q_mode5EL9ap_o_mode3ELi0EES4_S4_S4_24">
<pin_list>
<pin id="23" dir="1" index="0" bw="1" slack="0"/>
</pin_list>
<bind>
<StgValue><ssdm name="p_ZZ12pyramidal_hsPA64_8ap_fixedILi16ELi6EL9ap_q_mode5EL9ap_o_mode3ELi0EES4_S4_S4_24"/><MemPortTyVec>0 3 </MemPortTyVec>
</StgValue>
</bind>
</comp>

<comp id="24" class="1001" name="const_24">
<pin_list>
<pin id="25" dir="1" index="0" bw="1" slack="0"/>
</pin_list>
<bind>
<StgValue><ssdm name=""/></StgValue>
</bind>
</comp>

<comp id="26" class="1001" name="const_26">
<pin_list>
<pin id="27" dir="1" index="0" bw="1" slack="0"/>
</pin_list>
<bind>
<StgValue><ssdm name=""/></StgValue>
</bind>
</comp>

<comp id="28" class="1001" name="const_28">
<pin_list>
<pin id="29" dir="1" index="0" bw="1" slack="0"/>
</pin_list>
<bind>
<StgValue><ssdm name=""/></StgValue>
</bind>
</comp>

<comp id="30" class="1001" name="const_30">
<pin_list>
<pin id="31" dir="1" index="0" bw="1" slack="0"/>
</pin_list>
<bind>
<StgValue><ssdm name=""/></StgValue>
</bind>
</comp>

<comp id="32" class="1001" name="const_32">
<pin_list>
<pin id="33" dir="1" index="0" bw="1" slack="0"/>
</pin_list>
<bind>
<StgValue><ssdm name=""/></StgValue>
</bind>
</comp>

<comp id="34" class="1001" name="const_34">
<pin_list>
<pin id="35" dir="1" index="0" bw="1" slack="0"/>
</pin_list>
<bind>
<StgValue><ssdm name=""/></StgValue>
</bind>
</comp>

<comp id="36" class="1001" name="const_36">
<pin_list>
<pin id="37" dir="1" index="0" bw="1" slack="0"/>
</pin_list>
<bind>
<StgValue><ssdm name=""/></StgValue>
</bind>
</comp>

<comp id="38" class="1001" name="const_38">
<pin_list>
<pin id="39" dir="1" index="0" bw="1" slack="0"/>
</pin_list>
<bind>
<StgValue><ssdm name=""/></StgValue>
</bind>
</comp>

<comp id="40" class="1001" name="const_40">
<pin_list>
<pin id="41" dir="1" index="0" bw="1" slack="0"/>
</pin_list>
<bind>
<StgValue><ssdm name=""/></StgValue>
</bind>
</comp>

<comp id="42" class="1001" name="const_42">
<pin_list>
<pin id="43" dir="1" index="0" bw="1" slack="0"/>
</pin_list>
<bind>
<StgValue><ssdm name="_ssdm_op_PartSelect.i3.i5.i32.i32"/></StgValue>
</bind>
</comp>

<comp id="44" class="1001" name="const_44">
<pin_list>
<pin id="45" dir="1" index="0" bw="1" slack="0"/>
</pin_list>
<bind>
<StgValue><ssdm name=""/></StgValue>
</bind>
</comp>

<comp id="46" class="1001" name="const_46">
<pin_list>
<pin id="47" dir="1" index="0" bw="1" slack="0"/>
</pin_list>
<bind>
<StgValue><ssdm name="_ssdm_op_PartSelect.i3.i11.i32.i32"/></StgValue>
</bind>
</comp>

<comp id="48" class="1001" name="const_48">
<pin_list>
<pin id="49" dir="1" index="0" bw="1" slack="0"/>
</pin_list>
<bind>
<StgValue><ssdm name=""/></StgValue>
</bind>
</comp>

<comp id="50" class="1001" name="const_50">
<pin_list>
<pin id="51" dir="1" index="0" bw="1" slack="0"/>
</pin_list>
<bind>
<StgValue><ssdm name=""/></StgValue>
</bind>
</comp>

<comp id="52" class="1001" name="const_52">
<pin_list>
<pin id="53" dir="1" index="0" bw="1" slack="2147483647"/>
</pin_list>
<bind>
<StgValue><ssdm name="_ssdm_op_SpecLoopName"/></StgValue>
</bind>
</comp>

<comp id="54" class="1001" name="const_54">
<pin_list>
<pin id="55" dir="1" index="0" bw="1" slack="2147483647"/>
</pin_list>
<bind>
<StgValue><ssdm name="VITIS_LOOP_110_1_VITIS_LOOP_112_2_str"/></StgValue>
</bind>
</comp>

<comp id="56" class="1001" name="const_56">
<pin_list>
<pin id="57" dir="1" index="0" bw="1" slack="2147483647"/>
</pin_list>
<bind>
<StgValue><ssdm name="_ssdm_op_SpecLoopTripCount"/></StgValue>
</bind>
</comp>

<comp id="58" class="1001" name="const_58">
<pin_list>
<pin id="59" dir="1" index="0" bw="1" slack="2147483647"/>
</pin_list>
<bind>
<StgValue><ssdm name=""/></StgValue>
</bind>
</comp>

<comp id="60" class="1001" name="const_60">
<pin_list>
<pin id="61" dir="1" index="0" bw="1" slack="2147483647"/>
</pin_list>
<bind>
<StgValue><ssdm name="_ssdm_op_SpecPipeline"/></StgValue>
</bind>
</comp>

<comp id="62" class="1001" name="const_62">
<pin_list>
<pin id="63" dir="1" index="0" bw="1" slack="2147483647"/>
</pin_list>
<bind>
<StgValue><ssdm name=""/></StgValue>
</bind>
</comp>

<comp id="64" class="1001" name="const_64">
<pin_list>
<pin id="65" dir="1" index="0" bw="1" slack="2147483647"/>
</pin_list>
<bind>
<StgValue><ssdm name=""/></StgValue>
</bind>
</comp>

<comp id="66" class="1001" name="const_66">
<pin_list>
<pin id="67" dir="1" index="0" bw="1" slack="2147483647"/>
</pin_list>
<bind>
<StgValue><ssdm name="empty_2"/></StgValue>
</bind>
</comp>

<comp id="68" class="1001" name="const_68">
<pin_list>
<pin id="69" dir="1" index="0" bw="1" slack="0"/>
</pin_list>
<bind>
<StgValue><ssdm name="_ssdm_op_BitConcatenate.i6.i3.i3"/></StgValue>
</bind>
</comp>

<comp id="70" class="1001" name="const_70">
<pin_list>
<pin id="71" dir="1" index="0" bw="1" slack="0"/>
</pin_list>
<bind>
<StgValue><ssdm name=""/></StgValue>
</bind>
</comp>

<comp id="72" class="1001" name="const_72">
<pin_list>
<pin id="73" dir="1" index="0" bw="1" slack="0"/>
</pin_list>
<bind>
<StgValue><ssdm name=""/></StgValue>
</bind>
</comp>

<comp id="74" class="1001" name="const_74">
<pin_list>
<pin id="75" dir="1" index="0" bw="1" slack="0"/>
</pin_list>
<bind>
<StgValue><ssdm name=""/></StgValue>
</bind>
</comp>

<comp id="76" class="1001" name="const_76">
<pin_list>
<pin id="77" dir="1" index="0" bw="1" slack="0"/>
</pin_list>
<bind>
<StgValue><ssdm name=""/></StgValue>
</bind>
</comp>

<comp id="78" class="1004" name="x_fu_78">
<pin_list>
<pin id="79" dir="0" index="0" bw="1" slack="0"/>
<pin id="80" dir="1" index="1" bw="5" slack="0"/>
</pin_list>
<bind>
<opcode="alloca(26) " fcode="alloca"/>
<opset="x/1 "/>
</bind>
</comp>

<comp id="82" class="1004" name="y_fu_82">
<pin_list>
<pin id="83" dir="0" index="0" bw="1" slack="0"/>
<pin id="84" dir="1" index="1" bw="5" slack="0"/>
</pin_list>
<bind>
<opcode="alloca(26) " fcode="alloca"/>
<opset="y/1 "/>
</bind>
</comp>

<comp id="86" class="1004" name="indvar_flatten_fu_86">
<pin_list>
<pin id="87" dir="0" index="0" bw="1" slack="0"/>
<pin id="88" dir="1" index="1" bw="9" slack="0"/>
</pin_list>
<bind>
<opcode="alloca(26) " fcode="alloca"/>
<opset="indvar_flatten/1 "/>
</bind>
</comp>

<comp id="90" class="1004" name="p_ZZ12pyramidal_hsPA64_8ap_fixedILi16ELi6EL9ap_q_mode5EL9ap_o_mode3ELi0EES4_S4_S4_408_gep_fu_90">
<pin_list>
<pin id="91" dir="0" index="0" bw="16" slack="0"/>
<pin id="92" dir="0" index="1" bw="1" slack="0"/>
<pin id="93" dir="0" index="2" bw="6" slack="0"/>
<pin id="94" dir="1" index="3" bw="6" slack="0"/>
</pin_list>
<bind>
<opcode="getelementptr(29) " fcode="getelementptr"/>
<opset="p_ZZ12pyramidal_hsPA64_8ap_fixedILi16ELi6EL9ap_q_mode5EL9ap_o_mode3ELi0EES4_S4_S4_408/9 "/>
</bind>
</comp>

<comp id="97" class="1004" name="p_ZZ12pyramidal_hsPA64_8ap_fixedILi16ELi6EL9ap_q_mode5EL9ap_o_mode3ELi0EES4_S4_S4_409_gep_fu_97">
<pin_list>
<pin id="98" dir="0" index="0" bw="16" slack="0"/>
<pin id="99" dir="0" index="1" bw="1" slack="0"/>
<pin id="100" dir="0" index="2" bw="6" slack="0"/>
<pin id="101" dir="1" index="3" bw="6" slack="0"/>
</pin_list>
<bind>
<opcode="getelementptr(29) " fcode="getelementptr"/>
<opset="p_ZZ12pyramidal_hsPA64_8ap_fixedILi16ELi6EL9ap_q_mode5EL9ap_o_mode3ELi0EES4_S4_S4_409/9 "/>
</bind>
</comp>

<comp id="104" class="1004" name="p_ZZ12pyramidal_hsPA64_8ap_fixedILi16ELi6EL9ap_q_mode5EL9ap_o_mode3ELi0EES4_S4_S4_410_gep_fu_104">
<pin_list>
<pin id="105" dir="0" index="0" bw="16" slack="0"/>
<pin id="106" dir="0" index="1" bw="1" slack="0"/>
<pin id="107" dir="0" index="2" bw="6" slack="0"/>
<pin id="108" dir="1" index="3" bw="6" slack="0"/>
</pin_list>
<bind>
<opcode="getelementptr(29) " fcode="getelementptr"/>
<opset="p_ZZ12pyramidal_hsPA64_8ap_fixedILi16ELi6EL9ap_q_mode5EL9ap_o_mode3ELi0EES4_S4_S4_410/9 "/>
</bind>
</comp>

<comp id="111" class="1004" name="p_ZZ12pyramidal_hsPA64_8ap_fixedILi16ELi6EL9ap_q_mode5EL9ap_o_mode3ELi0EES4_S4_S4_411_gep_fu_111">
<pin_list>
<pin id="112" dir="0" index="0" bw="16" slack="0"/>
<pin id="113" dir="0" index="1" bw="1" slack="0"/>
<pin id="114" dir="0" index="2" bw="6" slack="0"/>
<pin id="115" dir="1" index="3" bw="6" slack="0"/>
</pin_list>
<bind>
<opcode="getelementptr(29) " fcode="getelementptr"/>
<opset="p_ZZ12pyramidal_hsPA64_8ap_fixedILi16ELi6EL9ap_q_mode5EL9ap_o_mode3ELi0EES4_S4_S4_411/9 "/>
</bind>
</comp>

<comp id="118" class="1004" name="p_ZZ12pyramidal_hsPA64_8ap_fixedILi16ELi6EL9ap_q_mode5EL9ap_o_mode3ELi0EES4_S4_S4_412_gep_fu_118">
<pin_list>
<pin id="119" dir="0" index="0" bw="16" slack="0"/>
<pin id="120" dir="0" index="1" bw="1" slack="0"/>
<pin id="121" dir="0" index="2" bw="6" slack="0"/>
<pin id="122" dir="1" index="3" bw="6" slack="0"/>
</pin_list>
<bind>
<opcode="getelementptr(29) " fcode="getelementptr"/>
<opset="p_ZZ12pyramidal_hsPA64_8ap_fixedILi16ELi6EL9ap_q_mode5EL9ap_o_mode3ELi0EES4_S4_S4_412/9 "/>
</bind>
</comp>

<comp id="125" class="1004" name="p_ZZ12pyramidal_hsPA64_8ap_fixedILi16ELi6EL9ap_q_mode5EL9ap_o_mode3ELi0EES4_S4_S4_413_gep_fu_125">
<pin_list>
<pin id="126" dir="0" index="0" bw="16" slack="0"/>
<pin id="127" dir="0" index="1" bw="1" slack="0"/>
<pin id="128" dir="0" index="2" bw="6" slack="0"/>
<pin id="129" dir="1" index="3" bw="6" slack="0"/>
</pin_list>
<bind>
<opcode="getelementptr(29) " fcode="getelementptr"/>
<opset="p_ZZ12pyramidal_hsPA64_8ap_fixedILi16ELi6EL9ap_q_mode5EL9ap_o_mode3ELi0EES4_S4_S4_413/9 "/>
</bind>
</comp>

<comp id="132" class="1004" name="p_ZZ12pyramidal_hsPA64_8ap_fixedILi16ELi6EL9ap_q_mode5EL9ap_o_mode3ELi0EES4_S4_S4_414_gep_fu_132">
<pin_list>
<pin id="133" dir="0" index="0" bw="16" slack="0"/>
<pin id="134" dir="0" index="1" bw="1" slack="0"/>
<pin id="135" dir="0" index="2" bw="6" slack="0"/>
<pin id="136" dir="1" index="3" bw="6" slack="0"/>
</pin_list>
<bind>
<opcode="getelementptr(29) " fcode="getelementptr"/>
<opset="p_ZZ12pyramidal_hsPA64_8ap_fixedILi16ELi6EL9ap_q_mode5EL9ap_o_mode3ELi0EES4_S4_S4_414/9 "/>
</bind>
</comp>

<comp id="139" class="1004" name="p_ZZ12pyramidal_hsPA64_8ap_fixedILi16ELi6EL9ap_q_mode5EL9ap_o_mode3ELi0EES4_S4_S4_415_gep_fu_139">
<pin_list>
<pin id="140" dir="0" index="0" bw="16" slack="0"/>
<pin id="141" dir="0" index="1" bw="1" slack="0"/>
<pin id="142" dir="0" index="2" bw="6" slack="0"/>
<pin id="143" dir="1" index="3" bw="6" slack="0"/>
</pin_list>
<bind>
<opcode="getelementptr(29) " fcode="getelementptr"/>
<opset="p_ZZ12pyramidal_hsPA64_8ap_fixedILi16ELi6EL9ap_q_mode5EL9ap_o_mode3ELi0EES4_S4_S4_415/9 "/>
</bind>
</comp>

<comp id="146" class="1004" name="p_ZZ12pyramidal_hsPA64_8ap_fixedILi16ELi6EL9ap_q_mode5EL9ap_o_mode3ELi0EES4_S4_S4_416_gep_fu_146">
<pin_list>
<pin id="147" dir="0" index="0" bw="16" slack="0"/>
<pin id="148" dir="0" index="1" bw="1" slack="0"/>
<pin id="149" dir="0" index="2" bw="6" slack="0"/>
<pin id="150" dir="1" index="3" bw="6" slack="0"/>
</pin_list>
<bind>
<opcode="getelementptr(29) " fcode="getelementptr"/>
<opset="p_ZZ12pyramidal_hsPA64_8ap_fixedILi16ELi6EL9ap_q_mode5EL9ap_o_mode3ELi0EES4_S4_S4_416/9 "/>
</bind>
</comp>

<comp id="153" class="1004" name="p_ZZ12pyramidal_hsPA64_8ap_fixedILi16ELi6EL9ap_q_mode5EL9ap_o_mode3ELi0EES4_S4_S4_417_gep_fu_153">
<pin_list>
<pin id="154" dir="0" index="0" bw="16" slack="0"/>
<pin id="155" dir="0" index="1" bw="1" slack="0"/>
<pin id="156" dir="0" index="2" bw="6" slack="0"/>
<pin id="157" dir="1" index="3" bw="6" slack="0"/>
</pin_list>
<bind>
<opcode="getelementptr(29) " fcode="getelementptr"/>
<opset="p_ZZ12pyramidal_hsPA64_8ap_fixedILi16ELi6EL9ap_q_mode5EL9ap_o_mode3ELi0EES4_S4_S4_417/9 "/>
</bind>
</comp>

<comp id="160" class="1004" name="p_ZZ12pyramidal_hsPA64_8ap_fixedILi16ELi6EL9ap_q_mode5EL9ap_o_mode3ELi0EES4_S4_S4_418_gep_fu_160">
<pin_list>
<pin id="161" dir="0" index="0" bw="16" slack="0"/>
<pin id="162" dir="0" index="1" bw="1" slack="0"/>
<pin id="163" dir="0" index="2" bw="6" slack="0"/>
<pin id="164" dir="1" index="3" bw="6" slack="0"/>
</pin_list>
<bind>
<opcode="getelementptr(29) " fcode="getelementptr"/>
<opset="p_ZZ12pyramidal_hsPA64_8ap_fixedILi16ELi6EL9ap_q_mode5EL9ap_o_mode3ELi0EES4_S4_S4_418/9 "/>
</bind>
</comp>

<comp id="167" class="1004" name="p_ZZ12pyramidal_hsPA64_8ap_fixedILi16ELi6EL9ap_q_mode5EL9ap_o_mode3ELi0EES4_S4_S4_419_gep_fu_167">
<pin_list>
<pin id="168" dir="0" index="0" bw="16" slack="0"/>
<pin id="169" dir="0" index="1" bw="1" slack="0"/>
<pin id="170" dir="0" index="2" bw="6" slack="0"/>
<pin id="171" dir="1" index="3" bw="6" slack="0"/>
</pin_list>
<bind>
<opcode="getelementptr(29) " fcode="getelementptr"/>
<opset="p_ZZ12pyramidal_hsPA64_8ap_fixedILi16ELi6EL9ap_q_mode5EL9ap_o_mode3ELi0EES4_S4_S4_419/9 "/>
</bind>
</comp>

<comp id="174" class="1004" name="store_ln115_access_fu_174">
<pin_list>
<pin id="175" dir="0" index="0" bw="6" slack="0"/>
<pin id="176" dir="0" index="1" bw="16" slack="0"/>
<pin id="177" dir="0" index="2" bw="0" slack="2147483647"/>
<pin id="178" dir="1" index="3" bw="16" slack="2147483647"/>
</pin_list>
<bind>
<opcode="store(28) " fcode="store"/>
<opset="store_ln115/9 "/>
</bind>
</comp>

<comp id="181" class="1004" name="store_ln116_access_fu_181">
<pin_list>
<pin id="182" dir="0" index="0" bw="6" slack="0"/>
<pin id="183" dir="0" index="1" bw="16" slack="0"/>
<pin id="184" dir="0" index="2" bw="0" slack="2147483647"/>
<pin id="185" dir="1" index="3" bw="16" slack="2147483647"/>
</pin_list>
<bind>
<opcode="store(28) " fcode="store"/>
<opset="store_ln116/9 "/>
</bind>
</comp>

<comp id="188" class="1004" name="store_ln115_access_fu_188">
<pin_list>
<pin id="189" dir="0" index="0" bw="6" slack="0"/>
<pin id="190" dir="0" index="1" bw="16" slack="0"/>
<pin id="191" dir="0" index="2" bw="0" slack="2147483647"/>
<pin id="192" dir="1" index="3" bw="16" slack="2147483647"/>
</pin_list>
<bind>
<opcode="store(28) " fcode="store"/>
<opset="store_ln115/9 "/>
</bind>
</comp>

<comp id="195" class="1004" name="store_ln116_access_fu_195">
<pin_list>
<pin id="196" dir="0" index="0" bw="6" slack="0"/>
<pin id="197" dir="0" index="1" bw="16" slack="0"/>
<pin id="198" dir="0" index="2" bw="0" slack="2147483647"/>
<pin id="199" dir="1" index="3" bw="16" slack="2147483647"/>
</pin_list>
<bind>
<opcode="store(28) " fcode="store"/>
<opset="store_ln116/9 "/>
</bind>
</comp>

<comp id="202" class="1004" name="store_ln115_access_fu_202">
<pin_list>
<pin id="203" dir="0" index="0" bw="6" slack="0"/>
<pin id="204" dir="0" index="1" bw="16" slack="0"/>
<pin id="205" dir="0" index="2" bw="0" slack="2147483647"/>
<pin id="206" dir="1" index="3" bw="16" slack="2147483647"/>
</pin_list>
<bind>
<opcode="store(28) " fcode="store"/>
<opset="store_ln115/9 "/>
</bind>
</comp>

<comp id="209" class="1004" name="store_ln116_access_fu_209">
<pin_list>
<pin id="210" dir="0" index="0" bw="6" slack="0"/>
<pin id="211" dir="0" index="1" bw="16" slack="0"/>
<pin id="212" dir="0" index="2" bw="0" slack="2147483647"/>
<pin id="213" dir="1" index="3" bw="16" slack="2147483647"/>
</pin_list>
<bind>
<opcode="store(28) " fcode="store"/>
<opset="store_ln116/9 "/>
</bind>
</comp>

<comp id="216" class="1004" name="store_ln115_access_fu_216">
<pin_list>
<pin id="217" dir="0" index="0" bw="6" slack="0"/>
<pin id="218" dir="0" index="1" bw="16" slack="0"/>
<pin id="219" dir="0" index="2" bw="0" slack="2147483647"/>
<pin id="220" dir="1" index="3" bw="16" slack="2147483647"/>
</pin_list>
<bind>
<opcode="store(28) " fcode="store"/>
<opset="store_ln115/9 "/>
</bind>
</comp>

<comp id="223" class="1004" name="store_ln116_access_fu_223">
<pin_list>
<pin id="224" dir="0" index="0" bw="6" slack="0"/>
<pin id="225" dir="0" index="1" bw="16" slack="0"/>
<pin id="226" dir="0" index="2" bw="0" slack="2147483647"/>
<pin id="227" dir="1" index="3" bw="16" slack="2147483647"/>
</pin_list>
<bind>
<opcode="store(28) " fcode="store"/>
<opset="store_ln116/9 "/>
</bind>
</comp>

<comp id="230" class="1004" name="store_ln115_access_fu_230">
<pin_list>
<pin id="231" dir="0" index="0" bw="6" slack="0"/>
<pin id="232" dir="0" index="1" bw="16" slack="0"/>
<pin id="233" dir="0" index="2" bw="0" slack="2147483647"/>
<pin id="234" dir="1" index="3" bw="16" slack="2147483647"/>
</pin_list>
<bind>
<opcode="store(28) " fcode="store"/>
<opset="store_ln115/9 "/>
</bind>
</comp>

<comp id="237" class="1004" name="store_ln116_access_fu_237">
<pin_list>
<pin id="238" dir="0" index="0" bw="6" slack="0"/>
<pin id="239" dir="0" index="1" bw="16" slack="0"/>
<pin id="240" dir="0" index="2" bw="0" slack="2147483647"/>
<pin id="241" dir="1" index="3" bw="16" slack="2147483647"/>
</pin_list>
<bind>
<opcode="store(28) " fcode="store"/>
<opset="store_ln116/9 "/>
</bind>
</comp>

<comp id="244" class="1004" name="store_ln115_access_fu_244">
<pin_list>
<pin id="245" dir="0" index="0" bw="6" slack="0"/>
<pin id="246" dir="0" index="1" bw="16" slack="0"/>
<pin id="247" dir="0" index="2" bw="0" slack="2147483647"/>
<pin id="248" dir="1" index="3" bw="16" slack="2147483647"/>
</pin_list>
<bind>
<opcode="store(28) " fcode="store"/>
<opset="store_ln115/9 "/>
</bind>
</comp>

<comp id="251" class="1004" name="store_ln116_access_fu_251">
<pin_list>
<pin id="252" dir="0" index="0" bw="6" slack="0"/>
<pin id="253" dir="0" index="1" bw="16" slack="0"/>
<pin id="254" dir="0" index="2" bw="0" slack="2147483647"/>
<pin id="255" dir="1" index="3" bw="16" slack="2147483647"/>
</pin_list>
<bind>
<opcode="store(28) " fcode="store"/>
<opset="store_ln116/9 "/>
</bind>
</comp>

<comp id="258" class="1004" name="store_ln0_store_fu_258">
<pin_list>
<pin id="259" dir="0" index="0" bw="1" slack="0"/>
<pin id="260" dir="0" index="1" bw="9" slack="0"/>
<pin id="261" dir="1" index="2" bw="0" slack="2147483647"/>
</pin_list>
<bind>
<opcode="store(28) " fcode="store"/>
<opset="store_ln0/1 "/>
</bind>
</comp>

<comp id="263" class="1004" name="store_ln110_store_fu_263">
<pin_list>
<pin id="264" dir="0" index="0" bw="1" slack="0"/>
<pin id="265" dir="0" index="1" bw="5" slack="0"/>
<pin id="266" dir="1" index="2" bw="0" slack="2147483647"/>
</pin_list>
<bind>
<opcode="store(28) " fcode="store"/>
<opset="store_ln110/1 "/>
</bind>
</comp>

<comp id="268" class="1004" name="store_ln112_store_fu_268">
<pin_list>
<pin id="269" dir="0" index="0" bw="1" slack="0"/>
<pin id="270" dir="0" index="1" bw="5" slack="0"/>
<pin id="271" dir="1" index="2" bw="0" slack="2147483647"/>
</pin_list>
<bind>
<opcode="store(28) " fcode="store"/>
<opset="store_ln112/1 "/>
</bind>
</comp>

<comp id="273" class="1004" name="indvar_flatten_load_load_fu_273">
<pin_list>
<pin id="274" dir="0" index="0" bw="9" slack="0"/>
<pin id="275" dir="1" index="1" bw="9" slack="0"/>
</pin_list>
<bind>
<opcode="load(27) " fcode="load"/>
<opset="indvar_flatten_load/1 "/>
</bind>
</comp>

<comp id="276" class="1004" name="icmp_ln110_fu_276">
<pin_list>
<pin id="277" dir="0" index="0" bw="9" slack="0"/>
<pin id="278" dir="0" index="1" bw="9" slack="0"/>
<pin id="279" dir="1" index="2" bw="1" slack="7"/>
</pin_list>
<bind>
<opcode="icmp(45) " fcode="icmp"/>
<opset="icmp_ln110/1 "/>
</bind>
</comp>

<comp id="282" class="1004" name="add_ln110_1_fu_282">
<pin_list>
<pin id="283" dir="0" index="0" bw="9" slack="0"/>
<pin id="284" dir="0" index="1" bw="1" slack="0"/>
<pin id="285" dir="1" index="2" bw="9" slack="0"/>
</pin_list>
<bind>
<opcode="add(8) " fcode="add"/>
<opset="add_ln110_1/1 "/>
</bind>
</comp>

<comp id="288" class="1004" name="x_load_load_fu_288">
<pin_list>
<pin id="289" dir="0" index="0" bw="5" slack="0"/>
<pin id="290" dir="1" index="1" bw="5" slack="0"/>
</pin_list>
<bind>
<opcode="load(27) " fcode="load"/>
<opset="x_load/1 "/>
</bind>
</comp>

<comp id="291" class="1004" name="y_load_load_fu_291">
<pin_list>
<pin id="292" dir="0" index="0" bw="5" slack="0"/>
<pin id="293" dir="1" index="1" bw="5" slack="0"/>
</pin_list>
<bind>
<opcode="load(27) " fcode="load"/>
<opset="y_load/1 "/>
</bind>
</comp>

<comp id="294" class="1004" name="add_ln110_fu_294">
<pin_list>
<pin id="295" dir="0" index="0" bw="5" slack="0"/>
<pin id="296" dir="0" index="1" bw="1" slack="0"/>
<pin id="297" dir="1" index="2" bw="5" slack="0"/>
</pin_list>
<bind>
<opcode="add(8) " fcode="add"/>
<opset="add_ln110/1 "/>
</bind>
</comp>

<comp id="300" class="1004" name="icmp_ln112_fu_300">
<pin_list>
<pin id="301" dir="0" index="0" bw="5" slack="0"/>
<pin id="302" dir="0" index="1" bw="5" slack="0"/>
<pin id="303" dir="1" index="2" bw="1" slack="0"/>
</pin_list>
<bind>
<opcode="icmp(45) " fcode="icmp"/>
<opset="icmp_ln112/1 "/>
</bind>
</comp>

<comp id="306" class="1004" name="select_ln110_fu_306">
<pin_list>
<pin id="307" dir="0" index="0" bw="1" slack="0"/>
<pin id="308" dir="0" index="1" bw="1" slack="0"/>
<pin id="309" dir="0" index="2" bw="5" slack="0"/>
<pin id="310" dir="1" index="3" bw="5" slack="0"/>
</pin_list>
<bind>
<opcode="select(49) " fcode="select"/>
<opset="select_ln110/1 "/>
</bind>
</comp>

<comp id="314" class="1004" name="select_ln110_1_fu_314">
<pin_list>
<pin id="315" dir="0" index="0" bw="1" slack="0"/>
<pin id="316" dir="0" index="1" bw="5" slack="0"/>
<pin id="317" dir="0" index="2" bw="5" slack="0"/>
<pin id="318" dir="1" index="3" bw="5" slack="0"/>
</pin_list>
<bind>
<opcode="select(49) " fcode="select"/>
<opset="select_ln110_1/1 "/>
</bind>
</comp>

<comp id="322" class="1004" name="zext_ln110_fu_322">
<pin_list>
<pin id="323" dir="0" index="0" bw="5" slack="0"/>
<pin id="324" dir="1" index="1" bw="11" slack="0"/>
</pin_list>
<bind>
<opcode="zext(34) " fcode="zext"/>
<opset="zext_ln110/1 "/>
</bind>
</comp>

<comp id="326" class="1004" name="mul_ln110_fu_326">
<pin_list>
<pin id="327" dir="0" index="0" bw="5" slack="0"/>
<pin id="328" dir="0" index="1" bw="7" slack="0"/>
<pin id="329" dir="1" index="2" bw="11" slack="0"/>
</pin_list>
<bind>
<opcode="mul(12) " fcode="mul"/>
<opset="mul_ln110/1 "/>
</bind>
</comp>

<comp id="332" class="1004" name="grp_fu_332">
<pin_list>
<pin id="333" dir="0" index="0" bw="5" slack="0"/>
<pin id="334" dir="0" index="1" bw="3" slack="0"/>
<pin id="335" dir="1" index="2" bw="2" slack="0"/>
</pin_list>
<bind>
<opcode="urem(17) " fcode="urem"/>
<opset="urem_ln110/1 "/>
</bind>
</comp>

<comp id="338" class="1004" name="trunc_ln112_fu_338">
<pin_list>
<pin id="339" dir="0" index="0" bw="5" slack="0"/>
<pin id="340" dir="1" index="1" bw="1" slack="8"/>
</pin_list>
<bind>
<opcode="trunc(33) " fcode="trunc"/>
<opset="trunc_ln112/1 "/>
</bind>
</comp>

<comp id="342" class="1004" name="lshr_ln_fu_342">
<pin_list>
<pin id="343" dir="0" index="0" bw="3" slack="0"/>
<pin id="344" dir="0" index="1" bw="5" slack="0"/>
<pin id="345" dir="0" index="2" bw="1" slack="0"/>
<pin id="346" dir="0" index="3" bw="3" slack="0"/>
<pin id="347" dir="1" index="4" bw="3" slack="8"/>
</pin_list>
<bind>
<opcode="partselect(1002) " fcode="partselect"/>
<opset="lshr_ln/1 "/>
</bind>
</comp>

<comp id="352" class="1004" name="tmp_86_cast_fu_352">
<pin_list>
<pin id="353" dir="0" index="0" bw="3" slack="0"/>
<pin id="354" dir="0" index="1" bw="11" slack="0"/>
<pin id="355" dir="0" index="2" bw="4" slack="0"/>
<pin id="356" dir="0" index="3" bw="5" slack="0"/>
<pin id="357" dir="1" index="4" bw="3" slack="8"/>
</pin_list>
<bind>
<opcode="partselect(1002) " fcode="partselect"/>
<opset="tmp_86_cast/1 "/>
</bind>
</comp>

<comp id="362" class="1004" name="add_ln112_fu_362">
<pin_list>
<pin id="363" dir="0" index="0" bw="5" slack="0"/>
<pin id="364" dir="0" index="1" bw="1" slack="0"/>
<pin id="365" dir="1" index="2" bw="5" slack="0"/>
</pin_list>
<bind>
<opcode="add(8) " fcode="add"/>
<opset="add_ln112/1 "/>
</bind>
</comp>

<comp id="368" class="1004" name="store_ln110_store_fu_368">
<pin_list>
<pin id="369" dir="0" index="0" bw="9" slack="0"/>
<pin id="370" dir="0" index="1" bw="9" slack="0"/>
<pin id="371" dir="1" index="2" bw="0" slack="2147483647"/>
</pin_list>
<bind>
<opcode="store(28) " fcode="store"/>
<opset="store_ln110/1 "/>
</bind>
</comp>

<comp id="373" class="1004" name="store_ln110_store_fu_373">
<pin_list>
<pin id="374" dir="0" index="0" bw="5" slack="0"/>
<pin id="375" dir="0" index="1" bw="5" slack="0"/>
<pin id="376" dir="1" index="2" bw="0" slack="2147483647"/>
</pin_list>
<bind>
<opcode="store(28) " fcode="store"/>
<opset="store_ln110/1 "/>
</bind>
</comp>

<comp id="378" class="1004" name="store_ln112_store_fu_378">
<pin_list>
<pin id="379" dir="0" index="0" bw="5" slack="0"/>
<pin id="380" dir="0" index="1" bw="5" slack="0"/>
<pin id="381" dir="1" index="2" bw="0" slack="2147483647"/>
</pin_list>
<bind>
<opcode="store(28) " fcode="store"/>
<opset="store_ln112/1 "/>
</bind>
</comp>

<comp id="383" class="1004" name="trunc_ln110_fu_383">
<pin_list>
<pin id="384" dir="0" index="0" bw="2" slack="0"/>
<pin id="385" dir="1" index="1" bw="2" slack="0"/>
</pin_list>
<bind>
<opcode="trunc(33) " fcode="trunc"/>
<opset="trunc_ln110/9 "/>
</bind>
</comp>

<comp id="387" class="1004" name="tmp_s_fu_387">
<pin_list>
<pin id="388" dir="0" index="0" bw="6" slack="0"/>
<pin id="389" dir="0" index="1" bw="3" slack="8"/>
<pin id="390" dir="0" index="2" bw="3" slack="8"/>
<pin id="391" dir="1" index="3" bw="6" slack="0"/>
</pin_list>
<bind>
<opcode="bitconcatenate(1004) " fcode="bitconcatenate"/>
<opset="tmp_s/9 "/>
</bind>
</comp>

<comp id="393" class="1004" name="zext_ln115_fu_393">
<pin_list>
<pin id="394" dir="0" index="0" bw="6" slack="0"/>
<pin id="395" dir="1" index="1" bw="64" slack="0"/>
</pin_list>
<bind>
<opcode="zext(34) " fcode="zext"/>
<opset="zext_ln115/9 "/>
</bind>
</comp>

<comp id="409" class="1004" name="switch_ln115_fu_409">
<pin_list>
<pin id="410" dir="0" index="0" bw="2" slack="0"/>
<pin id="411" dir="0" index="1" bw="1" slack="0"/>
<pin id="412" dir="0" index="2" bw="1" slack="0"/>
<pin id="413" dir="1" index="3" bw="0" slack="2147483647"/>
</pin_list>
<bind>
<opcode="switch(3) " fcode="switch"/>
<opset="switch_ln115/9 "/>
</bind>
</comp>

<comp id="417" class="1005" name="x_reg_417">
<pin_list>
<pin id="418" dir="0" index="0" bw="5" slack="0"/>
<pin id="419" dir="1" index="1" bw="5" slack="0"/>
</pin_list>
<bind>
<opset="x "/>
</bind>
</comp>

<comp id="424" class="1005" name="y_reg_424">
<pin_list>
<pin id="425" dir="0" index="0" bw="5" slack="0"/>
<pin id="426" dir="1" index="1" bw="5" slack="0"/>
</pin_list>
<bind>
<opset="y "/>
</bind>
</comp>

<comp id="431" class="1005" name="indvar_flatten_reg_431">
<pin_list>
<pin id="432" dir="0" index="0" bw="9" slack="0"/>
<pin id="433" dir="1" index="1" bw="9" slack="0"/>
</pin_list>
<bind>
<opset="indvar_flatten "/>
</bind>
</comp>

<comp id="438" class="1005" name="icmp_ln110_reg_438">
<pin_list>
<pin id="439" dir="0" index="0" bw="1" slack="7"/>
<pin id="440" dir="1" index="1" bw="1" slack="2147483647"/>
</pin_list>
<bind>
<opset="icmp_ln110 "/>
</bind>
</comp>

<comp id="442" class="1005" name="select_ln110_1_reg_442">
<pin_list>
<pin id="443" dir="0" index="0" bw="5" slack="1"/>
<pin id="444" dir="1" index="1" bw="5" slack="1"/>
</pin_list>
<bind>
<opset="select_ln110_1 "/>
</bind>
</comp>

<comp id="447" class="1005" name="trunc_ln112_reg_447">
<pin_list>
<pin id="448" dir="0" index="0" bw="1" slack="8"/>
<pin id="449" dir="1" index="1" bw="1" slack="2147483647"/>
</pin_list>
<bind>
<opset="trunc_ln112 "/>
</bind>
</comp>

<comp id="451" class="1005" name="lshr_ln_reg_451">
<pin_list>
<pin id="452" dir="0" index="0" bw="3" slack="8"/>
<pin id="453" dir="1" index="1" bw="3" slack="8"/>
</pin_list>
<bind>
<opset="lshr_ln "/>
</bind>
</comp>

<comp id="456" class="1005" name="tmp_86_cast_reg_456">
<pin_list>
<pin id="457" dir="0" index="0" bw="3" slack="8"/>
<pin id="458" dir="1" index="1" bw="3" slack="8"/>
</pin_list>
<bind>
<opset="tmp_86_cast "/>
</bind>
</comp>

</comp_list>

<net_list>
<net id="81"><net_src comp="24" pin="0"/><net_sink comp="78" pin=0"/></net>

<net id="85"><net_src comp="24" pin="0"/><net_sink comp="82" pin=0"/></net>

<net id="89"><net_src comp="24" pin="0"/><net_sink comp="86" pin=0"/></net>

<net id="95"><net_src comp="0" pin="0"/><net_sink comp="90" pin=0"/></net>

<net id="96"><net_src comp="70" pin="0"/><net_sink comp="90" pin=1"/></net>

<net id="102"><net_src comp="4" pin="0"/><net_sink comp="97" pin=0"/></net>

<net id="103"><net_src comp="70" pin="0"/><net_sink comp="97" pin=1"/></net>

<net id="109"><net_src comp="8" pin="0"/><net_sink comp="104" pin=0"/></net>

<net id="110"><net_src comp="70" pin="0"/><net_sink comp="104" pin=1"/></net>

<net id="116"><net_src comp="12" pin="0"/><net_sink comp="111" pin=0"/></net>

<net id="117"><net_src comp="70" pin="0"/><net_sink comp="111" pin=1"/></net>

<net id="123"><net_src comp="16" pin="0"/><net_sink comp="118" pin=0"/></net>

<net id="124"><net_src comp="70" pin="0"/><net_sink comp="118" pin=1"/></net>

<net id="130"><net_src comp="20" pin="0"/><net_sink comp="125" pin=0"/></net>

<net id="131"><net_src comp="70" pin="0"/><net_sink comp="125" pin=1"/></net>

<net id="137"><net_src comp="2" pin="0"/><net_sink comp="132" pin=0"/></net>

<net id="138"><net_src comp="70" pin="0"/><net_sink comp="132" pin=1"/></net>

<net id="144"><net_src comp="6" pin="0"/><net_sink comp="139" pin=0"/></net>

<net id="145"><net_src comp="70" pin="0"/><net_sink comp="139" pin=1"/></net>

<net id="151"><net_src comp="10" pin="0"/><net_sink comp="146" pin=0"/></net>

<net id="152"><net_src comp="70" pin="0"/><net_sink comp="146" pin=1"/></net>

<net id="158"><net_src comp="14" pin="0"/><net_sink comp="153" pin=0"/></net>

<net id="159"><net_src comp="70" pin="0"/><net_sink comp="153" pin=1"/></net>

<net id="165"><net_src comp="18" pin="0"/><net_sink comp="160" pin=0"/></net>

<net id="166"><net_src comp="70" pin="0"/><net_sink comp="160" pin=1"/></net>

<net id="172"><net_src comp="22" pin="0"/><net_sink comp="167" pin=0"/></net>

<net id="173"><net_src comp="70" pin="0"/><net_sink comp="167" pin=1"/></net>

<net id="179"><net_src comp="76" pin="0"/><net_sink comp="174" pin=1"/></net>

<net id="180"><net_src comp="104" pin="3"/><net_sink comp="174" pin=0"/></net>

<net id="186"><net_src comp="76" pin="0"/><net_sink comp="181" pin=1"/></net>

<net id="187"><net_src comp="146" pin="3"/><net_sink comp="181" pin=0"/></net>

<net id="193"><net_src comp="76" pin="0"/><net_sink comp="188" pin=1"/></net>

<net id="194"><net_src comp="111" pin="3"/><net_sink comp="188" pin=0"/></net>

<net id="200"><net_src comp="76" pin="0"/><net_sink comp="195" pin=1"/></net>

<net id="201"><net_src comp="153" pin="3"/><net_sink comp="195" pin=0"/></net>

<net id="207"><net_src comp="76" pin="0"/><net_sink comp="202" pin=1"/></net>

<net id="208"><net_src comp="90" pin="3"/><net_sink comp="202" pin=0"/></net>

<net id="214"><net_src comp="76" pin="0"/><net_sink comp="209" pin=1"/></net>

<net id="215"><net_src comp="132" pin="3"/><net_sink comp="209" pin=0"/></net>

<net id="221"><net_src comp="76" pin="0"/><net_sink comp="216" pin=1"/></net>

<net id="222"><net_src comp="97" pin="3"/><net_sink comp="216" pin=0"/></net>

<net id="228"><net_src comp="76" pin="0"/><net_sink comp="223" pin=1"/></net>

<net id="229"><net_src comp="139" pin="3"/><net_sink comp="223" pin=0"/></net>

<net id="235"><net_src comp="76" pin="0"/><net_sink comp="230" pin=1"/></net>

<net id="236"><net_src comp="118" pin="3"/><net_sink comp="230" pin=0"/></net>

<net id="242"><net_src comp="76" pin="0"/><net_sink comp="237" pin=1"/></net>

<net id="243"><net_src comp="160" pin="3"/><net_sink comp="237" pin=0"/></net>

<net id="249"><net_src comp="76" pin="0"/><net_sink comp="244" pin=1"/></net>

<net id="250"><net_src comp="125" pin="3"/><net_sink comp="244" pin=0"/></net>

<net id="256"><net_src comp="76" pin="0"/><net_sink comp="251" pin=1"/></net>

<net id="257"><net_src comp="167" pin="3"/><net_sink comp="251" pin=0"/></net>

<net id="262"><net_src comp="26" pin="0"/><net_sink comp="258" pin=0"/></net>

<net id="267"><net_src comp="28" pin="0"/><net_sink comp="263" pin=0"/></net>

<net id="272"><net_src comp="28" pin="0"/><net_sink comp="268" pin=0"/></net>

<net id="280"><net_src comp="273" pin="1"/><net_sink comp="276" pin=0"/></net>

<net id="281"><net_src comp="30" pin="0"/><net_sink comp="276" pin=1"/></net>

<net id="286"><net_src comp="273" pin="1"/><net_sink comp="282" pin=0"/></net>

<net id="287"><net_src comp="32" pin="0"/><net_sink comp="282" pin=1"/></net>

<net id="298"><net_src comp="291" pin="1"/><net_sink comp="294" pin=0"/></net>

<net id="299"><net_src comp="34" pin="0"/><net_sink comp="294" pin=1"/></net>

<net id="304"><net_src comp="288" pin="1"/><net_sink comp="300" pin=0"/></net>

<net id="305"><net_src comp="36" pin="0"/><net_sink comp="300" pin=1"/></net>

<net id="311"><net_src comp="300" pin="2"/><net_sink comp="306" pin=0"/></net>

<net id="312"><net_src comp="28" pin="0"/><net_sink comp="306" pin=1"/></net>

<net id="313"><net_src comp="288" pin="1"/><net_sink comp="306" pin=2"/></net>

<net id="319"><net_src comp="300" pin="2"/><net_sink comp="314" pin=0"/></net>

<net id="320"><net_src comp="294" pin="2"/><net_sink comp="314" pin=1"/></net>

<net id="321"><net_src comp="291" pin="1"/><net_sink comp="314" pin=2"/></net>

<net id="325"><net_src comp="314" pin="3"/><net_sink comp="322" pin=0"/></net>

<net id="330"><net_src comp="322" pin="1"/><net_sink comp="326" pin=0"/></net>

<net id="331"><net_src comp="38" pin="0"/><net_sink comp="326" pin=1"/></net>

<net id="336"><net_src comp="314" pin="3"/><net_sink comp="332" pin=0"/></net>

<net id="337"><net_src comp="40" pin="0"/><net_sink comp="332" pin=1"/></net>

<net id="341"><net_src comp="306" pin="3"/><net_sink comp="338" pin=0"/></net>

<net id="348"><net_src comp="42" pin="0"/><net_sink comp="342" pin=0"/></net>

<net id="349"><net_src comp="306" pin="3"/><net_sink comp="342" pin=1"/></net>

<net id="350"><net_src comp="24" pin="0"/><net_sink comp="342" pin=2"/></net>

<net id="351"><net_src comp="44" pin="0"/><net_sink comp="342" pin=3"/></net>

<net id="358"><net_src comp="46" pin="0"/><net_sink comp="352" pin=0"/></net>

<net id="359"><net_src comp="326" pin="2"/><net_sink comp="352" pin=1"/></net>

<net id="360"><net_src comp="48" pin="0"/><net_sink comp="352" pin=2"/></net>

<net id="361"><net_src comp="50" pin="0"/><net_sink comp="352" pin=3"/></net>

<net id="366"><net_src comp="306" pin="3"/><net_sink comp="362" pin=0"/></net>

<net id="367"><net_src comp="34" pin="0"/><net_sink comp="362" pin=1"/></net>

<net id="372"><net_src comp="282" pin="2"/><net_sink comp="368" pin=0"/></net>

<net id="377"><net_src comp="314" pin="3"/><net_sink comp="373" pin=0"/></net>

<net id="382"><net_src comp="362" pin="2"/><net_sink comp="378" pin=0"/></net>

<net id="386"><net_src comp="332" pin="2"/><net_sink comp="383" pin=0"/></net>

<net id="392"><net_src comp="68" pin="0"/><net_sink comp="387" pin=0"/></net>

<net id="396"><net_src comp="387" pin="3"/><net_sink comp="393" pin=0"/></net>

<net id="397"><net_src comp="393" pin="1"/><net_sink comp="90" pin=2"/></net>

<net id="398"><net_src comp="393" pin="1"/><net_sink comp="97" pin=2"/></net>

<net id="399"><net_src comp="393" pin="1"/><net_sink comp="104" pin=2"/></net>

<net id="400"><net_src comp="393" pin="1"/><net_sink comp="111" pin=2"/></net>

<net id="401"><net_src comp="393" pin="1"/><net_sink comp="118" pin=2"/></net>

<net id="402"><net_src comp="393" pin="1"/><net_sink comp="125" pin=2"/></net>

<net id="403"><net_src comp="393" pin="1"/><net_sink comp="132" pin=2"/></net>

<net id="404"><net_src comp="393" pin="1"/><net_sink comp="139" pin=2"/></net>

<net id="405"><net_src comp="393" pin="1"/><net_sink comp="146" pin=2"/></net>

<net id="406"><net_src comp="393" pin="1"/><net_sink comp="153" pin=2"/></net>

<net id="407"><net_src comp="393" pin="1"/><net_sink comp="160" pin=2"/></net>

<net id="408"><net_src comp="393" pin="1"/><net_sink comp="167" pin=2"/></net>

<net id="414"><net_src comp="383" pin="1"/><net_sink comp="409" pin=0"/></net>

<net id="415"><net_src comp="72" pin="0"/><net_sink comp="409" pin=1"/></net>

<net id="416"><net_src comp="74" pin="0"/><net_sink comp="409" pin=2"/></net>

<net id="420"><net_src comp="78" pin="1"/><net_sink comp="417" pin=0"/></net>

<net id="421"><net_src comp="417" pin="1"/><net_sink comp="268" pin=1"/></net>

<net id="422"><net_src comp="417" pin="1"/><net_sink comp="288" pin=0"/></net>

<net id="423"><net_src comp="417" pin="1"/><net_sink comp="378" pin=1"/></net>

<net id="427"><net_src comp="82" pin="1"/><net_sink comp="424" pin=0"/></net>

<net id="428"><net_src comp="424" pin="1"/><net_sink comp="263" pin=1"/></net>

<net id="429"><net_src comp="424" pin="1"/><net_sink comp="291" pin=0"/></net>

<net id="430"><net_src comp="424" pin="1"/><net_sink comp="373" pin=1"/></net>

<net id="434"><net_src comp="86" pin="1"/><net_sink comp="431" pin=0"/></net>

<net id="435"><net_src comp="431" pin="1"/><net_sink comp="258" pin=1"/></net>

<net id="436"><net_src comp="431" pin="1"/><net_sink comp="273" pin=0"/></net>

<net id="437"><net_src comp="431" pin="1"/><net_sink comp="368" pin=1"/></net>

<net id="441"><net_src comp="276" pin="2"/><net_sink comp="438" pin=0"/></net>

<net id="445"><net_src comp="314" pin="3"/><net_sink comp="442" pin=0"/></net>

<net id="446"><net_src comp="442" pin="1"/><net_sink comp="332" pin=0"/></net>

<net id="450"><net_src comp="338" pin="1"/><net_sink comp="447" pin=0"/></net>

<net id="454"><net_src comp="342" pin="4"/><net_sink comp="451" pin=0"/></net>

<net id="455"><net_src comp="451" pin="1"/><net_sink comp="387" pin=2"/></net>

<net id="459"><net_src comp="352" pin="4"/><net_sink comp="456" pin=0"/></net>

<net id="460"><net_src comp="456" pin="1"/><net_sink comp="387" pin=1"/></net>

</net_list>

</model> 
---------------- Datapath Model END ------------------

* FSMD analyzer results:
  - Output states:
	Port: p_ZZ12pyramidal_hsPA64_8ap_fixedILi16ELi6EL9ap_q_mode5EL9ap_o_mode3ELi0EES4_S4_S4_41 | {9 }
	Port: p_ZZ12pyramidal_hsPA64_8ap_fixedILi16ELi6EL9ap_q_mode5EL9ap_o_mode3ELi0EES4_S4_S4_29 | {9 }
	Port: p_ZZ12pyramidal_hsPA64_8ap_fixedILi16ELi6EL9ap_q_mode5EL9ap_o_mode3ELi0EES4_S4_S4_40 | {9 }
	Port: p_ZZ12pyramidal_hsPA64_8ap_fixedILi16ELi6EL9ap_q_mode5EL9ap_o_mode3ELi0EES4_S4_S4_28 | {9 }
	Port: p_ZZ12pyramidal_hsPA64_8ap_fixedILi16ELi6EL9ap_q_mode5EL9ap_o_mode3ELi0EES4_S4_S4_39 | {9 }
	Port: p_ZZ12pyramidal_hsPA64_8ap_fixedILi16ELi6EL9ap_q_mode5EL9ap_o_mode3ELi0EES4_S4_S4_27 | {9 }
	Port: p_ZZ12pyramidal_hsPA64_8ap_fixedILi16ELi6EL9ap_q_mode5EL9ap_o_mode3ELi0EES4_S4_S4_38 | {9 }
	Port: p_ZZ12pyramidal_hsPA64_8ap_fixedILi16ELi6EL9ap_q_mode5EL9ap_o_mode3ELi0EES4_S4_S4_26 | {9 }
	Port: p_ZZ12pyramidal_hsPA64_8ap_fixedILi16ELi6EL9ap_q_mode5EL9ap_o_mode3ELi0EES4_S4_S4_37 | {9 }
	Port: p_ZZ12pyramidal_hsPA64_8ap_fixedILi16ELi6EL9ap_q_mode5EL9ap_o_mode3ELi0EES4_S4_S4_25 | {9 }
	Port: p_ZZ12pyramidal_hsPA64_8ap_fixedILi16ELi6EL9ap_q_mode5EL9ap_o_mode3ELi0EES4_S4_S4_36 | {9 }
	Port: p_ZZ12pyramidal_hsPA64_8ap_fixedILi16ELi6EL9ap_q_mode5EL9ap_o_mode3ELi0EES4_S4_S4_24 | {9 }
 - Input state : 
  - Chain level:
	State 1
		store_ln0 : 1
		store_ln110 : 1
		store_ln112 : 1
		indvar_flatten_load : 1
		icmp_ln110 : 2
		add_ln110_1 : 2
		br_ln110 : 3
		x_load : 1
		y_load : 1
		add_ln110 : 2
		icmp_ln112 : 2
		select_ln110 : 3
		select_ln110_1 : 3
		zext_ln110 : 4
		mul_ln110 : 5
		urem_ln110 : 4
		trunc_ln112 : 4
		lshr_ln : 4
		tmp_86_cast : 6
		add_ln112 : 4
		store_ln110 : 3
		store_ln110 : 4
		store_ln112 : 5
	State 2
	State 3
	State 4
	State 5
	State 6
	State 7
	State 8
	State 9
		trunc_ln110 : 1
		zext_ln115 : 1
		p_ZZ12pyramidal_hsPA64_8ap_fixedILi16ELi6EL9ap_q_mode5EL9ap_o_mode3ELi0EES4_S4_S4_408 : 2
		p_ZZ12pyramidal_hsPA64_8ap_fixedILi16ELi6EL9ap_q_mode5EL9ap_o_mode3ELi0EES4_S4_S4_409 : 2
		p_ZZ12pyramidal_hsPA64_8ap_fixedILi16ELi6EL9ap_q_mode5EL9ap_o_mode3ELi0EES4_S4_S4_410 : 2
		p_ZZ12pyramidal_hsPA64_8ap_fixedILi16ELi6EL9ap_q_mode5EL9ap_o_mode3ELi0EES4_S4_S4_411 : 2
		p_ZZ12pyramidal_hsPA64_8ap_fixedILi16ELi6EL9ap_q_mode5EL9ap_o_mode3ELi0EES4_S4_S4_412 : 2
		p_ZZ12pyramidal_hsPA64_8ap_fixedILi16ELi6EL9ap_q_mode5EL9ap_o_mode3ELi0EES4_S4_S4_413 : 2
		p_ZZ12pyramidal_hsPA64_8ap_fixedILi16ELi6EL9ap_q_mode5EL9ap_o_mode3ELi0EES4_S4_S4_414 : 2
		p_ZZ12pyramidal_hsPA64_8ap_fixedILi16ELi6EL9ap_q_mode5EL9ap_o_mode3ELi0EES4_S4_S4_415 : 2
		p_ZZ12pyramidal_hsPA64_8ap_fixedILi16ELi6EL9ap_q_mode5EL9ap_o_mode3ELi0EES4_S4_S4_416 : 2
		p_ZZ12pyramidal_hsPA64_8ap_fixedILi16ELi6EL9ap_q_mode5EL9ap_o_mode3ELi0EES4_S4_S4_417 : 2
		p_ZZ12pyramidal_hsPA64_8ap_fixedILi16ELi6EL9ap_q_mode5EL9ap_o_mode3ELi0EES4_S4_S4_418 : 2
		p_ZZ12pyramidal_hsPA64_8ap_fixedILi16ELi6EL9ap_q_mode5EL9ap_o_mode3ELi0EES4_S4_S4_419 : 2
		switch_ln115 : 2
		store_ln115 : 3
		store_ln116 : 3
		store_ln115 : 3
		store_ln116 : 3
		store_ln115 : 3
		store_ln116 : 3
		store_ln115 : 3
		store_ln116 : 3
		store_ln115 : 3
		store_ln116 : 3
		store_ln115 : 3
		store_ln116 : 3


============================================================
+ Verbose Summary: Datapath Resource usage 
============================================================

* Functional unit list:
|----------|-----------------------|---------|---------|---------|
| Operation|    Functional Unit    |   DSP   |    FF   |   LUT   |
|----------|-----------------------|---------|---------|---------|
|   urem   |       grp_fu_332      |    0    |    99   |    55   |
|----------|-----------------------|---------|---------|---------|
|          |   add_ln110_1_fu_282  |    0    |    0    |    16   |
|    add   |    add_ln110_fu_294   |    0    |    0    |    13   |
|          |    add_ln112_fu_362   |    0    |    0    |    13   |
|----------|-----------------------|---------|---------|---------|
|    mul   |    mul_ln110_fu_326   |    0    |    0    |    32   |
|----------|-----------------------|---------|---------|---------|
|   icmp   |   icmp_ln110_fu_276   |    0    |    0    |    16   |
|          |   icmp_ln112_fu_300   |    0    |    0    |    13   |
|----------|-----------------------|---------|---------|---------|
|  select  |  select_ln110_fu_306  |    0    |    0    |    5    |
|          | select_ln110_1_fu_314 |    0    |    0    |    5    |
|----------|-----------------------|---------|---------|---------|
|   zext   |   zext_ln110_fu_322   |    0    |    0    |    0    |
|          |   zext_ln115_fu_393   |    0    |    0    |    0    |
|----------|-----------------------|---------|---------|---------|
|   trunc  |   trunc_ln112_fu_338  |    0    |    0    |    0    |
|          |   trunc_ln110_fu_383  |    0    |    0    |    0    |
|----------|-----------------------|---------|---------|---------|
|partselect|     lshr_ln_fu_342    |    0    |    0    |    0    |
|          |   tmp_86_cast_fu_352  |    0    |    0    |    0    |
|----------|-----------------------|---------|---------|---------|
|bitconcatenate|      tmp_s_fu_387     |    0    |    0    |    0    |
|----------|-----------------------|---------|---------|---------|
|  switch  |  switch_ln115_fu_409  |    0    |    0    |    0    |
|----------|-----------------------|---------|---------|---------|
|   Total  |                       |    0    |    99   |   168   |
|----------|-----------------------|---------|---------|---------|

Memories:
N/A

* Register list:
+----------------------+--------+
|                      |   FF   |
+----------------------+--------+
|  icmp_ln110_reg_438  |    1   |
|indvar_flatten_reg_431|    9   |
|    lshr_ln_reg_451   |    3   |
|select_ln110_1_reg_442|    5   |
|  tmp_86_cast_reg_456 |    3   |
|  trunc_ln112_reg_447 |    1   |
|       x_reg_417      |    5   |
|       y_reg_424      |    5   |
+----------------------+--------+
|         Total        |   32   |
+----------------------+--------+

* Multiplexer (MUX) list: 
|------------|------|------|------|--------||---------||---------||---------|
|    Comp    |  Pin | Size |  BW  | S x BW ||  Delay  ||    FF   ||   LUT   |
|------------|------|------|------|--------||---------||---------||---------|
| grp_fu_332 |  p0  |   2  |   5  |   10   ||    0    ||    9    |
|------------|------|------|------|--------||---------||---------||---------|
|    Total   |      |      |      |   10   ||  1.029  ||    0    ||    9    |
|------------|------|------|------|--------||---------||---------||---------|



* Summary:
+-----------+--------+--------+--------+--------+
|           |   DSP  |  Delay |   FF   |   LUT  |
+-----------+--------+--------+--------+--------+
|  Function |    0   |    -   |   99   |   168  |
|   Memory  |    -   |    -   |    -   |    -   |
|Multiplexer|    -   |    1   |    0   |    9   |
|  Register |    -   |    -   |   32   |    -   |
+-----------+--------+--------+--------+--------+
|   Total   |    0   |    1   |   131  |   177  |
+-----------+--------+--------+--------+--------+
