

================================================================
== Vitis HLS Report for 'horn_schunck_16'
================================================================
* Date:           Thu Dec 18 23:21:37 2025

* Version:        2025.2 (Build 6295257 on Nov 12 2025)
* Project:        pyramidal_hs
* Solution:       hls (Vivado IP Flow Target)
* Product family: kintex7
* Target device:  xc7k70t-fbg484-1


================================================================
== Performance Estimates
================================================================
+ Timing: 
    * Summary: 
    +--------+----------+-----------+------------+
    |  Clock |  Target  | Estimated | Uncertainty|
    +--------+----------+-----------+------------+
    |ap_clk  |  10.00 ns|  27.938 ns|     2.70 ns|
    +--------+----------+-----------+------------+

+ Latency: 
    * Summary: 
    +---------+---------+----------+----------+-------+-------+---------+
    |  Latency (cycles) |  Latency (absolute) |    Interval   | Pipeline|
    |   min   |   max   |    min   |    max   |  min  |  max  |   Type  |
    +---------+---------+----------+----------+-------+-------+---------+
    |    55207|    55207|  1.542 ms|  1.542 ms|  55207|  55207|       no|
    +---------+---------+----------+----------+-------+-------+---------+

    + Detail: 
        * Instance: 
        +----------------------------------------------------------------------+------------------------------------------------------------+---------+---------+----------+----------+-----+-----+-------------------+
        |                                                                      |                                                            |  Latency (cycles) |  Latency (absolute) |  Interval |      Pipeline     |
        |                               Instance                               |                           Module                           |   min   |   max   |    min   |    max   | min | max |        Type       |
        +----------------------------------------------------------------------+------------------------------------------------------------+---------+---------+----------+----------+-----+-----+-------------------+
        |grp_horn_schunck_16_Pipeline_VITIS_LOOP_110_1_VITIS_LOOP_112_2_fu_54  |horn_schunck_16_Pipeline_VITIS_LOOP_110_1_VITIS_LOOP_112_2  |      265|      265|  2.650 us|  2.650 us|    0|    0|  loop pipeline stp|
        |grp_horn_schunck_16_Pipeline_VITIS_LOOP_123_4_VITIS_LOOP_125_5_fu_82  |horn_schunck_16_Pipeline_VITIS_LOOP_123_4_VITIS_LOOP_125_5  |    10986|    10986|  0.307 ms|  0.307 ms|    0|    0|  loop pipeline stp|
        +----------------------------------------------------------------------+------------------------------------------------------------+---------+---------+----------+----------+-----+-----+-------------------+

        * Loop: 
        +--------------------+---------+---------+----------+-----------+-----------+------+----------+
        |                    |  Latency (cycles) | Iteration|  Initiation Interval  | Trip |          |
        |      Loop Name     |   min   |   max   |  Latency |  achieved |   target  | Count| Pipelined|
        +--------------------+---------+---------+----------+-----------+-----------+------+----------+
        |- VITIS_LOOP_121_3  |    54940|    54940|     10988|          -|          -|     5|        no|
        +--------------------+---------+---------+----------+-----------+-----------+------+----------+



================================================================
== Utilization Estimates
================================================================
* Summary: 
+-----------------+---------+-----+-------+-------+-----+
|       Name      | BRAM_18K| DSP |   FF  |  LUT  | URAM|
+-----------------+---------+-----+-------+-------+-----+
|DSP              |        -|    -|      -|      -|    -|
|Expression       |        -|    -|      0|     22|    -|
|FIFO             |        -|    -|      -|      -|    -|
|Instance         |        -|    6|   7520|   6499|    -|
|Memory           |        -|    -|      -|      -|    -|
|Multiplexer      |        -|    -|      0|    708|    -|
|Register         |        -|    -|      9|      -|    -|
+-----------------+---------+-----+-------+-------+-----+
|Total            |        0|    6|   7529|   7229|    0|
+-----------------+---------+-----+-------+-------+-----+
|Available        |      270|  240|  82000|  41000|    0|
+-----------------+---------+-----+-------+-------+-----+
|Utilization (%)  |        0|    2|      9|     17|    0|
+-----------------+---------+-----+-------+-------+-----+

+ Detail: 
    * Instance: 
    +----------------------------------------------------------------------+------------------------------------------------------------+---------+----+------+------+-----+
    |                               Instance                               |                           Module                           | BRAM_18K| DSP|  FF  |  LUT | URAM|
    +----------------------------------------------------------------------+------------------------------------------------------------+---------+----+------+------+-----+
    |grp_horn_schunck_16_Pipeline_VITIS_LOOP_110_1_VITIS_LOOP_112_2_fu_54  |horn_schunck_16_Pipeline_VITIS_LOOP_110_1_VITIS_LOOP_112_2  |        0|   0|   334|   344|    0|
    |grp_horn_schunck_16_Pipeline_VITIS_LOOP_123_4_VITIS_LOOP_125_5_fu_82  |horn_schunck_16_Pipeline_VITIS_LOOP_123_4_VITIS_LOOP_125_5  |        0|   6|  7186|  6155|    0|
    +----------------------------------------------------------------------+------------------------------------------------------------+---------+----+------+------+-----+
    |Total                                                                 |                                                            |        0|   6|  7520|  6499|    0|
    +----------------------------------------------------------------------+------------------------------------------------------------+---------+----+------+------+-----+

    * DSP: 
    N/A

    * Memory: 
    N/A

    * FIFO: 
    N/A

    * Expression: 
    +----------------------+----------+----+---+----+------------+------------+
    |     Variable Name    | Operation| DSP| FF| LUT| Bitwidth P0| Bitwidth P1|
    +----------------------+----------+----+---+----+------------+------------+
    |iter_6_fu_130_p2      |         +|   0|  0|  11|           3|           1|
    |icmp_ln121_fu_124_p2  |      icmp|   0|  0|  11|           3|           3|
    +----------------------+----------+----+---+----+------------+------------+
    |Total                 |          |   0|  0|  22|           6|           4|
    +----------------------+----------+----+---+----+------------+------------+

    * Multiplexer: 
    +-----------------------------------------------------------------------------------------------+----+-----------+-----+-----------+
    |                                              Name                                             | LUT| Input Size| Bits| Total Bits|
    +-----------------------------------------------------------------------------------------------+----+-----------+-----+-----------+
    |ap_NS_fsm                                                                                      |  21|          5|    1|          5|
    |iter_fu_50                                                                                     |   9|          2|    3|          6|
    |p_ZZ12pyramidal_hsPA64_8ap_fixedILi16ELi6EL9ap_q_mode5EL9ap_o_mode3ELi0EES4_S4_S4_24_address0  |  13|          3|    6|         18|
    |p_ZZ12pyramidal_hsPA64_8ap_fixedILi16ELi6EL9ap_q_mode5EL9ap_o_mode3ELi0EES4_S4_S4_24_ce0       |  13|          3|    1|          3|
    |p_ZZ12pyramidal_hsPA64_8ap_fixedILi16ELi6EL9ap_q_mode5EL9ap_o_mode3ELi0EES4_S4_S4_24_d0        |  13|          3|   16|         48|
    |p_ZZ12pyramidal_hsPA64_8ap_fixedILi16ELi6EL9ap_q_mode5EL9ap_o_mode3ELi0EES4_S4_S4_24_we0       |  13|          3|    1|          3|
    |p_ZZ12pyramidal_hsPA64_8ap_fixedILi16ELi6EL9ap_q_mode5EL9ap_o_mode3ELi0EES4_S4_S4_25_address0  |  13|          3|    6|         18|
    |p_ZZ12pyramidal_hsPA64_8ap_fixedILi16ELi6EL9ap_q_mode5EL9ap_o_mode3ELi0EES4_S4_S4_25_ce0       |  13|          3|    1|          3|
    |p_ZZ12pyramidal_hsPA64_8ap_fixedILi16ELi6EL9ap_q_mode5EL9ap_o_mode3ELi0EES4_S4_S4_25_ce1       |   9|          2|    1|          2|
    |p_ZZ12pyramidal_hsPA64_8ap_fixedILi16ELi6EL9ap_q_mode5EL9ap_o_mode3ELi0EES4_S4_S4_25_d0        |  13|          3|   16|         48|
    |p_ZZ12pyramidal_hsPA64_8ap_fixedILi16ELi6EL9ap_q_mode5EL9ap_o_mode3ELi0EES4_S4_S4_25_we0       |  13|          3|    1|          3|
    |p_ZZ12pyramidal_hsPA64_8ap_fixedILi16ELi6EL9ap_q_mode5EL9ap_o_mode3ELi0EES4_S4_S4_26_address0  |  13|          3|    6|         18|
    |p_ZZ12pyramidal_hsPA64_8ap_fixedILi16ELi6EL9ap_q_mode5EL9ap_o_mode3ELi0EES4_S4_S4_26_ce0       |  13|          3|    1|          3|
    |p_ZZ12pyramidal_hsPA64_8ap_fixedILi16ELi6EL9ap_q_mode5EL9ap_o_mode3ELi0EES4_S4_S4_26_d0        |  13|          3|   16|         48|
    |p_ZZ12pyramidal_hsPA64_8ap_fixedILi16ELi6EL9ap_q_mode5EL9ap_o_mode3ELi0EES4_S4_S4_26_we0       |  13|          3|    1|          3|
    |p_ZZ12pyramidal_hsPA64_8ap_fixedILi16ELi6EL9ap_q_mode5EL9ap_o_mode3ELi0EES4_S4_S4_27_address0  |  13|          3|    6|         18|
    |p_ZZ12pyramidal_hsPA64_8ap_fixedILi16ELi6EL9ap_q_mode5EL9ap_o_mode3ELi0EES4_S4_S4_27_ce0       |  13|          3|    1|          3|
    |p_ZZ12pyramidal_hsPA64_8ap_fixedILi16ELi6EL9ap_q_mode5EL9ap_o_mode3ELi0EES4_S4_S4_27_ce1       |   9|          2|    1|          2|
    |p_ZZ12pyramidal_hsPA64_8ap_fixedILi16ELi6EL9ap_q_mode5EL9ap_o_mode3ELi0EES4_S4_S4_27_d0        |  13|          3|   16|         48|
    |p_ZZ12pyramidal_hsPA64_8ap_fixedILi16ELi6EL9ap_q_mode5EL9ap_o_mode3ELi0EES4_S4_S4_27_we0       |  13|          3|    1|          3|
    |p_ZZ12pyramidal_hsPA64_8ap_fixedILi16ELi6EL9ap_q_mode5EL9ap_o_mode3ELi0EES4_S4_S4_28_address0  |  13|          3|    6|         18|
    |p_ZZ12pyramidal_hsPA64_8ap_fixedILi16ELi6EL9ap_q_mode5EL9ap_o_mode3ELi0EES4_S4_S4_28_ce0       |  13|          3|    1|          3|
    |p_ZZ12pyramidal_hsPA64_8ap_fixedILi16ELi6EL9ap_q_mode5EL9ap_o_mode3ELi0EES4_S4_S4_28_d0        |  13|          3|   16|         48|
    |p_ZZ12pyramidal_hsPA64_8ap_fixedILi16ELi6EL9ap_q_mode5EL9ap_o_mode3ELi0EES4_S4_S4_28_we0       |  13|          3|    1|          3|
    |p_ZZ12pyramidal_hsPA64_8ap_fixedILi16ELi6EL9ap_q_mode5EL9ap_o_mode3ELi0EES4_S4_S4_29_address0  |  13|          3|    6|         18|
    |p_ZZ12pyramidal_hsPA64_8ap_fixedILi16ELi6EL9ap_q_mode5EL9ap_o_mode3ELi0EES4_S4_S4_29_ce0       |  13|          3|    1|          3|
    |p_ZZ12pyramidal_hsPA64_8ap_fixedILi16ELi6EL9ap_q_mode5EL9ap_o_mode3ELi0EES4_S4_S4_29_ce1       |   9|          2|    1|          2|
    |p_ZZ12pyramidal_hsPA64_8ap_fixedILi16ELi6EL9ap_q_mode5EL9ap_o_mode3ELi0EES4_S4_S4_29_d0        |  13|          3|   16|         48|
    |p_ZZ12pyramidal_hsPA64_8ap_fixedILi16ELi6EL9ap_q_mode5EL9ap_o_mode3ELi0EES4_S4_S4_29_we0       |  13|          3|    1|          3|
    |p_ZZ12pyramidal_hsPA64_8ap_fixedILi16ELi6EL9ap_q_mode5EL9ap_o_mode3ELi0EES4_S4_S4_36_address0  |  13|          3|    6|         18|
    |p_ZZ12pyramidal_hsPA64_8ap_fixedILi16ELi6EL9ap_q_mode5EL9ap_o_mode3ELi0EES4_S4_S4_36_ce0       |  13|          3|    1|          3|
    |p_ZZ12pyramidal_hsPA64_8ap_fixedILi16ELi6EL9ap_q_mode5EL9ap_o_mode3ELi0EES4_S4_S4_36_d0        |  13|          3|   16|         48|
    |p_ZZ12pyramidal_hsPA64_8ap_fixedILi16ELi6EL9ap_q_mode5EL9ap_o_mode3ELi0EES4_S4_S4_36_we0       |  13|          3|    1|          3|
    |p_ZZ12pyramidal_hsPA64_8ap_fixedILi16ELi6EL9ap_q_mode5EL9ap_o_mode3ELi0EES4_S4_S4_37_address0  |  13|          3|    6|         18|
    |p_ZZ12pyramidal_hsPA64_8ap_fixedILi16ELi6EL9ap_q_mode5EL9ap_o_mode3ELi0EES4_S4_S4_37_ce0       |  13|          3|    1|          3|
    |p_ZZ12pyramidal_hsPA64_8ap_fixedILi16ELi6EL9ap_q_mode5EL9ap_o_mode3ELi0EES4_S4_S4_37_ce1       |   9|          2|    1|          2|
    |p_ZZ12pyramidal_hsPA64_8ap_fixedILi16ELi6EL9ap_q_mode5EL9ap_o_mode3ELi0EES4_S4_S4_37_d0        |  13|          3|   16|         48|
    |p_ZZ12pyramidal_hsPA64_8ap_fixedILi16ELi6EL9ap_q_mode5EL9ap_o_mode3ELi0EES4_S4_S4_37_we0       |  13|          3|    1|          3|
    |p_ZZ12pyramidal_hsPA64_8ap_fixedILi16ELi6EL9ap_q_mode5EL9ap_o_mode3ELi0EES4_S4_S4_38_address0  |  13|          3|    6|         18|
    |p_ZZ12pyramidal_hsPA64_8ap_fixedILi16ELi6EL9ap_q_mode5EL9ap_o_mode3ELi0EES4_S4_S4_38_ce0       |  13|          3|    1|          3|
    |p_ZZ12pyramidal_hsPA64_8ap_fixedILi16ELi6EL9ap_q_mode5EL9ap_o_mode3ELi0EES4_S4_S4_38_d0        |  13|          3|   16|         48|
    |p_ZZ12pyramidal_hsPA64_8ap_fixedILi16ELi6EL9ap_q_mode5EL9ap_o_mode3ELi0EES4_S4_S4_38_we0       |  13|          3|    1|          3|
    |p_ZZ12pyramidal_hsPA64_8ap_fixedILi16ELi6EL9ap_q_mode5EL9ap_o_mode3ELi0EES4_S4_S4_39_address0  |  13|          3|    6|         18|
    |p_ZZ12pyramidal_hsPA64_8ap_fixedILi16ELi6EL9ap_q_mode5EL9ap_o_mode3ELi0EES4_S4_S4_39_ce0       |  13|          3|    1|          3|
    |p_ZZ12pyramidal_hsPA64_8ap_fixedILi16ELi6EL9ap_q_mode5EL9ap_o_mode3ELi0EES4_S4_S4_39_ce1       |   9|          2|    1|          2|
    |p_ZZ12pyramidal_hsPA64_8ap_fixedILi16ELi6EL9ap_q_mode5EL9ap_o_mode3ELi0EES4_S4_S4_39_d0        |  13|          3|   16|         48|
    |p_ZZ12pyramidal_hsPA64_8ap_fixedILi16ELi6EL9ap_q_mode5EL9ap_o_mode3ELi0EES4_S4_S4_39_we0       |  13|          3|    1|          3|
    |p_ZZ12pyramidal_hsPA64_8ap_fixedILi16ELi6EL9ap_q_mode5EL9ap_o_mode3ELi0EES4_S4_S4_40_address0  |  13|          3|    6|         18|
    |p_ZZ12pyramidal_hsPA64_8ap_fixedILi16ELi6EL9ap_q_mode5EL9ap_o_mode3ELi0EES4_S4_S4_40_ce0       |  13|          3|    1|          3|
    |p_ZZ12pyramidal_hsPA64_8ap_fixedILi16ELi6EL9ap_q_mode5EL9ap_o_mode3ELi0EES4_S4_S4_40_d0        |  13|          3|   16|         48|
    |p_ZZ12pyramidal_hsPA64_8ap_fixedILi16ELi6EL9ap_q_mode5EL9ap_o_mode3ELi0EES4_S4_S4_40_we0       |  13|          3|    1|          3|
    |p_ZZ12pyramidal_hsPA64_8ap_fixedILi16ELi6EL9ap_q_mode5EL9ap_o_mode3ELi0EES4_S4_S4_41_address0  |  13|          3|    6|         18|
    |p_ZZ12pyramidal_hsPA64_8ap_fixedILi16ELi6EL9ap_q_mode5EL9ap_o_mode3ELi0EES4_S4_S4_41_ce0       |  13|          3|    1|          3|
    |p_ZZ12pyramidal_hsPA64_8ap_fixedILi16ELi6EL9ap_q_mode5EL9ap_o_mode3ELi0EES4_S4_S4_41_ce1       |   9|          2|    1|          2|
    |p_ZZ12pyramidal_hsPA64_8ap_fixedILi16ELi6EL9ap_q_mode5EL9ap_o_mode3ELi0EES4_S4_S4_41_d0        |  13|          3|   16|         48|
    |p_ZZ12pyramidal_hsPA64_8ap_fixedILi16ELi6EL9ap_q_mode5EL9ap_o_mode3ELi0EES4_S4_S4_41_we0       |  13|          3|    1|          3|
    +-----------------------------------------------------------------------------------------------+----+-----------+-----+-----------+
    |Total                                                                                          | 708|        163|  298|        887|
    +-----------------------------------------------------------------------------------------------+----+-----------+-----+-----------+

    * Register: 
    +-----------------------------------------------------------------------------------+---+----+-----+-----------+
    |                                        Name                                       | FF| LUT| Bits| Const Bits|
    +-----------------------------------------------------------------------------------+---+----+-----+-----------+
    |ap_CS_fsm                                                                          |  4|   0|    4|          0|
    |grp_horn_schunck_16_Pipeline_VITIS_LOOP_110_1_VITIS_LOOP_112_2_fu_54_ap_start_reg  |  1|   0|    1|          0|
    |grp_horn_schunck_16_Pipeline_VITIS_LOOP_123_4_VITIS_LOOP_125_5_fu_82_ap_start_reg  |  1|   0|    1|          0|
    |iter_fu_50                                                                         |  3|   0|    3|          0|
    +-----------------------------------------------------------------------------------+---+----+-----+-----------+
    |Total                                                                              |  9|   0|    9|          0|
    +-----------------------------------------------------------------------------------+---+----+-----+-----------+



================================================================
== Interface
================================================================
* Summary: 
+-----------------------------------------------------------------------------------------------+-----+-----+------------+--------------------------------------------------------------------------------------+--------------+
|                                           RTL Ports                                           | Dir | Bits|  Protocol  |                                     Source Object                                    |    C Type    |
+-----------------------------------------------------------------------------------------------+-----+-----+------------+--------------------------------------------------------------------------------------+--------------+
|ap_clk                                                                                         |   in|    1|  ap_ctrl_hs|                                                                       horn_schunck_16|  return value|
|ap_rst                                                                                         |   in|    1|  ap_ctrl_hs|                                                                       horn_schunck_16|  return value|
|ap_start                                                                                       |   in|    1|  ap_ctrl_hs|                                                                       horn_schunck_16|  return value|
|ap_done                                                                                        |  out|    1|  ap_ctrl_hs|                                                                       horn_schunck_16|  return value|
|ap_idle                                                                                        |  out|    1|  ap_ctrl_hs|                                                                       horn_schunck_16|  return value|
|ap_ready                                                                                       |  out|    1|  ap_ctrl_hs|                                                                       horn_schunck_16|  return value|
|p_ZZ12pyramidal_hsPA64_8ap_fixedILi16ELi6EL9ap_q_mode5EL9ap_o_mode3ELi0EES4_S4_S4_41_address0  |  out|    6|   ap_memory|  p_ZZ12pyramidal_hsPA64_8ap_fixedILi16ELi6EL9ap_q_mode5EL9ap_o_mode3ELi0EES4_S4_S4_41|         array|
|p_ZZ12pyramidal_hsPA64_8ap_fixedILi16ELi6EL9ap_q_mode5EL9ap_o_mode3ELi0EES4_S4_S4_41_ce0       |  out|    1|   ap_memory|  p_ZZ12pyramidal_hsPA64_8ap_fixedILi16ELi6EL9ap_q_mode5EL9ap_o_mode3ELi0EES4_S4_S4_41|         array|
|p_ZZ12pyramidal_hsPA64_8ap_fixedILi16ELi6EL9ap_q_mode5EL9ap_o_mode3ELi0EES4_S4_S4_41_we0       |  out|    1|   ap_memory|  p_ZZ12pyramidal_hsPA64_8ap_fixedILi16ELi6EL9ap_q_mode5EL9ap_o_mode3ELi0EES4_S4_S4_41|         array|
|p_ZZ12pyramidal_hsPA64_8ap_fixedILi16ELi6EL9ap_q_mode5EL9ap_o_mode3ELi0EES4_S4_S4_41_d0        |  out|   16|   ap_memory|  p_ZZ12pyramidal_hsPA64_8ap_fixedILi16ELi6EL9ap_q_mode5EL9ap_o_mode3ELi0EES4_S4_S4_41|         array|
|p_ZZ12pyramidal_hsPA64_8ap_fixedILi16ELi6EL9ap_q_mode5EL9ap_o_mode3ELi0EES4_S4_S4_41_q0        |   in|   16|   ap_memory|  p_ZZ12pyramidal_hsPA64_8ap_fixedILi16ELi6EL9ap_q_mode5EL9ap_o_mode3ELi0EES4_S4_S4_41|         array|
|p_ZZ12pyramidal_hsPA64_8ap_fixedILi16ELi6EL9ap_q_mode5EL9ap_o_mode3ELi0EES4_S4_S4_41_address1  |  out|    6|   ap_memory|  p_ZZ12pyramidal_hsPA64_8ap_fixedILi16ELi6EL9ap_q_mode5EL9ap_o_mode3ELi0EES4_S4_S4_41|         array|
|p_ZZ12pyramidal_hsPA64_8ap_fixedILi16ELi6EL9ap_q_mode5EL9ap_o_mode3ELi0EES4_S4_S4_41_ce1       |  out|    1|   ap_memory|  p_ZZ12pyramidal_hsPA64_8ap_fixedILi16ELi6EL9ap_q_mode5EL9ap_o_mode3ELi0EES4_S4_S4_41|         array|
|p_ZZ12pyramidal_hsPA64_8ap_fixedILi16ELi6EL9ap_q_mode5EL9ap_o_mode3ELi0EES4_S4_S4_41_q1        |   in|   16|   ap_memory|  p_ZZ12pyramidal_hsPA64_8ap_fixedILi16ELi6EL9ap_q_mode5EL9ap_o_mode3ELi0EES4_S4_S4_41|         array|
|p_ZZ12pyramidal_hsPA64_8ap_fixedILi16ELi6EL9ap_q_mode5EL9ap_o_mode3ELi0EES4_S4_S4_29_address0  |  out|    6|   ap_memory|  p_ZZ12pyramidal_hsPA64_8ap_fixedILi16ELi6EL9ap_q_mode5EL9ap_o_mode3ELi0EES4_S4_S4_29|         array|
|p_ZZ12pyramidal_hsPA64_8ap_fixedILi16ELi6EL9ap_q_mode5EL9ap_o_mode3ELi0EES4_S4_S4_29_ce0       |  out|    1|   ap_memory|  p_ZZ12pyramidal_hsPA64_8ap_fixedILi16ELi6EL9ap_q_mode5EL9ap_o_mode3ELi0EES4_S4_S4_29|         array|
|p_ZZ12pyramidal_hsPA64_8ap_fixedILi16ELi6EL9ap_q_mode5EL9ap_o_mode3ELi0EES4_S4_S4_29_we0       |  out|    1|   ap_memory|  p_ZZ12pyramidal_hsPA64_8ap_fixedILi16ELi6EL9ap_q_mode5EL9ap_o_mode3ELi0EES4_S4_S4_29|         array|
|p_ZZ12pyramidal_hsPA64_8ap_fixedILi16ELi6EL9ap_q_mode5EL9ap_o_mode3ELi0EES4_S4_S4_29_d0        |  out|   16|   ap_memory|  p_ZZ12pyramidal_hsPA64_8ap_fixedILi16ELi6EL9ap_q_mode5EL9ap_o_mode3ELi0EES4_S4_S4_29|         array|
|p_ZZ12pyramidal_hsPA64_8ap_fixedILi16ELi6EL9ap_q_mode5EL9ap_o_mode3ELi0EES4_S4_S4_29_q0        |   in|   16|   ap_memory|  p_ZZ12pyramidal_hsPA64_8ap_fixedILi16ELi6EL9ap_q_mode5EL9ap_o_mode3ELi0EES4_S4_S4_29|         array|
|p_ZZ12pyramidal_hsPA64_8ap_fixedILi16ELi6EL9ap_q_mode5EL9ap_o_mode3ELi0EES4_S4_S4_29_address1  |  out|    6|   ap_memory|  p_ZZ12pyramidal_hsPA64_8ap_fixedILi16ELi6EL9ap_q_mode5EL9ap_o_mode3ELi0EES4_S4_S4_29|         array|
|p_ZZ12pyramidal_hsPA64_8ap_fixedILi16ELi6EL9ap_q_mode5EL9ap_o_mode3ELi0EES4_S4_S4_29_ce1       |  out|    1|   ap_memory|  p_ZZ12pyramidal_hsPA64_8ap_fixedILi16ELi6EL9ap_q_mode5EL9ap_o_mode3ELi0EES4_S4_S4_29|         array|
|p_ZZ12pyramidal_hsPA64_8ap_fixedILi16ELi6EL9ap_q_mode5EL9ap_o_mode3ELi0EES4_S4_S4_29_q1        |   in|   16|   ap_memory|  p_ZZ12pyramidal_hsPA64_8ap_fixedILi16ELi6EL9ap_q_mode5EL9ap_o_mode3ELi0EES4_S4_S4_29|         array|
|p_ZZ12pyramidal_hsPA64_8ap_fixedILi16ELi6EL9ap_q_mode5EL9ap_o_mode3ELi0EES4_S4_S4_40_address0  |  out|    6|   ap_memory|  p_ZZ12pyramidal_hsPA64_8ap_fixedILi16ELi6EL9ap_q_mode5EL9ap_o_mode3ELi0EES4_S4_S4_40|         array|
|p_ZZ12pyramidal_hsPA64_8ap_fixedILi16ELi6EL9ap_q_mode5EL9ap_o_mode3ELi0EES4_S4_S4_40_ce0       |  out|    1|   ap_memory|  p_ZZ12pyramidal_hsPA64_8ap_fixedILi16ELi6EL9ap_q_mode5EL9ap_o_mode3ELi0EES4_S4_S4_40|         array|
|p_ZZ12pyramidal_hsPA64_8ap_fixedILi16ELi6EL9ap_q_mode5EL9ap_o_mode3ELi0EES4_S4_S4_40_we0       |  out|    1|   ap_memory|  p_ZZ12pyramidal_hsPA64_8ap_fixedILi16ELi6EL9ap_q_mode5EL9ap_o_mode3ELi0EES4_S4_S4_40|         array|
|p_ZZ12pyramidal_hsPA64_8ap_fixedILi16ELi6EL9ap_q_mode5EL9ap_o_mode3ELi0EES4_S4_S4_40_d0        |  out|   16|   ap_memory|  p_ZZ12pyramidal_hsPA64_8ap_fixedILi16ELi6EL9ap_q_mode5EL9ap_o_mode3ELi0EES4_S4_S4_40|         array|
|p_ZZ12pyramidal_hsPA64_8ap_fixedILi16ELi6EL9ap_q_mode5EL9ap_o_mode3ELi0EES4_S4_S4_40_q0        |   in|   16|   ap_memory|  p_ZZ12pyramidal_hsPA64_8ap_fixedILi16ELi6EL9ap_q_mode5EL9ap_o_mode3ELi0EES4_S4_S4_40|         array|
|p_ZZ12pyramidal_hsPA64_8ap_fixedILi16ELi6EL9ap_q_mode5EL9ap_o_mode3ELi0EES4_S4_S4_28_address0  |  out|    6|   ap_memory|  p_ZZ12pyramidal_hsPA64_8ap_fixedILi16ELi6EL9ap_q_mode5EL9ap_o_mode3ELi0EES4_S4_S4_28|         array|
|p_ZZ12pyramidal_hsPA64_8ap_fixedILi16ELi6EL9ap_q_mode5EL9ap_o_mode3ELi0EES4_S4_S4_28_ce0       |  out|    1|   ap_memory|  p_ZZ12pyramidal_hsPA64_8ap_fixedILi16ELi6EL9ap_q_mode5EL9ap_o_mode3ELi0EES4_S4_S4_28|         array|
|p_ZZ12pyramidal_hsPA64_8ap_fixedILi16ELi6EL9ap_q_mode5EL9ap_o_mode3ELi0EES4_S4_S4_28_we0       |  out|    1|   ap_memory|  p_ZZ12pyramidal_hsPA64_8ap_fixedILi16ELi6EL9ap_q_mode5EL9ap_o_mode3ELi0EES4_S4_S4_28|         array|
|p_ZZ12pyramidal_hsPA64_8ap_fixedILi16ELi6EL9ap_q_mode5EL9ap_o_mode3ELi0EES4_S4_S4_28_d0        |  out|   16|   ap_memory|  p_ZZ12pyramidal_hsPA64_8ap_fixedILi16ELi6EL9ap_q_mode5EL9ap_o_mode3ELi0EES4_S4_S4_28|         array|
|p_ZZ12pyramidal_hsPA64_8ap_fixedILi16ELi6EL9ap_q_mode5EL9ap_o_mode3ELi0EES4_S4_S4_28_q0        |   in|   16|   ap_memory|  p_ZZ12pyramidal_hsPA64_8ap_fixedILi16ELi6EL9ap_q_mode5EL9ap_o_mode3ELi0EES4_S4_S4_28|         array|
|p_ZZ12pyramidal_hsPA64_8ap_fixedILi16ELi6EL9ap_q_mode5EL9ap_o_mode3ELi0EES4_S4_S4_39_address0  |  out|    6|   ap_memory|  p_ZZ12pyramidal_hsPA64_8ap_fixedILi16ELi6EL9ap_q_mode5EL9ap_o_mode3ELi0EES4_S4_S4_39|         array|
|p_ZZ12pyramidal_hsPA64_8ap_fixedILi16ELi6EL9ap_q_mode5EL9ap_o_mode3ELi0EES4_S4_S4_39_ce0       |  out|    1|   ap_memory|  p_ZZ12pyramidal_hsPA64_8ap_fixedILi16ELi6EL9ap_q_mode5EL9ap_o_mode3ELi0EES4_S4_S4_39|         array|
|p_ZZ12pyramidal_hsPA64_8ap_fixedILi16ELi6EL9ap_q_mode5EL9ap_o_mode3ELi0EES4_S4_S4_39_we0       |  out|    1|   ap_memory|  p_ZZ12pyramidal_hsPA64_8ap_fixedILi16ELi6EL9ap_q_mode5EL9ap_o_mode3ELi0EES4_S4_S4_39|         array|
|p_ZZ12pyramidal_hsPA64_8ap_fixedILi16ELi6EL9ap_q_mode5EL9ap_o_mode3ELi0EES4_S4_S4_39_d0        |  out|   16|   ap_memory|  p_ZZ12pyramidal_hsPA64_8ap_fixedILi16ELi6EL9ap_q_mode5EL9ap_o_mode3ELi0EES4_S4_S4_39|         array|
|p_ZZ12pyramidal_hsPA64_8ap_fixedILi16ELi6EL9ap_q_mode5EL9ap_o_mode3ELi0EES4_S4_S4_39_q0        |   in|   16|   ap_memory|  p_ZZ12pyramidal_hsPA64_8ap_fixedILi16ELi6EL9ap_q_mode5EL9ap_o_mode3ELi0EES4_S4_S4_39|         array|
|p_ZZ12pyramidal_hsPA64_8ap_fixedILi16ELi6EL9ap_q_mode5EL9ap_o_mode3ELi0EES4_S4_S4_39_address1  |  out|    6|   ap_memory|  p_ZZ12pyramidal_hsPA64_8ap_fixedILi16ELi6EL9ap_q_mode5EL9ap_o_mode3ELi0EES4_S4_S4_39|         array|
|p_ZZ12pyramidal_hsPA64_8ap_fixedILi16ELi6EL9ap_q_mode5EL9ap_o_mode3ELi0EES4_S4_S4_39_ce1       |  out|    1|   ap_memory|  p_ZZ12pyramidal_hsPA64_8ap_fixedILi16ELi6EL9ap_q_mode5EL9ap_o_mode3ELi0EES4_S4_S4_39|         array|
|p_ZZ12pyramidal_hsPA64_8ap_fixedILi16ELi6EL9ap_q_mode5EL9ap_o_mode3ELi0EES4_S4_S4_39_q1        |   in|   16|   ap_memory|  p_ZZ12pyramidal_hsPA64_8ap_fixedILi16ELi6EL9ap_q_mode5EL9ap_o_mode3ELi0EES4_S4_S4_39|         array|
|p_ZZ12pyramidal_hsPA64_8ap_fixedILi16ELi6EL9ap_q_mode5EL9ap_o_mode3ELi0EES4_S4_S4_27_address0  |  out|    6|   ap_memory|  p_ZZ12pyramidal_hsPA64_8ap_fixedILi16ELi6EL9ap_q_mode5EL9ap_o_mode3ELi0EES4_S4_S4_27|         array|
|p_ZZ12pyramidal_hsPA64_8ap_fixedILi16ELi6EL9ap_q_mode5EL9ap_o_mode3ELi0EES4_S4_S4_27_ce0       |  out|    1|   ap_memory|  p_ZZ12pyramidal_hsPA64_8ap_fixedILi16ELi6EL9ap_q_mode5EL9ap_o_mode3ELi0EES4_S4_S4_27|         array|
|p_ZZ12pyramidal_hsPA64_8ap_fixedILi16ELi6EL9ap_q_mode5EL9ap_o_mode3ELi0EES4_S4_S4_27_we0       |  out|    1|   ap_memory|  p_ZZ12pyramidal_hsPA64_8ap_fixedILi16ELi6EL9ap_q_mode5EL9ap_o_mode3ELi0EES4_S4_S4_27|         array|
|p_ZZ12pyramidal_hsPA64_8ap_fixedILi16ELi6EL9ap_q_mode5EL9ap_o_mode3ELi0EES4_S4_S4_27_d0        |  out|   16|   ap_memory|  p_ZZ12pyramidal_hsPA64_8ap_fixedILi16ELi6EL9ap_q_mode5EL9ap_o_mode3ELi0EES4_S4_S4_27|         array|
|p_ZZ12pyramidal_hsPA64_8ap_fixedILi16ELi6EL9ap_q_mode5EL9ap_o_mode3ELi0EES4_S4_S4_27_q0        |   in|   16|   ap_memory|  p_ZZ12pyramidal_hsPA64_8ap_fixedILi16ELi6EL9ap_q_mode5EL9ap_o_mode3ELi0EES4_S4_S4_27|         array|
|p_ZZ12pyramidal_hsPA64_8ap_fixedILi16ELi6EL9ap_q_mode5EL9ap_o_mode3ELi0EES4_S4_S4_27_address1  |  out|    6|   ap_memory|  p_ZZ12pyramidal_hsPA64_8ap_fixedILi16ELi6EL9ap_q_mode5EL9ap_o_mode3ELi0EES4_S4_S4_27|         array|
|p_ZZ12pyramidal_hsPA64_8ap_fixedILi16ELi6EL9ap_q_mode5EL9ap_o_mode3ELi0EES4_S4_S4_27_ce1       |  out|    1|   ap_memory|  p_ZZ12pyramidal_hsPA64_8ap_fixedILi16ELi6EL9ap_q_mode5EL9ap_o_mode3ELi0EES4_S4_S4_27|         array|
|p_ZZ12pyramidal_hsPA64_8ap_fixedILi16ELi6EL9ap_q_mode5EL9ap_o_mode3ELi0EES4_S4_S4_27_q1        |   in|   16|   ap_memory|  p_ZZ12pyramidal_hsPA64_8ap_fixedILi16ELi6EL9ap_q_mode5EL9ap_o_mode3ELi0EES4_S4_S4_27|         array|
|p_ZZ12pyramidal_hsPA64_8ap_fixedILi16ELi6EL9ap_q_mode5EL9ap_o_mode3ELi0EES4_S4_S4_38_address0  |  out|    6|   ap_memory|  p_ZZ12pyramidal_hsPA64_8ap_fixedILi16ELi6EL9ap_q_mode5EL9ap_o_mode3ELi0EES4_S4_S4_38|         array|
|p_ZZ12pyramidal_hsPA64_8ap_fixedILi16ELi6EL9ap_q_mode5EL9ap_o_mode3ELi0EES4_S4_S4_38_ce0       |  out|    1|   ap_memory|  p_ZZ12pyramidal_hsPA64_8ap_fixedILi16ELi6EL9ap_q_mode5EL9ap_o_mode3ELi0EES4_S4_S4_38|         array|
|p_ZZ12pyramidal_hsPA64_8ap_fixedILi16ELi6EL9ap_q_mode5EL9ap_o_mode3ELi0EES4_S4_S4_38_we0       |  out|    1|   ap_memory|  p_ZZ12pyramidal_hsPA64_8ap_fixedILi16ELi6EL9ap_q_mode5EL9ap_o_mode3ELi0EES4_S4_S4_38|         array|
|p_ZZ12pyramidal_hsPA64_8ap_fixedILi16ELi6EL9ap_q_mode5EL9ap_o_mode3ELi0EES4_S4_S4_38_d0        |  out|   16|   ap_memory|  p_ZZ12pyramidal_hsPA64_8ap_fixedILi16ELi6EL9ap_q_mode5EL9ap_o_mode3ELi0EES4_S4_S4_38|         array|
|p_ZZ12pyramidal_hsPA64_8ap_fixedILi16ELi6EL9ap_q_mode5EL9ap_o_mode3ELi0EES4_S4_S4_38_q0        |   in|   16|   ap_memory|  p_ZZ12pyramidal_hsPA64_8ap_fixedILi16ELi6EL9ap_q_mode5EL9ap_o_mode3ELi0EES4_S4_S4_38|         array|
|p_ZZ12pyramidal_hsPA64_8ap_fixedILi16ELi6EL9ap_q_mode5EL9ap_o_mode3ELi0EES4_S4_S4_26_address0  |  out|    6|   ap_memory|  p_ZZ12pyramidal_hsPA64_8ap_fixedILi16ELi6EL9ap_q_mode5EL9ap_o_mode3ELi0EES4_S4_S4_26|         array|
|p_ZZ12pyramidal_hsPA64_8ap_fixedILi16ELi6EL9ap_q_mode5EL9ap_o_mode3ELi0EES4_S4_S4_26_ce0       |  out|    1|   ap_memory|  p_ZZ12pyramidal_hsPA64_8ap_fixedILi16ELi6EL9ap_q_mode5EL9ap_o_mode3ELi0EES4_S4_S4_26|         array|
|p_ZZ12pyramidal_hsPA64_8ap_fixedILi16ELi6EL9ap_q_mode5EL9ap_o_mode3ELi0EES4_S4_S4_26_we0       |  out|    1|   ap_memory|  p_ZZ12pyramidal_hsPA64_8ap_fixedILi16ELi6EL9ap_q_mode5EL9ap_o_mode3ELi0EES4_S4_S4_26|         array|
|p_ZZ12pyramidal_hsPA64_8ap_fixedILi16ELi6EL9ap_q_mode5EL9ap_o_mode3ELi0EES4_S4_S4_26_d0        |  out|   16|   ap_memory|  p_ZZ12pyramidal_hsPA64_8ap_fixedILi16ELi6EL9ap_q_mode5EL9ap_o_mode3ELi0EES4_S4_S4_26|         array|
|p_ZZ12pyramidal_hsPA64_8ap_fixedILi16ELi6EL9ap_q_mode5EL9ap_o_mode3ELi0EES4_S4_S4_26_q0        |   in|   16|   ap_memory|  p_ZZ12pyramidal_hsPA64_8ap_fixedILi16ELi6EL9ap_q_mode5EL9ap_o_mode3ELi0EES4_S4_S4_26|         array|
|p_ZZ12pyramidal_hsPA64_8ap_fixedILi16ELi6EL9ap_q_mode5EL9ap_o_mode3ELi0EES4_S4_S4_37_address0  |  out|    6|   ap_memory|  p_ZZ12pyramidal_hsPA64_8ap_fixedILi16ELi6EL9ap_q_mode5EL9ap_o_mode3ELi0EES4_S4_S4_37|         array|
|p_ZZ12pyramidal_hsPA64_8ap_fixedILi16ELi6EL9ap_q_mode5EL9ap_o_mode3ELi0EES4_S4_S4_37_ce0       |  out|    1|   ap_memory|  p_ZZ12pyramidal_hsPA64_8ap_fixedILi16ELi6EL9ap_q_mode5EL9ap_o_mode3ELi0EES4_S4_S4_37|         array|
|p_ZZ12pyramidal_hsPA64_8ap_fixedILi16ELi6EL9ap_q_mode5EL9ap_o_mode3ELi0EES4_S4_S4_37_we0       |  out|    1|   ap_memory|  p_ZZ12pyramidal_hsPA64_8ap_fixedILi16ELi6EL9ap_q_mode5EL9ap_o_mode3ELi0EES4_S4_S4_37|         array|
|p_ZZ12pyramidal_hsPA64_8ap_fixedILi16ELi6EL9ap_q_mode5EL9ap_o_mode3ELi0EES4_S4_S4_37_d0        |  out|   16|   ap_memory|  p_ZZ12pyramidal_hsPA64_8ap_fixedILi16ELi6EL9ap_q_mode5EL9ap_o_mode3ELi0EES4_S4_S4_37|         array|
|p_ZZ12pyramidal_hsPA64_8ap_fixedILi16ELi6EL9ap_q_mode5EL9ap_o_mode3ELi0EES4_S4_S4_37_q0        |   in|   16|   ap_memory|  p_ZZ12pyramidal_hsPA64_8ap_fixedILi16ELi6EL9ap_q_mode5EL9ap_o_mode3ELi0EES4_S4_S4_37|         array|
|p_ZZ12pyramidal_hsPA64_8ap_fixedILi16ELi6EL9ap_q_mode5EL9ap_o_mode3ELi0EES4_S4_S4_37_address1  |  out|    6|   ap_memory|  p_ZZ12pyramidal_hsPA64_8ap_fixedILi16ELi6EL9ap_q_mode5EL9ap_o_mode3ELi0EES4_S4_S4_37|         array|
|p_ZZ12pyramidal_hsPA64_8ap_fixedILi16ELi6EL9ap_q_mode5EL9ap_o_mode3ELi0EES4_S4_S4_37_ce1       |  out|    1|   ap_memory|  p_ZZ12pyramidal_hsPA64_8ap_fixedILi16ELi6EL9ap_q_mode5EL9ap_o_mode3ELi0EES4_S4_S4_37|         array|
|p_ZZ12pyramidal_hsPA64_8ap_fixedILi16ELi6EL9ap_q_mode5EL9ap_o_mode3ELi0EES4_S4_S4_37_q1        |   in|   16|   ap_memory|  p_ZZ12pyramidal_hsPA64_8ap_fixedILi16ELi6EL9ap_q_mode5EL9ap_o_mode3ELi0EES4_S4_S4_37|         array|
|p_ZZ12pyramidal_hsPA64_8ap_fixedILi16ELi6EL9ap_q_mode5EL9ap_o_mode3ELi0EES4_S4_S4_25_address0  |  out|    6|   ap_memory|  p_ZZ12pyramidal_hsPA64_8ap_fixedILi16ELi6EL9ap_q_mode5EL9ap_o_mode3ELi0EES4_S4_S4_25|         array|
|p_ZZ12pyramidal_hsPA64_8ap_fixedILi16ELi6EL9ap_q_mode5EL9ap_o_mode3ELi0EES4_S4_S4_25_ce0       |  out|    1|   ap_memory|  p_ZZ12pyramidal_hsPA64_8ap_fixedILi16ELi6EL9ap_q_mode5EL9ap_o_mode3ELi0EES4_S4_S4_25|         array|
|p_ZZ12pyramidal_hsPA64_8ap_fixedILi16ELi6EL9ap_q_mode5EL9ap_o_mode3ELi0EES4_S4_S4_25_we0       |  out|    1|   ap_memory|  p_ZZ12pyramidal_hsPA64_8ap_fixedILi16ELi6EL9ap_q_mode5EL9ap_o_mode3ELi0EES4_S4_S4_25|         array|
|p_ZZ12pyramidal_hsPA64_8ap_fixedILi16ELi6EL9ap_q_mode5EL9ap_o_mode3ELi0EES4_S4_S4_25_d0        |  out|   16|   ap_memory|  p_ZZ12pyramidal_hsPA64_8ap_fixedILi16ELi6EL9ap_q_mode5EL9ap_o_mode3ELi0EES4_S4_S4_25|         array|
|p_ZZ12pyramidal_hsPA64_8ap_fixedILi16ELi6EL9ap_q_mode5EL9ap_o_mode3ELi0EES4_S4_S4_25_q0        |   in|   16|   ap_memory|  p_ZZ12pyramidal_hsPA64_8ap_fixedILi16ELi6EL9ap_q_mode5EL9ap_o_mode3ELi0EES4_S4_S4_25|         array|
|p_ZZ12pyramidal_hsPA64_8ap_fixedILi16ELi6EL9ap_q_mode5EL9ap_o_mode3ELi0EES4_S4_S4_25_address1  |  out|    6|   ap_memory|  p_ZZ12pyramidal_hsPA64_8ap_fixedILi16ELi6EL9ap_q_mode5EL9ap_o_mode3ELi0EES4_S4_S4_25|         array|
|p_ZZ12pyramidal_hsPA64_8ap_fixedILi16ELi6EL9ap_q_mode5EL9ap_o_mode3ELi0EES4_S4_S4_25_ce1       |  out|    1|   ap_memory|  p_ZZ12pyramidal_hsPA64_8ap_fixedILi16ELi6EL9ap_q_mode5EL9ap_o_mode3ELi0EES4_S4_S4_25|         array|
|p_ZZ12pyramidal_hsPA64_8ap_fixedILi16ELi6EL9ap_q_mode5EL9ap_o_mode3ELi0EES4_S4_S4_25_q1        |   in|   16|   ap_memory|  p_ZZ12pyramidal_hsPA64_8ap_fixedILi16ELi6EL9ap_q_mode5EL9ap_o_mode3ELi0EES4_S4_S4_25|         array|
|p_ZZ12pyramidal_hsPA64_8ap_fixedILi16ELi6EL9ap_q_mode5EL9ap_o_mode3ELi0EES4_S4_S4_36_address0  |  out|    6|   ap_memory|  p_ZZ12pyramidal_hsPA64_8ap_fixedILi16ELi6EL9ap_q_mode5EL9ap_o_mode3ELi0EES4_S4_S4_36|         array|
|p_ZZ12pyramidal_hsPA64_8ap_fixedILi16ELi6EL9ap_q_mode5EL9ap_o_mode3ELi0EES4_S4_S4_36_ce0       |  out|    1|   ap_memory|  p_ZZ12pyramidal_hsPA64_8ap_fixedILi16ELi6EL9ap_q_mode5EL9ap_o_mode3ELi0EES4_S4_S4_36|         array|
|p_ZZ12pyramidal_hsPA64_8ap_fixedILi16ELi6EL9ap_q_mode5EL9ap_o_mode3ELi0EES4_S4_S4_36_we0       |  out|    1|   ap_memory|  p_ZZ12pyramidal_hsPA64_8ap_fixedILi16ELi6EL9ap_q_mode5EL9ap_o_mode3ELi0EES4_S4_S4_36|         array|
|p_ZZ12pyramidal_hsPA64_8ap_fixedILi16ELi6EL9ap_q_mode5EL9ap_o_mode3ELi0EES4_S4_S4_36_d0        |  out|   16|   ap_memory|  p_ZZ12pyramidal_hsPA64_8ap_fixedILi16ELi6EL9ap_q_mode5EL9ap_o_mode3ELi0EES4_S4_S4_36|         array|
|p_ZZ12pyramidal_hsPA64_8ap_fixedILi16ELi6EL9ap_q_mode5EL9ap_o_mode3ELi0EES4_S4_S4_36_q0        |   in|   16|   ap_memory|  p_ZZ12pyramidal_hsPA64_8ap_fixedILi16ELi6EL9ap_q_mode5EL9ap_o_mode3ELi0EES4_S4_S4_36|         array|
|p_ZZ12pyramidal_hsPA64_8ap_fixedILi16ELi6EL9ap_q_mode5EL9ap_o_mode3ELi0EES4_S4_S4_24_address0  |  out|    6|   ap_memory|  p_ZZ12pyramidal_hsPA64_8ap_fixedILi16ELi6EL9ap_q_mode5EL9ap_o_mode3ELi0EES4_S4_S4_24|         array|
|p_ZZ12pyramidal_hsPA64_8ap_fixedILi16ELi6EL9ap_q_mode5EL9ap_o_mode3ELi0EES4_S4_S4_24_ce0       |  out|    1|   ap_memory|  p_ZZ12pyramidal_hsPA64_8ap_fixedILi16ELi6EL9ap_q_mode5EL9ap_o_mode3ELi0EES4_S4_S4_24|         array|
|p_ZZ12pyramidal_hsPA64_8ap_fixedILi16ELi6EL9ap_q_mode5EL9ap_o_mode3ELi0EES4_S4_S4_24_we0       |  out|    1|   ap_memory|  p_ZZ12pyramidal_hsPA64_8ap_fixedILi16ELi6EL9ap_q_mode5EL9ap_o_mode3ELi0EES4_S4_S4_24|         array|
|p_ZZ12pyramidal_hsPA64_8ap_fixedILi16ELi6EL9ap_q_mode5EL9ap_o_mode3ELi0EES4_S4_S4_24_d0        |  out|   16|   ap_memory|  p_ZZ12pyramidal_hsPA64_8ap_fixedILi16ELi6EL9ap_q_mode5EL9ap_o_mode3ELi0EES4_S4_S4_24|         array|
|p_ZZ12pyramidal_hsPA64_8ap_fixedILi16ELi6EL9ap_q_mode5EL9ap_o_mode3ELi0EES4_S4_S4_24_q0        |   in|   16|   ap_memory|  p_ZZ12pyramidal_hsPA64_8ap_fixedILi16ELi6EL9ap_q_mode5EL9ap_o_mode3ELi0EES4_S4_S4_24|         array|
|Ix16_address0                                                                                  |  out|    8|   ap_memory|                                                                                  Ix16|         array|
|Ix16_ce0                                                                                       |  out|    1|   ap_memory|                                                                                  Ix16|         array|
|Ix16_q0                                                                                        |   in|   16|   ap_memory|                                                                                  Ix16|         array|
|Iy16_address0                                                                                  |  out|    8|   ap_memory|                                                                                  Iy16|         array|
|Iy16_ce0                                                                                       |  out|    1|   ap_memory|                                                                                  Iy16|         array|
|Iy16_q0                                                                                        |   in|   16|   ap_memory|                                                                                  Iy16|         array|
|It16_address0                                                                                  |  out|    8|   ap_memory|                                                                                  It16|         array|
|It16_ce0                                                                                       |  out|    1|   ap_memory|                                                                                  It16|         array|
|It16_q0                                                                                        |   in|   16|   ap_memory|                                                                                  It16|         array|
+-----------------------------------------------------------------------------------------------+-----+-----+------------+--------------------------------------------------------------------------------------+--------------+

============================================================
+ Verbose Summary: Synthesis Manager
============================================================
InlineROM: 1
ExposeGlobal: 0
============================================================
+ Verbose Summary: CDFG Model
============================================================
IsTopModel: 0
ResetActiveHigh: 1
IsCombinational: 2
IsDatapathOnly: 2
HasWiredReturn: 1
HasMFsm: 0
HasVarLatency: 1
IsPipeline: 0
IsRtlPipelined: 0
IsInstanceOverlapped: 0
IsDontTouch: 0
HasImplIP: 0
IsGatedGlobalClock: 0


============================================================
+ Verbose Summary: Schedule
============================================================
* Number of FSM states : 4
* Pipeline : 0
* Dataflow Pipeline: 0

* FSM state transitions: 
1 --> 2 
2 --> 3 
3 --> 4 
4 --> 3 

* FSM state operations: 

State 1 <SV = 0> <Delay = 1.02>
ST_1 : Operation 5 [1/1] (0.00ns)   --->   "%iter = alloca i32 1" [../HS_hls/src/horn_schunck_hsl.cpp:121]   --->   Operation 5 'alloca' 'iter' <Predicate = true> <Delay = 0.00>
ST_1 : Operation 6 [2/2] (0.00ns)   --->   "%call_ln0 = call void @horn_schunck_16_Pipeline_VITIS_LOOP_110_1_VITIS_LOOP_112_2, i16 %p_ZZ12pyramidal_hsPA64_8ap_fixedILi16ELi6EL9ap_q_mode5EL9ap_o_mode3ELi0EES4_S4_S4_41, i16 %p_ZZ12pyramidal_hsPA64_8ap_fixedILi16ELi6EL9ap_q_mode5EL9ap_o_mode3ELi0EES4_S4_S4_29, i16 %p_ZZ12pyramidal_hsPA64_8ap_fixedILi16ELi6EL9ap_q_mode5EL9ap_o_mode3ELi0EES4_S4_S4_40, i16 %p_ZZ12pyramidal_hsPA64_8ap_fixedILi16ELi6EL9ap_q_mode5EL9ap_o_mode3ELi0EES4_S4_S4_28, i16 %p_ZZ12pyramidal_hsPA64_8ap_fixedILi16ELi6EL9ap_q_mode5EL9ap_o_mode3ELi0EES4_S4_S4_39, i16 %p_ZZ12pyramidal_hsPA64_8ap_fixedILi16ELi6EL9ap_q_mode5EL9ap_o_mode3ELi0EES4_S4_S4_27, i16 %p_ZZ12pyramidal_hsPA64_8ap_fixedILi16ELi6EL9ap_q_mode5EL9ap_o_mode3ELi0EES4_S4_S4_38, i16 %p_ZZ12pyramidal_hsPA64_8ap_fixedILi16ELi6EL9ap_q_mode5EL9ap_o_mode3ELi0EES4_S4_S4_26, i16 %p_ZZ12pyramidal_hsPA64_8ap_fixedILi16ELi6EL9ap_q_mode5EL9ap_o_mode3ELi0EES4_S4_S4_37, i16 %p_ZZ12pyramidal_hsPA64_8ap_fixedILi16ELi6EL9ap_q_mode5EL9ap_o_mode3ELi0EES4_S4_S4_25, i16 %p_ZZ12pyramidal_hsPA64_8ap_fixedILi16ELi6EL9ap_q_mode5EL9ap_o_mode3ELi0EES4_S4_S4_36, i16 %p_ZZ12pyramidal_hsPA64_8ap_fixedILi16ELi6EL9ap_q_mode5EL9ap_o_mode3ELi0EES4_S4_S4_24"   --->   Operation 6 'call' 'call_ln0' <Predicate = true> <Delay = 0.00> <CoreType = "Generic">   --->   Generic Core
ST_1 : Operation 7 [1/1] (1.02ns)   --->   "%store_ln121 = store i3 0, i3 %iter" [../HS_hls/src/horn_schunck_hsl.cpp:121]   --->   Operation 7 'store' 'store_ln121' <Predicate = true> <Delay = 1.02>

State 2 <SV = 1> <Delay = 0.00>
ST_2 : Operation 8 [1/2] (0.00ns)   --->   "%call_ln0 = call void @horn_schunck_16_Pipeline_VITIS_LOOP_110_1_VITIS_LOOP_112_2, i16 %p_ZZ12pyramidal_hsPA64_8ap_fixedILi16ELi6EL9ap_q_mode5EL9ap_o_mode3ELi0EES4_S4_S4_41, i16 %p_ZZ12pyramidal_hsPA64_8ap_fixedILi16ELi6EL9ap_q_mode5EL9ap_o_mode3ELi0EES4_S4_S4_29, i16 %p_ZZ12pyramidal_hsPA64_8ap_fixedILi16ELi6EL9ap_q_mode5EL9ap_o_mode3ELi0EES4_S4_S4_40, i16 %p_ZZ12pyramidal_hsPA64_8ap_fixedILi16ELi6EL9ap_q_mode5EL9ap_o_mode3ELi0EES4_S4_S4_28, i16 %p_ZZ12pyramidal_hsPA64_8ap_fixedILi16ELi6EL9ap_q_mode5EL9ap_o_mode3ELi0EES4_S4_S4_39, i16 %p_ZZ12pyramidal_hsPA64_8ap_fixedILi16ELi6EL9ap_q_mode5EL9ap_o_mode3ELi0EES4_S4_S4_27, i16 %p_ZZ12pyramidal_hsPA64_8ap_fixedILi16ELi6EL9ap_q_mode5EL9ap_o_mode3ELi0EES4_S4_S4_38, i16 %p_ZZ12pyramidal_hsPA64_8ap_fixedILi16ELi6EL9ap_q_mode5EL9ap_o_mode3ELi0EES4_S4_S4_26, i16 %p_ZZ12pyramidal_hsPA64_8ap_fixedILi16ELi6EL9ap_q_mode5EL9ap_o_mode3ELi0EES4_S4_S4_37, i16 %p_ZZ12pyramidal_hsPA64_8ap_fixedILi16ELi6EL9ap_q_mode5EL9ap_o_mode3ELi0EES4_S4_S4_25, i16 %p_ZZ12pyramidal_hsPA64_8ap_fixedILi16ELi6EL9ap_q_mode5EL9ap_o_mode3ELi0EES4_S4_S4_36, i16 %p_ZZ12pyramidal_hsPA64_8ap_fixedILi16ELi6EL9ap_q_mode5EL9ap_o_mode3ELi0EES4_S4_S4_24"   --->   Operation 8 'call' 'call_ln0' <Predicate = true> <Delay = 0.00> <CoreType = "Generic">   --->   Generic Core
ST_2 : Operation 9 [1/1] (0.00ns)   --->   "%br_ln121 = br void %VITIS_LOOP_123_4" [../HS_hls/src/horn_schunck_hsl.cpp:121]   --->   Operation 9 'br' 'br_ln121' <Predicate = true> <Delay = 0.00>

State 3 <SV = 2> <Delay = 2.19>
ST_3 : Operation 10 [1/1] (0.00ns)   --->   "%iter_5 = load i3 %iter" [../HS_hls/src/horn_schunck_hsl.cpp:121]   --->   Operation 10 'load' 'iter_5' <Predicate = true> <Delay = 0.00>
ST_3 : Operation 11 [1/1] (1.16ns)   --->   "%icmp_ln121 = icmp_eq  i3 %iter_5, i3 5" [../HS_hls/src/horn_schunck_hsl.cpp:121]   --->   Operation 11 'icmp' 'icmp_ln121' <Predicate = true> <Delay = 1.16> <CoreInst = "Cmp">   --->   Core 9 'Cmp' <Latency = 0> <II = 1> <Delay = 1.16> <FuncUnit> <Opcode : 'seteq' 'setne' 'setle' 'setge' 'setlt' 'setgt'> <InPorts = 2> <OutPorts = 1>
ST_3 : Operation 12 [1/1] (1.16ns)   --->   "%iter_6 = add i3 %iter_5, i3 1" [../HS_hls/src/horn_schunck_hsl.cpp:121]   --->   Operation 12 'add' 'iter_6' <Predicate = true> <Delay = 1.16> <CoreInst = "Adder">   --->   Core 1 'Adder' <Latency = 0> <II = 1> <Delay = 1.16> <FuncUnit> <Opcode : 'add' 'sub'> <InPorts = 2> <OutPorts = 1>
ST_3 : Operation 13 [1/1] (0.00ns)   --->   "%br_ln121 = br i1 %icmp_ln121, void %VITIS_LOOP_123_4.split, void %for.end146" [../HS_hls/src/horn_schunck_hsl.cpp:121]   --->   Operation 13 'br' 'br_ln121' <Predicate = true> <Delay = 0.00>
ST_3 : Operation 14 [2/2] (0.00ns)   --->   "%call_ln0 = call void @horn_schunck_16_Pipeline_VITIS_LOOP_123_4_VITIS_LOOP_125_5, i16 %p_ZZ12pyramidal_hsPA64_8ap_fixedILi16ELi6EL9ap_q_mode5EL9ap_o_mode3ELi0EES4_S4_S4_41, i16 %p_ZZ12pyramidal_hsPA64_8ap_fixedILi16ELi6EL9ap_q_mode5EL9ap_o_mode3ELi0EES4_S4_S4_29, i16 %p_ZZ12pyramidal_hsPA64_8ap_fixedILi16ELi6EL9ap_q_mode5EL9ap_o_mode3ELi0EES4_S4_S4_40, i16 %p_ZZ12pyramidal_hsPA64_8ap_fixedILi16ELi6EL9ap_q_mode5EL9ap_o_mode3ELi0EES4_S4_S4_39, i16 %p_ZZ12pyramidal_hsPA64_8ap_fixedILi16ELi6EL9ap_q_mode5EL9ap_o_mode3ELi0EES4_S4_S4_38, i16 %p_ZZ12pyramidal_hsPA64_8ap_fixedILi16ELi6EL9ap_q_mode5EL9ap_o_mode3ELi0EES4_S4_S4_37, i16 %p_ZZ12pyramidal_hsPA64_8ap_fixedILi16ELi6EL9ap_q_mode5EL9ap_o_mode3ELi0EES4_S4_S4_36, i16 %p_ZZ12pyramidal_hsPA64_8ap_fixedILi16ELi6EL9ap_q_mode5EL9ap_o_mode3ELi0EES4_S4_S4_28, i16 %p_ZZ12pyramidal_hsPA64_8ap_fixedILi16ELi6EL9ap_q_mode5EL9ap_o_mode3ELi0EES4_S4_S4_27, i16 %p_ZZ12pyramidal_hsPA64_8ap_fixedILi16ELi6EL9ap_q_mode5EL9ap_o_mode3ELi0EES4_S4_S4_26, i16 %p_ZZ12pyramidal_hsPA64_8ap_fixedILi16ELi6EL9ap_q_mode5EL9ap_o_mode3ELi0EES4_S4_S4_25, i16 %p_ZZ12pyramidal_hsPA64_8ap_fixedILi16ELi6EL9ap_q_mode5EL9ap_o_mode3ELi0EES4_S4_S4_24, i16 %Ix16, i16 %Iy16, i16 %It16"   --->   Operation 14 'call' 'call_ln0' <Predicate = (!icmp_ln121)> <Delay = 0.00> <CoreType = "Generic">   --->   Generic Core
ST_3 : Operation 15 [1/1] (1.02ns)   --->   "%store_ln121 = store i3 %iter_6, i3 %iter" [../HS_hls/src/horn_schunck_hsl.cpp:121]   --->   Operation 15 'store' 'store_ln121' <Predicate = (!icmp_ln121)> <Delay = 1.02>
ST_3 : Operation 16 [1/1] (0.00ns)   --->   "%ret_ln140 = ret" [../HS_hls/src/horn_schunck_hsl.cpp:140]   --->   Operation 16 'ret' 'ret_ln140' <Predicate = (icmp_ln121)> <Delay = 0.00>

State 4 <SV = 3> <Delay = 0.00>
ST_4 : Operation 17 [1/1] (0.00ns)   --->   "%speclooptripcount_ln121 = speclooptripcount void @_ssdm_op_SpecLoopTripCount, i64 5, i64 5, i64 5" [../HS_hls/src/horn_schunck_hsl.cpp:121]   --->   Operation 17 'speclooptripcount' 'speclooptripcount_ln121' <Predicate = true> <Delay = 0.00>
ST_4 : Operation 18 [1/1] (0.00ns)   --->   "%specloopname_ln121 = specloopname void @_ssdm_op_SpecLoopName, void @empty_4" [../HS_hls/src/horn_schunck_hsl.cpp:121]   --->   Operation 18 'specloopname' 'specloopname_ln121' <Predicate = true> <Delay = 0.00>
ST_4 : Operation 19 [1/2] (0.00ns)   --->   "%call_ln0 = call void @horn_schunck_16_Pipeline_VITIS_LOOP_123_4_VITIS_LOOP_125_5, i16 %p_ZZ12pyramidal_hsPA64_8ap_fixedILi16ELi6EL9ap_q_mode5EL9ap_o_mode3ELi0EES4_S4_S4_41, i16 %p_ZZ12pyramidal_hsPA64_8ap_fixedILi16ELi6EL9ap_q_mode5EL9ap_o_mode3ELi0EES4_S4_S4_29, i16 %p_ZZ12pyramidal_hsPA64_8ap_fixedILi16ELi6EL9ap_q_mode5EL9ap_o_mode3ELi0EES4_S4_S4_40, i16 %p_ZZ12pyramidal_hsPA64_8ap_fixedILi16ELi6EL9ap_q_mode5EL9ap_o_mode3ELi0EES4_S4_S4_39, i16 %p_ZZ12pyramidal_hsPA64_8ap_fixedILi16ELi6EL9ap_q_mode5EL9ap_o_mode3ELi0EES4_S4_S4_38, i16 %p_ZZ12pyramidal_hsPA64_8ap_fixedILi16ELi6EL9ap_q_mode5EL9ap_o_mode3ELi0EES4_S4_S4_37, i16 %p_ZZ12pyramidal_hsPA64_8ap_fixedILi16ELi6EL9ap_q_mode5EL9ap_o_mode3ELi0EES4_S4_S4_36, i16 %p_ZZ12pyramidal_hsPA64_8ap_fixedILi16ELi6EL9ap_q_mode5EL9ap_o_mode3ELi0EES4_S4_S4_28, i16 %p_ZZ12pyramidal_hsPA64_8ap_fixedILi16ELi6EL9ap_q_mode5EL9ap_o_mode3ELi0EES4_S4_S4_27, i16 %p_ZZ12pyramidal_hsPA64_8ap_fixedILi16ELi6EL9ap_q_mode5EL9ap_o_mode3ELi0EES4_S4_S4_26, i16 %p_ZZ12pyramidal_hsPA64_8ap_fixedILi16ELi6EL9ap_q_mode5EL9ap_o_mode3ELi0EES4_S4_S4_25, i16 %p_ZZ12pyramidal_hsPA64_8ap_fixedILi16ELi6EL9ap_q_mode5EL9ap_o_mode3ELi0EES4_S4_S4_24, i16 %Ix16, i16 %Iy16, i16 %It16"   --->   Operation 19 'call' 'call_ln0' <Predicate = true> <Delay = 0.00> <CoreType = "Generic">   --->   Generic Core
ST_4 : Operation 20 [1/1] (0.00ns)   --->   "%br_ln121 = br void %VITIS_LOOP_123_4" [../HS_hls/src/horn_schunck_hsl.cpp:121]   --->   Operation 20 'br' 'br_ln121' <Predicate = true> <Delay = 0.00>


============================================================
+ Verbose Summary: Binding
============================================================
STG Binding: 
---------------- STG Properties BEGIN ----------------
- Is combinational: 0
- Is one-state seq: 0
- Is datapath-only: 0
- Is pipelined: 0
- Is top level: 0
Port [ Return ] is wired: 1; IO mode=ap_ctrl_hs:ce=0
Port [ p_ZZ12pyramidal_hsPA64_8ap_fixedILi16ELi6EL9ap_q_mode5EL9ap_o_mode3ELi0EES4_S4_S4_41]:  wired=1; compound=1; hidden=0; nouse=0; global=1; static=1; extern=0; dir=2; type=1; pingpong=0; private_global=0; MemPort=[21]; IO mode=ap_memory:ce=0
Port [ p_ZZ12pyramidal_hsPA64_8ap_fixedILi16ELi6EL9ap_q_mode5EL9ap_o_mode3ELi0EES4_S4_S4_29]:  wired=1; compound=1; hidden=0; nouse=0; global=1; static=1; extern=0; dir=2; type=1; pingpong=0; private_global=0; MemPort=[21]; IO mode=ap_memory:ce=0
Port [ p_ZZ12pyramidal_hsPA64_8ap_fixedILi16ELi6EL9ap_q_mode5EL9ap_o_mode3ELi0EES4_S4_S4_40]:  wired=1; compound=1; hidden=0; nouse=0; global=1; static=1; extern=0; dir=2; type=1; pingpong=0; private_global=0; MemPort=[23]; IO mode=ap_memory:ce=0
Port [ p_ZZ12pyramidal_hsPA64_8ap_fixedILi16ELi6EL9ap_q_mode5EL9ap_o_mode3ELi0EES4_S4_S4_28]:  wired=1; compound=1; hidden=0; nouse=0; global=1; static=1; extern=0; dir=2; type=1; pingpong=0; private_global=0; MemPort=[23]; IO mode=ap_memory:ce=0
Port [ p_ZZ12pyramidal_hsPA64_8ap_fixedILi16ELi6EL9ap_q_mode5EL9ap_o_mode3ELi0EES4_S4_S4_39]:  wired=1; compound=1; hidden=0; nouse=0; global=1; static=1; extern=0; dir=2; type=1; pingpong=0; private_global=0; MemPort=[21]; IO mode=ap_memory:ce=0
Port [ p_ZZ12pyramidal_hsPA64_8ap_fixedILi16ELi6EL9ap_q_mode5EL9ap_o_mode3ELi0EES4_S4_S4_27]:  wired=1; compound=1; hidden=0; nouse=0; global=1; static=1; extern=0; dir=2; type=1; pingpong=0; private_global=0; MemPort=[21]; IO mode=ap_memory:ce=0
Port [ p_ZZ12pyramidal_hsPA64_8ap_fixedILi16ELi6EL9ap_q_mode5EL9ap_o_mode3ELi0EES4_S4_S4_38]:  wired=1; compound=1; hidden=0; nouse=0; global=1; static=1; extern=0; dir=2; type=1; pingpong=0; private_global=0; MemPort=[23]; IO mode=ap_memory:ce=0
Port [ p_ZZ12pyramidal_hsPA64_8ap_fixedILi16ELi6EL9ap_q_mode5EL9ap_o_mode3ELi0EES4_S4_S4_26]:  wired=1; compound=1; hidden=0; nouse=0; global=1; static=1; extern=0; dir=2; type=1; pingpong=0; private_global=0; MemPort=[23]; IO mode=ap_memory:ce=0
Port [ p_ZZ12pyramidal_hsPA64_8ap_fixedILi16ELi6EL9ap_q_mode5EL9ap_o_mode3ELi0EES4_S4_S4_37]:  wired=1; compound=1; hidden=0; nouse=0; global=1; static=1; extern=0; dir=2; type=1; pingpong=0; private_global=0; MemPort=[21]; IO mode=ap_memory:ce=0
Port [ p_ZZ12pyramidal_hsPA64_8ap_fixedILi16ELi6EL9ap_q_mode5EL9ap_o_mode3ELi0EES4_S4_S4_25]:  wired=1; compound=1; hidden=0; nouse=0; global=1; static=1; extern=0; dir=2; type=1; pingpong=0; private_global=0; MemPort=[21]; IO mode=ap_memory:ce=0
Port [ p_ZZ12pyramidal_hsPA64_8ap_fixedILi16ELi6EL9ap_q_mode5EL9ap_o_mode3ELi0EES4_S4_S4_36]:  wired=1; compound=1; hidden=0; nouse=0; global=1; static=1; extern=0; dir=2; type=1; pingpong=0; private_global=0; MemPort=[23]; IO mode=ap_memory:ce=0
Port [ p_ZZ12pyramidal_hsPA64_8ap_fixedILi16ELi6EL9ap_q_mode5EL9ap_o_mode3ELi0EES4_S4_S4_24]:  wired=1; compound=1; hidden=0; nouse=0; global=1; static=1; extern=0; dir=2; type=1; pingpong=0; private_global=0; MemPort=[23]; IO mode=ap_memory:ce=0
Port [ Ix16]:  wired=1; compound=1; hidden=0; nouse=0; global=1; static=1; extern=0; dir=0; type=1; pingpong=0; private_global=0; MemPort=[13]; IO mode=ap_memory:ce=0
Port [ Iy16]:  wired=1; compound=1; hidden=0; nouse=0; global=1; static=1; extern=0; dir=0; type=1; pingpong=0; private_global=0; MemPort=[13]; IO mode=ap_memory:ce=0
Port [ It16]:  wired=1; compound=1; hidden=0; nouse=0; global=1; static=1; extern=0; dir=0; type=1; pingpong=0; private_global=0; MemPort=[13]; IO mode=ap_memory:ce=0
---------------- STG Properties END ------------------

---------------- Datapath Model BEGIN ----------------

<LifeTime>
<method=bitvector/>
iter                    (alloca           ) [ 01111]
store_ln121             (store            ) [ 00000]
call_ln0                (call             ) [ 00000]
br_ln121                (br               ) [ 00000]
iter_5                  (load             ) [ 00000]
icmp_ln121              (icmp             ) [ 00011]
iter_6                  (add              ) [ 00000]
br_ln121                (br               ) [ 00000]
store_ln121             (store            ) [ 00000]
ret_ln140               (ret              ) [ 00000]
speclooptripcount_ln121 (speclooptripcount) [ 00000]
specloopname_ln121      (specloopname     ) [ 00000]
call_ln0                (call             ) [ 00000]
br_ln121                (br               ) [ 00000]
</LifeTime>

<model>

<comp_list>
<comp id="0" class="1000" name="p_ZZ12pyramidal_hsPA64_8ap_fixedILi16ELi6EL9ap_q_mode5EL9ap_o_mode3ELi0EES4_S4_S4_41">
<pin_list>
<pin id="1" dir="1" index="0" bw="1" slack="0"/>
</pin_list>
<bind>
<StgValue><ssdm name="p_ZZ12pyramidal_hsPA64_8ap_fixedILi16ELi6EL9ap_q_mode5EL9ap_o_mode3ELi0EES4_S4_S4_41"/><MemPortTyVec>2 1 </MemPortTyVec>
</StgValue>
</bind>
</comp>

<comp id="2" class="1000" name="p_ZZ12pyramidal_hsPA64_8ap_fixedILi16ELi6EL9ap_q_mode5EL9ap_o_mode3ELi0EES4_S4_S4_29">
<pin_list>
<pin id="3" dir="1" index="0" bw="1" slack="0"/>
</pin_list>
<bind>
<StgValue><ssdm name="p_ZZ12pyramidal_hsPA64_8ap_fixedILi16ELi6EL9ap_q_mode5EL9ap_o_mode3ELi0EES4_S4_S4_29"/><MemPortTyVec>2 1 </MemPortTyVec>
</StgValue>
</bind>
</comp>

<comp id="4" class="1000" name="p_ZZ12pyramidal_hsPA64_8ap_fixedILi16ELi6EL9ap_q_mode5EL9ap_o_mode3ELi0EES4_S4_S4_40">
<pin_list>
<pin id="5" dir="1" index="0" bw="1" slack="0"/>
</pin_list>
<bind>
<StgValue><ssdm name="p_ZZ12pyramidal_hsPA64_8ap_fixedILi16ELi6EL9ap_q_mode5EL9ap_o_mode3ELi0EES4_S4_S4_40"/><MemPortTyVec>2 3 </MemPortTyVec>
</StgValue>
</bind>
</comp>

<comp id="6" class="1000" name="p_ZZ12pyramidal_hsPA64_8ap_fixedILi16ELi6EL9ap_q_mode5EL9ap_o_mode3ELi0EES4_S4_S4_28">
<pin_list>
<pin id="7" dir="1" index="0" bw="1" slack="0"/>
</pin_list>
<bind>
<StgValue><ssdm name="p_ZZ12pyramidal_hsPA64_8ap_fixedILi16ELi6EL9ap_q_mode5EL9ap_o_mode3ELi0EES4_S4_S4_28"/><MemPortTyVec>2 3 </MemPortTyVec>
</StgValue>
</bind>
</comp>

<comp id="8" class="1000" name="p_ZZ12pyramidal_hsPA64_8ap_fixedILi16ELi6EL9ap_q_mode5EL9ap_o_mode3ELi0EES4_S4_S4_39">
<pin_list>
<pin id="9" dir="1" index="0" bw="1" slack="0"/>
</pin_list>
<bind>
<StgValue><ssdm name="p_ZZ12pyramidal_hsPA64_8ap_fixedILi16ELi6EL9ap_q_mode5EL9ap_o_mode3ELi0EES4_S4_S4_39"/><MemPortTyVec>2 1 </MemPortTyVec>
</StgValue>
</bind>
</comp>

<comp id="10" class="1000" name="p_ZZ12pyramidal_hsPA64_8ap_fixedILi16ELi6EL9ap_q_mode5EL9ap_o_mode3ELi0EES4_S4_S4_27">
<pin_list>
<pin id="11" dir="1" index="0" bw="1" slack="0"/>
</pin_list>
<bind>
<StgValue><ssdm name="p_ZZ12pyramidal_hsPA64_8ap_fixedILi16ELi6EL9ap_q_mode5EL9ap_o_mode3ELi0EES4_S4_S4_27"/><MemPortTyVec>2 1 </MemPortTyVec>
</StgValue>
</bind>
</comp>

<comp id="12" class="1000" name="p_ZZ12pyramidal_hsPA64_8ap_fixedILi16ELi6EL9ap_q_mode5EL9ap_o_mode3ELi0EES4_S4_S4_38">
<pin_list>
<pin id="13" dir="1" index="0" bw="1" slack="0"/>
</pin_list>
<bind>
<StgValue><ssdm name="p_ZZ12pyramidal_hsPA64_8ap_fixedILi16ELi6EL9ap_q_mode5EL9ap_o_mode3ELi0EES4_S4_S4_38"/><MemPortTyVec>2 3 </MemPortTyVec>
</StgValue>
</bind>
</comp>

<comp id="14" class="1000" name="p_ZZ12pyramidal_hsPA64_8ap_fixedILi16ELi6EL9ap_q_mode5EL9ap_o_mode3ELi0EES4_S4_S4_26">
<pin_list>
<pin id="15" dir="1" index="0" bw="1" slack="0"/>
</pin_list>
<bind>
<StgValue><ssdm name="p_ZZ12pyramidal_hsPA64_8ap_fixedILi16ELi6EL9ap_q_mode5EL9ap_o_mode3ELi0EES4_S4_S4_26"/><MemPortTyVec>2 3 </MemPortTyVec>
</StgValue>
</bind>
</comp>

<comp id="16" class="1000" name="p_ZZ12pyramidal_hsPA64_8ap_fixedILi16ELi6EL9ap_q_mode5EL9ap_o_mode3ELi0EES4_S4_S4_37">
<pin_list>
<pin id="17" dir="1" index="0" bw="1" slack="0"/>
</pin_list>
<bind>
<StgValue><ssdm name="p_ZZ12pyramidal_hsPA64_8ap_fixedILi16ELi6EL9ap_q_mode5EL9ap_o_mode3ELi0EES4_S4_S4_37"/><MemPortTyVec>2 1 </MemPortTyVec>
</StgValue>
</bind>
</comp>

<comp id="18" class="1000" name="p_ZZ12pyramidal_hsPA64_8ap_fixedILi16ELi6EL9ap_q_mode5EL9ap_o_mode3ELi0EES4_S4_S4_25">
<pin_list>
<pin id="19" dir="1" index="0" bw="1" slack="0"/>
</pin_list>
<bind>
<StgValue><ssdm name="p_ZZ12pyramidal_hsPA64_8ap_fixedILi16ELi6EL9ap_q_mode5EL9ap_o_mode3ELi0EES4_S4_S4_25"/><MemPortTyVec>2 1 </MemPortTyVec>
</StgValue>
</bind>
</comp>

<comp id="20" class="1000" name="p_ZZ12pyramidal_hsPA64_8ap_fixedILi16ELi6EL9ap_q_mode5EL9ap_o_mode3ELi0EES4_S4_S4_36">
<pin_list>
<pin id="21" dir="1" index="0" bw="1" slack="0"/>
</pin_list>
<bind>
<StgValue><ssdm name="p_ZZ12pyramidal_hsPA64_8ap_fixedILi16ELi6EL9ap_q_mode5EL9ap_o_mode3ELi0EES4_S4_S4_36"/><MemPortTyVec>2 3 </MemPortTyVec>
</StgValue>
</bind>
</comp>

<comp id="22" class="1000" name="p_ZZ12pyramidal_hsPA64_8ap_fixedILi16ELi6EL9ap_q_mode5EL9ap_o_mode3ELi0EES4_S4_S4_24">
<pin_list>
<pin id="23" dir="1" index="0" bw="1" slack="0"/>
</pin_list>
<bind>
<StgValue><ssdm name="p_ZZ12pyramidal_hsPA64_8ap_fixedILi16ELi6EL9ap_q_mode5EL9ap_o_mode3ELi0EES4_S4_S4_24"/><MemPortTyVec>2 3 </MemPortTyVec>
</StgValue>
</bind>
</comp>

<comp id="24" class="1000" name="Ix16">
<pin_list>
<pin id="25" dir="1" index="0" bw="1" slack="0"/>
</pin_list>
<bind>
<StgValue><ssdm name="Ix16"/><MemPortTyVec>1 3 </MemPortTyVec>
</StgValue>
</bind>
</comp>

<comp id="26" class="1000" name="Iy16">
<pin_list>
<pin id="27" dir="1" index="0" bw="1" slack="0"/>
</pin_list>
<bind>
<StgValue><ssdm name="Iy16"/><MemPortTyVec>1 3 </MemPortTyVec>
</StgValue>
</bind>
</comp>

<comp id="28" class="1000" name="It16">
<pin_list>
<pin id="29" dir="1" index="0" bw="1" slack="0"/>
</pin_list>
<bind>
<StgValue><ssdm name="It16"/><MemPortTyVec>1 3 </MemPortTyVec>
</StgValue>
</bind>
</comp>

<comp id="30" class="1001" name="const_30">
<pin_list>
<pin id="31" dir="1" index="0" bw="1" slack="0"/>
</pin_list>
<bind>
<StgValue><ssdm name=""/></StgValue>
</bind>
</comp>

<comp id="32" class="1001" name="const_32">
<pin_list>
<pin id="33" dir="1" index="0" bw="1" slack="0"/>
</pin_list>
<bind>
<StgValue><ssdm name="horn_schunck_16_Pipeline_VITIS_LOOP_110_1_VITIS_LOOP_112_2"/></StgValue>
</bind>
</comp>

<comp id="34" class="1001" name="const_34">
<pin_list>
<pin id="35" dir="1" index="0" bw="1" slack="0"/>
</pin_list>
<bind>
<StgValue><ssdm name=""/></StgValue>
</bind>
</comp>

<comp id="36" class="1001" name="const_36">
<pin_list>
<pin id="37" dir="1" index="0" bw="1" slack="0"/>
</pin_list>
<bind>
<StgValue><ssdm name=""/></StgValue>
</bind>
</comp>

<comp id="38" class="1001" name="const_38">
<pin_list>
<pin id="39" dir="1" index="0" bw="1" slack="0"/>
</pin_list>
<bind>
<StgValue><ssdm name=""/></StgValue>
</bind>
</comp>

<comp id="40" class="1001" name="const_40">
<pin_list>
<pin id="41" dir="1" index="0" bw="1" slack="0"/>
</pin_list>
<bind>
<StgValue><ssdm name="horn_schunck_16_Pipeline_VITIS_LOOP_123_4_VITIS_LOOP_125_5"/></StgValue>
</bind>
</comp>

<comp id="42" class="1001" name="const_42">
<pin_list>
<pin id="43" dir="1" index="0" bw="1" slack="2147483647"/>
</pin_list>
<bind>
<StgValue><ssdm name="_ssdm_op_SpecLoopTripCount"/></StgValue>
</bind>
</comp>

<comp id="44" class="1001" name="const_44">
<pin_list>
<pin id="45" dir="1" index="0" bw="1" slack="2147483647"/>
</pin_list>
<bind>
<StgValue><ssdm name=""/></StgValue>
</bind>
</comp>

<comp id="46" class="1001" name="const_46">
<pin_list>
<pin id="47" dir="1" index="0" bw="1" slack="2147483647"/>
</pin_list>
<bind>
<StgValue><ssdm name="_ssdm_op_SpecLoopName"/></StgValue>
</bind>
</comp>

<comp id="48" class="1001" name="const_48">
<pin_list>
<pin id="49" dir="1" index="0" bw="1" slack="2147483647"/>
</pin_list>
<bind>
<StgValue><ssdm name="empty_4"/></StgValue>
</bind>
</comp>

<comp id="50" class="1004" name="iter_fu_50">
<pin_list>
<pin id="51" dir="0" index="0" bw="1" slack="0"/>
<pin id="52" dir="1" index="1" bw="3" slack="0"/>
</pin_list>
<bind>
<opcode="alloca(26) " fcode="alloca"/>
<opset="iter/1 "/>
</bind>
</comp>

<comp id="54" class="1004" name="grp_horn_schunck_16_Pipeline_VITIS_LOOP_110_1_VITIS_LOOP_112_2_fu_54">
<pin_list>
<pin id="55" dir="0" index="0" bw="0" slack="0"/>
<pin id="56" dir="0" index="1" bw="16" slack="0"/>
<pin id="57" dir="0" index="2" bw="16" slack="0"/>
<pin id="58" dir="0" index="3" bw="16" slack="0"/>
<pin id="59" dir="0" index="4" bw="16" slack="0"/>
<pin id="60" dir="0" index="5" bw="16" slack="0"/>
<pin id="61" dir="0" index="6" bw="16" slack="0"/>
<pin id="62" dir="0" index="7" bw="16" slack="0"/>
<pin id="63" dir="0" index="8" bw="16" slack="0"/>
<pin id="64" dir="0" index="9" bw="16" slack="0"/>
<pin id="65" dir="0" index="10" bw="16" slack="0"/>
<pin id="66" dir="0" index="11" bw="16" slack="0"/>
<pin id="67" dir="0" index="12" bw="16" slack="0"/>
<pin id="68" dir="1" index="13" bw="0" slack="2147483647"/>
</pin_list>
<bind>
<opcode="call(48) " fcode="call"/>
<opset="call_ln0/1 "/>
</bind>
</comp>

<comp id="82" class="1004" name="grp_horn_schunck_16_Pipeline_VITIS_LOOP_123_4_VITIS_LOOP_125_5_fu_82">
<pin_list>
<pin id="83" dir="0" index="0" bw="0" slack="0"/>
<pin id="84" dir="0" index="1" bw="16" slack="0"/>
<pin id="85" dir="0" index="2" bw="16" slack="0"/>
<pin id="86" dir="0" index="3" bw="16" slack="0"/>
<pin id="87" dir="0" index="4" bw="16" slack="0"/>
<pin id="88" dir="0" index="5" bw="16" slack="0"/>
<pin id="89" dir="0" index="6" bw="16" slack="0"/>
<pin id="90" dir="0" index="7" bw="16" slack="0"/>
<pin id="91" dir="0" index="8" bw="16" slack="0"/>
<pin id="92" dir="0" index="9" bw="16" slack="0"/>
<pin id="93" dir="0" index="10" bw="16" slack="0"/>
<pin id="94" dir="0" index="11" bw="16" slack="0"/>
<pin id="95" dir="0" index="12" bw="16" slack="0"/>
<pin id="96" dir="0" index="13" bw="16" slack="0"/>
<pin id="97" dir="0" index="14" bw="16" slack="0"/>
<pin id="98" dir="0" index="15" bw="16" slack="0"/>
<pin id="99" dir="1" index="16" bw="0" slack="2147483647"/>
</pin_list>
<bind>
<opcode="call(48) " fcode="call"/>
<opset="call_ln0/3 "/>
</bind>
</comp>

<comp id="116" class="1004" name="store_ln121_store_fu_116">
<pin_list>
<pin id="117" dir="0" index="0" bw="1" slack="0"/>
<pin id="118" dir="0" index="1" bw="3" slack="0"/>
<pin id="119" dir="1" index="2" bw="0" slack="2147483647"/>
</pin_list>
<bind>
<opcode="store(28) " fcode="store"/>
<opset="store_ln121/1 "/>
</bind>
</comp>

<comp id="121" class="1004" name="iter_5_load_fu_121">
<pin_list>
<pin id="122" dir="0" index="0" bw="3" slack="2"/>
<pin id="123" dir="1" index="1" bw="3" slack="0"/>
</pin_list>
<bind>
<opcode="load(27) " fcode="load"/>
<opset="iter_5/3 "/>
</bind>
</comp>

<comp id="124" class="1004" name="icmp_ln121_fu_124">
<pin_list>
<pin id="125" dir="0" index="0" bw="3" slack="0"/>
<pin id="126" dir="0" index="1" bw="3" slack="0"/>
<pin id="127" dir="1" index="2" bw="1" slack="2147483647"/>
</pin_list>
<bind>
<opcode="icmp(45) " fcode="icmp"/>
<opset="icmp_ln121/3 "/>
</bind>
</comp>

<comp id="130" class="1004" name="iter_6_fu_130">
<pin_list>
<pin id="131" dir="0" index="0" bw="3" slack="0"/>
<pin id="132" dir="0" index="1" bw="1" slack="0"/>
<pin id="133" dir="1" index="2" bw="3" slack="0"/>
</pin_list>
<bind>
<opcode="add(8) " fcode="add"/>
<opset="iter_6/3 "/>
</bind>
</comp>

<comp id="136" class="1004" name="store_ln121_store_fu_136">
<pin_list>
<pin id="137" dir="0" index="0" bw="3" slack="0"/>
<pin id="138" dir="0" index="1" bw="3" slack="2"/>
<pin id="139" dir="1" index="2" bw="0" slack="2147483647"/>
</pin_list>
<bind>
<opcode="store(28) " fcode="store"/>
<opset="store_ln121/3 "/>
</bind>
</comp>

<comp id="141" class="1005" name="iter_reg_141">
<pin_list>
<pin id="142" dir="0" index="0" bw="3" slack="0"/>
<pin id="143" dir="1" index="1" bw="3" slack="0"/>
</pin_list>
<bind>
<opset="iter "/>
</bind>
</comp>

</comp_list>

<net_list>
<net id="53"><net_src comp="30" pin="0"/><net_sink comp="50" pin=0"/></net>

<net id="69"><net_src comp="32" pin="0"/><net_sink comp="54" pin=0"/></net>

<net id="70"><net_src comp="0" pin="0"/><net_sink comp="54" pin=1"/></net>

<net id="71"><net_src comp="2" pin="0"/><net_sink comp="54" pin=2"/></net>

<net id="72"><net_src comp="4" pin="0"/><net_sink comp="54" pin=3"/></net>

<net id="73"><net_src comp="6" pin="0"/><net_sink comp="54" pin=4"/></net>

<net id="74"><net_src comp="8" pin="0"/><net_sink comp="54" pin=5"/></net>

<net id="75"><net_src comp="10" pin="0"/><net_sink comp="54" pin=6"/></net>

<net id="76"><net_src comp="12" pin="0"/><net_sink comp="54" pin=7"/></net>

<net id="77"><net_src comp="14" pin="0"/><net_sink comp="54" pin=8"/></net>

<net id="78"><net_src comp="16" pin="0"/><net_sink comp="54" pin=9"/></net>

<net id="79"><net_src comp="18" pin="0"/><net_sink comp="54" pin=10"/></net>

<net id="80"><net_src comp="20" pin="0"/><net_sink comp="54" pin=11"/></net>

<net id="81"><net_src comp="22" pin="0"/><net_sink comp="54" pin=12"/></net>

<net id="100"><net_src comp="40" pin="0"/><net_sink comp="82" pin=0"/></net>

<net id="101"><net_src comp="0" pin="0"/><net_sink comp="82" pin=1"/></net>

<net id="102"><net_src comp="2" pin="0"/><net_sink comp="82" pin=2"/></net>

<net id="103"><net_src comp="4" pin="0"/><net_sink comp="82" pin=3"/></net>

<net id="104"><net_src comp="8" pin="0"/><net_sink comp="82" pin=4"/></net>

<net id="105"><net_src comp="12" pin="0"/><net_sink comp="82" pin=5"/></net>

<net id="106"><net_src comp="16" pin="0"/><net_sink comp="82" pin=6"/></net>

<net id="107"><net_src comp="20" pin="0"/><net_sink comp="82" pin=7"/></net>

<net id="108"><net_src comp="6" pin="0"/><net_sink comp="82" pin=8"/></net>

<net id="109"><net_src comp="10" pin="0"/><net_sink comp="82" pin=9"/></net>

<net id="110"><net_src comp="14" pin="0"/><net_sink comp="82" pin=10"/></net>

<net id="111"><net_src comp="18" pin="0"/><net_sink comp="82" pin=11"/></net>

<net id="112"><net_src comp="22" pin="0"/><net_sink comp="82" pin=12"/></net>

<net id="113"><net_src comp="24" pin="0"/><net_sink comp="82" pin=13"/></net>

<net id="114"><net_src comp="26" pin="0"/><net_sink comp="82" pin=14"/></net>

<net id="115"><net_src comp="28" pin="0"/><net_sink comp="82" pin=15"/></net>

<net id="120"><net_src comp="34" pin="0"/><net_sink comp="116" pin=0"/></net>

<net id="128"><net_src comp="121" pin="1"/><net_sink comp="124" pin=0"/></net>

<net id="129"><net_src comp="36" pin="0"/><net_sink comp="124" pin=1"/></net>

<net id="134"><net_src comp="121" pin="1"/><net_sink comp="130" pin=0"/></net>

<net id="135"><net_src comp="38" pin="0"/><net_sink comp="130" pin=1"/></net>

<net id="140"><net_src comp="130" pin="2"/><net_sink comp="136" pin=0"/></net>

<net id="144"><net_src comp="50" pin="1"/><net_sink comp="141" pin=0"/></net>

<net id="145"><net_src comp="141" pin="1"/><net_sink comp="116" pin=1"/></net>

<net id="146"><net_src comp="141" pin="1"/><net_sink comp="121" pin=0"/></net>

<net id="147"><net_src comp="141" pin="1"/><net_sink comp="136" pin=1"/></net>

</net_list>

</model> 
---------------- Datapath Model END ------------------

* FSMD analyzer results:
  - Output states:
	Port: p_ZZ12pyramidal_hsPA64_8ap_fixedILi16ELi6EL9ap_q_mode5EL9ap_o_mode3ELi0EES4_S4_S4_41 | {1 2 3 4 }
	Port: p_ZZ12pyramidal_hsPA64_8ap_fixedILi16ELi6EL9ap_q_mode5EL9ap_o_mode3ELi0EES4_S4_S4_29 | {1 2 3 4 }
	Port: p_ZZ12pyramidal_hsPA64_8ap_fixedILi16ELi6EL9ap_q_mode5EL9ap_o_mode3ELi0EES4_S4_S4_40 | {1 2 3 4 }
	Port: p_ZZ12pyramidal_hsPA64_8ap_fixedILi16ELi6EL9ap_q_mode5EL9ap_o_mode3ELi0EES4_S4_S4_28 | {1 2 3 4 }
	Port: p_ZZ12pyramidal_hsPA64_8ap_fixedILi16ELi6EL9ap_q_mode5EL9ap_o_mode3ELi0EES4_S4_S4_39 | {1 2 3 4 }
	Port: p_ZZ12pyramidal_hsPA64_8ap_fixedILi16ELi6EL9ap_q_mode5EL9ap_o_mode3ELi0EES4_S4_S4_27 | {1 2 3 4 }
	Port: p_ZZ12pyramidal_hsPA64_8ap_fixedILi16ELi6EL9ap_q_mode5EL9ap_o_mode3ELi0EES4_S4_S4_38 | {1 2 3 4 }
	Port: p_ZZ12pyramidal_hsPA64_8ap_fixedILi16ELi6EL9ap_q_mode5EL9ap_o_mode3ELi0EES4_S4_S4_26 | {1 2 3 4 }
	Port: p_ZZ12pyramidal_hsPA64_8ap_fixedILi16ELi6EL9ap_q_mode5EL9ap_o_mode3ELi0EES4_S4_S4_37 | {1 2 3 4 }
	Port: p_ZZ12pyramidal_hsPA64_8ap_fixedILi16ELi6EL9ap_q_mode5EL9ap_o_mode3ELi0EES4_S4_S4_25 | {1 2 3 4 }
	Port: p_ZZ12pyramidal_hsPA64_8ap_fixedILi16ELi6EL9ap_q_mode5EL9ap_o_mode3ELi0EES4_S4_S4_36 | {1 2 3 4 }
	Port: p_ZZ12pyramidal_hsPA64_8ap_fixedILi16ELi6EL9ap_q_mode5EL9ap_o_mode3ELi0EES4_S4_S4_24 | {1 2 3 4 }
	Port: Ix16 | {}
	Port: Iy16 | {}
	Port: It16 | {}
 - Input state : 
	Port: horn_schunck_16 : p_ZZ12pyramidal_hsPA64_8ap_fixedILi16ELi6EL9ap_q_mode5EL9ap_o_mode3ELi0EES4_S4_S4_41 | {3 4 }
	Port: horn_schunck_16 : p_ZZ12pyramidal_hsPA64_8ap_fixedILi16ELi6EL9ap_q_mode5EL9ap_o_mode3ELi0EES4_S4_S4_29 | {3 4 }
	Port: horn_schunck_16 : p_ZZ12pyramidal_hsPA64_8ap_fixedILi16ELi6EL9ap_q_mode5EL9ap_o_mode3ELi0EES4_S4_S4_40 | {3 4 }
	Port: horn_schunck_16 : p_ZZ12pyramidal_hsPA64_8ap_fixedILi16ELi6EL9ap_q_mode5EL9ap_o_mode3ELi0EES4_S4_S4_28 | {3 4 }
	Port: horn_schunck_16 : p_ZZ12pyramidal_hsPA64_8ap_fixedILi16ELi6EL9ap_q_mode5EL9ap_o_mode3ELi0EES4_S4_S4_39 | {3 4 }
	Port: horn_schunck_16 : p_ZZ12pyramidal_hsPA64_8ap_fixedILi16ELi6EL9ap_q_mode5EL9ap_o_mode3ELi0EES4_S4_S4_27 | {3 4 }
	Port: horn_schunck_16 : p_ZZ12pyramidal_hsPA64_8ap_fixedILi16ELi6EL9ap_q_mode5EL9ap_o_mode3ELi0EES4_S4_S4_38 | {3 4 }
	Port: horn_schunck_16 : p_ZZ12pyramidal_hsPA64_8ap_fixedILi16ELi6EL9ap_q_mode5EL9ap_o_mode3ELi0EES4_S4_S4_26 | {3 4 }
	Port: horn_schunck_16 : p_ZZ12pyramidal_hsPA64_8ap_fixedILi16ELi6EL9ap_q_mode5EL9ap_o_mode3ELi0EES4_S4_S4_37 | {3 4 }
	Port: horn_schunck_16 : p_ZZ12pyramidal_hsPA64_8ap_fixedILi16ELi6EL9ap_q_mode5EL9ap_o_mode3ELi0EES4_S4_S4_25 | {3 4 }
	Port: horn_schunck_16 : p_ZZ12pyramidal_hsPA64_8ap_fixedILi16ELi6EL9ap_q_mode5EL9ap_o_mode3ELi0EES4_S4_S4_36 | {3 4 }
	Port: horn_schunck_16 : p_ZZ12pyramidal_hsPA64_8ap_fixedILi16ELi6EL9ap_q_mode5EL9ap_o_mode3ELi0EES4_S4_S4_24 | {3 4 }
	Port: horn_schunck_16 : Ix16 | {3 4 }
	Port: horn_schunck_16 : Iy16 | {3 4 }
	Port: horn_schunck_16 : It16 | {3 4 }
  - Chain level:
	State 1
		store_ln121 : 1
	State 2
	State 3
		icmp_ln121 : 1
		iter_6 : 1
		br_ln121 : 2
		store_ln121 : 2
	State 4


============================================================
+ Verbose Summary: Datapath Resource usage 
============================================================

* Functional unit list:
|----------|----------------------------------------------------------------------|---------|---------|---------|---------|
| Operation|                            Functional Unit                           |   DSP   |  Delay  |    FF   |   LUT   |
|----------|----------------------------------------------------------------------|---------|---------|---------|---------|
|   call   | grp_horn_schunck_16_Pipeline_VITIS_LOOP_110_1_VITIS_LOOP_112_2_fu_54 |    0    |  1.029  |   131   |   177   |
|          | grp_horn_schunck_16_Pipeline_VITIS_LOOP_123_4_VITIS_LOOP_125_5_fu_82 |    6    | 30.9608 |   7533  |   5971  |
|----------|----------------------------------------------------------------------|---------|---------|---------|---------|
|   icmp   |                           icmp_ln121_fu_124                          |    0    |    0    |    0    |    11   |
|----------|----------------------------------------------------------------------|---------|---------|---------|---------|
|    add   |                             iter_6_fu_130                            |    0    |    0    |    0    |    11   |
|----------|----------------------------------------------------------------------|---------|---------|---------|---------|
|   Total  |                                                                      |    6    | 31.9898 |   7664  |   6170  |
|----------|----------------------------------------------------------------------|---------|---------|---------|---------|

Memories:
N/A

* Register list:
+------------+--------+
|            |   FF   |
+------------+--------+
|iter_reg_141|    3   |
+------------+--------+
|    Total   |    3   |
+------------+--------+

* Multiplexer (MUX) list: 
|--------|------|------|------|--------|
|  Comp  |  Pin | Size |  BW  | S x BW |
|--------|------|------|------|--------|
|  Total |      |      |      |    0   |
|--------|------|------|------|--------|



* Summary:
+-----------+--------+--------+--------+--------+
|           |   DSP  |  Delay |   FF   |   LUT  |
+-----------+--------+--------+--------+--------+
|  Function |    6   |   31   |  7664  |  6170  |
|   Memory  |    -   |    -   |    -   |    -   |
|Multiplexer|    -   |    -   |    -   |    -   |
|  Register |    -   |    -   |    3   |    -   |
+-----------+--------+--------+--------+--------+
|   Total   |    6   |   31   |  7667  |  6170  |
+-----------+--------+--------+--------+--------+
