

================================================================
== Vitis HLS Report for 'pyramidal_hs'
================================================================
* Date:           Thu Dec 18 23:21:29 2025

* Version:        2025.2 (Build 6295257 on Nov 12 2025)
* Project:        pyramidal_hs
* Solution:       hls (Vivado IP Flow Target)
* Product family: kintex7
* Target device:  xc7k70t-fbg484-1


================================================================
== Performance Estimates
================================================================
+ Timing: 
    * Summary: 
    +--------+----------+-----------+------------+
    |  Clock |  Target  | Estimated | Uncertainty|
    +--------+----------+-----------+------------+
    |ap_clk  |  10.00 ns|  28.952 ns|     2.70 ns|
    +--------+----------+-----------+------------+

+ Latency: 
    * Summary: 
    +---------+---------+-----------+-----------+---------+---------+---------+
    |  Latency (cycles) |   Latency (absolute)  |      Interval     | Pipeline|
    |   min   |   max   |    min    |    max    |   min   |   max   |   Type  |
    +---------+---------+-----------+-----------+---------+---------+---------+
    |  1412689|  1412689|  40.901 ms|  40.901 ms|  1412690|  1412690|       no|
    +---------+---------+-----------+-----------+---------+---------+---------+

    + Detail: 
        * Instance: 
        N/A

        * Loop: 
        N/A

============================================================
+ Verbose Summary: Synthesis Manager
============================================================
InlineROM: 1
ExposeGlobal: 0
============================================================
+ Verbose Summary: CDFG Model
============================================================
IsTopModel: 1
ResetActiveHigh: 1
IsCombinational: 0
IsDatapathOnly: 0
HasWiredReturn: 1
HasMFsm: 0
HasVarLatency: 1
IsPipeline: 0
IsRtlPipelined: 0
IsInstanceOverlapped: 0
IsDontTouch: 0
HasImplIP: 0
IsGatedGlobalClock: 0


============================================================
+ Verbose Summary: Schedule
============================================================
* Number of FSM states : 20
* Pipeline : 0
* Dataflow Pipeline: 0

* FSM state transitions: 
1 --> 2 
2 --> 3 
3 --> 4 
4 --> 5 
5 --> 6 
6 --> 7 
7 --> 8 
8 --> 9 
9 --> 10 
10 --> 11 
11 --> 12 
12 --> 13 
13 --> 14 
14 --> 15 
15 --> 16 
16 --> 17 
17 --> 18 
18 --> 19 
19 --> 20 
20 --> 

* FSM state operations: 

State 1 <SV = 0> <Delay = 0.00>
ST_1 : Operation 21 [2/2] (0.00ns)   --->   "%call_ln0 = call void @pyramidal_hs_Pipeline_VITIS_LOOP_6_1_VITIS_LOOP_7_2, i16 %img1, i16 %p_ZZ12pyramidal_hsPA64_8ap_fixedILi16ELi6EL9ap_q_mode5EL9ap_o_mode3ELi0EES4_S4_S4_8, i16 %p_ZZ12pyramidal_hsPA64_8ap_fixedILi16ELi6EL9ap_q_mode5EL9ap_o_mode3ELi0EES4_S4_S4_7, i16 %p_ZZ12pyramidal_hsPA64_8ap_fixedILi16ELi6EL9ap_q_mode5EL9ap_o_mode3ELi0EES4_S4_S4_6, i16 %p_ZZ12pyramidal_hsPA64_8ap_fixedILi16ELi6EL9ap_q_mode5EL9ap_o_mode3ELi0EES4_S4_S4_5, i16 %p_ZZ12pyramidal_hsPA64_8ap_fixedILi16ELi6EL9ap_q_mode5EL9ap_o_mode3ELi0EES4_S4_S4_4, i16 %p_ZZ12pyramidal_hsPA64_8ap_fixedILi16ELi6EL9ap_q_mode5EL9ap_o_mode3ELi0EES4_S4_S4_3, i16 %p_ZZ12pyramidal_hsPA64_8ap_fixedILi16ELi6EL9ap_q_mode5EL9ap_o_mode3ELi0EES4_S4_S4_2, i16 %p_ZZ12pyramidal_hsPA64_8ap_fixedILi16ELi6EL9ap_q_mode5EL9ap_o_mode3ELi0EES4_S4_S4_1, i16 %p_ZZ12pyramidal_hsPA64_8ap_fixedILi16ELi6EL9ap_q_mode5EL9ap_o_mode3ELi0EES4_S4_S4"   --->   Operation 21 'call' 'call_ln0' <Predicate = true> <Delay = 0.00> <CoreType = "Generic">   --->   Generic Core
ST_1 : Operation 22 [2/2] (0.00ns)   --->   "%call_ln0 = call void @pyramidal_hs_Pipeline_VITIS_LOOP_6_1_VITIS_LOOP_7_23, i16 %img2, i16 %pyramidal_hs_ap_fixed_64_ap_fixed_64_ap_fixed_64_ap_fixed_64_1, i16 %pyramidal_hs_ap_fixed_64_ap_fixed_64_ap_fixed_64_ap_fixed_64"   --->   Operation 22 'call' 'call_ln0' <Predicate = true> <Delay = 0.00> <CoreType = "Generic">   --->   Generic Core

State 2 <SV = 1> <Delay = 0.00>
ST_2 : Operation 23 [1/2] (0.00ns)   --->   "%call_ln0 = call void @pyramidal_hs_Pipeline_VITIS_LOOP_6_1_VITIS_LOOP_7_2, i16 %img1, i16 %p_ZZ12pyramidal_hsPA64_8ap_fixedILi16ELi6EL9ap_q_mode5EL9ap_o_mode3ELi0EES4_S4_S4_8, i16 %p_ZZ12pyramidal_hsPA64_8ap_fixedILi16ELi6EL9ap_q_mode5EL9ap_o_mode3ELi0EES4_S4_S4_7, i16 %p_ZZ12pyramidal_hsPA64_8ap_fixedILi16ELi6EL9ap_q_mode5EL9ap_o_mode3ELi0EES4_S4_S4_6, i16 %p_ZZ12pyramidal_hsPA64_8ap_fixedILi16ELi6EL9ap_q_mode5EL9ap_o_mode3ELi0EES4_S4_S4_5, i16 %p_ZZ12pyramidal_hsPA64_8ap_fixedILi16ELi6EL9ap_q_mode5EL9ap_o_mode3ELi0EES4_S4_S4_4, i16 %p_ZZ12pyramidal_hsPA64_8ap_fixedILi16ELi6EL9ap_q_mode5EL9ap_o_mode3ELi0EES4_S4_S4_3, i16 %p_ZZ12pyramidal_hsPA64_8ap_fixedILi16ELi6EL9ap_q_mode5EL9ap_o_mode3ELi0EES4_S4_S4_2, i16 %p_ZZ12pyramidal_hsPA64_8ap_fixedILi16ELi6EL9ap_q_mode5EL9ap_o_mode3ELi0EES4_S4_S4_1, i16 %p_ZZ12pyramidal_hsPA64_8ap_fixedILi16ELi6EL9ap_q_mode5EL9ap_o_mode3ELi0EES4_S4_S4"   --->   Operation 23 'call' 'call_ln0' <Predicate = true> <Delay = 0.00> <CoreType = "Generic">   --->   Generic Core
ST_2 : Operation 24 [1/2] (0.00ns)   --->   "%call_ln0 = call void @pyramidal_hs_Pipeline_VITIS_LOOP_6_1_VITIS_LOOP_7_23, i16 %img2, i16 %pyramidal_hs_ap_fixed_64_ap_fixed_64_ap_fixed_64_ap_fixed_64_1, i16 %pyramidal_hs_ap_fixed_64_ap_fixed_64_ap_fixed_64_ap_fixed_64"   --->   Operation 24 'call' 'call_ln0' <Predicate = true> <Delay = 0.00> <CoreType = "Generic">   --->   Generic Core

State 3 <SV = 2> <Delay = 0.00>
ST_3 : Operation 25 [2/2] (0.00ns)   --->   "%call_ln0 = call void @pyramidal_hs_Pipeline_VITIS_LOOP_17_1_VITIS_LOOP_18_2, i16 %p_ZZ12pyramidal_hsPA64_8ap_fixedILi16ELi6EL9ap_q_mode5EL9ap_o_mode3ELi0EES4_S4_S4_17, i16 %p_ZZ12pyramidal_hsPA64_8ap_fixedILi16ELi6EL9ap_q_mode5EL9ap_o_mode3ELi0EES4_S4_S4_8, i16 %p_ZZ12pyramidal_hsPA64_8ap_fixedILi16ELi6EL9ap_q_mode5EL9ap_o_mode3ELi0EES4_S4_S4_7, i16 %p_ZZ12pyramidal_hsPA64_8ap_fixedILi16ELi6EL9ap_q_mode5EL9ap_o_mode3ELi0EES4_S4_S4_6, i16 %p_ZZ12pyramidal_hsPA64_8ap_fixedILi16ELi6EL9ap_q_mode5EL9ap_o_mode3ELi0EES4_S4_S4_5, i16 %p_ZZ12pyramidal_hsPA64_8ap_fixedILi16ELi6EL9ap_q_mode5EL9ap_o_mode3ELi0EES4_S4_S4_4, i16 %p_ZZ12pyramidal_hsPA64_8ap_fixedILi16ELi6EL9ap_q_mode5EL9ap_o_mode3ELi0EES4_S4_S4_3, i16 %p_ZZ12pyramidal_hsPA64_8ap_fixedILi16ELi6EL9ap_q_mode5EL9ap_o_mode3ELi0EES4_S4_S4_2, i16 %p_ZZ12pyramidal_hsPA64_8ap_fixedILi16ELi6EL9ap_q_mode5EL9ap_o_mode3ELi0EES4_S4_S4_1, i16 %p_ZZ12pyramidal_hsPA64_8ap_fixedILi16ELi6EL9ap_q_mode5EL9ap_o_mode3ELi0EES4_S4_S4, i16 %p_ZZ12pyramidal_hsPA64_8ap_fixedILi16ELi6EL9ap_q_mode5EL9ap_o_mode3ELi0EES4_S4_S4_16, i16 %p_ZZ12pyramidal_hsPA64_8ap_fixedILi16ELi6EL9ap_q_mode5EL9ap_o_mode3ELi0EES4_S4_S4_15, i16 %p_ZZ12pyramidal_hsPA64_8ap_fixedILi16ELi6EL9ap_q_mode5EL9ap_o_mode3ELi0EES4_S4_S4_14, i16 %p_ZZ12pyramidal_hsPA64_8ap_fixedILi16ELi6EL9ap_q_mode5EL9ap_o_mode3ELi0EES4_S4_S4_13, i16 %p_ZZ12pyramidal_hsPA64_8ap_fixedILi16ELi6EL9ap_q_mode5EL9ap_o_mode3ELi0EES4_S4_S4_12, i16 %p_ZZ12pyramidal_hsPA64_8ap_fixedILi16ELi6EL9ap_q_mode5EL9ap_o_mode3ELi0EES4_S4_S4_11, i16 %p_ZZ12pyramidal_hsPA64_8ap_fixedILi16ELi6EL9ap_q_mode5EL9ap_o_mode3ELi0EES4_S4_S4_10, i16 %p_ZZ12pyramidal_hsPA64_8ap_fixedILi16ELi6EL9ap_q_mode5EL9ap_o_mode3ELi0EES4_S4_S4_9"   --->   Operation 25 'call' 'call_ln0' <Predicate = true> <Delay = 0.00> <CoreType = "Generic">   --->   Generic Core
ST_3 : Operation 26 [2/2] (0.00ns)   --->   "%call_ln0 = call void @pyramidal_hs_Pipeline_VITIS_LOOP_17_1_VITIS_LOOP_18_24, i16 %pyramidal_hs_ap_fixed_64_ap_fixed_64_ap_fixed_64_ap_fixed_64_1, i16 %pyramidal_hs_ap_fixed_64_ap_fixed_64_ap_fixed_64_ap_fixed_64, i16 %img2_16"   --->   Operation 26 'call' 'call_ln0' <Predicate = true> <Delay = 0.00> <CoreType = "Generic">   --->   Generic Core
ST_3 : Operation 27 [2/2] (0.00ns)   --->   "%call_ln68 = call void @compute_derivatives, i16 %img1, i16 %img2, i16 %Ix64, i16 %Iy64, i16 %It64" [../HS_hls/src/pyramidal_hs.cpp:68]   --->   Operation 27 'call' 'call_ln68' <Predicate = true> <Delay = 0.00> <CoreType = "Generic">   --->   Generic Core

State 4 <SV = 3> <Delay = 3.51>
ST_4 : Operation 28 [1/2] (0.00ns)   --->   "%call_ln0 = call void @pyramidal_hs_Pipeline_VITIS_LOOP_17_1_VITIS_LOOP_18_2, i16 %p_ZZ12pyramidal_hsPA64_8ap_fixedILi16ELi6EL9ap_q_mode5EL9ap_o_mode3ELi0EES4_S4_S4_17, i16 %p_ZZ12pyramidal_hsPA64_8ap_fixedILi16ELi6EL9ap_q_mode5EL9ap_o_mode3ELi0EES4_S4_S4_8, i16 %p_ZZ12pyramidal_hsPA64_8ap_fixedILi16ELi6EL9ap_q_mode5EL9ap_o_mode3ELi0EES4_S4_S4_7, i16 %p_ZZ12pyramidal_hsPA64_8ap_fixedILi16ELi6EL9ap_q_mode5EL9ap_o_mode3ELi0EES4_S4_S4_6, i16 %p_ZZ12pyramidal_hsPA64_8ap_fixedILi16ELi6EL9ap_q_mode5EL9ap_o_mode3ELi0EES4_S4_S4_5, i16 %p_ZZ12pyramidal_hsPA64_8ap_fixedILi16ELi6EL9ap_q_mode5EL9ap_o_mode3ELi0EES4_S4_S4_4, i16 %p_ZZ12pyramidal_hsPA64_8ap_fixedILi16ELi6EL9ap_q_mode5EL9ap_o_mode3ELi0EES4_S4_S4_3, i16 %p_ZZ12pyramidal_hsPA64_8ap_fixedILi16ELi6EL9ap_q_mode5EL9ap_o_mode3ELi0EES4_S4_S4_2, i16 %p_ZZ12pyramidal_hsPA64_8ap_fixedILi16ELi6EL9ap_q_mode5EL9ap_o_mode3ELi0EES4_S4_S4_1, i16 %p_ZZ12pyramidal_hsPA64_8ap_fixedILi16ELi6EL9ap_q_mode5EL9ap_o_mode3ELi0EES4_S4_S4, i16 %p_ZZ12pyramidal_hsPA64_8ap_fixedILi16ELi6EL9ap_q_mode5EL9ap_o_mode3ELi0EES4_S4_S4_16, i16 %p_ZZ12pyramidal_hsPA64_8ap_fixedILi16ELi6EL9ap_q_mode5EL9ap_o_mode3ELi0EES4_S4_S4_15, i16 %p_ZZ12pyramidal_hsPA64_8ap_fixedILi16ELi6EL9ap_q_mode5EL9ap_o_mode3ELi0EES4_S4_S4_14, i16 %p_ZZ12pyramidal_hsPA64_8ap_fixedILi16ELi6EL9ap_q_mode5EL9ap_o_mode3ELi0EES4_S4_S4_13, i16 %p_ZZ12pyramidal_hsPA64_8ap_fixedILi16ELi6EL9ap_q_mode5EL9ap_o_mode3ELi0EES4_S4_S4_12, i16 %p_ZZ12pyramidal_hsPA64_8ap_fixedILi16ELi6EL9ap_q_mode5EL9ap_o_mode3ELi0EES4_S4_S4_11, i16 %p_ZZ12pyramidal_hsPA64_8ap_fixedILi16ELi6EL9ap_q_mode5EL9ap_o_mode3ELi0EES4_S4_S4_10, i16 %p_ZZ12pyramidal_hsPA64_8ap_fixedILi16ELi6EL9ap_q_mode5EL9ap_o_mode3ELi0EES4_S4_S4_9"   --->   Operation 28 'call' 'call_ln0' <Predicate = true> <Delay = 0.00> <CoreType = "Generic">   --->   Generic Core
ST_4 : Operation 29 [1/2] (0.00ns)   --->   "%call_ln0 = call void @pyramidal_hs_Pipeline_VITIS_LOOP_17_1_VITIS_LOOP_18_24, i16 %pyramidal_hs_ap_fixed_64_ap_fixed_64_ap_fixed_64_ap_fixed_64_1, i16 %pyramidal_hs_ap_fixed_64_ap_fixed_64_ap_fixed_64_ap_fixed_64, i16 %img2_16"   --->   Operation 29 'call' 'call_ln0' <Predicate = true> <Delay = 0.00> <CoreType = "Generic">   --->   Generic Core
ST_4 : Operation 30 [1/2] (3.51ns)   --->   "%call_ln68 = call void @compute_derivatives, i16 %img1, i16 %img2, i16 %Ix64, i16 %Iy64, i16 %It64" [../HS_hls/src/pyramidal_hs.cpp:68]   --->   Operation 30 'call' 'call_ln68' <Predicate = true> <Delay = 3.51> <CoreType = "Generic">   --->   Generic Core

State 5 <SV = 4> <Delay = 0.00>
ST_5 : Operation 31 [2/2] (0.00ns)   --->   "%call_ln34 = call void @compute_derivatives_16, i16 %Ix16, i16 %Iy16, i16 %p_ZZ12pyramidal_hsPA64_8ap_fixedILi16ELi6EL9ap_q_mode5EL9ap_o_mode3ELi0EES4_S4_S4_17, i16 %p_ZZ12pyramidal_hsPA64_8ap_fixedILi16ELi6EL9ap_q_mode5EL9ap_o_mode3ELi0EES4_S4_S4_16, i16 %p_ZZ12pyramidal_hsPA64_8ap_fixedILi16ELi6EL9ap_q_mode5EL9ap_o_mode3ELi0EES4_S4_S4_15, i16 %p_ZZ12pyramidal_hsPA64_8ap_fixedILi16ELi6EL9ap_q_mode5EL9ap_o_mode3ELi0EES4_S4_S4_14, i16 %p_ZZ12pyramidal_hsPA64_8ap_fixedILi16ELi6EL9ap_q_mode5EL9ap_o_mode3ELi0EES4_S4_S4_13, i16 %p_ZZ12pyramidal_hsPA64_8ap_fixedILi16ELi6EL9ap_q_mode5EL9ap_o_mode3ELi0EES4_S4_S4_12, i16 %p_ZZ12pyramidal_hsPA64_8ap_fixedILi16ELi6EL9ap_q_mode5EL9ap_o_mode3ELi0EES4_S4_S4_11, i16 %p_ZZ12pyramidal_hsPA64_8ap_fixedILi16ELi6EL9ap_q_mode5EL9ap_o_mode3ELi0EES4_S4_S4_10, i16 %p_ZZ12pyramidal_hsPA64_8ap_fixedILi16ELi6EL9ap_q_mode5EL9ap_o_mode3ELi0EES4_S4_S4_9, i16 %img2_16, i16 %It16" [../HS_hls/src/pyramidal_hs.cpp:34]   --->   Operation 31 'call' 'call_ln34' <Predicate = true> <Delay = 0.00> <CoreType = "Generic">   --->   Generic Core
ST_5 : Operation 32 [2/2] (0.00ns)   --->   "%call_ln51 = call void @compute_derivatives_32, i16 %Ix32, i16 %Iy32, i16 %p_ZZ12pyramidal_hsPA64_8ap_fixedILi16ELi6EL9ap_q_mode5EL9ap_o_mode3ELi0EES4_S4_S4_8, i16 %p_ZZ12pyramidal_hsPA64_8ap_fixedILi16ELi6EL9ap_q_mode5EL9ap_o_mode3ELi0EES4_S4_S4_7, i16 %p_ZZ12pyramidal_hsPA64_8ap_fixedILi16ELi6EL9ap_q_mode5EL9ap_o_mode3ELi0EES4_S4_S4_6, i16 %p_ZZ12pyramidal_hsPA64_8ap_fixedILi16ELi6EL9ap_q_mode5EL9ap_o_mode3ELi0EES4_S4_S4_5, i16 %p_ZZ12pyramidal_hsPA64_8ap_fixedILi16ELi6EL9ap_q_mode5EL9ap_o_mode3ELi0EES4_S4_S4_4, i16 %p_ZZ12pyramidal_hsPA64_8ap_fixedILi16ELi6EL9ap_q_mode5EL9ap_o_mode3ELi0EES4_S4_S4_3, i16 %p_ZZ12pyramidal_hsPA64_8ap_fixedILi16ELi6EL9ap_q_mode5EL9ap_o_mode3ELi0EES4_S4_S4_2, i16 %p_ZZ12pyramidal_hsPA64_8ap_fixedILi16ELi6EL9ap_q_mode5EL9ap_o_mode3ELi0EES4_S4_S4_1, i16 %p_ZZ12pyramidal_hsPA64_8ap_fixedILi16ELi6EL9ap_q_mode5EL9ap_o_mode3ELi0EES4_S4_S4, i16 %pyramidal_hs_ap_fixed_64_ap_fixed_64_ap_fixed_64_ap_fixed_64_1, i16 %pyramidal_hs_ap_fixed_64_ap_fixed_64_ap_fixed_64_ap_fixed_64, i16 %It32" [../HS_hls/src/pyramidal_hs.cpp:51]   --->   Operation 32 'call' 'call_ln51' <Predicate = true> <Delay = 0.00> <CoreType = "Generic">   --->   Generic Core

State 6 <SV = 5> <Delay = 0.00>
ST_6 : Operation 33 [1/2] (0.00ns)   --->   "%call_ln34 = call void @compute_derivatives_16, i16 %Ix16, i16 %Iy16, i16 %p_ZZ12pyramidal_hsPA64_8ap_fixedILi16ELi6EL9ap_q_mode5EL9ap_o_mode3ELi0EES4_S4_S4_17, i16 %p_ZZ12pyramidal_hsPA64_8ap_fixedILi16ELi6EL9ap_q_mode5EL9ap_o_mode3ELi0EES4_S4_S4_16, i16 %p_ZZ12pyramidal_hsPA64_8ap_fixedILi16ELi6EL9ap_q_mode5EL9ap_o_mode3ELi0EES4_S4_S4_15, i16 %p_ZZ12pyramidal_hsPA64_8ap_fixedILi16ELi6EL9ap_q_mode5EL9ap_o_mode3ELi0EES4_S4_S4_14, i16 %p_ZZ12pyramidal_hsPA64_8ap_fixedILi16ELi6EL9ap_q_mode5EL9ap_o_mode3ELi0EES4_S4_S4_13, i16 %p_ZZ12pyramidal_hsPA64_8ap_fixedILi16ELi6EL9ap_q_mode5EL9ap_o_mode3ELi0EES4_S4_S4_12, i16 %p_ZZ12pyramidal_hsPA64_8ap_fixedILi16ELi6EL9ap_q_mode5EL9ap_o_mode3ELi0EES4_S4_S4_11, i16 %p_ZZ12pyramidal_hsPA64_8ap_fixedILi16ELi6EL9ap_q_mode5EL9ap_o_mode3ELi0EES4_S4_S4_10, i16 %p_ZZ12pyramidal_hsPA64_8ap_fixedILi16ELi6EL9ap_q_mode5EL9ap_o_mode3ELi0EES4_S4_S4_9, i16 %img2_16, i16 %It16" [../HS_hls/src/pyramidal_hs.cpp:34]   --->   Operation 33 'call' 'call_ln34' <Predicate = true> <Delay = 0.00> <CoreType = "Generic">   --->   Generic Core
ST_6 : Operation 34 [1/2] (0.00ns)   --->   "%call_ln51 = call void @compute_derivatives_32, i16 %Ix32, i16 %Iy32, i16 %p_ZZ12pyramidal_hsPA64_8ap_fixedILi16ELi6EL9ap_q_mode5EL9ap_o_mode3ELi0EES4_S4_S4_8, i16 %p_ZZ12pyramidal_hsPA64_8ap_fixedILi16ELi6EL9ap_q_mode5EL9ap_o_mode3ELi0EES4_S4_S4_7, i16 %p_ZZ12pyramidal_hsPA64_8ap_fixedILi16ELi6EL9ap_q_mode5EL9ap_o_mode3ELi0EES4_S4_S4_6, i16 %p_ZZ12pyramidal_hsPA64_8ap_fixedILi16ELi6EL9ap_q_mode5EL9ap_o_mode3ELi0EES4_S4_S4_5, i16 %p_ZZ12pyramidal_hsPA64_8ap_fixedILi16ELi6EL9ap_q_mode5EL9ap_o_mode3ELi0EES4_S4_S4_4, i16 %p_ZZ12pyramidal_hsPA64_8ap_fixedILi16ELi6EL9ap_q_mode5EL9ap_o_mode3ELi0EES4_S4_S4_3, i16 %p_ZZ12pyramidal_hsPA64_8ap_fixedILi16ELi6EL9ap_q_mode5EL9ap_o_mode3ELi0EES4_S4_S4_2, i16 %p_ZZ12pyramidal_hsPA64_8ap_fixedILi16ELi6EL9ap_q_mode5EL9ap_o_mode3ELi0EES4_S4_S4_1, i16 %p_ZZ12pyramidal_hsPA64_8ap_fixedILi16ELi6EL9ap_q_mode5EL9ap_o_mode3ELi0EES4_S4_S4, i16 %pyramidal_hs_ap_fixed_64_ap_fixed_64_ap_fixed_64_ap_fixed_64_1, i16 %pyramidal_hs_ap_fixed_64_ap_fixed_64_ap_fixed_64_ap_fixed_64, i16 %It32" [../HS_hls/src/pyramidal_hs.cpp:51]   --->   Operation 34 'call' 'call_ln51' <Predicate = true> <Delay = 0.00> <CoreType = "Generic">   --->   Generic Core

State 7 <SV = 6> <Delay = 0.00>
ST_7 : Operation 35 [2/2] (0.00ns)   --->   "%call_ln35 = call void @horn_schunck_16, i16 %p_ZZ12pyramidal_hsPA64_8ap_fixedILi16ELi6EL9ap_q_mode5EL9ap_o_mode3ELi0EES4_S4_S4_41, i16 %p_ZZ12pyramidal_hsPA64_8ap_fixedILi16ELi6EL9ap_q_mode5EL9ap_o_mode3ELi0EES4_S4_S4_29, i16 %p_ZZ12pyramidal_hsPA64_8ap_fixedILi16ELi6EL9ap_q_mode5EL9ap_o_mode3ELi0EES4_S4_S4_40, i16 %p_ZZ12pyramidal_hsPA64_8ap_fixedILi16ELi6EL9ap_q_mode5EL9ap_o_mode3ELi0EES4_S4_S4_28, i16 %p_ZZ12pyramidal_hsPA64_8ap_fixedILi16ELi6EL9ap_q_mode5EL9ap_o_mode3ELi0EES4_S4_S4_39, i16 %p_ZZ12pyramidal_hsPA64_8ap_fixedILi16ELi6EL9ap_q_mode5EL9ap_o_mode3ELi0EES4_S4_S4_27, i16 %p_ZZ12pyramidal_hsPA64_8ap_fixedILi16ELi6EL9ap_q_mode5EL9ap_o_mode3ELi0EES4_S4_S4_38, i16 %p_ZZ12pyramidal_hsPA64_8ap_fixedILi16ELi6EL9ap_q_mode5EL9ap_o_mode3ELi0EES4_S4_S4_26, i16 %p_ZZ12pyramidal_hsPA64_8ap_fixedILi16ELi6EL9ap_q_mode5EL9ap_o_mode3ELi0EES4_S4_S4_37, i16 %p_ZZ12pyramidal_hsPA64_8ap_fixedILi16ELi6EL9ap_q_mode5EL9ap_o_mode3ELi0EES4_S4_S4_25, i16 %p_ZZ12pyramidal_hsPA64_8ap_fixedILi16ELi6EL9ap_q_mode5EL9ap_o_mode3ELi0EES4_S4_S4_36, i16 %p_ZZ12pyramidal_hsPA64_8ap_fixedILi16ELi6EL9ap_q_mode5EL9ap_o_mode3ELi0EES4_S4_S4_24, i16 %Ix16, i16 %Iy16, i16 %It16" [../HS_hls/src/pyramidal_hs.cpp:35]   --->   Operation 35 'call' 'call_ln35' <Predicate = true> <Delay = 0.00> <CoreType = "Generic">   --->   Generic Core

State 8 <SV = 7> <Delay = 1.16>
ST_8 : Operation 36 [1/2] (1.16ns)   --->   "%call_ln35 = call void @horn_schunck_16, i16 %p_ZZ12pyramidal_hsPA64_8ap_fixedILi16ELi6EL9ap_q_mode5EL9ap_o_mode3ELi0EES4_S4_S4_41, i16 %p_ZZ12pyramidal_hsPA64_8ap_fixedILi16ELi6EL9ap_q_mode5EL9ap_o_mode3ELi0EES4_S4_S4_29, i16 %p_ZZ12pyramidal_hsPA64_8ap_fixedILi16ELi6EL9ap_q_mode5EL9ap_o_mode3ELi0EES4_S4_S4_40, i16 %p_ZZ12pyramidal_hsPA64_8ap_fixedILi16ELi6EL9ap_q_mode5EL9ap_o_mode3ELi0EES4_S4_S4_28, i16 %p_ZZ12pyramidal_hsPA64_8ap_fixedILi16ELi6EL9ap_q_mode5EL9ap_o_mode3ELi0EES4_S4_S4_39, i16 %p_ZZ12pyramidal_hsPA64_8ap_fixedILi16ELi6EL9ap_q_mode5EL9ap_o_mode3ELi0EES4_S4_S4_27, i16 %p_ZZ12pyramidal_hsPA64_8ap_fixedILi16ELi6EL9ap_q_mode5EL9ap_o_mode3ELi0EES4_S4_S4_38, i16 %p_ZZ12pyramidal_hsPA64_8ap_fixedILi16ELi6EL9ap_q_mode5EL9ap_o_mode3ELi0EES4_S4_S4_26, i16 %p_ZZ12pyramidal_hsPA64_8ap_fixedILi16ELi6EL9ap_q_mode5EL9ap_o_mode3ELi0EES4_S4_S4_37, i16 %p_ZZ12pyramidal_hsPA64_8ap_fixedILi16ELi6EL9ap_q_mode5EL9ap_o_mode3ELi0EES4_S4_S4_25, i16 %p_ZZ12pyramidal_hsPA64_8ap_fixedILi16ELi6EL9ap_q_mode5EL9ap_o_mode3ELi0EES4_S4_S4_36, i16 %p_ZZ12pyramidal_hsPA64_8ap_fixedILi16ELi6EL9ap_q_mode5EL9ap_o_mode3ELi0EES4_S4_S4_24, i16 %Ix16, i16 %Iy16, i16 %It16" [../HS_hls/src/pyramidal_hs.cpp:35]   --->   Operation 36 'call' 'call_ln35' <Predicate = true> <Delay = 1.16> <CoreType = "Generic">   --->   Generic Core

State 9 <SV = 8> <Delay = 0.00>
ST_9 : Operation 37 [2/2] (0.00ns)   --->   "%call_ln0 = call void @pyramidal_hs_Pipeline_VITIS_LOOP_29_1_VITIS_LOOP_30_2, i16 %p_ZZ12pyramidal_hsPA64_8ap_fixedILi16ELi6EL9ap_q_mode5EL9ap_o_mode3ELi0EES4_S4_S4_35, i16 %p_ZZ12pyramidal_hsPA64_8ap_fixedILi16ELi6EL9ap_q_mode5EL9ap_o_mode3ELi0EES4_S4_S4_41, i16 %p_ZZ12pyramidal_hsPA64_8ap_fixedILi16ELi6EL9ap_q_mode5EL9ap_o_mode3ELi0EES4_S4_S4_40, i16 %p_ZZ12pyramidal_hsPA64_8ap_fixedILi16ELi6EL9ap_q_mode5EL9ap_o_mode3ELi0EES4_S4_S4_39, i16 %p_ZZ12pyramidal_hsPA64_8ap_fixedILi16ELi6EL9ap_q_mode5EL9ap_o_mode3ELi0EES4_S4_S4_38, i16 %p_ZZ12pyramidal_hsPA64_8ap_fixedILi16ELi6EL9ap_q_mode5EL9ap_o_mode3ELi0EES4_S4_S4_37, i16 %p_ZZ12pyramidal_hsPA64_8ap_fixedILi16ELi6EL9ap_q_mode5EL9ap_o_mode3ELi0EES4_S4_S4_36, i16 %p_ZZ12pyramidal_hsPA64_8ap_fixedILi16ELi6EL9ap_q_mode5EL9ap_o_mode3ELi0EES4_S4_S4_34, i16 %p_ZZ12pyramidal_hsPA64_8ap_fixedILi16ELi6EL9ap_q_mode5EL9ap_o_mode3ELi0EES4_S4_S4_33, i16 %p_ZZ12pyramidal_hsPA64_8ap_fixedILi16ELi6EL9ap_q_mode5EL9ap_o_mode3ELi0EES4_S4_S4_32, i16 %p_ZZ12pyramidal_hsPA64_8ap_fixedILi16ELi6EL9ap_q_mode5EL9ap_o_mode3ELi0EES4_S4_S4_31, i16 %p_ZZ12pyramidal_hsPA64_8ap_fixedILi16ELi6EL9ap_q_mode5EL9ap_o_mode3ELi0EES4_S4_S4_30"   --->   Operation 37 'call' 'call_ln0' <Predicate = true> <Delay = 0.00> <CoreType = "Generic">   --->   Generic Core
ST_9 : Operation 38 [2/2] (0.00ns)   --->   "%call_ln0 = call void @pyramidal_hs_Pipeline_VITIS_LOOP_29_1_VITIS_LOOP_30_25, i16 %p_ZZ12pyramidal_hsPA64_8ap_fixedILi16ELi6EL9ap_q_mode5EL9ap_o_mode3ELi0EES4_S4_S4_23, i16 %p_ZZ12pyramidal_hsPA64_8ap_fixedILi16ELi6EL9ap_q_mode5EL9ap_o_mode3ELi0EES4_S4_S4_29, i16 %p_ZZ12pyramidal_hsPA64_8ap_fixedILi16ELi6EL9ap_q_mode5EL9ap_o_mode3ELi0EES4_S4_S4_28, i16 %p_ZZ12pyramidal_hsPA64_8ap_fixedILi16ELi6EL9ap_q_mode5EL9ap_o_mode3ELi0EES4_S4_S4_27, i16 %p_ZZ12pyramidal_hsPA64_8ap_fixedILi16ELi6EL9ap_q_mode5EL9ap_o_mode3ELi0EES4_S4_S4_26, i16 %p_ZZ12pyramidal_hsPA64_8ap_fixedILi16ELi6EL9ap_q_mode5EL9ap_o_mode3ELi0EES4_S4_S4_25, i16 %p_ZZ12pyramidal_hsPA64_8ap_fixedILi16ELi6EL9ap_q_mode5EL9ap_o_mode3ELi0EES4_S4_S4_24, i16 %p_ZZ12pyramidal_hsPA64_8ap_fixedILi16ELi6EL9ap_q_mode5EL9ap_o_mode3ELi0EES4_S4_S4_22, i16 %p_ZZ12pyramidal_hsPA64_8ap_fixedILi16ELi6EL9ap_q_mode5EL9ap_o_mode3ELi0EES4_S4_S4_21, i16 %p_ZZ12pyramidal_hsPA64_8ap_fixedILi16ELi6EL9ap_q_mode5EL9ap_o_mode3ELi0EES4_S4_S4_20, i16 %p_ZZ12pyramidal_hsPA64_8ap_fixedILi16ELi6EL9ap_q_mode5EL9ap_o_mode3ELi0EES4_S4_S4_19, i16 %p_ZZ12pyramidal_hsPA64_8ap_fixedILi16ELi6EL9ap_q_mode5EL9ap_o_mode3ELi0EES4_S4_S4_18"   --->   Operation 38 'call' 'call_ln0' <Predicate = true> <Delay = 0.00> <CoreType = "Generic">   --->   Generic Core

State 10 <SV = 9> <Delay = 0.00>
ST_10 : Operation 39 [1/2] (0.00ns)   --->   "%call_ln0 = call void @pyramidal_hs_Pipeline_VITIS_LOOP_29_1_VITIS_LOOP_30_2, i16 %p_ZZ12pyramidal_hsPA64_8ap_fixedILi16ELi6EL9ap_q_mode5EL9ap_o_mode3ELi0EES4_S4_S4_35, i16 %p_ZZ12pyramidal_hsPA64_8ap_fixedILi16ELi6EL9ap_q_mode5EL9ap_o_mode3ELi0EES4_S4_S4_41, i16 %p_ZZ12pyramidal_hsPA64_8ap_fixedILi16ELi6EL9ap_q_mode5EL9ap_o_mode3ELi0EES4_S4_S4_40, i16 %p_ZZ12pyramidal_hsPA64_8ap_fixedILi16ELi6EL9ap_q_mode5EL9ap_o_mode3ELi0EES4_S4_S4_39, i16 %p_ZZ12pyramidal_hsPA64_8ap_fixedILi16ELi6EL9ap_q_mode5EL9ap_o_mode3ELi0EES4_S4_S4_38, i16 %p_ZZ12pyramidal_hsPA64_8ap_fixedILi16ELi6EL9ap_q_mode5EL9ap_o_mode3ELi0EES4_S4_S4_37, i16 %p_ZZ12pyramidal_hsPA64_8ap_fixedILi16ELi6EL9ap_q_mode5EL9ap_o_mode3ELi0EES4_S4_S4_36, i16 %p_ZZ12pyramidal_hsPA64_8ap_fixedILi16ELi6EL9ap_q_mode5EL9ap_o_mode3ELi0EES4_S4_S4_34, i16 %p_ZZ12pyramidal_hsPA64_8ap_fixedILi16ELi6EL9ap_q_mode5EL9ap_o_mode3ELi0EES4_S4_S4_33, i16 %p_ZZ12pyramidal_hsPA64_8ap_fixedILi16ELi6EL9ap_q_mode5EL9ap_o_mode3ELi0EES4_S4_S4_32, i16 %p_ZZ12pyramidal_hsPA64_8ap_fixedILi16ELi6EL9ap_q_mode5EL9ap_o_mode3ELi0EES4_S4_S4_31, i16 %p_ZZ12pyramidal_hsPA64_8ap_fixedILi16ELi6EL9ap_q_mode5EL9ap_o_mode3ELi0EES4_S4_S4_30"   --->   Operation 39 'call' 'call_ln0' <Predicate = true> <Delay = 0.00> <CoreType = "Generic">   --->   Generic Core
ST_10 : Operation 40 [1/2] (0.00ns)   --->   "%call_ln0 = call void @pyramidal_hs_Pipeline_VITIS_LOOP_29_1_VITIS_LOOP_30_25, i16 %p_ZZ12pyramidal_hsPA64_8ap_fixedILi16ELi6EL9ap_q_mode5EL9ap_o_mode3ELi0EES4_S4_S4_23, i16 %p_ZZ12pyramidal_hsPA64_8ap_fixedILi16ELi6EL9ap_q_mode5EL9ap_o_mode3ELi0EES4_S4_S4_29, i16 %p_ZZ12pyramidal_hsPA64_8ap_fixedILi16ELi6EL9ap_q_mode5EL9ap_o_mode3ELi0EES4_S4_S4_28, i16 %p_ZZ12pyramidal_hsPA64_8ap_fixedILi16ELi6EL9ap_q_mode5EL9ap_o_mode3ELi0EES4_S4_S4_27, i16 %p_ZZ12pyramidal_hsPA64_8ap_fixedILi16ELi6EL9ap_q_mode5EL9ap_o_mode3ELi0EES4_S4_S4_26, i16 %p_ZZ12pyramidal_hsPA64_8ap_fixedILi16ELi6EL9ap_q_mode5EL9ap_o_mode3ELi0EES4_S4_S4_25, i16 %p_ZZ12pyramidal_hsPA64_8ap_fixedILi16ELi6EL9ap_q_mode5EL9ap_o_mode3ELi0EES4_S4_S4_24, i16 %p_ZZ12pyramidal_hsPA64_8ap_fixedILi16ELi6EL9ap_q_mode5EL9ap_o_mode3ELi0EES4_S4_S4_22, i16 %p_ZZ12pyramidal_hsPA64_8ap_fixedILi16ELi6EL9ap_q_mode5EL9ap_o_mode3ELi0EES4_S4_S4_21, i16 %p_ZZ12pyramidal_hsPA64_8ap_fixedILi16ELi6EL9ap_q_mode5EL9ap_o_mode3ELi0EES4_S4_S4_20, i16 %p_ZZ12pyramidal_hsPA64_8ap_fixedILi16ELi6EL9ap_q_mode5EL9ap_o_mode3ELi0EES4_S4_S4_19, i16 %p_ZZ12pyramidal_hsPA64_8ap_fixedILi16ELi6EL9ap_q_mode5EL9ap_o_mode3ELi0EES4_S4_S4_18"   --->   Operation 40 'call' 'call_ln0' <Predicate = true> <Delay = 0.00> <CoreType = "Generic">   --->   Generic Core

State 11 <SV = 10> <Delay = 0.00>
ST_11 : Operation 41 [2/2] (0.00ns)   --->   "%call_ln0 = call void @pyramidal_hs_Pipeline_VITIS_LOOP_41_1_VITIS_LOOP_43_2, i16 %p_ZZ12pyramidal_hsPA64_8ap_fixedILi16ELi6EL9ap_q_mode5EL9ap_o_mode3ELi0EES4_S4_S4_35, i16 %p_ZZ12pyramidal_hsPA64_8ap_fixedILi16ELi6EL9ap_q_mode5EL9ap_o_mode3ELi0EES4_S4_S4_23, i16 %p_ZZ12pyramidal_hsPA64_8ap_fixedILi16ELi6EL9ap_q_mode5EL9ap_o_mode3ELi0EES4_S4_S4_34, i16 %p_ZZ12pyramidal_hsPA64_8ap_fixedILi16ELi6EL9ap_q_mode5EL9ap_o_mode3ELi0EES4_S4_S4_33, i16 %p_ZZ12pyramidal_hsPA64_8ap_fixedILi16ELi6EL9ap_q_mode5EL9ap_o_mode3ELi0EES4_S4_S4_32, i16 %p_ZZ12pyramidal_hsPA64_8ap_fixedILi16ELi6EL9ap_q_mode5EL9ap_o_mode3ELi0EES4_S4_S4_31, i16 %p_ZZ12pyramidal_hsPA64_8ap_fixedILi16ELi6EL9ap_q_mode5EL9ap_o_mode3ELi0EES4_S4_S4_30, i16 %p_ZZ12pyramidal_hsPA64_8ap_fixedILi16ELi6EL9ap_q_mode5EL9ap_o_mode3ELi0EES4_S4_S4_22, i16 %p_ZZ12pyramidal_hsPA64_8ap_fixedILi16ELi6EL9ap_q_mode5EL9ap_o_mode3ELi0EES4_S4_S4_21, i16 %p_ZZ12pyramidal_hsPA64_8ap_fixedILi16ELi6EL9ap_q_mode5EL9ap_o_mode3ELi0EES4_S4_S4_20, i16 %p_ZZ12pyramidal_hsPA64_8ap_fixedILi16ELi6EL9ap_q_mode5EL9ap_o_mode3ELi0EES4_S4_S4_19, i16 %p_ZZ12pyramidal_hsPA64_8ap_fixedILi16ELi6EL9ap_q_mode5EL9ap_o_mode3ELi0EES4_S4_S4_18"   --->   Operation 41 'call' 'call_ln0' <Predicate = true> <Delay = 0.00> <CoreType = "Generic">   --->   Generic Core

State 12 <SV = 11> <Delay = 0.00>
ST_12 : Operation 42 [1/2] (0.00ns)   --->   "%call_ln0 = call void @pyramidal_hs_Pipeline_VITIS_LOOP_41_1_VITIS_LOOP_43_2, i16 %p_ZZ12pyramidal_hsPA64_8ap_fixedILi16ELi6EL9ap_q_mode5EL9ap_o_mode3ELi0EES4_S4_S4_35, i16 %p_ZZ12pyramidal_hsPA64_8ap_fixedILi16ELi6EL9ap_q_mode5EL9ap_o_mode3ELi0EES4_S4_S4_23, i16 %p_ZZ12pyramidal_hsPA64_8ap_fixedILi16ELi6EL9ap_q_mode5EL9ap_o_mode3ELi0EES4_S4_S4_34, i16 %p_ZZ12pyramidal_hsPA64_8ap_fixedILi16ELi6EL9ap_q_mode5EL9ap_o_mode3ELi0EES4_S4_S4_33, i16 %p_ZZ12pyramidal_hsPA64_8ap_fixedILi16ELi6EL9ap_q_mode5EL9ap_o_mode3ELi0EES4_S4_S4_32, i16 %p_ZZ12pyramidal_hsPA64_8ap_fixedILi16ELi6EL9ap_q_mode5EL9ap_o_mode3ELi0EES4_S4_S4_31, i16 %p_ZZ12pyramidal_hsPA64_8ap_fixedILi16ELi6EL9ap_q_mode5EL9ap_o_mode3ELi0EES4_S4_S4_30, i16 %p_ZZ12pyramidal_hsPA64_8ap_fixedILi16ELi6EL9ap_q_mode5EL9ap_o_mode3ELi0EES4_S4_S4_22, i16 %p_ZZ12pyramidal_hsPA64_8ap_fixedILi16ELi6EL9ap_q_mode5EL9ap_o_mode3ELi0EES4_S4_S4_21, i16 %p_ZZ12pyramidal_hsPA64_8ap_fixedILi16ELi6EL9ap_q_mode5EL9ap_o_mode3ELi0EES4_S4_S4_20, i16 %p_ZZ12pyramidal_hsPA64_8ap_fixedILi16ELi6EL9ap_q_mode5EL9ap_o_mode3ELi0EES4_S4_S4_19, i16 %p_ZZ12pyramidal_hsPA64_8ap_fixedILi16ELi6EL9ap_q_mode5EL9ap_o_mode3ELi0EES4_S4_S4_18"   --->   Operation 42 'call' 'call_ln0' <Predicate = true> <Delay = 0.00> <CoreType = "Generic">   --->   Generic Core

State 13 <SV = 12> <Delay = 0.00>
ST_13 : Operation 43 [2/2] (0.00ns)   --->   "%call_ln52 = call void @horn_schunck_32, i16 %p_ZZ12pyramidal_hsPA64_8ap_fixedILi16ELi6EL9ap_q_mode5EL9ap_o_mode3ELi0EES4_S4_S4_35, i16 %p_ZZ12pyramidal_hsPA64_8ap_fixedILi16ELi6EL9ap_q_mode5EL9ap_o_mode3ELi0EES4_S4_S4_23, i16 %p_ZZ12pyramidal_hsPA64_8ap_fixedILi16ELi6EL9ap_q_mode5EL9ap_o_mode3ELi0EES4_S4_S4_34, i16 %p_ZZ12pyramidal_hsPA64_8ap_fixedILi16ELi6EL9ap_q_mode5EL9ap_o_mode3ELi0EES4_S4_S4_33, i16 %p_ZZ12pyramidal_hsPA64_8ap_fixedILi16ELi6EL9ap_q_mode5EL9ap_o_mode3ELi0EES4_S4_S4_32, i16 %p_ZZ12pyramidal_hsPA64_8ap_fixedILi16ELi6EL9ap_q_mode5EL9ap_o_mode3ELi0EES4_S4_S4_31, i16 %p_ZZ12pyramidal_hsPA64_8ap_fixedILi16ELi6EL9ap_q_mode5EL9ap_o_mode3ELi0EES4_S4_S4_30, i16 %p_ZZ12pyramidal_hsPA64_8ap_fixedILi16ELi6EL9ap_q_mode5EL9ap_o_mode3ELi0EES4_S4_S4_22, i16 %p_ZZ12pyramidal_hsPA64_8ap_fixedILi16ELi6EL9ap_q_mode5EL9ap_o_mode3ELi0EES4_S4_S4_21, i16 %p_ZZ12pyramidal_hsPA64_8ap_fixedILi16ELi6EL9ap_q_mode5EL9ap_o_mode3ELi0EES4_S4_S4_20, i16 %p_ZZ12pyramidal_hsPA64_8ap_fixedILi16ELi6EL9ap_q_mode5EL9ap_o_mode3ELi0EES4_S4_S4_19, i16 %p_ZZ12pyramidal_hsPA64_8ap_fixedILi16ELi6EL9ap_q_mode5EL9ap_o_mode3ELi0EES4_S4_S4_18, i16 %Ix32, i16 %Iy32, i16 %It32" [../HS_hls/src/pyramidal_hs.cpp:52]   --->   Operation 43 'call' 'call_ln52' <Predicate = true> <Delay = 0.00> <CoreType = "Generic">   --->   Generic Core

State 14 <SV = 13> <Delay = 1.16>
ST_14 : Operation 44 [1/2] (1.16ns)   --->   "%call_ln52 = call void @horn_schunck_32, i16 %p_ZZ12pyramidal_hsPA64_8ap_fixedILi16ELi6EL9ap_q_mode5EL9ap_o_mode3ELi0EES4_S4_S4_35, i16 %p_ZZ12pyramidal_hsPA64_8ap_fixedILi16ELi6EL9ap_q_mode5EL9ap_o_mode3ELi0EES4_S4_S4_23, i16 %p_ZZ12pyramidal_hsPA64_8ap_fixedILi16ELi6EL9ap_q_mode5EL9ap_o_mode3ELi0EES4_S4_S4_34, i16 %p_ZZ12pyramidal_hsPA64_8ap_fixedILi16ELi6EL9ap_q_mode5EL9ap_o_mode3ELi0EES4_S4_S4_33, i16 %p_ZZ12pyramidal_hsPA64_8ap_fixedILi16ELi6EL9ap_q_mode5EL9ap_o_mode3ELi0EES4_S4_S4_32, i16 %p_ZZ12pyramidal_hsPA64_8ap_fixedILi16ELi6EL9ap_q_mode5EL9ap_o_mode3ELi0EES4_S4_S4_31, i16 %p_ZZ12pyramidal_hsPA64_8ap_fixedILi16ELi6EL9ap_q_mode5EL9ap_o_mode3ELi0EES4_S4_S4_30, i16 %p_ZZ12pyramidal_hsPA64_8ap_fixedILi16ELi6EL9ap_q_mode5EL9ap_o_mode3ELi0EES4_S4_S4_22, i16 %p_ZZ12pyramidal_hsPA64_8ap_fixedILi16ELi6EL9ap_q_mode5EL9ap_o_mode3ELi0EES4_S4_S4_21, i16 %p_ZZ12pyramidal_hsPA64_8ap_fixedILi16ELi6EL9ap_q_mode5EL9ap_o_mode3ELi0EES4_S4_S4_20, i16 %p_ZZ12pyramidal_hsPA64_8ap_fixedILi16ELi6EL9ap_q_mode5EL9ap_o_mode3ELi0EES4_S4_S4_19, i16 %p_ZZ12pyramidal_hsPA64_8ap_fixedILi16ELi6EL9ap_q_mode5EL9ap_o_mode3ELi0EES4_S4_S4_18, i16 %Ix32, i16 %Iy32, i16 %It32" [../HS_hls/src/pyramidal_hs.cpp:52]   --->   Operation 44 'call' 'call_ln52' <Predicate = true> <Delay = 1.16> <CoreType = "Generic">   --->   Generic Core

State 15 <SV = 14> <Delay = 0.00>
ST_15 : Operation 45 [2/2] (0.00ns)   --->   "%call_ln0 = call void @pyramidal_hs_Pipeline_VITIS_LOOP_39_1_VITIS_LOOP_40_2, i16 %u, i16 %p_ZZ12pyramidal_hsPA64_8ap_fixedILi16ELi6EL9ap_q_mode5EL9ap_o_mode3ELi0EES4_S4_S4_35, i16 %p_ZZ12pyramidal_hsPA64_8ap_fixedILi16ELi6EL9ap_q_mode5EL9ap_o_mode3ELi0EES4_S4_S4_34, i16 %p_ZZ12pyramidal_hsPA64_8ap_fixedILi16ELi6EL9ap_q_mode5EL9ap_o_mode3ELi0EES4_S4_S4_33, i16 %p_ZZ12pyramidal_hsPA64_8ap_fixedILi16ELi6EL9ap_q_mode5EL9ap_o_mode3ELi0EES4_S4_S4_32, i16 %p_ZZ12pyramidal_hsPA64_8ap_fixedILi16ELi6EL9ap_q_mode5EL9ap_o_mode3ELi0EES4_S4_S4_31, i16 %p_ZZ12pyramidal_hsPA64_8ap_fixedILi16ELi6EL9ap_q_mode5EL9ap_o_mode3ELi0EES4_S4_S4_30"   --->   Operation 45 'call' 'call_ln0' <Predicate = true> <Delay = 0.00> <CoreType = "Generic">   --->   Generic Core
ST_15 : Operation 46 [2/2] (0.00ns)   --->   "%call_ln0 = call void @pyramidal_hs_Pipeline_VITIS_LOOP_39_1_VITIS_LOOP_40_26, i16 %v, i16 %p_ZZ12pyramidal_hsPA64_8ap_fixedILi16ELi6EL9ap_q_mode5EL9ap_o_mode3ELi0EES4_S4_S4_23, i16 %p_ZZ12pyramidal_hsPA64_8ap_fixedILi16ELi6EL9ap_q_mode5EL9ap_o_mode3ELi0EES4_S4_S4_22, i16 %p_ZZ12pyramidal_hsPA64_8ap_fixedILi16ELi6EL9ap_q_mode5EL9ap_o_mode3ELi0EES4_S4_S4_21, i16 %p_ZZ12pyramidal_hsPA64_8ap_fixedILi16ELi6EL9ap_q_mode5EL9ap_o_mode3ELi0EES4_S4_S4_20, i16 %p_ZZ12pyramidal_hsPA64_8ap_fixedILi16ELi6EL9ap_q_mode5EL9ap_o_mode3ELi0EES4_S4_S4_19, i16 %p_ZZ12pyramidal_hsPA64_8ap_fixedILi16ELi6EL9ap_q_mode5EL9ap_o_mode3ELi0EES4_S4_S4_18"   --->   Operation 46 'call' 'call_ln0' <Predicate = true> <Delay = 0.00> <CoreType = "Generic">   --->   Generic Core

State 16 <SV = 15> <Delay = 0.00>
ST_16 : Operation 47 [1/2] (0.00ns)   --->   "%call_ln0 = call void @pyramidal_hs_Pipeline_VITIS_LOOP_39_1_VITIS_LOOP_40_2, i16 %u, i16 %p_ZZ12pyramidal_hsPA64_8ap_fixedILi16ELi6EL9ap_q_mode5EL9ap_o_mode3ELi0EES4_S4_S4_35, i16 %p_ZZ12pyramidal_hsPA64_8ap_fixedILi16ELi6EL9ap_q_mode5EL9ap_o_mode3ELi0EES4_S4_S4_34, i16 %p_ZZ12pyramidal_hsPA64_8ap_fixedILi16ELi6EL9ap_q_mode5EL9ap_o_mode3ELi0EES4_S4_S4_33, i16 %p_ZZ12pyramidal_hsPA64_8ap_fixedILi16ELi6EL9ap_q_mode5EL9ap_o_mode3ELi0EES4_S4_S4_32, i16 %p_ZZ12pyramidal_hsPA64_8ap_fixedILi16ELi6EL9ap_q_mode5EL9ap_o_mode3ELi0EES4_S4_S4_31, i16 %p_ZZ12pyramidal_hsPA64_8ap_fixedILi16ELi6EL9ap_q_mode5EL9ap_o_mode3ELi0EES4_S4_S4_30"   --->   Operation 47 'call' 'call_ln0' <Predicate = true> <Delay = 0.00> <CoreType = "Generic">   --->   Generic Core
ST_16 : Operation 48 [1/2] (0.00ns)   --->   "%call_ln0 = call void @pyramidal_hs_Pipeline_VITIS_LOOP_39_1_VITIS_LOOP_40_26, i16 %v, i16 %p_ZZ12pyramidal_hsPA64_8ap_fixedILi16ELi6EL9ap_q_mode5EL9ap_o_mode3ELi0EES4_S4_S4_23, i16 %p_ZZ12pyramidal_hsPA64_8ap_fixedILi16ELi6EL9ap_q_mode5EL9ap_o_mode3ELi0EES4_S4_S4_22, i16 %p_ZZ12pyramidal_hsPA64_8ap_fixedILi16ELi6EL9ap_q_mode5EL9ap_o_mode3ELi0EES4_S4_S4_21, i16 %p_ZZ12pyramidal_hsPA64_8ap_fixedILi16ELi6EL9ap_q_mode5EL9ap_o_mode3ELi0EES4_S4_S4_20, i16 %p_ZZ12pyramidal_hsPA64_8ap_fixedILi16ELi6EL9ap_q_mode5EL9ap_o_mode3ELi0EES4_S4_S4_19, i16 %p_ZZ12pyramidal_hsPA64_8ap_fixedILi16ELi6EL9ap_q_mode5EL9ap_o_mode3ELi0EES4_S4_S4_18"   --->   Operation 48 'call' 'call_ln0' <Predicate = true> <Delay = 0.00> <CoreType = "Generic">   --->   Generic Core

State 17 <SV = 16> <Delay = 0.00>
ST_17 : Operation 49 [2/2] (0.00ns)   --->   "%call_ln0 = call void @pyramidal_hs_Pipeline_VITIS_LOOP_58_3_VITIS_LOOP_60_4, i16 %u, i16 %v"   --->   Operation 49 'call' 'call_ln0' <Predicate = true> <Delay = 0.00> <CoreType = "Generic">   --->   Generic Core

State 18 <SV = 17> <Delay = 3.51>
ST_18 : Operation 50 [1/2] (3.51ns)   --->   "%call_ln0 = call void @pyramidal_hs_Pipeline_VITIS_LOOP_58_3_VITIS_LOOP_60_4, i16 %u, i16 %v"   --->   Operation 50 'call' 'call_ln0' <Predicate = true> <Delay = 3.51> <CoreType = "Generic">   --->   Generic Core

State 19 <SV = 18> <Delay = 0.00>
ST_19 : Operation 51 [2/2] (0.00ns)   --->   "%call_ln69 = call void @horn_schunck_64, i16 %u, i16 %v, i16 %Ix64, i16 %Iy64, i16 %It64" [../HS_hls/src/pyramidal_hs.cpp:69]   --->   Operation 51 'call' 'call_ln69' <Predicate = true> <Delay = 0.00> <CoreType = "Generic">   --->   Generic Core

State 20 <SV = 19> <Delay = 1.16>
ST_20 : Operation 52 [1/1] (0.00ns)   --->   "%spectopmodule_ln6 = spectopmodule void @_ssdm_op_SpecTopModule, void @empty_0" [../HS_hls/src/pyramidal_hs.cpp:6]   --->   Operation 52 'spectopmodule' 'spectopmodule_ln6' <Predicate = true> <Delay = 0.00>
ST_20 : Operation 53 [1/1] (0.00ns)   --->   "%specinterface_ln0 = specinterface void @_ssdm_op_SpecInterface, i16 %img1, void @empty_3, i32 0, i32 0, void @empty_2, i32 4294967295, i32 0, void @empty_2, void @empty_2, void @empty_2, i32 0, i32 0, i32 0, i32 0, void @empty_2, void @empty_2, i32 4294967295, i32 0, i32 0, i32 0"   --->   Operation 53 'specinterface' 'specinterface_ln0' <Predicate = true> <Delay = 0.00>
ST_20 : Operation 54 [1/1] (0.00ns)   --->   "%specbitsmap_ln0 = specbitsmap void @_ssdm_op_SpecBitsMap, i16 %img1"   --->   Operation 54 'specbitsmap' 'specbitsmap_ln0' <Predicate = true> <Delay = 0.00>
ST_20 : Operation 55 [1/1] (0.00ns)   --->   "%specinterface_ln0 = specinterface void @_ssdm_op_SpecInterface, i16 %img2, void @empty_3, i32 0, i32 0, void @empty_2, i32 4294967295, i32 0, void @empty_2, void @empty_2, void @empty_2, i32 0, i32 0, i32 0, i32 0, void @empty_2, void @empty_2, i32 4294967295, i32 0, i32 0, i32 0"   --->   Operation 55 'specinterface' 'specinterface_ln0' <Predicate = true> <Delay = 0.00>
ST_20 : Operation 56 [1/1] (0.00ns)   --->   "%specbitsmap_ln0 = specbitsmap void @_ssdm_op_SpecBitsMap, i16 %img2"   --->   Operation 56 'specbitsmap' 'specbitsmap_ln0' <Predicate = true> <Delay = 0.00>
ST_20 : Operation 57 [1/1] (0.00ns)   --->   "%specinterface_ln0 = specinterface void @_ssdm_op_SpecInterface, i16 %u, void @empty_3, i32 0, i32 0, void @empty_2, i32 4294967295, i32 0, void @empty_2, void @empty_2, void @empty_2, i32 0, i32 0, i32 0, i32 0, void @empty_2, void @empty_2, i32 4294967295, i32 0, i32 0, i32 0"   --->   Operation 57 'specinterface' 'specinterface_ln0' <Predicate = true> <Delay = 0.00>
ST_20 : Operation 58 [1/1] (0.00ns)   --->   "%specbitsmap_ln0 = specbitsmap void @_ssdm_op_SpecBitsMap, i16 %u"   --->   Operation 58 'specbitsmap' 'specbitsmap_ln0' <Predicate = true> <Delay = 0.00>
ST_20 : Operation 59 [1/1] (0.00ns)   --->   "%specinterface_ln0 = specinterface void @_ssdm_op_SpecInterface, i16 %v, void @empty_3, i32 0, i32 0, void @empty_2, i32 4294967295, i32 0, void @empty_2, void @empty_2, void @empty_2, i32 0, i32 0, i32 0, i32 0, void @empty_2, void @empty_2, i32 4294967295, i32 0, i32 0, i32 0"   --->   Operation 59 'specinterface' 'specinterface_ln0' <Predicate = true> <Delay = 0.00>
ST_20 : Operation 60 [1/1] (0.00ns)   --->   "%specbitsmap_ln0 = specbitsmap void @_ssdm_op_SpecBitsMap, i16 %v"   --->   Operation 60 'specbitsmap' 'specbitsmap_ln0' <Predicate = true> <Delay = 0.00>
ST_20 : Operation 61 [1/2] (1.16ns)   --->   "%call_ln69 = call void @horn_schunck_64, i16 %u, i16 %v, i16 %Ix64, i16 %Iy64, i16 %It64" [../HS_hls/src/pyramidal_hs.cpp:69]   --->   Operation 61 'call' 'call_ln69' <Predicate = true> <Delay = 1.16> <CoreType = "Generic">   --->   Generic Core
ST_20 : Operation 62 [1/1] (0.00ns)   --->   "%ret_ln70 = ret" [../HS_hls/src/pyramidal_hs.cpp:70]   --->   Operation 62 'ret' 'ret_ln70' <Predicate = true> <Delay = 0.00>


============================================================
+ Verbose Summary: Timing violations
============================================================
Target clock period: 10.000ns, clock uncertainty: 2.700ns.

 <State 1>: 0.000ns
The critical path consists of the following:

 <State 2>: 0.000ns
The critical path consists of the following:

 <State 3>: 0.000ns
The critical path consists of the following:

 <State 4>: 3.510ns
The critical path consists of the following:
	'call' operation ('call_ln68', ../HS_hls/src/pyramidal_hs.cpp:68) to 'compute_derivatives' [82]  (3.510 ns)

 <State 5>: 0.000ns
The critical path consists of the following:

 <State 6>: 0.000ns
The critical path consists of the following:

 <State 7>: 0.000ns
The critical path consists of the following:

 <State 8>: 1.163ns
The critical path consists of the following:
	'call' operation ('call_ln35', ../HS_hls/src/pyramidal_hs.cpp:35) to 'horn_schunck_16' [73]  (1.163 ns)

 <State 9>: 0.000ns
The critical path consists of the following:

 <State 10>: 0.000ns
The critical path consists of the following:

 <State 11>: 0.000ns
The critical path consists of the following:

 <State 12>: 0.000ns
The critical path consists of the following:

 <State 13>: 0.000ns
The critical path consists of the following:

 <State 14>: 1.163ns
The critical path consists of the following:
	'call' operation ('call_ln52', ../HS_hls/src/pyramidal_hs.cpp:52) to 'horn_schunck_32' [78]  (1.163 ns)

 <State 15>: 0.000ns
The critical path consists of the following:

 <State 16>: 0.000ns
The critical path consists of the following:

 <State 17>: 0.000ns
The critical path consists of the following:

 <State 18>: 3.510ns
The critical path consists of the following:
	'call' operation ('call_ln0') to 'pyramidal_hs_Pipeline_VITIS_LOOP_58_3_VITIS_LOOP_60_4' [81]  (3.510 ns)

 <State 19>: 0.000ns
The critical path consists of the following:

 <State 20>: 1.163ns
The critical path consists of the following:
	'call' operation ('call_ln69', ../HS_hls/src/pyramidal_hs.cpp:69) to 'horn_schunck_64' [83]  (1.163 ns)


============================================================
+ Verbose Summary: Binding
============================================================
N/A
* FSMD analyzer results:
  - Output states:
 - Input state : 
  - Chain level:
	State 1
	State 2
	State 3
	State 4
	State 5
	State 6
	State 7
	State 8
	State 9
	State 10
	State 11
	State 12
	State 13
	State 14
	State 15
	State 16
	State 17
	State 18
	State 19
	State 20


============================================================
+ Verbose Summary: Datapath Resource usage 
============================================================
N/A
