C:\Users\Diaxxa\Desktop\Optical-Flow\horn_schunck_hls\pyramidal_hs\hls\.autopilot\db\pyramid_hls.pp.0.cpp:2273:5: remark: Added loop label VITIS_LOOP_676_1:   [xilinx-label-all-loops]
    for (unsigned i = low; i != high+1; ++i) {
    ^
    VITIS_LOOP_676_1: 
C:\Users\Diaxxa\Desktop\Optical-Flow\horn_schunck_hls\pyramidal_hs\hls\.autopilot\db\pyramid_hls.pp.0.cpp:2273:5: note: FIX-IT applied suggested code changes
C:\Users\Diaxxa\Desktop\Optical-Flow\horn_schunck_hls\pyramidal_hs\hls\.autopilot\db\pyramid_hls.pp.0.cpp:2287:5: remark: Added loop label VITIS_LOOP_690_1:   [xilinx-label-all-loops]
    for (unsigned i = low; i != high+1; ++i) {
    ^
    VITIS_LOOP_690_1: 
C:\Users\Diaxxa\Desktop\Optical-Flow\horn_schunck_hls\pyramidal_hs\hls\.autopilot\db\pyramid_hls.pp.0.cpp:2287:5: note: FIX-IT applied suggested code changes
C:\Users\Diaxxa\Desktop\Optical-Flow\horn_schunck_hls\pyramidal_hs\hls\.autopilot\db\pyramid_hls.pp.0.cpp:2301:5: remark: Added loop label VITIS_LOOP_704_1:   [xilinx-label-all-loops]
    for (unsigned i = low; i != high+1; ++i) {
    ^
    VITIS_LOOP_704_1: 
C:\Users\Diaxxa\Desktop\Optical-Flow\horn_schunck_hls\pyramidal_hs\hls\.autopilot\db\pyramid_hls.pp.0.cpp:2301:5: note: FIX-IT applied suggested code changes
C:\Users\Diaxxa\Desktop\Optical-Flow\horn_schunck_hls\pyramidal_hs\hls\.autopilot\db\pyramid_hls.pp.0.cpp:5809:7: remark: Added loop label VITIS_LOOP_1251_1:   [xilinx-label-all-loops]
      for (i = 0; i < __N - 1; ++i) {
      ^
      VITIS_LOOP_1251_1: 
C:\Users\Diaxxa\Desktop\Optical-Flow\horn_schunck_hls\pyramidal_hs\hls\.autopilot\db\pyramid_hls.pp.0.cpp:5809:7: note: FIX-IT applied suggested code changes
C:\Users\Diaxxa\Desktop\Optical-Flow\horn_schunck_hls\pyramidal_hs\hls\.autopilot\db\pyramid_hls.pp.0.cpp:49524:5: remark: Added loop label VITIS_LOOP_6_1:   [xilinx-label-all-loops]
    for (int y = 0; y < 64/2; y++) {
    ^
    VITIS_LOOP_6_1: 
C:\Users\Diaxxa\Desktop\Optical-Flow\horn_schunck_hls\pyramidal_hs\hls\.autopilot\db\pyramid_hls.pp.0.cpp:49524:5: note: FIX-IT applied suggested code changes
C:\Users\Diaxxa\Desktop\Optical-Flow\horn_schunck_hls\pyramidal_hs\hls\.autopilot\db\pyramid_hls.pp.0.cpp:49525:9: remark: Added loop label VITIS_LOOP_7_2:   [xilinx-label-all-loops]
        for (int x = 0; x < 64/2; x++) {
        ^
        VITIS_LOOP_7_2: 
C:\Users\Diaxxa\Desktop\Optical-Flow\horn_schunck_hls\pyramidal_hs\hls\.autopilot\db\pyramid_hls.pp.0.cpp:49525:9: note: FIX-IT applied suggested code changes
C:\Users\Diaxxa\Desktop\Optical-Flow\horn_schunck_hls\pyramidal_hs\hls\.autopilot\db\pyramid_hls.pp.0.cpp:49535:5: remark: Added loop label VITIS_LOOP_17_1:   [xilinx-label-all-loops]
    for (int y = 0; y < 64/4; y++) {
    ^
    VITIS_LOOP_17_1: 
C:\Users\Diaxxa\Desktop\Optical-Flow\horn_schunck_hls\pyramidal_hs\hls\.autopilot\db\pyramid_hls.pp.0.cpp:49535:5: note: FIX-IT applied suggested code changes
C:\Users\Diaxxa\Desktop\Optical-Flow\horn_schunck_hls\pyramidal_hs\hls\.autopilot\db\pyramid_hls.pp.0.cpp:49536:9: remark: Added loop label VITIS_LOOP_18_2:   [xilinx-label-all-loops]
        for (int x = 0; x < 64/4; x++) {
        ^
        VITIS_LOOP_18_2: 
C:\Users\Diaxxa\Desktop\Optical-Flow\horn_schunck_hls\pyramidal_hs\hls\.autopilot\db\pyramid_hls.pp.0.cpp:49536:9: note: FIX-IT applied suggested code changes
C:\Users\Diaxxa\Desktop\Optical-Flow\horn_schunck_hls\pyramidal_hs\hls\.autopilot\db\pyramid_hls.pp.0.cpp:49547:5: remark: Added loop label VITIS_LOOP_29_1:   [xilinx-label-all-loops]
    for (int y = 0; y < 64/2; y++) {
    ^
    VITIS_LOOP_29_1: 
C:\Users\Diaxxa\Desktop\Optical-Flow\horn_schunck_hls\pyramidal_hs\hls\.autopilot\db\pyramid_hls.pp.0.cpp:49547:5: note: FIX-IT applied suggested code changes
C:\Users\Diaxxa\Desktop\Optical-Flow\horn_schunck_hls\pyramidal_hs\hls\.autopilot\db\pyramid_hls.pp.0.cpp:49548:9: remark: Added loop label VITIS_LOOP_30_2:   [xilinx-label-all-loops]
        for (int x = 0; x < 64/2; x++) {
        ^
        VITIS_LOOP_30_2: 
C:\Users\Diaxxa\Desktop\Optical-Flow\horn_schunck_hls\pyramidal_hs\hls\.autopilot\db\pyramid_hls.pp.0.cpp:49548:9: note: FIX-IT applied suggested code changes
C:\Users\Diaxxa\Desktop\Optical-Flow\horn_schunck_hls\pyramidal_hs\hls\.autopilot\db\pyramid_hls.pp.0.cpp:49557:5: remark: Added loop label VITIS_LOOP_39_1:   [xilinx-label-all-loops]
    for (int y = 0; y < 64; y++) {
    ^
    VITIS_LOOP_39_1: 
C:\Users\Diaxxa\Desktop\Optical-Flow\horn_schunck_hls\pyramidal_hs\hls\.autopilot\db\pyramid_hls.pp.0.cpp:49557:5: note: FIX-IT applied suggested code changes
C:\Users\Diaxxa\Desktop\Optical-Flow\horn_schunck_hls\pyramidal_hs\hls\.autopilot\db\pyramid_hls.pp.0.cpp:49558:9: remark: Added loop label VITIS_LOOP_40_2:   [xilinx-label-all-loops]
        for (int x = 0; x < 64; x++) {
        ^
        VITIS_LOOP_40_2: 
C:\Users\Diaxxa\Desktop\Optical-Flow\horn_schunck_hls\pyramidal_hs\hls\.autopilot\db\pyramid_hls.pp.0.cpp:49558:9: note: FIX-IT applied suggested code changes
