

================================================================
== Vitis HLS Report for 'pyramidal_hs_Pipeline_VITIS_LOOP_17_1_VITIS_LOOP_18_24'
================================================================
* Date:           Thu Dec 18 21:18:22 2025

* Version:        2025.2 (Build 6295257 on Nov 12 2025)
* Project:        pyramidal_hs
* Solution:       hls (Vivado IP Flow Target)
* Product family: kintexu
* Target device:  xcku115-flva1517-3-e


================================================================
== Performance Estimates
================================================================
+ Timing: 
    * Summary: 
    +--------+----------+----------+------------+
    |  Clock |  Target  | Estimated| Uncertainty|
    +--------+----------+----------+------------+
    |ap_clk  |  10.00 ns|  6.640 ns|     2.70 ns|
    +--------+----------+----------+------------+

+ Latency: 
    * Summary: 
    +---------+---------+----------+----------+-----+-----+-------------------+
    |  Latency (cycles) |  Latency (absolute) |  Interval |      Pipeline     |
    |   min   |   max   |    min   |    max   | min | max |        Type       |
    +---------+---------+----------+----------+-----+-----+-------------------+
    |      259|      259|  2.590 us|  2.590 us|    0|    0|  loop pipeline stp|
    +---------+---------+----------+----------+-----+-----+-------------------+

    + Detail: 
        * Instance: 
        N/A

        * Loop: 
        +-----------------------------------+---------+---------+----------+-----------+-----------+------+----------+
        |                                   |  Latency (cycles) | Iteration|  Initiation Interval  | Trip |          |
        |             Loop Name             |   min   |   max   |  Latency |  achieved |   target  | Count| Pipelined|
        +-----------------------------------+---------+---------+----------+-----------+-----------+------+----------+
        |- VITIS_LOOP_17_1_VITIS_LOOP_18_2  |      257|      257|         3|          1|          1|   256|       yes|
        +-----------------------------------+---------+---------+----------+-----------+-----------+------+----------+

============================================================
+ Verbose Summary: Synthesis Manager
============================================================
InlineROM: 1
ExposeGlobal: 0
============================================================
+ Verbose Summary: CDFG Model
============================================================
IsTopModel: 0
ResetActiveHigh: 1
IsCombinational: 0
IsDatapathOnly: 0
HasWiredReturn: 1
HasMFsm: 2
HasVarLatency: 1
IsPipeline: 0
IsRtlPipelined: 0
IsInstanceOverlapped: 0
IsDontTouch: 0
HasImplIP: 0
IsGatedGlobalClock: 0

+ Individual pipeline summary: 
  * Pipeline-0: initiation interval (II) = 1, depth = 3


============================================================
+ Verbose Summary: Schedule
============================================================
* Number of FSM states : 3
* Pipeline : 1
  Pipeline-0 : II = 1, D = 3, States = { 1 2 3 }
* Dataflow Pipeline: 0

* FSM state transitions: 
1 --> 2 
2 --> 3 
3 --> 

* FSM state operations: 

State 1 <SV = 0> <Delay = 4.19>
ST_1 : Operation 6 [1/1] (0.00ns)   --->   "%x = alloca i32 1" [../HS_hls/src/pyramid_hls.cpp:18->../HS_hls/src/pyramidal_hs.cpp:31]   --->   Operation 6 'alloca' 'x' <Predicate = true> <Delay = 0.00>
ST_1 : Operation 7 [1/1] (0.00ns)   --->   "%y = alloca i32 1" [../HS_hls/src/pyramid_hls.cpp:17->../HS_hls/src/pyramidal_hs.cpp:31]   --->   Operation 7 'alloca' 'y' <Predicate = true> <Delay = 0.00>
ST_1 : Operation 8 [1/1] (0.00ns)   --->   "%indvar_flatten20 = alloca i32 1"   --->   Operation 8 'alloca' 'indvar_flatten20' <Predicate = true> <Delay = 0.00>
ST_1 : Operation 9 [1/1] (0.47ns)   --->   "%store_ln0 = store i9 0, i9 %indvar_flatten20"   --->   Operation 9 'store' 'store_ln0' <Predicate = true> <Delay = 0.47>
ST_1 : Operation 10 [1/1] (0.47ns)   --->   "%store_ln17 = store i5 0, i5 %y" [../HS_hls/src/pyramid_hls.cpp:17->../HS_hls/src/pyramidal_hs.cpp:31]   --->   Operation 10 'store' 'store_ln17' <Predicate = true> <Delay = 0.47>
ST_1 : Operation 11 [1/1] (0.47ns)   --->   "%store_ln18 = store i5 0, i5 %x" [../HS_hls/src/pyramid_hls.cpp:18->../HS_hls/src/pyramidal_hs.cpp:31]   --->   Operation 11 'store' 'store_ln18' <Predicate = true> <Delay = 0.47>
ST_1 : Operation 12 [1/1] (0.00ns)   --->   "%br_ln0 = br void %for.body4.i360"   --->   Operation 12 'br' 'br_ln0' <Predicate = true> <Delay = 0.00>
ST_1 : Operation 13 [1/1] (0.00ns)   --->   "%indvar_flatten20_load = load i9 %indvar_flatten20" [../HS_hls/src/pyramid_hls.cpp:17->../HS_hls/src/pyramidal_hs.cpp:31]   --->   Operation 13 'load' 'indvar_flatten20_load' <Predicate = true> <Delay = 0.00>
ST_1 : Operation 14 [1/1] (1.12ns)   --->   "%icmp_ln17 = icmp_eq  i9 %indvar_flatten20_load, i9 256" [../HS_hls/src/pyramid_hls.cpp:17->../HS_hls/src/pyramidal_hs.cpp:31]   --->   Operation 14 'icmp' 'icmp_ln17' <Predicate = true> <Delay = 1.12> <CoreInst = "Cmp">   --->   Core 9 'Cmp' <Latency = 0> <II = 1> <Delay = 1.12> <FuncUnit> <Opcode : 'seteq' 'setne' 'setle' 'setge' 'setlt' 'setgt'> <InPorts = 2> <OutPorts = 1>
ST_1 : Operation 15 [1/1] (1.12ns)   --->   "%add_ln17 = add i9 %indvar_flatten20_load, i9 1" [../HS_hls/src/pyramid_hls.cpp:17->../HS_hls/src/pyramidal_hs.cpp:31]   --->   Operation 15 'add' 'add_ln17' <Predicate = true> <Delay = 1.12> <CoreInst = "Adder">   --->   Core 1 'Adder' <Latency = 0> <II = 1> <Delay = 1.12> <FuncUnit> <Opcode : 'add' 'sub'> <InPorts = 2> <OutPorts = 1>
ST_1 : Operation 16 [1/1] (0.00ns)   --->   "%br_ln17 = br i1 %icmp_ln17, void %for.inc37.i363, void %_Z21downsample2x_32_to_16PA32_8ap_fixedILi16ELi6EL9ap_q_mode5EL9ap_o_mode3ELi0EEPA16_S2_.exit364.exitStub" [../HS_hls/src/pyramid_hls.cpp:17->../HS_hls/src/pyramidal_hs.cpp:31]   --->   Operation 16 'br' 'br_ln17' <Predicate = true> <Delay = 0.00>
ST_1 : Operation 17 [1/1] (0.00ns)   --->   "%x_load = load i5 %x" [../HS_hls/src/pyramid_hls.cpp:18->../HS_hls/src/pyramidal_hs.cpp:31]   --->   Operation 17 'load' 'x_load' <Predicate = (!icmp_ln17)> <Delay = 0.00>
ST_1 : Operation 18 [1/1] (0.00ns)   --->   "%y_load = load i5 %y" [../HS_hls/src/pyramid_hls.cpp:17->../HS_hls/src/pyramidal_hs.cpp:31]   --->   Operation 18 'load' 'y_load' <Predicate = (!icmp_ln17)> <Delay = 0.00>
ST_1 : Operation 19 [1/1] (0.90ns)   --->   "%add_ln17_1 = add i5 %y_load, i5 1" [../HS_hls/src/pyramid_hls.cpp:17->../HS_hls/src/pyramidal_hs.cpp:31]   --->   Operation 19 'add' 'add_ln17_1' <Predicate = (!icmp_ln17)> <Delay = 0.90> <CoreInst = "Adder">   --->   Core 1 'Adder' <Latency = 0> <II = 1> <Delay = 0.90> <FuncUnit> <Opcode : 'add' 'sub'> <InPorts = 2> <OutPorts = 1>
ST_1 : Operation 20 [1/1] (0.90ns)   --->   "%icmp_ln18 = icmp_eq  i5 %x_load, i5 16" [../HS_hls/src/pyramid_hls.cpp:18->../HS_hls/src/pyramidal_hs.cpp:31]   --->   Operation 20 'icmp' 'icmp_ln18' <Predicate = (!icmp_ln17)> <Delay = 0.90> <CoreInst = "Cmp">   --->   Core 9 'Cmp' <Latency = 0> <II = 1> <Delay = 0.90> <FuncUnit> <Opcode : 'seteq' 'setne' 'setle' 'setge' 'setlt' 'setgt'> <InPorts = 2> <OutPorts = 1>
ST_1 : Operation 21 [1/1] (0.25ns)   --->   "%select_ln17 = select i1 %icmp_ln18, i5 0, i5 %x_load" [../HS_hls/src/pyramid_hls.cpp:17->../HS_hls/src/pyramidal_hs.cpp:31]   --->   Operation 21 'select' 'select_ln17' <Predicate = (!icmp_ln17)> <Delay = 0.25> <CoreInst = "Sel">   --->   Core 73 'Sel' <Latency = 0> <II = 1> <Delay = 0.25> <FuncUnit> <Opcode : 'select'> <InPorts = 3> <OutPorts = 1>
ST_1 : Operation 22 [1/1] (0.25ns)   --->   "%select_ln17_1 = select i1 %icmp_ln18, i5 %add_ln17_1, i5 %y_load" [../HS_hls/src/pyramid_hls.cpp:17->../HS_hls/src/pyramidal_hs.cpp:31]   --->   Operation 22 'select' 'select_ln17_1' <Predicate = (!icmp_ln17)> <Delay = 0.25> <CoreInst = "Sel">   --->   Core 73 'Sel' <Latency = 0> <II = 1> <Delay = 0.25> <FuncUnit> <Opcode : 'select'> <InPorts = 3> <OutPorts = 1>
ST_1 : Operation 23 [1/1] (0.00ns)   --->   "%trunc_ln20 = trunc i5 %select_ln17_1" [../HS_hls/src/pyramid_hls.cpp:20->../HS_hls/src/pyramidal_hs.cpp:31]   --->   Operation 23 'trunc' 'trunc_ln20' <Predicate = (!icmp_ln17)> <Delay = 0.00>
ST_1 : Operation 24 [1/1] (0.00ns)   --->   "%tmp_s = bitconcatenate i8 @_ssdm_op_BitConcatenate.i8.i4.i4, i4 %trunc_ln20, i4 0" [../HS_hls/src/pyramid_hls.cpp:20->../HS_hls/src/pyramidal_hs.cpp:31]   --->   Operation 24 'bitconcatenate' 'tmp_s' <Predicate = (!icmp_ln17)> <Delay = 0.00>
ST_1 : Operation 25 [1/1] (0.00ns)   --->   "%tmp_17 = bitconcatenate i9 @_ssdm_op_BitConcatenate.i9.i4.i5, i4 %trunc_ln20, i5 16" [../HS_hls/src/pyramid_hls.cpp:20->../HS_hls/src/pyramidal_hs.cpp:31]   --->   Operation 25 'bitconcatenate' 'tmp_17' <Predicate = (!icmp_ln17)> <Delay = 0.00>
ST_1 : Operation 26 [1/1] (0.00ns)   --->   "%zext_ln20 = zext i5 %select_ln17" [../HS_hls/src/pyramid_hls.cpp:20->../HS_hls/src/pyramidal_hs.cpp:31]   --->   Operation 26 'zext' 'zext_ln20' <Predicate = (!icmp_ln17)> <Delay = 0.00>
ST_1 : Operation 27 [1/1] (0.00ns)   --->   "%zext_ln20_1 = zext i5 %select_ln17" [../HS_hls/src/pyramid_hls.cpp:20->../HS_hls/src/pyramidal_hs.cpp:31]   --->   Operation 27 'zext' 'zext_ln20_1' <Predicate = (!icmp_ln17)> <Delay = 0.00>
ST_1 : Operation 28 [1/1] (1.10ns)   --->   "%add_ln20 = add i8 %tmp_s, i8 %zext_ln20_1" [../HS_hls/src/pyramid_hls.cpp:20->../HS_hls/src/pyramidal_hs.cpp:31]   --->   Operation 28 'add' 'add_ln20' <Predicate = (!icmp_ln17)> <Delay = 1.10> <CoreInst = "Adder">   --->   Core 1 'Adder' <Latency = 0> <II = 1> <Delay = 1.10> <FuncUnit> <Opcode : 'add' 'sub'> <InPorts = 2> <OutPorts = 1>
ST_1 : Operation 29 [1/1] (0.00ns)   --->   "%tmp_18 = bitconcatenate i9 @_ssdm_op_BitConcatenate.i9.i4.i5, i4 %trunc_ln20, i5 %select_ln17" [../HS_hls/src/pyramid_hls.cpp:20->../HS_hls/src/pyramidal_hs.cpp:31]   --->   Operation 29 'bitconcatenate' 'tmp_18' <Predicate = (!icmp_ln17)> <Delay = 0.00>
ST_1 : Operation 30 [1/1] (0.00ns)   --->   "%zext_ln20_3 = zext i9 %tmp_18" [../HS_hls/src/pyramid_hls.cpp:20->../HS_hls/src/pyramidal_hs.cpp:31]   --->   Operation 30 'zext' 'zext_ln20_3' <Predicate = (!icmp_ln17)> <Delay = 0.00>
ST_1 : Operation 31 [1/1] (0.00ns)   --->   "%pyramidal_hs_ap_fixed_64_ap_fixed_64_ap_fixed_64_ap_fixed_64_4 = getelementptr i16 %pyramidal_hs_ap_fixed_64_ap_fixed_64_ap_fixed_64_ap_fixed_64_1, i64 0, i64 %zext_ln20_3" [../HS_hls/src/pyramid_hls.cpp:20->../HS_hls/src/pyramidal_hs.cpp:31]   --->   Operation 31 'getelementptr' 'pyramidal_hs_ap_fixed_64_ap_fixed_64_ap_fixed_64_ap_fixed_64_4' <Predicate = (!icmp_ln17)> <Delay = 0.00>
ST_1 : Operation 32 [1/1] (1.12ns)   --->   "%add_ln20_1 = add i9 %tmp_17, i9 %zext_ln20" [../HS_hls/src/pyramid_hls.cpp:20->../HS_hls/src/pyramidal_hs.cpp:31]   --->   Operation 32 'add' 'add_ln20_1' <Predicate = (!icmp_ln17)> <Delay = 1.12> <CoreInst = "Adder">   --->   Core 1 'Adder' <Latency = 0> <II = 1> <Delay = 1.12> <FuncUnit> <Opcode : 'add' 'sub'> <InPorts = 2> <OutPorts = 1>
ST_1 : Operation 33 [1/1] (0.00ns)   --->   "%zext_ln20_4 = zext i9 %add_ln20_1" [../HS_hls/src/pyramid_hls.cpp:20->../HS_hls/src/pyramidal_hs.cpp:31]   --->   Operation 33 'zext' 'zext_ln20_4' <Predicate = (!icmp_ln17)> <Delay = 0.00>
ST_1 : Operation 34 [1/1] (0.00ns)   --->   "%pyramidal_hs_ap_fixed_64_ap_fixed_64_ap_fixed_64_ap_fixed_64_5 = getelementptr i16 %pyramidal_hs_ap_fixed_64_ap_fixed_64_ap_fixed_64_ap_fixed_64_1, i64 0, i64 %zext_ln20_4" [../HS_hls/src/pyramid_hls.cpp:20->../HS_hls/src/pyramidal_hs.cpp:31]   --->   Operation 34 'getelementptr' 'pyramidal_hs_ap_fixed_64_ap_fixed_64_ap_fixed_64_ap_fixed_64_5' <Predicate = (!icmp_ln17)> <Delay = 0.00>
ST_1 : Operation 35 [2/2] (1.42ns)   --->   "%pyramidal_hs_ap_fixed_64_ap_fixed_64_ap_fixed_64_ap_fixed_64_8 = load i9 %pyramidal_hs_ap_fixed_64_ap_fixed_64_ap_fixed_64_ap_fixed_64_4" [../HS_hls/src/pyramid_hls.cpp:20->../HS_hls/src/pyramidal_hs.cpp:31]   --->   Operation 35 'load' 'pyramidal_hs_ap_fixed_64_ap_fixed_64_ap_fixed_64_ap_fixed_64_8' <Predicate = (!icmp_ln17)> <Delay = 1.42> <CoreInst = "RAM">   --->   Core 82 'RAM' <Latency = 1> <II = 1> <Delay = 1.42> <Storage> <Opcode : 'load' 'store'> <Ports = 2> <Width = 16> <Depth = 512> <RAM>
ST_1 : Operation 36 [2/2] (1.42ns)   --->   "%pyramidal_hs_ap_fixed_64_ap_fixed_64_ap_fixed_64_ap_fixed_64_9 = load i9 %pyramidal_hs_ap_fixed_64_ap_fixed_64_ap_fixed_64_ap_fixed_64_5" [../HS_hls/src/pyramid_hls.cpp:20->../HS_hls/src/pyramidal_hs.cpp:31]   --->   Operation 36 'load' 'pyramidal_hs_ap_fixed_64_ap_fixed_64_ap_fixed_64_ap_fixed_64_9' <Predicate = (!icmp_ln17)> <Delay = 1.42> <CoreInst = "RAM">   --->   Core 82 'RAM' <Latency = 1> <II = 1> <Delay = 1.42> <Storage> <Opcode : 'load' 'store'> <Ports = 2> <Width = 16> <Depth = 512> <RAM>
ST_1 : Operation 37 [1/1] (0.90ns)   --->   "%add_ln18 = add i5 %select_ln17, i5 1" [../HS_hls/src/pyramid_hls.cpp:18->../HS_hls/src/pyramidal_hs.cpp:31]   --->   Operation 37 'add' 'add_ln18' <Predicate = (!icmp_ln17)> <Delay = 0.90> <CoreInst = "Adder">   --->   Core 1 'Adder' <Latency = 0> <II = 1> <Delay = 0.90> <FuncUnit> <Opcode : 'add' 'sub'> <InPorts = 2> <OutPorts = 1>
ST_1 : Operation 38 [1/1] (0.47ns)   --->   "%store_ln17 = store i9 %add_ln17, i9 %indvar_flatten20" [../HS_hls/src/pyramid_hls.cpp:17->../HS_hls/src/pyramidal_hs.cpp:31]   --->   Operation 38 'store' 'store_ln17' <Predicate = (!icmp_ln17)> <Delay = 0.47>
ST_1 : Operation 39 [1/1] (0.47ns)   --->   "%store_ln17 = store i5 %select_ln17_1, i5 %y" [../HS_hls/src/pyramid_hls.cpp:17->../HS_hls/src/pyramidal_hs.cpp:31]   --->   Operation 39 'store' 'store_ln17' <Predicate = (!icmp_ln17)> <Delay = 0.47>
ST_1 : Operation 40 [1/1] (0.47ns)   --->   "%store_ln18 = store i5 %add_ln18, i5 %x" [../HS_hls/src/pyramid_hls.cpp:18->../HS_hls/src/pyramidal_hs.cpp:31]   --->   Operation 40 'store' 'store_ln18' <Predicate = (!icmp_ln17)> <Delay = 0.47>

State 2 <SV = 1> <Delay = 2.68>
ST_2 : Operation 41 [1/1] (0.00ns)   --->   "%pyramidal_hs_ap_fixed_64_ap_fixed_64_ap_fixed_64_ap_fixed_64_6 = getelementptr i16 %pyramidal_hs_ap_fixed_64_ap_fixed_64_ap_fixed_64_ap_fixed_64, i64 0, i64 %zext_ln20_3" [../HS_hls/src/pyramid_hls.cpp:20->../HS_hls/src/pyramidal_hs.cpp:31]   --->   Operation 41 'getelementptr' 'pyramidal_hs_ap_fixed_64_ap_fixed_64_ap_fixed_64_ap_fixed_64_6' <Predicate = true> <Delay = 0.00>
ST_2 : Operation 42 [1/1] (0.00ns)   --->   "%pyramidal_hs_ap_fixed_64_ap_fixed_64_ap_fixed_64_ap_fixed_64_7 = getelementptr i16 %pyramidal_hs_ap_fixed_64_ap_fixed_64_ap_fixed_64_ap_fixed_64, i64 0, i64 %zext_ln20_4" [../HS_hls/src/pyramid_hls.cpp:21->../HS_hls/src/pyramidal_hs.cpp:31]   --->   Operation 42 'getelementptr' 'pyramidal_hs_ap_fixed_64_ap_fixed_64_ap_fixed_64_ap_fixed_64_7' <Predicate = true> <Delay = 0.00>
ST_2 : Operation 43 [1/2] ( I:1.42ns O:1.42ns )   --->   "%pyramidal_hs_ap_fixed_64_ap_fixed_64_ap_fixed_64_ap_fixed_64_8 = load i9 %pyramidal_hs_ap_fixed_64_ap_fixed_64_ap_fixed_64_ap_fixed_64_4" [../HS_hls/src/pyramid_hls.cpp:20->../HS_hls/src/pyramidal_hs.cpp:31]   --->   Operation 43 'load' 'pyramidal_hs_ap_fixed_64_ap_fixed_64_ap_fixed_64_ap_fixed_64_8' <Predicate = true> <Delay = 1.42> <CoreInst = "RAM">   --->   Core 82 'RAM' <Latency = 1> <II = 1> <Delay = 1.42> <Storage> <Opcode : 'load' 'store'> <Ports = 2> <Width = 16> <Depth = 512> <RAM>
ST_2 : Operation 44 [1/1] (0.00ns)   --->   "%sext_ln20 = sext i16 %pyramidal_hs_ap_fixed_64_ap_fixed_64_ap_fixed_64_ap_fixed_64_8" [../HS_hls/src/pyramid_hls.cpp:20->../HS_hls/src/pyramidal_hs.cpp:31]   --->   Operation 44 'sext' 'sext_ln20' <Predicate = true> <Delay = 0.00>
ST_2 : Operation 45 [1/2] ( I:1.42ns O:1.42ns )   --->   "%pyramidal_hs_ap_fixed_64_ap_fixed_64_ap_fixed_64_ap_fixed_64_9 = load i9 %pyramidal_hs_ap_fixed_64_ap_fixed_64_ap_fixed_64_ap_fixed_64_5" [../HS_hls/src/pyramid_hls.cpp:20->../HS_hls/src/pyramidal_hs.cpp:31]   --->   Operation 45 'load' 'pyramidal_hs_ap_fixed_64_ap_fixed_64_ap_fixed_64_ap_fixed_64_9' <Predicate = true> <Delay = 1.42> <CoreInst = "RAM">   --->   Core 82 'RAM' <Latency = 1> <II = 1> <Delay = 1.42> <Storage> <Opcode : 'load' 'store'> <Ports = 2> <Width = 16> <Depth = 512> <RAM>
ST_2 : Operation 46 [1/1] (0.00ns)   --->   "%sext_ln20_1 = sext i16 %pyramidal_hs_ap_fixed_64_ap_fixed_64_ap_fixed_64_ap_fixed_64_9" [../HS_hls/src/pyramid_hls.cpp:20->../HS_hls/src/pyramidal_hs.cpp:31]   --->   Operation 46 'sext' 'sext_ln20_1' <Predicate = true> <Delay = 0.00>
ST_2 : Operation 47 [1/1] (1.26ns)   --->   "%add_ln20_2 = add i17 %sext_ln20_1, i17 %sext_ln20" [../HS_hls/src/pyramid_hls.cpp:20->../HS_hls/src/pyramidal_hs.cpp:31]   --->   Operation 47 'add' 'add_ln20_2' <Predicate = true> <Delay = 1.26> <CoreInst = "Adder">   --->   Core 1 'Adder' <Latency = 0> <II = 1> <Delay = 1.26> <FuncUnit> <Opcode : 'add' 'sub'> <InPorts = 2> <OutPorts = 1>
ST_2 : Operation 48 [2/2] (1.42ns)   --->   "%pyramidal_hs_ap_fixed_64_ap_fixed_64_ap_fixed_64_ap_fixed_64_10 = load i9 %pyramidal_hs_ap_fixed_64_ap_fixed_64_ap_fixed_64_ap_fixed_64_6" [../HS_hls/src/pyramid_hls.cpp:20->../HS_hls/src/pyramidal_hs.cpp:31]   --->   Operation 48 'load' 'pyramidal_hs_ap_fixed_64_ap_fixed_64_ap_fixed_64_ap_fixed_64_10' <Predicate = true> <Delay = 1.42> <CoreInst = "RAM">   --->   Core 82 'RAM' <Latency = 1> <II = 1> <Delay = 1.42> <Storage> <Opcode : 'load' 'store'> <Ports = 2> <Width = 16> <Depth = 512> <RAM>
ST_2 : Operation 49 [2/2] (1.42ns)   --->   "%pyramidal_hs_ap_fixed_64_ap_fixed_64_ap_fixed_64_ap_fixed_64_11 = load i9 %pyramidal_hs_ap_fixed_64_ap_fixed_64_ap_fixed_64_ap_fixed_64_7" [../HS_hls/src/pyramid_hls.cpp:21->../HS_hls/src/pyramidal_hs.cpp:31]   --->   Operation 49 'load' 'pyramidal_hs_ap_fixed_64_ap_fixed_64_ap_fixed_64_ap_fixed_64_11' <Predicate = true> <Delay = 1.42> <CoreInst = "RAM">   --->   Core 82 'RAM' <Latency = 1> <II = 1> <Delay = 1.42> <Storage> <Opcode : 'load' 'store'> <Ports = 2> <Width = 16> <Depth = 512> <RAM>
ST_2 : Operation 70 [1/1] (0.47ns)   --->   "%ret_ln0 = ret"   --->   Operation 70 'ret' 'ret_ln0' <Predicate = (icmp_ln17)> <Delay = 0.47>

State 3 <SV = 2> <Delay = 6.63>
ST_3 : Operation 50 [1/1] (0.00ns)   --->   "%specloopname_ln0 = specloopname void @_ssdm_op_SpecLoopName, void @VITIS_LOOP_17_1_VITIS_LOOP_18_2_str"   --->   Operation 50 'specloopname' 'specloopname_ln0' <Predicate = true> <Delay = 0.00>
ST_3 : Operation 51 [1/1] (0.00ns)   --->   "%speclooptripcount_ln0 = speclooptripcount void @_ssdm_op_SpecLoopTripCount, i64 256, i64 256, i64 256"   --->   Operation 51 'speclooptripcount' 'speclooptripcount_ln0' <Predicate = true> <Delay = 0.00>
ST_3 : Operation 52 [1/1] (0.00ns)   --->   "%zext_ln20_2 = zext i8 %add_ln20" [../HS_hls/src/pyramid_hls.cpp:20->../HS_hls/src/pyramidal_hs.cpp:31]   --->   Operation 52 'zext' 'zext_ln20_2' <Predicate = true> <Delay = 0.00>
ST_3 : Operation 53 [1/1] (0.00ns)   --->   "%img2_16_addr = getelementptr i16 %img2_16, i64 0, i64 %zext_ln20_2" [../HS_hls/src/pyramid_hls.cpp:20->../HS_hls/src/pyramidal_hs.cpp:31]   --->   Operation 53 'getelementptr' 'img2_16_addr' <Predicate = true> <Delay = 0.00>
ST_3 : Operation 54 [1/1] (0.00ns)   --->   "%specpipeline_ln19 = specpipeline void @_ssdm_op_SpecPipeline, i32 1, i32 0, i32 0, i32 0, i32 4294967295, void @empty_2" [../HS_hls/src/pyramid_hls.cpp:19->../HS_hls/src/pyramidal_hs.cpp:31]   --->   Operation 54 'specpipeline' 'specpipeline_ln19' <Predicate = true> <Delay = 0.00>
ST_3 : Operation 55 [1/1] (0.00ns)   --->   "%sext_ln20_2 = sext i17 %add_ln20_2" [../HS_hls/src/pyramid_hls.cpp:20->../HS_hls/src/pyramidal_hs.cpp:31]   --->   Operation 55 'sext' 'sext_ln20_2' <Predicate = true> <Delay = 0.00>
ST_3 : Operation 56 [1/2] ( I:1.42ns O:1.42ns )   --->   "%pyramidal_hs_ap_fixed_64_ap_fixed_64_ap_fixed_64_ap_fixed_64_10 = load i9 %pyramidal_hs_ap_fixed_64_ap_fixed_64_ap_fixed_64_ap_fixed_64_6" [../HS_hls/src/pyramid_hls.cpp:20->../HS_hls/src/pyramidal_hs.cpp:31]   --->   Operation 56 'load' 'pyramidal_hs_ap_fixed_64_ap_fixed_64_ap_fixed_64_ap_fixed_64_10' <Predicate = true> <Delay = 1.42> <CoreInst = "RAM">   --->   Core 82 'RAM' <Latency = 1> <II = 1> <Delay = 1.42> <Storage> <Opcode : 'load' 'store'> <Ports = 2> <Width = 16> <Depth = 512> <RAM>
ST_3 : Operation 57 [1/1] (0.00ns)   --->   "%sext_ln20_3 = sext i16 %pyramidal_hs_ap_fixed_64_ap_fixed_64_ap_fixed_64_ap_fixed_64_10" [../HS_hls/src/pyramid_hls.cpp:20->../HS_hls/src/pyramidal_hs.cpp:31]   --->   Operation 57 'sext' 'sext_ln20_3' <Predicate = true> <Delay = 0.00>
ST_3 : Operation 58 [1/1] (0.00ns) (grouped into TernaryAdder)   --->   "%add_ln20_3 = add i18 %sext_ln20_2, i18 %sext_ln20_3" [../HS_hls/src/pyramid_hls.cpp:20->../HS_hls/src/pyramidal_hs.cpp:31]   --->   Operation 58 'add' 'add_ln20_3' <Predicate = true> <Delay = 0.00> <CoreInst = "TAddSub">   --->   Core 10 'TAddSub' <Latency = 0> <II = 1> <Delay = 0.44> <IPBlock> <Opcode : 'add' 'sub'> <InPorts = 3> <OutPorts = 1> <Sync> <CReg>
ST_3 : Operation 59 [1/2] ( I:1.42ns O:1.42ns )   --->   "%pyramidal_hs_ap_fixed_64_ap_fixed_64_ap_fixed_64_ap_fixed_64_11 = load i9 %pyramidal_hs_ap_fixed_64_ap_fixed_64_ap_fixed_64_ap_fixed_64_7" [../HS_hls/src/pyramid_hls.cpp:21->../HS_hls/src/pyramidal_hs.cpp:31]   --->   Operation 59 'load' 'pyramidal_hs_ap_fixed_64_ap_fixed_64_ap_fixed_64_ap_fixed_64_11' <Predicate = true> <Delay = 1.42> <CoreInst = "RAM">   --->   Core 82 'RAM' <Latency = 1> <II = 1> <Delay = 1.42> <Storage> <Opcode : 'load' 'store'> <Ports = 2> <Width = 16> <Depth = 512> <RAM>
ST_3 : Operation 60 [1/1] (0.00ns)   --->   "%sext_ln21 = sext i16 %pyramidal_hs_ap_fixed_64_ap_fixed_64_ap_fixed_64_ap_fixed_64_11" [../HS_hls/src/pyramid_hls.cpp:21->../HS_hls/src/pyramidal_hs.cpp:31]   --->   Operation 60 'sext' 'sext_ln21' <Predicate = true> <Delay = 0.00>
ST_3 : Operation 61 [1/1] (0.88ns) (root node of TernaryAdder)   --->   "%add_ln21 = add i18 %add_ln20_3, i18 %sext_ln21" [../HS_hls/src/pyramid_hls.cpp:21->../HS_hls/src/pyramidal_hs.cpp:31]   --->   Operation 61 'add' 'add_ln21' <Predicate = true> <Delay = 0.88> <CoreInst = "TAddSub">   --->   Core 10 'TAddSub' <Latency = 0> <II = 1> <Delay = 0.44> <IPBlock> <Opcode : 'add' 'sub'> <InPorts = 3> <OutPorts = 1> <Sync> <CReg>
ST_3 : Operation 62 [1/1] (0.00ns)   --->   "%tmp = bitselect i1 @_ssdm_op_BitSelect.i1.i18.i32, i18 %add_ln21, i32 17" [../HS_hls/src/pyramid_hls.cpp:21->../HS_hls/src/pyramidal_hs.cpp:31]   --->   Operation 62 'bitselect' 'tmp' <Predicate = true> <Delay = 0.00>
ST_3 : Operation 63 [1/1] (1.28ns)   --->   "%sub_ln21 = sub i18 0, i18 %add_ln21" [../HS_hls/src/pyramid_hls.cpp:21->../HS_hls/src/pyramidal_hs.cpp:31]   --->   Operation 63 'sub' 'sub_ln21' <Predicate = true> <Delay = 1.28> <CoreInst = "Adder">   --->   Core 1 'Adder' <Latency = 0> <II = 1> <Delay = 1.28> <FuncUnit> <Opcode : 'add' 'sub'> <InPorts = 2> <OutPorts = 1>
ST_3 : Operation 64 [1/1] (0.00ns)   --->   "%trunc_ln21_4 = partselect i16 @_ssdm_op_PartSelect.i16.i18.i32.i32, i18 %sub_ln21, i32 2, i32 17" [../HS_hls/src/pyramid_hls.cpp:21->../HS_hls/src/pyramidal_hs.cpp:31]   --->   Operation 64 'partselect' 'trunc_ln21_4' <Predicate = true> <Delay = 0.00>
ST_3 : Operation 65 [1/1] (1.26ns)   --->   "%sub_ln21_1 = sub i16 0, i16 %trunc_ln21_4" [../HS_hls/src/pyramid_hls.cpp:21->../HS_hls/src/pyramidal_hs.cpp:31]   --->   Operation 65 'sub' 'sub_ln21_1' <Predicate = true> <Delay = 1.26> <CoreInst = "Adder">   --->   Core 1 'Adder' <Latency = 0> <II = 1> <Delay = 1.26> <FuncUnit> <Opcode : 'add' 'sub'> <InPorts = 2> <OutPorts = 1>
ST_3 : Operation 66 [1/1] (0.00ns)   --->   "%trunc_ln21_5 = partselect i16 @_ssdm_op_PartSelect.i16.i18.i32.i32, i18 %add_ln21, i32 2, i32 17" [../HS_hls/src/pyramid_hls.cpp:21->../HS_hls/src/pyramidal_hs.cpp:31]   --->   Operation 66 'partselect' 'trunc_ln21_5' <Predicate = true> <Delay = 0.00>
ST_3 : Operation 67 [1/1] (0.35ns)   --->   "%select_ln21 = select i1 %tmp, i16 %sub_ln21_1, i16 %trunc_ln21_5" [../HS_hls/src/pyramid_hls.cpp:21->../HS_hls/src/pyramidal_hs.cpp:31]   --->   Operation 67 'select' 'select_ln21' <Predicate = true> <Delay = 0.35> <CoreInst = "Sel">   --->   Core 73 'Sel' <Latency = 0> <II = 1> <Delay = 0.35> <FuncUnit> <Opcode : 'select'> <InPorts = 3> <OutPorts = 1>
ST_3 : Operation 68 [1/1] ( I:1.42ns O:1.42ns )   --->   "%store_ln20 = store i16 %select_ln21, i8 %img2_16_addr" [../HS_hls/src/pyramid_hls.cpp:20->../HS_hls/src/pyramidal_hs.cpp:31]   --->   Operation 68 'store' 'store_ln20' <Predicate = true> <Delay = 1.42> <CoreInst = "RAM">   --->   Core 82 'RAM' <Latency = 1> <II = 1> <Delay = 1.42> <Storage> <Opcode : 'load' 'store'> <Ports = 2> <Width = 16> <Depth = 256> <RAM>
ST_3 : Operation 69 [1/1] (0.00ns)   --->   "%br_ln18 = br void %for.body4.i360" [../HS_hls/src/pyramid_hls.cpp:18->../HS_hls/src/pyramidal_hs.cpp:31]   --->   Operation 69 'br' 'br_ln18' <Predicate = true> <Delay = 0.00>


============================================================
+ Verbose Summary: Binding
============================================================
STG Binding: 
---------------- STG Properties BEGIN ----------------
- Is combinational: 0
- Is one-state seq: 0
- Is datapath-only: 0
- Is pipelined: 0
- Is top level: 0
Port [ Return ] is wired: 1; IO mode=ap_ctrl_hs:ce=0
Port [ pyramidal_hs_ap_fixed_64_ap_fixed_64_ap_fixed_64_ap_fixed_64_1]:  wired=1; compound=1; hidden=0; nouse=0; global=1; static=1; extern=0; dir=0; type=1; pingpong=0; private_global=0; MemPort=[11]; IO mode=ap_memory:ce=0
Port [ pyramidal_hs_ap_fixed_64_ap_fixed_64_ap_fixed_64_ap_fixed_64]:  wired=1; compound=1; hidden=0; nouse=0; global=1; static=1; extern=0; dir=0; type=1; pingpong=0; private_global=0; MemPort=[11]; IO mode=ap_memory:ce=0
Port [ img2_16]:  wired=1; compound=1; hidden=0; nouse=0; global=1; static=1; extern=0; dir=1; type=1; pingpong=0; private_global=0; MemPort=[03]; IO mode=ap_memory:ce=0
---------------- STG Properties END ------------------

---------------- Datapath Model BEGIN ----------------

<LifeTime>
<method=bitvector/>
x                                                               (alloca           ) [ 0100]
y                                                               (alloca           ) [ 0100]
indvar_flatten20                                                (alloca           ) [ 0100]
store_ln0                                                       (store            ) [ 0000]
store_ln17                                                      (store            ) [ 0000]
store_ln18                                                      (store            ) [ 0000]
br_ln0                                                          (br               ) [ 0000]
indvar_flatten20_load                                           (load             ) [ 0000]
icmp_ln17                                                       (icmp             ) [ 0110]
add_ln17                                                        (add              ) [ 0000]
br_ln17                                                         (br               ) [ 0000]
x_load                                                          (load             ) [ 0000]
y_load                                                          (load             ) [ 0000]
add_ln17_1                                                      (add              ) [ 0000]
icmp_ln18                                                       (icmp             ) [ 0000]
select_ln17                                                     (select           ) [ 0000]
select_ln17_1                                                   (select           ) [ 0000]
trunc_ln20                                                      (trunc            ) [ 0000]
tmp_s                                                           (bitconcatenate   ) [ 0000]
tmp_17                                                          (bitconcatenate   ) [ 0000]
zext_ln20                                                       (zext             ) [ 0000]
zext_ln20_1                                                     (zext             ) [ 0000]
add_ln20                                                        (add              ) [ 0111]
tmp_18                                                          (bitconcatenate   ) [ 0000]
zext_ln20_3                                                     (zext             ) [ 0110]
pyramidal_hs_ap_fixed_64_ap_fixed_64_ap_fixed_64_ap_fixed_64_4  (getelementptr    ) [ 0110]
add_ln20_1                                                      (add              ) [ 0000]
zext_ln20_4                                                     (zext             ) [ 0110]
pyramidal_hs_ap_fixed_64_ap_fixed_64_ap_fixed_64_ap_fixed_64_5  (getelementptr    ) [ 0110]
add_ln18                                                        (add              ) [ 0000]
store_ln17                                                      (store            ) [ 0000]
store_ln17                                                      (store            ) [ 0000]
store_ln18                                                      (store            ) [ 0000]
pyramidal_hs_ap_fixed_64_ap_fixed_64_ap_fixed_64_ap_fixed_64_6  (getelementptr    ) [ 0101]
pyramidal_hs_ap_fixed_64_ap_fixed_64_ap_fixed_64_ap_fixed_64_7  (getelementptr    ) [ 0101]
pyramidal_hs_ap_fixed_64_ap_fixed_64_ap_fixed_64_ap_fixed_64_8  (load             ) [ 0000]
sext_ln20                                                       (sext             ) [ 0000]
pyramidal_hs_ap_fixed_64_ap_fixed_64_ap_fixed_64_ap_fixed_64_9  (load             ) [ 0000]
sext_ln20_1                                                     (sext             ) [ 0000]
add_ln20_2                                                      (add              ) [ 0101]
specloopname_ln0                                                (specloopname     ) [ 0000]
speclooptripcount_ln0                                           (speclooptripcount) [ 0000]
zext_ln20_2                                                     (zext             ) [ 0000]
img2_16_addr                                                    (getelementptr    ) [ 0000]
specpipeline_ln19                                               (specpipeline     ) [ 0000]
sext_ln20_2                                                     (sext             ) [ 0000]
pyramidal_hs_ap_fixed_64_ap_fixed_64_ap_fixed_64_ap_fixed_64_10 (load             ) [ 0000]
sext_ln20_3                                                     (sext             ) [ 0000]
add_ln20_3                                                      (add              ) [ 0000]
pyramidal_hs_ap_fixed_64_ap_fixed_64_ap_fixed_64_ap_fixed_64_11 (load             ) [ 0000]
sext_ln21                                                       (sext             ) [ 0000]
add_ln21                                                        (add              ) [ 0000]
tmp                                                             (bitselect        ) [ 0000]
sub_ln21                                                        (sub              ) [ 0000]
trunc_ln21_4                                                    (partselect       ) [ 0000]
sub_ln21_1                                                      (sub              ) [ 0000]
trunc_ln21_5                                                    (partselect       ) [ 0000]
select_ln21                                                     (select           ) [ 0000]
store_ln20                                                      (store            ) [ 0000]
br_ln18                                                         (br               ) [ 0000]
ret_ln0                                                         (ret              ) [ 0000]
</LifeTime>

<model>

<comp_list>
<comp id="0" class="1000" name="pyramidal_hs_ap_fixed_64_ap_fixed_64_ap_fixed_64_ap_fixed_64_1">
<pin_list>
<pin id="1" dir="1" index="0" bw="1" slack="0"/>
</pin_list>
<bind>
<StgValue><ssdm name="pyramidal_hs_ap_fixed_64_ap_fixed_64_ap_fixed_64_ap_fixed_64_1"/><MemPortTyVec>1 1 </MemPortTyVec>
</StgValue>
</bind>
</comp>

<comp id="2" class="1000" name="pyramidal_hs_ap_fixed_64_ap_fixed_64_ap_fixed_64_ap_fixed_64">
<pin_list>
<pin id="3" dir="1" index="0" bw="1" slack="0"/>
</pin_list>
<bind>
<StgValue><ssdm name="pyramidal_hs_ap_fixed_64_ap_fixed_64_ap_fixed_64_ap_fixed_64"/><MemPortTyVec>1 1 </MemPortTyVec>
</StgValue>
</bind>
</comp>

<comp id="4" class="1000" name="img2_16">
<pin_list>
<pin id="5" dir="1" index="0" bw="1" slack="0"/>
</pin_list>
<bind>
<StgValue><ssdm name="img2_16"/><MemPortTyVec>0 3 </MemPortTyVec>
</StgValue>
</bind>
</comp>

<comp id="6" class="1001" name="const_6">
<pin_list>
<pin id="7" dir="1" index="0" bw="1" slack="0"/>
</pin_list>
<bind>
<StgValue><ssdm name=""/></StgValue>
</bind>
</comp>

<comp id="8" class="1001" name="const_8">
<pin_list>
<pin id="9" dir="1" index="0" bw="1" slack="0"/>
</pin_list>
<bind>
<StgValue><ssdm name=""/></StgValue>
</bind>
</comp>

<comp id="10" class="1001" name="const_10">
<pin_list>
<pin id="11" dir="1" index="0" bw="1" slack="0"/>
</pin_list>
<bind>
<StgValue><ssdm name=""/></StgValue>
</bind>
</comp>

<comp id="12" class="1001" name="const_12">
<pin_list>
<pin id="13" dir="1" index="0" bw="1" slack="0"/>
</pin_list>
<bind>
<StgValue><ssdm name=""/></StgValue>
</bind>
</comp>

<comp id="14" class="1001" name="const_14">
<pin_list>
<pin id="15" dir="1" index="0" bw="1" slack="0"/>
</pin_list>
<bind>
<StgValue><ssdm name=""/></StgValue>
</bind>
</comp>

<comp id="16" class="1001" name="const_16">
<pin_list>
<pin id="17" dir="1" index="0" bw="1" slack="0"/>
</pin_list>
<bind>
<StgValue><ssdm name=""/></StgValue>
</bind>
</comp>

<comp id="18" class="1001" name="const_18">
<pin_list>
<pin id="19" dir="1" index="0" bw="1" slack="0"/>
</pin_list>
<bind>
<StgValue><ssdm name=""/></StgValue>
</bind>
</comp>

<comp id="20" class="1001" name="const_20">
<pin_list>
<pin id="21" dir="1" index="0" bw="1" slack="0"/>
</pin_list>
<bind>
<StgValue><ssdm name="_ssdm_op_BitConcatenate.i8.i4.i4"/></StgValue>
</bind>
</comp>

<comp id="22" class="1001" name="const_22">
<pin_list>
<pin id="23" dir="1" index="0" bw="1" slack="0"/>
</pin_list>
<bind>
<StgValue><ssdm name=""/></StgValue>
</bind>
</comp>

<comp id="24" class="1001" name="const_24">
<pin_list>
<pin id="25" dir="1" index="0" bw="1" slack="0"/>
</pin_list>
<bind>
<StgValue><ssdm name="_ssdm_op_BitConcatenate.i9.i4.i5"/></StgValue>
</bind>
</comp>

<comp id="26" class="1001" name="const_26">
<pin_list>
<pin id="27" dir="1" index="0" bw="1" slack="0"/>
</pin_list>
<bind>
<StgValue><ssdm name=""/></StgValue>
</bind>
</comp>

<comp id="28" class="1001" name="const_28">
<pin_list>
<pin id="29" dir="1" index="0" bw="1" slack="2147483647"/>
</pin_list>
<bind>
<StgValue><ssdm name="_ssdm_op_SpecLoopName"/></StgValue>
</bind>
</comp>

<comp id="30" class="1001" name="const_30">
<pin_list>
<pin id="31" dir="1" index="0" bw="1" slack="2147483647"/>
</pin_list>
<bind>
<StgValue><ssdm name="VITIS_LOOP_17_1_VITIS_LOOP_18_2_str"/></StgValue>
</bind>
</comp>

<comp id="32" class="1001" name="const_32">
<pin_list>
<pin id="33" dir="1" index="0" bw="1" slack="2147483647"/>
</pin_list>
<bind>
<StgValue><ssdm name="_ssdm_op_SpecLoopTripCount"/></StgValue>
</bind>
</comp>

<comp id="34" class="1001" name="const_34">
<pin_list>
<pin id="35" dir="1" index="0" bw="1" slack="2147483647"/>
</pin_list>
<bind>
<StgValue><ssdm name=""/></StgValue>
</bind>
</comp>

<comp id="36" class="1001" name="const_36">
<pin_list>
<pin id="37" dir="1" index="0" bw="1" slack="2147483647"/>
</pin_list>
<bind>
<StgValue><ssdm name="_ssdm_op_SpecPipeline"/></StgValue>
</bind>
</comp>

<comp id="38" class="1001" name="const_38">
<pin_list>
<pin id="39" dir="1" index="0" bw="1" slack="2147483647"/>
</pin_list>
<bind>
<StgValue><ssdm name=""/></StgValue>
</bind>
</comp>

<comp id="40" class="1001" name="const_40">
<pin_list>
<pin id="41" dir="1" index="0" bw="1" slack="2147483647"/>
</pin_list>
<bind>
<StgValue><ssdm name=""/></StgValue>
</bind>
</comp>

<comp id="42" class="1001" name="const_42">
<pin_list>
<pin id="43" dir="1" index="0" bw="1" slack="2147483647"/>
</pin_list>
<bind>
<StgValue><ssdm name="empty_2"/></StgValue>
</bind>
</comp>

<comp id="44" class="1001" name="const_44">
<pin_list>
<pin id="45" dir="1" index="0" bw="1" slack="0"/>
</pin_list>
<bind>
<StgValue><ssdm name="_ssdm_op_BitSelect.i1.i18.i32"/></StgValue>
</bind>
</comp>

<comp id="46" class="1001" name="const_46">
<pin_list>
<pin id="47" dir="1" index="0" bw="1" slack="0"/>
</pin_list>
<bind>
<StgValue><ssdm name=""/></StgValue>
</bind>
</comp>

<comp id="48" class="1001" name="const_48">
<pin_list>
<pin id="49" dir="1" index="0" bw="1" slack="0"/>
</pin_list>
<bind>
<StgValue><ssdm name=""/></StgValue>
</bind>
</comp>

<comp id="50" class="1001" name="const_50">
<pin_list>
<pin id="51" dir="1" index="0" bw="1" slack="0"/>
</pin_list>
<bind>
<StgValue><ssdm name="_ssdm_op_PartSelect.i16.i18.i32.i32"/></StgValue>
</bind>
</comp>

<comp id="52" class="1001" name="const_52">
<pin_list>
<pin id="53" dir="1" index="0" bw="1" slack="0"/>
</pin_list>
<bind>
<StgValue><ssdm name=""/></StgValue>
</bind>
</comp>

<comp id="54" class="1001" name="const_54">
<pin_list>
<pin id="55" dir="1" index="0" bw="1" slack="0"/>
</pin_list>
<bind>
<StgValue><ssdm name=""/></StgValue>
</bind>
</comp>

<comp id="56" class="1004" name="x_fu_56">
<pin_list>
<pin id="57" dir="0" index="0" bw="1" slack="0"/>
<pin id="58" dir="1" index="1" bw="5" slack="0"/>
</pin_list>
<bind>
<opcode="alloca(26) " fcode="alloca"/>
<opset="x/1 "/>
</bind>
</comp>

<comp id="60" class="1004" name="y_fu_60">
<pin_list>
<pin id="61" dir="0" index="0" bw="1" slack="0"/>
<pin id="62" dir="1" index="1" bw="5" slack="0"/>
</pin_list>
<bind>
<opcode="alloca(26) " fcode="alloca"/>
<opset="y/1 "/>
</bind>
</comp>

<comp id="64" class="1004" name="indvar_flatten20_fu_64">
<pin_list>
<pin id="65" dir="0" index="0" bw="1" slack="0"/>
<pin id="66" dir="1" index="1" bw="9" slack="0"/>
</pin_list>
<bind>
<opcode="alloca(26) " fcode="alloca"/>
<opset="indvar_flatten20/1 "/>
</bind>
</comp>

<comp id="68" class="1004" name="pyramidal_hs_ap_fixed_64_ap_fixed_64_ap_fixed_64_ap_fixed_64_4_gep_fu_68">
<pin_list>
<pin id="69" dir="0" index="0" bw="16" slack="0"/>
<pin id="70" dir="0" index="1" bw="1" slack="0"/>
<pin id="71" dir="0" index="2" bw="9" slack="0"/>
<pin id="72" dir="1" index="3" bw="9" slack="0"/>
</pin_list>
<bind>
<opcode="getelementptr(29) " fcode="getelementptr"/>
<opset="pyramidal_hs_ap_fixed_64_ap_fixed_64_ap_fixed_64_ap_fixed_64_4/1 "/>
</bind>
</comp>

<comp id="75" class="1004" name="pyramidal_hs_ap_fixed_64_ap_fixed_64_ap_fixed_64_ap_fixed_64_5_gep_fu_75">
<pin_list>
<pin id="76" dir="0" index="0" bw="16" slack="0"/>
<pin id="77" dir="0" index="1" bw="1" slack="0"/>
<pin id="78" dir="0" index="2" bw="9" slack="0"/>
<pin id="79" dir="1" index="3" bw="9" slack="0"/>
</pin_list>
<bind>
<opcode="getelementptr(29) " fcode="getelementptr"/>
<opset="pyramidal_hs_ap_fixed_64_ap_fixed_64_ap_fixed_64_ap_fixed_64_5/1 "/>
</bind>
</comp>

<comp id="82" class="1004" name="grp_access_fu_82">
<pin_list>
<pin id="83" dir="0" index="0" bw="9" slack="0"/>
<pin id="84" dir="0" index="1" bw="16" slack="2147483647"/>
<pin id="85" dir="0" index="2" bw="0" slack="0"/>
<pin id="87" dir="0" index="4" bw="9" slack="2147483647"/>
<pin id="88" dir="0" index="5" bw="16" slack="2147483647"/>
<pin id="89" dir="0" index="6" bw="0" slack="2147483647"/>
<pin id="86" dir="1" index="3" bw="16" slack="0"/>
<pin id="90" dir="1" index="7" bw="16" slack="0"/>
</pin_list>
<bind>
<opcode="load(27) " fcode="load"/>
<opset="pyramidal_hs_ap_fixed_64_ap_fixed_64_ap_fixed_64_ap_fixed_64_8/1 pyramidal_hs_ap_fixed_64_ap_fixed_64_ap_fixed_64_ap_fixed_64_9/1 "/>
</bind>
</comp>

<comp id="93" class="1004" name="pyramidal_hs_ap_fixed_64_ap_fixed_64_ap_fixed_64_ap_fixed_64_6_gep_fu_93">
<pin_list>
<pin id="94" dir="0" index="0" bw="16" slack="0"/>
<pin id="95" dir="0" index="1" bw="1" slack="0"/>
<pin id="96" dir="0" index="2" bw="9" slack="1"/>
<pin id="97" dir="1" index="3" bw="9" slack="0"/>
</pin_list>
<bind>
<opcode="getelementptr(29) " fcode="getelementptr"/>
<opset="pyramidal_hs_ap_fixed_64_ap_fixed_64_ap_fixed_64_ap_fixed_64_6/2 "/>
</bind>
</comp>

<comp id="100" class="1004" name="pyramidal_hs_ap_fixed_64_ap_fixed_64_ap_fixed_64_ap_fixed_64_7_gep_fu_100">
<pin_list>
<pin id="101" dir="0" index="0" bw="16" slack="0"/>
<pin id="102" dir="0" index="1" bw="1" slack="0"/>
<pin id="103" dir="0" index="2" bw="9" slack="1"/>
<pin id="104" dir="1" index="3" bw="9" slack="0"/>
</pin_list>
<bind>
<opcode="getelementptr(29) " fcode="getelementptr"/>
<opset="pyramidal_hs_ap_fixed_64_ap_fixed_64_ap_fixed_64_ap_fixed_64_7/2 "/>
</bind>
</comp>

<comp id="107" class="1004" name="grp_access_fu_107">
<pin_list>
<pin id="108" dir="0" index="0" bw="9" slack="0"/>
<pin id="109" dir="0" index="1" bw="16" slack="2147483647"/>
<pin id="110" dir="0" index="2" bw="0" slack="0"/>
<pin id="112" dir="0" index="4" bw="9" slack="2147483647"/>
<pin id="113" dir="0" index="5" bw="16" slack="2147483647"/>
<pin id="114" dir="0" index="6" bw="0" slack="2147483647"/>
<pin id="111" dir="1" index="3" bw="16" slack="0"/>
<pin id="115" dir="1" index="7" bw="16" slack="0"/>
</pin_list>
<bind>
<opcode="load(27) " fcode="load"/>
<opset="pyramidal_hs_ap_fixed_64_ap_fixed_64_ap_fixed_64_ap_fixed_64_10/2 pyramidal_hs_ap_fixed_64_ap_fixed_64_ap_fixed_64_ap_fixed_64_11/2 "/>
</bind>
</comp>

<comp id="118" class="1004" name="img2_16_addr_gep_fu_118">
<pin_list>
<pin id="119" dir="0" index="0" bw="16" slack="0"/>
<pin id="120" dir="0" index="1" bw="1" slack="0"/>
<pin id="121" dir="0" index="2" bw="8" slack="0"/>
<pin id="122" dir="1" index="3" bw="8" slack="0"/>
</pin_list>
<bind>
<opcode="getelementptr(29) " fcode="getelementptr"/>
<opset="img2_16_addr/3 "/>
</bind>
</comp>

<comp id="125" class="1004" name="store_ln20_access_fu_125">
<pin_list>
<pin id="126" dir="0" index="0" bw="8" slack="0"/>
<pin id="127" dir="0" index="1" bw="16" slack="0"/>
<pin id="128" dir="0" index="2" bw="0" slack="2147483647"/>
<pin id="129" dir="1" index="3" bw="16" slack="2147483647"/>
</pin_list>
<bind>
<opcode="store(28) " fcode="store"/>
<opset="store_ln20/3 "/>
</bind>
</comp>

<comp id="131" class="1004" name="store_ln0_store_fu_131">
<pin_list>
<pin id="132" dir="0" index="0" bw="1" slack="0"/>
<pin id="133" dir="0" index="1" bw="9" slack="0"/>
<pin id="134" dir="1" index="2" bw="0" slack="2147483647"/>
</pin_list>
<bind>
<opcode="store(28) " fcode="store"/>
<opset="store_ln0/1 "/>
</bind>
</comp>

<comp id="136" class="1004" name="store_ln17_store_fu_136">
<pin_list>
<pin id="137" dir="0" index="0" bw="1" slack="0"/>
<pin id="138" dir="0" index="1" bw="5" slack="0"/>
<pin id="139" dir="1" index="2" bw="0" slack="2147483647"/>
</pin_list>
<bind>
<opcode="store(28) " fcode="store"/>
<opset="store_ln17/1 "/>
</bind>
</comp>

<comp id="141" class="1004" name="store_ln18_store_fu_141">
<pin_list>
<pin id="142" dir="0" index="0" bw="1" slack="0"/>
<pin id="143" dir="0" index="1" bw="5" slack="0"/>
<pin id="144" dir="1" index="2" bw="0" slack="2147483647"/>
</pin_list>
<bind>
<opcode="store(28) " fcode="store"/>
<opset="store_ln18/1 "/>
</bind>
</comp>

<comp id="146" class="1004" name="indvar_flatten20_load_load_fu_146">
<pin_list>
<pin id="147" dir="0" index="0" bw="9" slack="0"/>
<pin id="148" dir="1" index="1" bw="9" slack="0"/>
</pin_list>
<bind>
<opcode="load(27) " fcode="load"/>
<opset="indvar_flatten20_load/1 "/>
</bind>
</comp>

<comp id="149" class="1004" name="icmp_ln17_fu_149">
<pin_list>
<pin id="150" dir="0" index="0" bw="9" slack="0"/>
<pin id="151" dir="0" index="1" bw="9" slack="0"/>
<pin id="152" dir="1" index="2" bw="1" slack="1"/>
</pin_list>
<bind>
<opcode="icmp(45) " fcode="icmp"/>
<opset="icmp_ln17/1 "/>
</bind>
</comp>

<comp id="155" class="1004" name="add_ln17_fu_155">
<pin_list>
<pin id="156" dir="0" index="0" bw="9" slack="0"/>
<pin id="157" dir="0" index="1" bw="1" slack="0"/>
<pin id="158" dir="1" index="2" bw="9" slack="0"/>
</pin_list>
<bind>
<opcode="add(8) " fcode="add"/>
<opset="add_ln17/1 "/>
</bind>
</comp>

<comp id="161" class="1004" name="x_load_load_fu_161">
<pin_list>
<pin id="162" dir="0" index="0" bw="5" slack="0"/>
<pin id="163" dir="1" index="1" bw="5" slack="0"/>
</pin_list>
<bind>
<opcode="load(27) " fcode="load"/>
<opset="x_load/1 "/>
</bind>
</comp>

<comp id="164" class="1004" name="y_load_load_fu_164">
<pin_list>
<pin id="165" dir="0" index="0" bw="5" slack="0"/>
<pin id="166" dir="1" index="1" bw="5" slack="0"/>
</pin_list>
<bind>
<opcode="load(27) " fcode="load"/>
<opset="y_load/1 "/>
</bind>
</comp>

<comp id="167" class="1004" name="add_ln17_1_fu_167">
<pin_list>
<pin id="168" dir="0" index="0" bw="5" slack="0"/>
<pin id="169" dir="0" index="1" bw="1" slack="0"/>
<pin id="170" dir="1" index="2" bw="5" slack="0"/>
</pin_list>
<bind>
<opcode="add(8) " fcode="add"/>
<opset="add_ln17_1/1 "/>
</bind>
</comp>

<comp id="173" class="1004" name="icmp_ln18_fu_173">
<pin_list>
<pin id="174" dir="0" index="0" bw="5" slack="0"/>
<pin id="175" dir="0" index="1" bw="5" slack="0"/>
<pin id="176" dir="1" index="2" bw="1" slack="0"/>
</pin_list>
<bind>
<opcode="icmp(45) " fcode="icmp"/>
<opset="icmp_ln18/1 "/>
</bind>
</comp>

<comp id="179" class="1004" name="select_ln17_fu_179">
<pin_list>
<pin id="180" dir="0" index="0" bw="1" slack="0"/>
<pin id="181" dir="0" index="1" bw="1" slack="0"/>
<pin id="182" dir="0" index="2" bw="5" slack="0"/>
<pin id="183" dir="1" index="3" bw="5" slack="0"/>
</pin_list>
<bind>
<opcode="select(49) " fcode="select"/>
<opset="select_ln17/1 "/>
</bind>
</comp>

<comp id="187" class="1004" name="select_ln17_1_fu_187">
<pin_list>
<pin id="188" dir="0" index="0" bw="1" slack="0"/>
<pin id="189" dir="0" index="1" bw="5" slack="0"/>
<pin id="190" dir="0" index="2" bw="5" slack="0"/>
<pin id="191" dir="1" index="3" bw="5" slack="0"/>
</pin_list>
<bind>
<opcode="select(49) " fcode="select"/>
<opset="select_ln17_1/1 "/>
</bind>
</comp>

<comp id="195" class="1004" name="trunc_ln20_fu_195">
<pin_list>
<pin id="196" dir="0" index="0" bw="5" slack="0"/>
<pin id="197" dir="1" index="1" bw="4" slack="0"/>
</pin_list>
<bind>
<opcode="trunc(33) " fcode="trunc"/>
<opset="trunc_ln20/1 "/>
</bind>
</comp>

<comp id="199" class="1004" name="tmp_s_fu_199">
<pin_list>
<pin id="200" dir="0" index="0" bw="8" slack="0"/>
<pin id="201" dir="0" index="1" bw="4" slack="0"/>
<pin id="202" dir="0" index="2" bw="1" slack="0"/>
<pin id="203" dir="1" index="3" bw="8" slack="0"/>
</pin_list>
<bind>
<opcode="bitconcatenate(1004) " fcode="bitconcatenate"/>
<opset="tmp_s/1 "/>
</bind>
</comp>

<comp id="207" class="1004" name="tmp_17_fu_207">
<pin_list>
<pin id="208" dir="0" index="0" bw="9" slack="0"/>
<pin id="209" dir="0" index="1" bw="4" slack="0"/>
<pin id="210" dir="0" index="2" bw="5" slack="0"/>
<pin id="211" dir="1" index="3" bw="9" slack="0"/>
</pin_list>
<bind>
<opcode="bitconcatenate(1004) " fcode="bitconcatenate"/>
<opset="tmp_17/1 "/>
</bind>
</comp>

<comp id="215" class="1004" name="zext_ln20_fu_215">
<pin_list>
<pin id="216" dir="0" index="0" bw="5" slack="0"/>
<pin id="217" dir="1" index="1" bw="9" slack="0"/>
</pin_list>
<bind>
<opcode="zext(34) " fcode="zext"/>
<opset="zext_ln20/1 "/>
</bind>
</comp>

<comp id="219" class="1004" name="zext_ln20_1_fu_219">
<pin_list>
<pin id="220" dir="0" index="0" bw="5" slack="0"/>
<pin id="221" dir="1" index="1" bw="8" slack="0"/>
</pin_list>
<bind>
<opcode="zext(34) " fcode="zext"/>
<opset="zext_ln20_1/1 "/>
</bind>
</comp>

<comp id="223" class="1004" name="add_ln20_fu_223">
<pin_list>
<pin id="224" dir="0" index="0" bw="8" slack="0"/>
<pin id="225" dir="0" index="1" bw="5" slack="0"/>
<pin id="226" dir="1" index="2" bw="8" slack="2"/>
</pin_list>
<bind>
<opcode="add(8) " fcode="add"/>
<opset="add_ln20/1 "/>
</bind>
</comp>

<comp id="229" class="1004" name="tmp_18_fu_229">
<pin_list>
<pin id="230" dir="0" index="0" bw="9" slack="0"/>
<pin id="231" dir="0" index="1" bw="4" slack="0"/>
<pin id="232" dir="0" index="2" bw="5" slack="0"/>
<pin id="233" dir="1" index="3" bw="9" slack="0"/>
</pin_list>
<bind>
<opcode="bitconcatenate(1004) " fcode="bitconcatenate"/>
<opset="tmp_18/1 "/>
</bind>
</comp>

<comp id="237" class="1004" name="zext_ln20_3_fu_237">
<pin_list>
<pin id="238" dir="0" index="0" bw="9" slack="0"/>
<pin id="239" dir="1" index="1" bw="64" slack="0"/>
</pin_list>
<bind>
<opcode="zext(34) " fcode="zext"/>
<opset="zext_ln20_3/1 "/>
</bind>
</comp>

<comp id="242" class="1004" name="add_ln20_1_fu_242">
<pin_list>
<pin id="243" dir="0" index="0" bw="9" slack="0"/>
<pin id="244" dir="0" index="1" bw="5" slack="0"/>
<pin id="245" dir="1" index="2" bw="9" slack="0"/>
</pin_list>
<bind>
<opcode="add(8) " fcode="add"/>
<opset="add_ln20_1/1 "/>
</bind>
</comp>

<comp id="248" class="1004" name="zext_ln20_4_fu_248">
<pin_list>
<pin id="249" dir="0" index="0" bw="9" slack="0"/>
<pin id="250" dir="1" index="1" bw="64" slack="0"/>
</pin_list>
<bind>
<opcode="zext(34) " fcode="zext"/>
<opset="zext_ln20_4/1 "/>
</bind>
</comp>

<comp id="253" class="1004" name="add_ln18_fu_253">
<pin_list>
<pin id="254" dir="0" index="0" bw="5" slack="0"/>
<pin id="255" dir="0" index="1" bw="1" slack="0"/>
<pin id="256" dir="1" index="2" bw="5" slack="0"/>
</pin_list>
<bind>
<opcode="add(8) " fcode="add"/>
<opset="add_ln18/1 "/>
</bind>
</comp>

<comp id="259" class="1004" name="store_ln17_store_fu_259">
<pin_list>
<pin id="260" dir="0" index="0" bw="9" slack="0"/>
<pin id="261" dir="0" index="1" bw="9" slack="0"/>
<pin id="262" dir="1" index="2" bw="0" slack="2147483647"/>
</pin_list>
<bind>
<opcode="store(28) " fcode="store"/>
<opset="store_ln17/1 "/>
</bind>
</comp>

<comp id="264" class="1004" name="store_ln17_store_fu_264">
<pin_list>
<pin id="265" dir="0" index="0" bw="5" slack="0"/>
<pin id="266" dir="0" index="1" bw="5" slack="0"/>
<pin id="267" dir="1" index="2" bw="0" slack="2147483647"/>
</pin_list>
<bind>
<opcode="store(28) " fcode="store"/>
<opset="store_ln17/1 "/>
</bind>
</comp>

<comp id="269" class="1004" name="store_ln18_store_fu_269">
<pin_list>
<pin id="270" dir="0" index="0" bw="5" slack="0"/>
<pin id="271" dir="0" index="1" bw="5" slack="0"/>
<pin id="272" dir="1" index="2" bw="0" slack="2147483647"/>
</pin_list>
<bind>
<opcode="store(28) " fcode="store"/>
<opset="store_ln18/1 "/>
</bind>
</comp>

<comp id="274" class="1004" name="sext_ln20_fu_274">
<pin_list>
<pin id="275" dir="0" index="0" bw="16" slack="0"/>
<pin id="276" dir="1" index="1" bw="17" slack="0"/>
</pin_list>
<bind>
<opcode="sext(35) " fcode="sext"/>
<opset="sext_ln20/2 "/>
</bind>
</comp>

<comp id="278" class="1004" name="sext_ln20_1_fu_278">
<pin_list>
<pin id="279" dir="0" index="0" bw="16" slack="0"/>
<pin id="280" dir="1" index="1" bw="17" slack="0"/>
</pin_list>
<bind>
<opcode="sext(35) " fcode="sext"/>
<opset="sext_ln20_1/2 "/>
</bind>
</comp>

<comp id="282" class="1004" name="add_ln20_2_fu_282">
<pin_list>
<pin id="283" dir="0" index="0" bw="16" slack="0"/>
<pin id="284" dir="0" index="1" bw="16" slack="0"/>
<pin id="285" dir="1" index="2" bw="17" slack="1"/>
</pin_list>
<bind>
<opcode="add(8) " fcode="add"/>
<opset="add_ln20_2/2 "/>
</bind>
</comp>

<comp id="288" class="1004" name="zext_ln20_2_fu_288">
<pin_list>
<pin id="289" dir="0" index="0" bw="8" slack="2"/>
<pin id="290" dir="1" index="1" bw="64" slack="0"/>
</pin_list>
<bind>
<opcode="zext(34) " fcode="zext"/>
<opset="zext_ln20_2/3 "/>
</bind>
</comp>

<comp id="292" class="1004" name="sext_ln20_2_fu_292">
<pin_list>
<pin id="293" dir="0" index="0" bw="17" slack="1"/>
<pin id="294" dir="1" index="1" bw="18" slack="0"/>
</pin_list>
<bind>
<opcode="sext(35) " fcode="sext"/>
<opset="sext_ln20_2/3 "/>
</bind>
</comp>

<comp id="295" class="1004" name="sext_ln20_3_fu_295">
<pin_list>
<pin id="296" dir="0" index="0" bw="16" slack="0"/>
<pin id="297" dir="1" index="1" bw="18" slack="0"/>
</pin_list>
<bind>
<opcode="sext(35) " fcode="sext"/>
<opset="sext_ln20_3/3 "/>
</bind>
</comp>

<comp id="299" class="1004" name="add_ln20_3_fu_299">
<pin_list>
<pin id="300" dir="0" index="0" bw="17" slack="0"/>
<pin id="301" dir="0" index="1" bw="16" slack="0"/>
<pin id="302" dir="1" index="2" bw="18" slack="0"/>
</pin_list>
<bind>
<opcode="add(8) " fcode="add"/>
<opset="add_ln20_3/3 "/>
</bind>
</comp>

<comp id="305" class="1004" name="sext_ln21_fu_305">
<pin_list>
<pin id="306" dir="0" index="0" bw="16" slack="0"/>
<pin id="307" dir="1" index="1" bw="18" slack="0"/>
</pin_list>
<bind>
<opcode="sext(35) " fcode="sext"/>
<opset="sext_ln21/3 "/>
</bind>
</comp>

<comp id="309" class="1004" name="add_ln21_fu_309">
<pin_list>
<pin id="310" dir="0" index="0" bw="18" slack="0"/>
<pin id="311" dir="0" index="1" bw="16" slack="0"/>
<pin id="312" dir="1" index="2" bw="18" slack="0"/>
</pin_list>
<bind>
<opcode="add(8) " fcode="add"/>
<opset="add_ln21/3 "/>
</bind>
</comp>

<comp id="315" class="1004" name="tmp_fu_315">
<pin_list>
<pin id="316" dir="0" index="0" bw="1" slack="0"/>
<pin id="317" dir="0" index="1" bw="18" slack="0"/>
<pin id="318" dir="0" index="2" bw="6" slack="0"/>
<pin id="319" dir="1" index="3" bw="1" slack="0"/>
</pin_list>
<bind>
<opcode="bitselect(1000) " fcode="bitselect"/>
<opset="tmp/3 "/>
</bind>
</comp>

<comp id="323" class="1004" name="sub_ln21_fu_323">
<pin_list>
<pin id="324" dir="0" index="0" bw="1" slack="0"/>
<pin id="325" dir="0" index="1" bw="18" slack="0"/>
<pin id="326" dir="1" index="2" bw="18" slack="0"/>
</pin_list>
<bind>
<opcode="sub(10) " fcode="sub"/>
<opset="sub_ln21/3 "/>
</bind>
</comp>

<comp id="329" class="1004" name="trunc_ln21_4_fu_329">
<pin_list>
<pin id="330" dir="0" index="0" bw="16" slack="0"/>
<pin id="331" dir="0" index="1" bw="18" slack="0"/>
<pin id="332" dir="0" index="2" bw="3" slack="0"/>
<pin id="333" dir="0" index="3" bw="6" slack="0"/>
<pin id="334" dir="1" index="4" bw="16" slack="0"/>
</pin_list>
<bind>
<opcode="partselect(1002) " fcode="partselect"/>
<opset="trunc_ln21_4/3 "/>
</bind>
</comp>

<comp id="339" class="1004" name="sub_ln21_1_fu_339">
<pin_list>
<pin id="340" dir="0" index="0" bw="1" slack="0"/>
<pin id="341" dir="0" index="1" bw="16" slack="0"/>
<pin id="342" dir="1" index="2" bw="16" slack="0"/>
</pin_list>
<bind>
<opcode="sub(10) " fcode="sub"/>
<opset="sub_ln21_1/3 "/>
</bind>
</comp>

<comp id="345" class="1004" name="trunc_ln21_5_fu_345">
<pin_list>
<pin id="346" dir="0" index="0" bw="16" slack="0"/>
<pin id="347" dir="0" index="1" bw="18" slack="0"/>
<pin id="348" dir="0" index="2" bw="3" slack="0"/>
<pin id="349" dir="0" index="3" bw="6" slack="0"/>
<pin id="350" dir="1" index="4" bw="16" slack="0"/>
</pin_list>
<bind>
<opcode="partselect(1002) " fcode="partselect"/>
<opset="trunc_ln21_5/3 "/>
</bind>
</comp>

<comp id="355" class="1004" name="select_ln21_fu_355">
<pin_list>
<pin id="356" dir="0" index="0" bw="1" slack="0"/>
<pin id="357" dir="0" index="1" bw="16" slack="0"/>
<pin id="358" dir="0" index="2" bw="16" slack="0"/>
<pin id="359" dir="1" index="3" bw="16" slack="0"/>
</pin_list>
<bind>
<opcode="select(49) " fcode="select"/>
<opset="select_ln21/3 "/>
</bind>
</comp>

<comp id="364" class="1005" name="x_reg_364">
<pin_list>
<pin id="365" dir="0" index="0" bw="5" slack="0"/>
<pin id="366" dir="1" index="1" bw="5" slack="0"/>
</pin_list>
<bind>
<opset="x "/>
</bind>
</comp>

<comp id="371" class="1005" name="y_reg_371">
<pin_list>
<pin id="372" dir="0" index="0" bw="5" slack="0"/>
<pin id="373" dir="1" index="1" bw="5" slack="0"/>
</pin_list>
<bind>
<opset="y "/>
</bind>
</comp>

<comp id="378" class="1005" name="indvar_flatten20_reg_378">
<pin_list>
<pin id="379" dir="0" index="0" bw="9" slack="0"/>
<pin id="380" dir="1" index="1" bw="9" slack="0"/>
</pin_list>
<bind>
<opset="indvar_flatten20 "/>
</bind>
</comp>

<comp id="385" class="1005" name="icmp_ln17_reg_385">
<pin_list>
<pin id="386" dir="0" index="0" bw="1" slack="1"/>
<pin id="387" dir="1" index="1" bw="1" slack="2147483647"/>
</pin_list>
<bind>
<opset="icmp_ln17 "/>
</bind>
</comp>

<comp id="389" class="1005" name="add_ln20_reg_389">
<pin_list>
<pin id="390" dir="0" index="0" bw="8" slack="2"/>
<pin id="391" dir="1" index="1" bw="8" slack="2"/>
</pin_list>
<bind>
<opset="add_ln20 "/>
</bind>
</comp>

<comp id="394" class="1005" name="zext_ln20_3_reg_394">
<pin_list>
<pin id="395" dir="0" index="0" bw="64" slack="1"/>
<pin id="396" dir="1" index="1" bw="64" slack="1"/>
</pin_list>
<bind>
<opset="zext_ln20_3 "/>
</bind>
</comp>

<comp id="399" class="1005" name="pyramidal_hs_ap_fixed_64_ap_fixed_64_ap_fixed_64_ap_fixed_64_4_reg_399">
<pin_list>
<pin id="400" dir="0" index="0" bw="9" slack="1"/>
<pin id="401" dir="1" index="1" bw="9" slack="1"/>
</pin_list>
<bind>
<opset="pyramidal_hs_ap_fixed_64_ap_fixed_64_ap_fixed_64_ap_fixed_64_4 "/>
</bind>
</comp>

<comp id="404" class="1005" name="zext_ln20_4_reg_404">
<pin_list>
<pin id="405" dir="0" index="0" bw="64" slack="1"/>
<pin id="406" dir="1" index="1" bw="64" slack="1"/>
</pin_list>
<bind>
<opset="zext_ln20_4 "/>
</bind>
</comp>

<comp id="409" class="1005" name="pyramidal_hs_ap_fixed_64_ap_fixed_64_ap_fixed_64_ap_fixed_64_5_reg_409">
<pin_list>
<pin id="410" dir="0" index="0" bw="9" slack="1"/>
<pin id="411" dir="1" index="1" bw="9" slack="1"/>
</pin_list>
<bind>
<opset="pyramidal_hs_ap_fixed_64_ap_fixed_64_ap_fixed_64_ap_fixed_64_5 "/>
</bind>
</comp>

<comp id="414" class="1005" name="pyramidal_hs_ap_fixed_64_ap_fixed_64_ap_fixed_64_ap_fixed_64_6_reg_414">
<pin_list>
<pin id="415" dir="0" index="0" bw="9" slack="1"/>
<pin id="416" dir="1" index="1" bw="9" slack="1"/>
</pin_list>
<bind>
<opset="pyramidal_hs_ap_fixed_64_ap_fixed_64_ap_fixed_64_ap_fixed_64_6 "/>
</bind>
</comp>

<comp id="419" class="1005" name="pyramidal_hs_ap_fixed_64_ap_fixed_64_ap_fixed_64_ap_fixed_64_7_reg_419">
<pin_list>
<pin id="420" dir="0" index="0" bw="9" slack="1"/>
<pin id="421" dir="1" index="1" bw="9" slack="1"/>
</pin_list>
<bind>
<opset="pyramidal_hs_ap_fixed_64_ap_fixed_64_ap_fixed_64_ap_fixed_64_7 "/>
</bind>
</comp>

<comp id="424" class="1005" name="add_ln20_2_reg_424">
<pin_list>
<pin id="425" dir="0" index="0" bw="17" slack="1"/>
<pin id="426" dir="1" index="1" bw="17" slack="1"/>
</pin_list>
<bind>
<opset="add_ln20_2 "/>
</bind>
</comp>

</comp_list>

<net_list>
<net id="59"><net_src comp="6" pin="0"/><net_sink comp="56" pin=0"/></net>

<net id="63"><net_src comp="6" pin="0"/><net_sink comp="60" pin=0"/></net>

<net id="67"><net_src comp="6" pin="0"/><net_sink comp="64" pin=0"/></net>

<net id="73"><net_src comp="0" pin="0"/><net_sink comp="68" pin=0"/></net>

<net id="74"><net_src comp="26" pin="0"/><net_sink comp="68" pin=1"/></net>

<net id="80"><net_src comp="0" pin="0"/><net_sink comp="75" pin=0"/></net>

<net id="81"><net_src comp="26" pin="0"/><net_sink comp="75" pin=1"/></net>

<net id="91"><net_src comp="68" pin="3"/><net_sink comp="82" pin=2"/></net>

<net id="92"><net_src comp="75" pin="3"/><net_sink comp="82" pin=0"/></net>

<net id="98"><net_src comp="2" pin="0"/><net_sink comp="93" pin=0"/></net>

<net id="99"><net_src comp="26" pin="0"/><net_sink comp="93" pin=1"/></net>

<net id="105"><net_src comp="2" pin="0"/><net_sink comp="100" pin=0"/></net>

<net id="106"><net_src comp="26" pin="0"/><net_sink comp="100" pin=1"/></net>

<net id="116"><net_src comp="93" pin="3"/><net_sink comp="107" pin=2"/></net>

<net id="117"><net_src comp="100" pin="3"/><net_sink comp="107" pin=0"/></net>

<net id="123"><net_src comp="4" pin="0"/><net_sink comp="118" pin=0"/></net>

<net id="124"><net_src comp="26" pin="0"/><net_sink comp="118" pin=1"/></net>

<net id="130"><net_src comp="118" pin="3"/><net_sink comp="125" pin=0"/></net>

<net id="135"><net_src comp="8" pin="0"/><net_sink comp="131" pin=0"/></net>

<net id="140"><net_src comp="10" pin="0"/><net_sink comp="136" pin=0"/></net>

<net id="145"><net_src comp="10" pin="0"/><net_sink comp="141" pin=0"/></net>

<net id="153"><net_src comp="146" pin="1"/><net_sink comp="149" pin=0"/></net>

<net id="154"><net_src comp="12" pin="0"/><net_sink comp="149" pin=1"/></net>

<net id="159"><net_src comp="146" pin="1"/><net_sink comp="155" pin=0"/></net>

<net id="160"><net_src comp="14" pin="0"/><net_sink comp="155" pin=1"/></net>

<net id="171"><net_src comp="164" pin="1"/><net_sink comp="167" pin=0"/></net>

<net id="172"><net_src comp="16" pin="0"/><net_sink comp="167" pin=1"/></net>

<net id="177"><net_src comp="161" pin="1"/><net_sink comp="173" pin=0"/></net>

<net id="178"><net_src comp="18" pin="0"/><net_sink comp="173" pin=1"/></net>

<net id="184"><net_src comp="173" pin="2"/><net_sink comp="179" pin=0"/></net>

<net id="185"><net_src comp="10" pin="0"/><net_sink comp="179" pin=1"/></net>

<net id="186"><net_src comp="161" pin="1"/><net_sink comp="179" pin=2"/></net>

<net id="192"><net_src comp="173" pin="2"/><net_sink comp="187" pin=0"/></net>

<net id="193"><net_src comp="167" pin="2"/><net_sink comp="187" pin=1"/></net>

<net id="194"><net_src comp="164" pin="1"/><net_sink comp="187" pin=2"/></net>

<net id="198"><net_src comp="187" pin="3"/><net_sink comp="195" pin=0"/></net>

<net id="204"><net_src comp="20" pin="0"/><net_sink comp="199" pin=0"/></net>

<net id="205"><net_src comp="195" pin="1"/><net_sink comp="199" pin=1"/></net>

<net id="206"><net_src comp="22" pin="0"/><net_sink comp="199" pin=2"/></net>

<net id="212"><net_src comp="24" pin="0"/><net_sink comp="207" pin=0"/></net>

<net id="213"><net_src comp="195" pin="1"/><net_sink comp="207" pin=1"/></net>

<net id="214"><net_src comp="18" pin="0"/><net_sink comp="207" pin=2"/></net>

<net id="218"><net_src comp="179" pin="3"/><net_sink comp="215" pin=0"/></net>

<net id="222"><net_src comp="179" pin="3"/><net_sink comp="219" pin=0"/></net>

<net id="227"><net_src comp="199" pin="3"/><net_sink comp="223" pin=0"/></net>

<net id="228"><net_src comp="219" pin="1"/><net_sink comp="223" pin=1"/></net>

<net id="234"><net_src comp="24" pin="0"/><net_sink comp="229" pin=0"/></net>

<net id="235"><net_src comp="195" pin="1"/><net_sink comp="229" pin=1"/></net>

<net id="236"><net_src comp="179" pin="3"/><net_sink comp="229" pin=2"/></net>

<net id="240"><net_src comp="229" pin="3"/><net_sink comp="237" pin=0"/></net>

<net id="241"><net_src comp="237" pin="1"/><net_sink comp="68" pin=2"/></net>

<net id="246"><net_src comp="207" pin="3"/><net_sink comp="242" pin=0"/></net>

<net id="247"><net_src comp="215" pin="1"/><net_sink comp="242" pin=1"/></net>

<net id="251"><net_src comp="242" pin="2"/><net_sink comp="248" pin=0"/></net>

<net id="252"><net_src comp="248" pin="1"/><net_sink comp="75" pin=2"/></net>

<net id="257"><net_src comp="179" pin="3"/><net_sink comp="253" pin=0"/></net>

<net id="258"><net_src comp="16" pin="0"/><net_sink comp="253" pin=1"/></net>

<net id="263"><net_src comp="155" pin="2"/><net_sink comp="259" pin=0"/></net>

<net id="268"><net_src comp="187" pin="3"/><net_sink comp="264" pin=0"/></net>

<net id="273"><net_src comp="253" pin="2"/><net_sink comp="269" pin=0"/></net>

<net id="277"><net_src comp="82" pin="7"/><net_sink comp="274" pin=0"/></net>

<net id="281"><net_src comp="82" pin="3"/><net_sink comp="278" pin=0"/></net>

<net id="286"><net_src comp="278" pin="1"/><net_sink comp="282" pin=0"/></net>

<net id="287"><net_src comp="274" pin="1"/><net_sink comp="282" pin=1"/></net>

<net id="291"><net_src comp="288" pin="1"/><net_sink comp="118" pin=2"/></net>

<net id="298"><net_src comp="107" pin="7"/><net_sink comp="295" pin=0"/></net>

<net id="303"><net_src comp="292" pin="1"/><net_sink comp="299" pin=0"/></net>

<net id="304"><net_src comp="295" pin="1"/><net_sink comp="299" pin=1"/></net>

<net id="308"><net_src comp="107" pin="3"/><net_sink comp="305" pin=0"/></net>

<net id="313"><net_src comp="299" pin="2"/><net_sink comp="309" pin=0"/></net>

<net id="314"><net_src comp="305" pin="1"/><net_sink comp="309" pin=1"/></net>

<net id="320"><net_src comp="44" pin="0"/><net_sink comp="315" pin=0"/></net>

<net id="321"><net_src comp="309" pin="2"/><net_sink comp="315" pin=1"/></net>

<net id="322"><net_src comp="46" pin="0"/><net_sink comp="315" pin=2"/></net>

<net id="327"><net_src comp="48" pin="0"/><net_sink comp="323" pin=0"/></net>

<net id="328"><net_src comp="309" pin="2"/><net_sink comp="323" pin=1"/></net>

<net id="335"><net_src comp="50" pin="0"/><net_sink comp="329" pin=0"/></net>

<net id="336"><net_src comp="323" pin="2"/><net_sink comp="329" pin=1"/></net>

<net id="337"><net_src comp="52" pin="0"/><net_sink comp="329" pin=2"/></net>

<net id="338"><net_src comp="46" pin="0"/><net_sink comp="329" pin=3"/></net>

<net id="343"><net_src comp="54" pin="0"/><net_sink comp="339" pin=0"/></net>

<net id="344"><net_src comp="329" pin="4"/><net_sink comp="339" pin=1"/></net>

<net id="351"><net_src comp="50" pin="0"/><net_sink comp="345" pin=0"/></net>

<net id="352"><net_src comp="309" pin="2"/><net_sink comp="345" pin=1"/></net>

<net id="353"><net_src comp="52" pin="0"/><net_sink comp="345" pin=2"/></net>

<net id="354"><net_src comp="46" pin="0"/><net_sink comp="345" pin=3"/></net>

<net id="360"><net_src comp="315" pin="3"/><net_sink comp="355" pin=0"/></net>

<net id="361"><net_src comp="339" pin="2"/><net_sink comp="355" pin=1"/></net>

<net id="362"><net_src comp="345" pin="4"/><net_sink comp="355" pin=2"/></net>

<net id="363"><net_src comp="355" pin="3"/><net_sink comp="125" pin=1"/></net>

<net id="367"><net_src comp="56" pin="1"/><net_sink comp="364" pin=0"/></net>

<net id="368"><net_src comp="364" pin="1"/><net_sink comp="141" pin=1"/></net>

<net id="369"><net_src comp="364" pin="1"/><net_sink comp="161" pin=0"/></net>

<net id="370"><net_src comp="364" pin="1"/><net_sink comp="269" pin=1"/></net>

<net id="374"><net_src comp="60" pin="1"/><net_sink comp="371" pin=0"/></net>

<net id="375"><net_src comp="371" pin="1"/><net_sink comp="136" pin=1"/></net>

<net id="376"><net_src comp="371" pin="1"/><net_sink comp="164" pin=0"/></net>

<net id="377"><net_src comp="371" pin="1"/><net_sink comp="264" pin=1"/></net>

<net id="381"><net_src comp="64" pin="1"/><net_sink comp="378" pin=0"/></net>

<net id="382"><net_src comp="378" pin="1"/><net_sink comp="131" pin=1"/></net>

<net id="383"><net_src comp="378" pin="1"/><net_sink comp="146" pin=0"/></net>

<net id="384"><net_src comp="378" pin="1"/><net_sink comp="259" pin=1"/></net>

<net id="388"><net_src comp="149" pin="2"/><net_sink comp="385" pin=0"/></net>

<net id="392"><net_src comp="223" pin="2"/><net_sink comp="389" pin=0"/></net>

<net id="393"><net_src comp="389" pin="1"/><net_sink comp="288" pin=0"/></net>

<net id="397"><net_src comp="237" pin="1"/><net_sink comp="394" pin=0"/></net>

<net id="398"><net_src comp="394" pin="1"/><net_sink comp="93" pin=2"/></net>

<net id="402"><net_src comp="68" pin="3"/><net_sink comp="399" pin=0"/></net>

<net id="403"><net_src comp="399" pin="1"/><net_sink comp="82" pin=2"/></net>

<net id="407"><net_src comp="248" pin="1"/><net_sink comp="404" pin=0"/></net>

<net id="408"><net_src comp="404" pin="1"/><net_sink comp="100" pin=2"/></net>

<net id="412"><net_src comp="75" pin="3"/><net_sink comp="409" pin=0"/></net>

<net id="413"><net_src comp="409" pin="1"/><net_sink comp="82" pin=0"/></net>

<net id="417"><net_src comp="93" pin="3"/><net_sink comp="414" pin=0"/></net>

<net id="418"><net_src comp="414" pin="1"/><net_sink comp="107" pin=2"/></net>

<net id="422"><net_src comp="100" pin="3"/><net_sink comp="419" pin=0"/></net>

<net id="423"><net_src comp="419" pin="1"/><net_sink comp="107" pin=0"/></net>

<net id="427"><net_src comp="282" pin="2"/><net_sink comp="424" pin=0"/></net>

<net id="428"><net_src comp="424" pin="1"/><net_sink comp="292" pin=0"/></net>

</net_list>

</model> 
---------------- Datapath Model END ------------------

* FSMD analyzer results:
  - Output states:
	Port: img2_16 | {3 }
 - Input state : 
	Port: pyramidal_hs_Pipeline_VITIS_LOOP_17_1_VITIS_LOOP_18_24 : pyramidal_hs_ap_fixed_64_ap_fixed_64_ap_fixed_64_ap_fixed_64_1 | {1 2 }
	Port: pyramidal_hs_Pipeline_VITIS_LOOP_17_1_VITIS_LOOP_18_24 : pyramidal_hs_ap_fixed_64_ap_fixed_64_ap_fixed_64_ap_fixed_64 | {2 3 }
  - Chain level:
	State 1
		store_ln0 : 1
		store_ln17 : 1
		store_ln18 : 1
		indvar_flatten20_load : 1
		icmp_ln17 : 2
		add_ln17 : 2
		br_ln17 : 3
		x_load : 1
		y_load : 1
		add_ln17_1 : 2
		icmp_ln18 : 2
		select_ln17 : 3
		select_ln17_1 : 3
		trunc_ln20 : 4
		tmp_s : 5
		tmp_17 : 5
		zext_ln20 : 4
		zext_ln20_1 : 4
		add_ln20 : 6
		tmp_18 : 5
		zext_ln20_3 : 6
		pyramidal_hs_ap_fixed_64_ap_fixed_64_ap_fixed_64_ap_fixed_64_4 : 7
		add_ln20_1 : 6
		zext_ln20_4 : 7
		pyramidal_hs_ap_fixed_64_ap_fixed_64_ap_fixed_64_ap_fixed_64_5 : 8
		pyramidal_hs_ap_fixed_64_ap_fixed_64_ap_fixed_64_ap_fixed_64_8 : 8
		pyramidal_hs_ap_fixed_64_ap_fixed_64_ap_fixed_64_ap_fixed_64_9 : 9
		add_ln18 : 4
		store_ln17 : 3
		store_ln17 : 4
		store_ln18 : 5
	State 2
		sext_ln20 : 1
		sext_ln20_1 : 1
		add_ln20_2 : 2
		pyramidal_hs_ap_fixed_64_ap_fixed_64_ap_fixed_64_ap_fixed_64_10 : 1
		pyramidal_hs_ap_fixed_64_ap_fixed_64_ap_fixed_64_ap_fixed_64_11 : 1
	State 3
		img2_16_addr : 1
		sext_ln20_3 : 1
		add_ln20_3 : 2
		sext_ln21 : 1
		add_ln21 : 3
		tmp : 4
		sub_ln21 : 4
		trunc_ln21_4 : 5
		sub_ln21_1 : 6
		trunc_ln21_5 : 4
		select_ln21 : 7
		store_ln20 : 8


============================================================
+ Verbose Summary: Datapath Resource usage 
============================================================

* Functional unit list:
|----------|----------------------|---------|---------|
| Operation|    Functional Unit   |    FF   |   LUT   |
|----------|----------------------|---------|---------|
|          |    add_ln17_fu_155   |    0    |    16   |
|          |   add_ln17_1_fu_167  |    0    |    12   |
|          |    add_ln20_fu_223   |    0    |    15   |
|    add   |   add_ln20_1_fu_242  |    0    |    16   |
|          |    add_ln18_fu_253   |    0    |    12   |
|          |   add_ln20_2_fu_282  |    0    |    23   |
|          |   add_ln20_3_fu_299  |    0    |    17   |
|          |    add_ln21_fu_309   |    0    |    18   |
|----------|----------------------|---------|---------|
|    sub   |    sub_ln21_fu_323   |    0    |    25   |
|          |   sub_ln21_1_fu_339  |    0    |    23   |
|----------|----------------------|---------|---------|
|   icmp   |   icmp_ln17_fu_149   |    0    |    16   |
|          |   icmp_ln18_fu_173   |    0    |    12   |
|----------|----------------------|---------|---------|
|          |  select_ln17_fu_179  |    0    |    5    |
|  select  | select_ln17_1_fu_187 |    0    |    5    |
|          |  select_ln21_fu_355  |    0    |    16   |
|----------|----------------------|---------|---------|
|   trunc  |   trunc_ln20_fu_195  |    0    |    0    |
|----------|----------------------|---------|---------|
|          |     tmp_s_fu_199     |    0    |    0    |
|bitconcatenate|     tmp_17_fu_207    |    0    |    0    |
|          |     tmp_18_fu_229    |    0    |    0    |
|----------|----------------------|---------|---------|
|          |   zext_ln20_fu_215   |    0    |    0    |
|          |  zext_ln20_1_fu_219  |    0    |    0    |
|   zext   |  zext_ln20_3_fu_237  |    0    |    0    |
|          |  zext_ln20_4_fu_248  |    0    |    0    |
|          |  zext_ln20_2_fu_288  |    0    |    0    |
|----------|----------------------|---------|---------|
|          |   sext_ln20_fu_274   |    0    |    0    |
|          |  sext_ln20_1_fu_278  |    0    |    0    |
|   sext   |  sext_ln20_2_fu_292  |    0    |    0    |
|          |  sext_ln20_3_fu_295  |    0    |    0    |
|          |   sext_ln21_fu_305   |    0    |    0    |
|----------|----------------------|---------|---------|
| bitselect|      tmp_fu_315      |    0    |    0    |
|----------|----------------------|---------|---------|
|partselect|  trunc_ln21_4_fu_329 |    0    |    0    |
|          |  trunc_ln21_5_fu_345 |    0    |    0    |
|----------|----------------------|---------|---------|
|   Total  |                      |    0    |   231   |
|----------|----------------------|---------|---------|

Memories:
N/A

* Register list:
+----------------------------------------------------------------------+--------+
|                                                                      |   FF   |
+----------------------------------------------------------------------+--------+
|                          add_ln20_2_reg_424                          |   17   |
|                           add_ln20_reg_389                           |    8   |
|                           icmp_ln17_reg_385                          |    1   |
|                       indvar_flatten20_reg_378                       |    9   |
|pyramidal_hs_ap_fixed_64_ap_fixed_64_ap_fixed_64_ap_fixed_64_4_reg_399|    9   |
|pyramidal_hs_ap_fixed_64_ap_fixed_64_ap_fixed_64_ap_fixed_64_5_reg_409|    9   |
|pyramidal_hs_ap_fixed_64_ap_fixed_64_ap_fixed_64_ap_fixed_64_6_reg_414|    9   |
|pyramidal_hs_ap_fixed_64_ap_fixed_64_ap_fixed_64_ap_fixed_64_7_reg_419|    9   |
|                               x_reg_364                              |    5   |
|                               y_reg_371                              |    5   |
|                          zext_ln20_3_reg_394                         |   64   |
|                          zext_ln20_4_reg_404                         |   64   |
+----------------------------------------------------------------------+--------+
|                                 Total                                |   209  |
+----------------------------------------------------------------------+--------+

* Multiplexer (MUX) list: 
|-------------------|------|------|------|--------||---------||---------||---------|
|        Comp       |  Pin | Size |  BW  | S x BW ||  Delay  ||    FF   ||   LUT   |
|-------------------|------|------|------|--------||---------||---------||---------|
|  grp_access_fu_82 |  p0  |   2  |   9  |   18   ||    0    ||    9    |
|  grp_access_fu_82 |  p2  |   2  |   0  |    0   ||    0    ||    9    |
| grp_access_fu_107 |  p0  |   2  |   9  |   18   ||    0    ||    9    |
| grp_access_fu_107 |  p2  |   2  |   0  |    0   ||    0    ||    9    |
|-------------------|------|------|------|--------||---------||---------||---------|
|       Total       |      |      |      |   36   ||  1.912  ||    0    ||    36   |
|-------------------|------|------|------|--------||---------||---------||---------|



* Summary:
+-----------+--------+--------+--------+
|           |  Delay |   FF   |   LUT  |
+-----------+--------+--------+--------+
|  Function |    -   |    0   |   231  |
|   Memory  |    -   |    -   |    -   |
|Multiplexer|    1   |    0   |   36   |
|  Register |    -   |   209  |    -   |
+-----------+--------+--------+--------+
|   Total   |    1   |   209  |   267  |
+-----------+--------+--------+--------+
