================================================================
== Design Size Report
================================================================

* Total Instructions per Compilation Phase
+---------------+----------------------------+--------------+----------------------------------------------------------------------------------------+
| Phase         | Step                       | Instructions | Description                                                                            |
+---------------+----------------------------+--------------+----------------------------------------------------------------------------------------+
| Compile/Link  |                            | 7,580        | After all functions are compiled and linked into a single design                       |
|               |                            |              |                                                                                        |
| Unroll/Inline |                            |              | After user unroll and inline pragmas are applied                                       |
|               | (1) unroll                 | 4,237        | user unroll pragmas are applied                                                        |
|               | (2) simplification         |   869        | simplification of applied user unroll pragmas                                          |
|               | (3) inline                 |   856        | user inline pragmas are applied                                                        |
|               | (4) simplification         |   854        | simplification of applied user inline pragmas                                          |
|               |                            |              |                                                                                        |
| Array/Struct  |                            |              | After user array partition and struct aggregate/disaggregate pragmas are applied       |
|               | (1) array partition        |   864        | user array partition pragmas are applied                                               |
|               | (2) simplification         |   861        | simplification of applied user array partition & struct aggregate/disaggregate pragmas |
|               | (3) aggregate/disaggregate |   905        | user struct aggregate/disaggregate pragmas are applied                                 |
|               | (4) array reshape          |   949        | apply array reshape pragmas                                                            |
|               | (5) access patterns        |   939        | array access pattern optmizations                                                      |
|               |                            |              |                                                                                        |
| Performance   |                            |              | After transformations are applied to meet performance pragma targets                   |
|               | (1) loop simplification    |   851        | loop and instruction simplification                                                    |
|               | (2) parallelization        |   851        | loops are unrolled or pipelined to meet performance targets                            |
|               | (3) array partition        |   851        | arrays are partitioned to meet performance targets                                     |
|               | (4) simplification         |   851        | simplification of design after performance transformations                             |
|               |                            |              |                                                                                        |
| HW Transforms |                            |              | After hardware transfomations                                                          |
|               | (1) lowering               |   890        | initial conversion to HW specific instructions                                         |
|               | (2) optimizations          |   884        | high level synthesis optimizations                                                     |
+---------------+----------------------------+--------------+----------------------------------------------------------------------------------------+

* Instructions per Function for each Compilation Phase
+--------------------+------------------------+--------------+---------------+--------------+-------------+---------------+
| Function           | Location               | Compile/Link | Unroll/Inline | Array/Struct | Performance | HW Transforms |
+--------------------+------------------------+--------------+---------------+--------------+-------------+---------------+
|   lucas_kanade_hls | lucas_kanade_hls.cpp:3 | 7,580        | 854           | 939          | 851         | 884           |
+--------------------+------------------------+--------------+---------------+--------------+-------------+---------------+

* Design Size Message Settings
+---------------------------------------------+--------+------------------------------------------------------------------+
| Message Setting                             | Value  | Description                                                      |
+---------------------------------------------+--------+------------------------------------------------------------------+
| config_compile -design_size_maximum_warning | 100000 | Show a warning when total design instructions exceeds this value |
+---------------------------------------------+--------+------------------------------------------------------------------+


