

================================================================
== Synthesis Summary Report of 'lucas_kanade_hls'
================================================================
+ General Information: 
    * Date:           Thu Dec 18 19:08:35 2025
    * Version:        2025.2 (Build 6295257 on Nov 12 2025)
    * Project:        lucas_kanade_hls
    * Solution:       hls (Vivado IP Flow Target)
    * Product family: kintex7
    * Target device:  xc7k70t-fbg484-1
    

* Performance & Resource Estimates: 
+--------------------------------------------------------------+------+---------------------+----------+---------+------+----------+---------+-----------+------+-----------+----------+-------------+-------------+-----+
|                            Modules                           | Issue|                     | Iteration|         | Trip |          |       Latency       |      |           |          |             |             |     |
|                            & Loops                           | Type |    Violation Type   |  Latency | Interval| Count| Pipelined| (cycles)|    (ns)   | Slack|   BRAM    |    DSP   |      FF     |     LUT     | URAM|
+--------------------------------------------------------------+------+---------------------+----------+---------+------+----------+---------+-----------+------+-----------+----------+-------------+-------------+-----+
|+ lucas_kanade_hls                                            |     -|                    -|         -|    45726|     -|        no|    45725|  4.572e+05|  0.00|  188 (69%)|  51 (21%)|  13928 (16%)|  28375 (69%)|    -|
| + lucas_kanade_hls_Pipeline_VITIS_LOOP_27_1_VITIS_LOOP_28_2  |     -|                    -|         -|        -|     -|       yes|    38451|  3.845e+05|  0.00|          -|         -|     905 (1%)|    1650 (4%)|    -|
|  o VITIS_LOOP_27_1_VITIS_LOOP_28_2                           |    II|  Resource Limitation|        20|       10|  3844|       yes|    38449|  3.845e+05|  7.30|          -|         -|            -|            -|    -|
| + lucas_kanade_hls_Pipeline_VITIS_LOOP_43_3_VITIS_LOOP_44_4  |     -|                    -|         -|        -|     -|       yes|     7271|  7.271e+04|  0.00|          -|  51 (21%)|  11492 (14%)|  16918 (41%)|    -|
|  o VITIS_LOOP_43_3_VITIS_LOOP_44_4                           |    II|  Resource Limitation|        72|        2|  3600|       yes|     7269|  7.269e+04|  7.30|          -|         -|            -|            -|    -|
+--------------------------------------------------------------+------+---------------------+----------+---------+------+----------+---------+-----------+------+-----------+----------+-------------+-------------+-----+
    II Violation Information: docs.amd.com/access/sources/dita/topic?Doc_Version=2025.2%20English&url=ug1448-hls-guidance&resourceid=200-880.html
    Name Prefix: '+' for module, 'o' for loop, '*' for dataflow


================================================================
== HW Interfaces
================================================================
* M_AXI
+------------+------------+------------+---------------+---------+--------+----------+-----------+--------------+--------------+-------------+-------------+-------------------+
| Interface  | Read/Write | Data Width | Address Width | Latency | Offset | Register | Max Widen | Max Read     | Max Write    | Num Read    | Num Write   | Resource Estimate |
|            |            | (SW->HW)   |               |         |        |          | Bitwidth  | Burst Length | Burst Length | Outstanding | Outstanding |                   |
+------------+------------+------------+---------------+---------+--------+----------+-----------+--------------+--------------+-------------+-------------+-------------------+
| m_axi_gmem | READ_WRITE | 16 -> 16   | 64            | 0       | slave  | 0        | 0         | 16           | 16           | 16          | 16          | BRAM=2            |
+------------+------------+------------+---------------+---------+--------+----------+-----------+--------------+--------------+-------------+-------------+-------------------+

* S_AXILITE Interfaces
+-----------------+------------+---------------+--------+----------+
| Interface       | Data Width | Address Width | Offset | Register |
+-----------------+------------+---------------+--------+----------+
| s_axi_control   | 32         | 4             |        |          |
| s_axi_control_r | 32         | 6             | 16     | 0        |
+-----------------+------------+---------------+--------+----------+

* S_AXILITE Registers
+-----------------+----------+--------+-------+--------+----------------------------------+----------------------------------------------------------------------+
| Interface       | Register | Offset | Width | Access | Description                      | Bit Fields                                                           |
+-----------------+----------+--------+-------+--------+----------------------------------+----------------------------------------------------------------------+
| s_axi_control   | CTRL     | 0x00   | 32    | RW     | Control signals                  | 0=AP_START 1=AP_DONE 2=AP_IDLE 3=AP_READY 7=AUTO_RESTART 9=INTERRUPT |
| s_axi_control   | GIER     | 0x04   | 32    | RW     | Global Interrupt Enable Register | 0=Enable                                                             |
| s_axi_control   | IP_IER   | 0x08   | 32    | RW     | IP Interrupt Enable Register     | 0=CHAN0_INT_EN 1=CHAN1_INT_EN                                        |
| s_axi_control   | IP_ISR   | 0x0c   | 32    | RW     | IP Interrupt Status Register     | 0=CHAN0_INT_ST 1=CHAN1_INT_ST                                        |
| s_axi_control_r | I1_1     | 0x10   | 32    | W      | Data signal of I1                |                                                                      |
| s_axi_control_r | I1_2     | 0x14   | 32    | W      | Data signal of I1                |                                                                      |
| s_axi_control_r | I2_1     | 0x1c   | 32    | W      | Data signal of I2                |                                                                      |
| s_axi_control_r | I2_2     | 0x20   | 32    | W      | Data signal of I2                |                                                                      |
| s_axi_control_r | u_1      | 0x28   | 32    | W      | Data signal of u                 |                                                                      |
| s_axi_control_r | u_2      | 0x2c   | 32    | W      | Data signal of u                 |                                                                      |
| s_axi_control_r | v_1      | 0x34   | 32    | W      | Data signal of v                 |                                                                      |
| s_axi_control_r | v_2      | 0x38   | 32    | W      | Data signal of v                 |                                                                      |
+-----------------+----------+--------+-------+--------+----------------------------------+----------------------------------------------------------------------+

* TOP LEVEL CONTROL
+-----------+------------+-----------+
| Interface | Type       | Ports     |
+-----------+------------+-----------+
| ap_clk    | clock      | ap_clk    |
| ap_rst_n  | reset      | ap_rst_n  |
| interrupt | interrupt  | interrupt |
| ap_ctrl   | ap_ctrl_hs |           |
+-----------+------------+-----------+


================================================================
== SW I/O Information
================================================================
* Top Function Arguments
+----------+-----------+-------------------------------------------------+
| Argument | Direction | Datatype                                        |
+----------+-----------+-------------------------------------------------+
| I1       | inout     | ap_fixed<16, 4, (ap_q_mode)5, (ap_o_mode)3, 0>* |
| I2       | inout     | ap_fixed<16, 4, (ap_q_mode)5, (ap_o_mode)3, 0>* |
| u        | inout     | ap_fixed<16, 4, (ap_q_mode)5, (ap_o_mode)3, 0>* |
| v        | inout     | ap_fixed<16, 4, (ap_q_mode)5, (ap_o_mode)3, 0>* |
+----------+-----------+-------------------------------------------------+

* SW-to-HW Mapping
+----------+-----------------+-----------+----------+--------------------------------+
| Argument | HW Interface    | HW Type   | HW Usage | HW Info                        |
+----------+-----------------+-----------+----------+--------------------------------+
| I1       | m_axi_gmem      | interface |          | channel=0                      |
| I1       | s_axi_control_r | register  | offset   | name=I1_1 offset=0x10 range=32 |
| I1       | s_axi_control_r | register  | offset   | name=I1_2 offset=0x14 range=32 |
| I2       | m_axi_gmem      | interface |          | channel=0                      |
| I2       | s_axi_control_r | register  | offset   | name=I2_1 offset=0x1c range=32 |
| I2       | s_axi_control_r | register  | offset   | name=I2_2 offset=0x20 range=32 |
| u        | m_axi_gmem      | interface |          | channel=0                      |
| u        | s_axi_control_r | register  | offset   | name=u_1 offset=0x28 range=32  |
| u        | s_axi_control_r | register  | offset   | name=u_2 offset=0x2c range=32  |
| v        | m_axi_gmem      | interface |          | channel=0                      |
| v        | s_axi_control_r | register  | offset   | name=v_1 offset=0x34 range=32  |
| v        | s_axi_control_r | register  | offset   | name=v_2 offset=0x38 range=32  |
+----------+-----------------+-----------+----------+--------------------------------+


================================================================
== M_AXI Burst Information
================================================================
 Note: All burst requests might be further partitioned into multiple requests during RTL generation based on max_read_burst_length or max_write_burst_length settings.

* Inferred Burst Summary
+--------------+-----------+--------+-------+
| HW Interface | Direction | Length | Width |
+--------------+-----------+--------+-------+
| m_axi_gmem   | read      | 3      | 16    |
+--------------+-----------+--------+-------+

* All M_AXI Variable Accesses
+--------------+----------+------------------------------------------+-----------+--------------+--------+-----------------+------------------------------------------+------------+-------------------------------------------------------------------------------------------------------+
| HW Interface | Variable | Access Location                          | Direction | Burst Status | Length | Loop            | Loop Location                            | Resolution | Problem                                                                                               |
+--------------+----------+------------------------------------------+-----------+--------------+--------+-----------------+------------------------------------------+------------+-------------------------------------------------------------------------------------------------------+
| m_axi_gmem   |          | ../LK_hls/src/lucas_kanade_hls.cpp:28:26 | read      | Fail         |        |                 |                                          | 214-224    | Could not burst due to multiple potential reads to the same bundle in the same region.                |
| m_axi_gmem   | I2       | ../LK_hls/src/lucas_kanade_hls.cpp:31:55 | read      | Widen Fail   |        |                 |                                          | 214-353    | Could not widen since type i16 size is greater than or equal to the max_widen_bitwidth threshold of 0 |
| m_axi_gmem   | I2       | ../LK_hls/src/lucas_kanade_hls.cpp:31:42 | read      | Widen Fail   |        |                 |                                          | 214-353    | Could not widen since type i16 size is greater than or equal to the max_widen_bitwidth threshold of 0 |
| m_axi_gmem   | I1       | ../LK_hls/src/lucas_kanade_hls.cpp:31:29 | read      | Widen Fail   |        |                 |                                          | 214-353    | Could not widen since type i16 size is greater than or equal to the max_widen_bitwidth threshold of 0 |
| m_axi_gmem   | I2       | ../LK_hls/src/lucas_kanade_hls.cpp:31:55 | read      | Fail         |        | VITIS_LOOP_28_2 | ../LK_hls/src/lucas_kanade_hls.cpp:28:26 | 214-230    | Stride is incompatible                                                                                |
| m_axi_gmem   | I2       | ../LK_hls/src/lucas_kanade_hls.cpp:31:42 | read      | Fail         |        | VITIS_LOOP_28_2 | ../LK_hls/src/lucas_kanade_hls.cpp:28:26 | 214-230    | Stride is incompatible                                                                                |
| m_axi_gmem   | I1       | ../LK_hls/src/lucas_kanade_hls.cpp:31:29 | read      | Fail         |        | VITIS_LOOP_28_2 | ../LK_hls/src/lucas_kanade_hls.cpp:28:26 | 214-230    | Stride is incompatible                                                                                |
| m_axi_gmem   | I2       | ../LK_hls/src/lucas_kanade_hls.cpp:31:55 | read      | Inferred     | 3      | VITIS_LOOP_28_2 | ../LK_hls/src/lucas_kanade_hls.cpp:28:26 |            |                                                                                                       |
| m_axi_gmem   | I2       | ../LK_hls/src/lucas_kanade_hls.cpp:31:42 | read      | Inferred     | 3      | VITIS_LOOP_28_2 | ../LK_hls/src/lucas_kanade_hls.cpp:28:26 |            |                                                                                                       |
| m_axi_gmem   | I1       | ../LK_hls/src/lucas_kanade_hls.cpp:31:29 | read      | Inferred     | 3      | VITIS_LOOP_28_2 | ../LK_hls/src/lucas_kanade_hls.cpp:28:26 |            |                                                                                                       |
| m_axi_gmem   | I2       | ../LK_hls/src/lucas_kanade_hls.cpp:34:55 | read      | Widen Fail   |        | VITIS_LOOP_28_2 | ../LK_hls/src/lucas_kanade_hls.cpp:28:26 | 214-353    | Could not widen since type i16 size is greater than or equal to the max_widen_bitwidth threshold of 0 |
| m_axi_gmem   | I2       | ../LK_hls/src/lucas_kanade_hls.cpp:34:42 | read      | Widen Fail   |        | VITIS_LOOP_28_2 | ../LK_hls/src/lucas_kanade_hls.cpp:28:26 | 214-353    | Could not widen since type i16 size is greater than or equal to the max_widen_bitwidth threshold of 0 |
| m_axi_gmem   | I1       | ../LK_hls/src/lucas_kanade_hls.cpp:34:29 | read      | Widen Fail   |        | VITIS_LOOP_28_2 | ../LK_hls/src/lucas_kanade_hls.cpp:28:26 | 214-353    | Could not widen since type i16 size is greater than or equal to the max_widen_bitwidth threshold of 0 |
| m_axi_gmem   | I2       | ../LK_hls/src/lucas_kanade_hls.cpp:34:55 | read      | Inferred     | 62     | VITIS_LOOP_28_2 | ../LK_hls/src/lucas_kanade_hls.cpp:28:26 |            |                                                                                                       |
| m_axi_gmem   | I2       | ../LK_hls/src/lucas_kanade_hls.cpp:34:42 | read      | Inferred     | 62     | VITIS_LOOP_28_2 | ../LK_hls/src/lucas_kanade_hls.cpp:28:26 |            |                                                                                                       |
| m_axi_gmem   | I1       | ../LK_hls/src/lucas_kanade_hls.cpp:34:29 | read      | Inferred     | 62     | VITIS_LOOP_28_2 | ../LK_hls/src/lucas_kanade_hls.cpp:28:26 |            |                                                                                                       |
| m_axi_gmem   | I2       | ../LK_hls/src/lucas_kanade_hls.cpp:36:37 | read      | Widen Fail   |        |                 |                                          | 214-353    | Could not widen since type i16 size is greater than or equal to the max_widen_bitwidth threshold of 0 |
| m_axi_gmem   | I1       | ../LK_hls/src/lucas_kanade_hls.cpp:36:37 | read      | Widen Fail   |        |                 |                                          | 214-353    | Could not widen since type i16 size is greater than or equal to the max_widen_bitwidth threshold of 0 |
| m_axi_gmem   | I2       | ../LK_hls/src/lucas_kanade_hls.cpp:36:37 | read      | Fail         |        | VITIS_LOOP_28_2 | ../LK_hls/src/lucas_kanade_hls.cpp:28:26 | 214-230    | Stride is incompatible                                                                                |
| m_axi_gmem   | I1       | ../LK_hls/src/lucas_kanade_hls.cpp:36:37 | read      | Fail         |        | VITIS_LOOP_28_2 | ../LK_hls/src/lucas_kanade_hls.cpp:28:26 | 214-230    | Stride is incompatible                                                                                |
| m_axi_gmem   | I2       | ../LK_hls/src/lucas_kanade_hls.cpp:36:37 | read      | Inferred     | 3      | VITIS_LOOP_28_2 | ../LK_hls/src/lucas_kanade_hls.cpp:28:26 |            |                                                                                                       |
| m_axi_gmem   | I1       | ../LK_hls/src/lucas_kanade_hls.cpp:36:37 | read      | Inferred     | 3      | VITIS_LOOP_28_2 | ../LK_hls/src/lucas_kanade_hls.cpp:28:26 |            |                                                                                                       |
| m_axi_gmem   |          | ../LK_hls/src/lucas_kanade_hls.cpp:44:26 | write     | Fail         |        |                 |                                          | 214-224    | Could not burst due to multiple potential writes to the same bundle in the same region.               |
| m_axi_gmem   | v        | ../LK_hls/src/lucas_kanade_hls.cpp:44:26 | write     | Widen Fail   |        | VITIS_LOOP_44_4 | ../LK_hls/src/lucas_kanade_hls.cpp:44:26 | 214-353    | Could not widen since type i16 size is greater than or equal to the max_widen_bitwidth threshold of 0 |
| m_axi_gmem   | u        | ../LK_hls/src/lucas_kanade_hls.cpp:44:26 | write     | Widen Fail   |        | VITIS_LOOP_44_4 | ../LK_hls/src/lucas_kanade_hls.cpp:44:26 | 214-353    | Could not widen since type i16 size is greater than or equal to the max_widen_bitwidth threshold of 0 |
| m_axi_gmem   | v        | ../LK_hls/src/lucas_kanade_hls.cpp:44:26 | write     | Fail         |        | VITIS_LOOP_43_3 | ../LK_hls/src/lucas_kanade_hls.cpp:43:22 | 214-230    | Stride is incompatible                                                                                |
| m_axi_gmem   | u        | ../LK_hls/src/lucas_kanade_hls.cpp:44:26 | write     | Fail         |        | VITIS_LOOP_43_3 | ../LK_hls/src/lucas_kanade_hls.cpp:43:22 | 214-230    | Stride is incompatible                                                                                |
| m_axi_gmem   | v        | ../LK_hls/src/lucas_kanade_hls.cpp:44:26 | write     | Inferred     | 60     | VITIS_LOOP_44_4 | ../LK_hls/src/lucas_kanade_hls.cpp:44:26 |            |                                                                                                       |
| m_axi_gmem   | u        | ../LK_hls/src/lucas_kanade_hls.cpp:44:26 | write     | Inferred     | 60     | VITIS_LOOP_44_4 | ../LK_hls/src/lucas_kanade_hls.cpp:44:26 |            |                                                                                                       |
+--------------+----------+------------------------------------------+-----------+--------------+--------+-----------------+------------------------------------------+------------+-------------------------------------------------------------------------------------------------------+

    * Resolution URL: docs.amd.com/access/sources/dita/topic?Doc_Version=2025.2%20English&url=ug1448-hls-guidance&resourceid=XXX-YYY.html (replace XXX-YYY with column value)

================================================================
== Bind Op Report
================================================================
+--------------------------------------------------------------+-----+--------+---------------+-----------+--------------------------+---------+
| Name                                                         | DSP | Pragma | Variable      | Op        | Impl                     | Latency |
+--------------------------------------------------------------+-----+--------+---------------+-----------+--------------------------+---------+
| + lucas_kanade_hls                                           | 51  |        |               |           |                          |         |
|   add_ln27_fu_1408_p2                                        |     |        | add_ln27      | add       | fabric                   | 0       |
|   add_ln27_1_fu_1415_p2                                      |     |        | add_ln27_1    | add       | fabric                   | 0       |
|  + lucas_kanade_hls_Pipeline_VITIS_LOOP_27_1_VITIS_LOOP_28_2 | 0   |        |               |           |                          |         |
|    icmp_ln27_fu_3103_p2                                      |     |        | icmp_ln27     | seteq     | auto                     | 0       |
|    add_ln27_8_fu_3109_p2                                     |     |        | add_ln27_8    | add       | fabric                   | 0       |
|    icmp_ln28_fu_3124_p2                                      |     |        | icmp_ln28     | seteq     | auto                     | 0       |
|    select_ln27_fu_3130_p3                                    |     |        | select_ln27   | select    | auto_sel                 | 0       |
|    select_ln27_1_fu_3138_p3                                  |     |        | select_ln27_1 | select    | auto_sel                 | 0       |
|    select_ln27_2_fu_3370_p3                                  |     |        | select_ln27_2 | select    | auto_sel                 | 0       |
|    add_ln34_fu_3146_p2                                       |     |        | add_ln34      | add       | fabric                   | 0       |
|    select_ln27_3_fu_3152_p3                                  |     |        | select_ln27_3 | select    | auto_sel                 | 0       |
|    add_ln27_2_fu_3389_p2                                     |     |        | add_ln27_2    | add       | fabric                   | 0       |
|    add_ln27_3_fu_3394_p2                                     |     |        | add_ln27_3    | add       | fabric                   | 0       |
|    add_ln27_4_fu_3404_p2                                     |     |        | add_ln27_4    | add       | fabric                   | 0       |
|    add_ln27_5_fu_3409_p2                                     |     |        | add_ln27_5    | add       | fabric                   | 0       |
|    add_ln27_6_fu_3414_p2                                     |     |        | add_ln27_6    | add       | fabric                   | 0       |
|    add_ln31_fu_3478_p2                                       |     |        | add_ln31      | add       | fabric                   | 0       |
|    add_ln31_1_fu_3493_p2                                     |     |        | add_ln31_1    | add       | fabric                   | 0       |
|    add_ln31_2_fu_3505_p2                                     |     |        | add_ln31_2    | add       | fabric                   | 0       |
|    sub_ln31_fu_3612_p2                                       |     |        | sub_ln31      | sub       | fabric                   | 0       |
|    add_ln34_1_fu_3517_p2                                     |     |        | add_ln34_1    | add       | fabric                   | 0       |
|    add_ln34_2_fu_3529_p2                                     |     |        | add_ln34_2    | add       | fabric                   | 0       |
|    sub_ln34_fu_3854_p2                                       |     |        | sub_ln34      | sub       | fabric                   | 0       |
|    add_ln34_3_fu_3541_p2                                     |     |        | add_ln34_3    | add       | fabric                   | 0       |
|    add_ln34_5_fu_3553_p2                                     |     |        | add_ln34_5    | add       | fabric                   | 0       |
|    sub_ln36_fu_3683_p2                                       |     |        | sub_ln36      | sub       | fabric                   | 0       |
|    add_ln28_4_fu_3565_p2                                     |     |        | add_ln28_4    | add       | fabric                   | 0       |
|    add_ln27_7_fu_3570_p2                                     |     |        | add_ln27_7    | add       | fabric                   | 0       |
|  + lucas_kanade_hls_Pipeline_VITIS_LOOP_43_3_VITIS_LOOP_44_4 | 51  |        |               |           |                          |         |
|    icmp_ln43_fu_6817_p2                                      |     |        | icmp_ln43     | seteq     | auto                     | 0       |
|    add_ln43_fu_6823_p2                                       |     |        | add_ln43      | add       | fabric                   | 0       |
|    icmp_ln44_fu_6835_p2                                      |     |        | icmp_ln44     | seteq     | auto                     | 0       |
|    select_ln43_fu_15093_p3                                   |     |        | select_ln43   | select    | auto_sel                 | 0       |
|    select_ln43_1_fu_7273_p3                                  |     |        | select_ln43_1 | select    | auto_sel                 | 0       |
|    add_ln58_2_fu_6841_p2                                     |     |        | add_ln58_2    | add       | fabric                   | 0       |
|    add_ln58_3_fu_6847_p2                                     |     |        | add_ln58_3    | add       | fabric                   | 0       |
|    select_ln43_2_fu_6853_p3                                  |     |        | select_ln43_2 | select    | auto_sel                 | 0       |
|    add_ln58_5_fu_6861_p2                                     |     |        | add_ln58_5    | add       | fabric                   | 0       |
|    select_ln43_3_fu_6867_p3                                  |     |        | select_ln43_3 | select    | auto_sel                 | 0       |
|    select_ln43_4_fu_7065_p3                                  |     |        | select_ln43_4 | select    | auto_sel                 | 0       |
|    add_ln58_fu_15111_p2                                      |     |        | add_ln58      | add       | fabric                   | 0       |
|    add_ln58_1_fu_15116_p2                                    |     |        | add_ln58_1    | add       | fabric                   | 0       |
|    sparsemux_121_6_16_1_1_U192                               |     |        | ix            | sparsemux | compactencoding_dontcare | 0       |
|    sparsemux_121_6_16_1_1_U193                               |     |        | iy            | sparsemux | compactencoding_dontcare | 0       |
|    sparsemux_121_6_16_1_1_U194                               |     |        | it            | sparsemux | compactencoding_dontcare | 0       |
|    mul_16s_16s_28_1_1_U210                                   | 1   |        | mul_ln62      | mul       | auto                     | 0       |
|    mul_16s_16s_28_1_1_U211                                   | 1   |        | mul_ln63      | mul       | auto                     | 0       |
|    mul_16s_16s_28_1_1_U212                                   | 1   |        | mul_ln64      | mul       | auto                     | 0       |
|    mul_16s_16s_28_1_1_U213                                   | 1   |        | mul_ln65      | mul       | auto                     | 0       |
|    mul_16s_16s_28_1_1_U223                                   | 1   |        | mul_ln66      | mul       | auto                     | 0       |
|    sparsemux_121_6_16_1_1_U195                               |     |        | ix_1          | sparsemux | compactencoding_dontcare | 0       |
|    sparsemux_121_6_16_1_1_U196                               |     |        | iy_1          | sparsemux | compactencoding_dontcare | 0       |
|    sparsemux_121_6_16_1_1_U197                               |     |        | it_1          | sparsemux | compactencoding_dontcare | 0       |
|    mac_muladd_16s_16s_28s_28_4_1_U229                        | 1   |        | mul_ln62_1    | mul       | dsp_slice                | 3       |
|    mac_muladd_16s_16s_28s_28_4_1_U229                        | 1   |        | add_ln62      | add       | dsp_slice                | 3       |
|    mac_muladd_16s_16s_28s_28_4_1_U230                        | 1   |        | mul_ln63_1    | mul       | dsp_slice                | 3       |
|    mac_muladd_16s_16s_28s_28_4_1_U230                        | 1   |        | add_ln63      | add       | dsp_slice                | 3       |
|    mac_muladd_16s_16s_28s_28_4_1_U231                        | 1   |        | mul_ln64_1    | mul       | dsp_slice                | 3       |
|    mac_muladd_16s_16s_28s_28_4_1_U231                        | 1   |        | add_ln64      | add       | dsp_slice                | 3       |
|    mac_muladd_16s_16s_28s_28_4_1_U232                        | 1   |        | mul_ln65_1    | mul       | dsp_slice                | 3       |
|    mac_muladd_16s_16s_28s_28_4_1_U232                        | 1   |        | add_ln65      | add       | dsp_slice                | 3       |
|    mac_muladd_16s_16s_28s_28_4_1_U233                        | 1   |        | mul_ln66_1    | mul       | dsp_slice                | 3       |
|    mac_muladd_16s_16s_28s_28_4_1_U233                        | 1   |        | add_ln66      | add       | dsp_slice                | 3       |
|    add_ln58_4_fu_8968_p2                                     |     |        | add_ln58_4    | add       | fabric                   | 0       |
|    sparsemux_121_6_16_1_1_U198                               |     |        | ix_2          | sparsemux | compactencoding_dontcare | 0       |
|    sparsemux_121_6_16_1_1_U199                               |     |        | iy_2          | sparsemux | compactencoding_dontcare | 0       |
|    sparsemux_121_6_16_1_1_U200                               |     |        | it_2          | sparsemux | compactencoding_dontcare | 0       |
|    mac_muladd_16s_16s_28s_28_4_1_U234                        | 1   |        | mul_ln62_2    | mul       | dsp_slice                | 3       |
|    mac_muladd_16s_16s_28s_28_4_1_U234                        | 1   |        | add_ln62_1    | add       | dsp_slice                | 3       |
|    mac_muladd_16s_16s_28s_28_4_1_U235                        | 1   |        | mul_ln63_2    | mul       | dsp_slice                | 3       |
|    mac_muladd_16s_16s_28s_28_4_1_U235                        | 1   |        | add_ln63_1    | add       | dsp_slice                | 3       |
|    mac_muladd_16s_16s_28s_28_4_1_U236                        | 1   |        | mul_ln64_2    | mul       | dsp_slice                | 3       |
|    mac_muladd_16s_16s_28s_28_4_1_U236                        | 1   |        | add_ln64_1    | add       | dsp_slice                | 3       |
|    mac_muladd_16s_16s_28s_28_4_1_U237                        | 1   |        | mul_ln65_2    | mul       | dsp_slice                | 3       |
|    mac_muladd_16s_16s_28s_28_4_1_U237                        | 1   |        | add_ln65_1    | add       | dsp_slice                | 3       |
|    mac_muladd_16s_16s_28s_28_4_1_U238                        | 1   |        | mul_ln66_2    | mul       | dsp_slice                | 3       |
|    mac_muladd_16s_16s_28s_28_4_1_U238                        | 1   |        | add_ln66_1    | add       | dsp_slice                | 3       |
|    sparsemux_121_6_16_1_1_U201                               |     |        | ix_3          | sparsemux | compactencoding_dontcare | 0       |
|    sparsemux_121_6_16_1_1_U202                               |     |        | iy_3          | sparsemux | compactencoding_dontcare | 0       |
|    sparsemux_121_6_16_1_1_U203                               |     |        | it_3          | sparsemux | compactencoding_dontcare | 0       |
|    mac_muladd_16s_16s_28s_28_4_1_U239                        | 1   |        | mul_ln62_3    | mul       | dsp_slice                | 3       |
|    mac_muladd_16s_16s_28s_28_4_1_U239                        | 1   |        | add_ln62_2    | add       | dsp_slice                | 3       |
|    mac_muladd_16s_16s_28s_28_4_1_U240                        | 1   |        | mul_ln63_3    | mul       | dsp_slice                | 3       |
|    mac_muladd_16s_16s_28s_28_4_1_U240                        | 1   |        | add_ln63_2    | add       | dsp_slice                | 3       |
|    mac_muladd_16s_16s_28s_28_4_1_U241                        | 1   |        | mul_ln64_3    | mul       | dsp_slice                | 3       |
|    mac_muladd_16s_16s_28s_28_4_1_U241                        | 1   |        | add_ln64_2    | add       | dsp_slice                | 3       |
|    mac_muladd_16s_16s_28s_28_4_1_U242                        | 1   |        | mul_ln65_3    | mul       | dsp_slice                | 3       |
|    mac_muladd_16s_16s_28s_28_4_1_U242                        | 1   |        | add_ln65_2    | add       | dsp_slice                | 3       |
|    mac_muladd_16s_16s_28s_28_4_1_U243                        | 1   |        | mul_ln66_3    | mul       | dsp_slice                | 3       |
|    mac_muladd_16s_16s_28s_28_4_1_U243                        | 1   |        | add_ln66_2    | add       | dsp_slice                | 3       |
|    sparsemux_121_6_16_1_1_U204                               |     |        | ix_4          | sparsemux | compactencoding_dontcare | 0       |
|    sparsemux_121_6_16_1_1_U205                               |     |        | iy_4          | sparsemux | compactencoding_dontcare | 0       |
|    sparsemux_121_6_16_1_1_U206                               |     |        | it_4          | sparsemux | compactencoding_dontcare | 0       |
|    mac_muladd_16s_16s_28s_28_4_1_U244                        | 1   |        | mul_ln62_4    | mul       | dsp_slice                | 3       |
|    mac_muladd_16s_16s_28s_28_4_1_U244                        | 1   |        | add_ln62_3    | add       | dsp_slice                | 3       |
|    mac_muladd_16s_16s_28s_28_4_1_U245                        | 1   |        | mul_ln63_4    | mul       | dsp_slice                | 3       |
|    mac_muladd_16s_16s_28s_28_4_1_U245                        | 1   |        | add_ln63_3    | add       | dsp_slice                | 3       |
|    mac_muladd_16s_16s_28s_28_4_1_U246                        | 1   |        | mul_ln64_4    | mul       | dsp_slice                | 3       |
|    mac_muladd_16s_16s_28s_28_4_1_U246                        | 1   |        | add_ln64_3    | add       | dsp_slice                | 3       |
|    mac_muladd_16s_16s_28s_28_4_1_U247                        | 1   |        | mul_ln65_4    | mul       | dsp_slice                | 3       |
|    mac_muladd_16s_16s_28s_28_4_1_U247                        | 1   |        | add_ln65_3    | add       | dsp_slice                | 3       |
|    mac_muladd_16s_16s_28s_28_4_1_U248                        | 1   |        | mul_ln66_4    | mul       | dsp_slice                | 3       |
|    mac_muladd_16s_16s_28s_28_4_1_U248                        | 1   |        | add_ln66_3    | add       | dsp_slice                | 3       |
|    sparsemux_121_6_16_1_1_U207                               |     |        | ix_5          | sparsemux | compactencoding_dontcare | 0       |
|    sparsemux_121_6_16_1_1_U208                               |     |        | iy_5          | sparsemux | compactencoding_dontcare | 0       |
|    sparsemux_121_6_16_1_1_U209                               |     |        | it_5          | sparsemux | compactencoding_dontcare | 0       |
|    mac_muladd_16s_16s_28s_28_4_1_U249                        | 1   |        | mul_ln62_5    | mul       | dsp_slice                | 3       |
|    mac_muladd_16s_16s_28s_28_4_1_U249                        | 1   |        | add_ln62_4    | add       | dsp_slice                | 3       |
|    mac_muladd_16s_16s_28s_28_4_1_U250                        | 1   |        | mul_ln63_5    | mul       | dsp_slice                | 3       |
|    mac_muladd_16s_16s_28s_28_4_1_U250                        | 1   |        | add_ln63_4    | add       | dsp_slice                | 3       |
|    mac_muladd_16s_16s_28s_28_4_1_U251                        | 1   |        | mul_ln64_5    | mul       | dsp_slice                | 3       |
|    mac_muladd_16s_16s_28s_28_4_1_U251                        | 1   |        | add_ln64_4    | add       | dsp_slice                | 3       |
|    mac_muladd_16s_16s_28s_28_4_1_U252                        | 1   |        | mul_ln65_5    | mul       | dsp_slice                | 3       |
|    mac_muladd_16s_16s_28s_28_4_1_U252                        | 1   |        | add_ln65_4    | add       | dsp_slice                | 3       |
|    mac_muladd_16s_16s_28s_28_4_1_U253                        | 1   |        | mul_ln66_5    | mul       | dsp_slice                | 3       |
|    mac_muladd_16s_16s_28s_28_4_1_U253                        | 1   |        | add_ln66_4    | add       | dsp_slice                | 3       |
|    sparsemux_121_6_16_1_1_U214                               |     |        | ix_6          | sparsemux | compactencoding_dontcare | 0       |
|    sparsemux_121_6_16_1_1_U215                               |     |        | iy_6          | sparsemux | compactencoding_dontcare | 0       |
|    sparsemux_121_6_16_1_1_U216                               |     |        | it_6          | sparsemux | compactencoding_dontcare | 0       |
|    mac_muladd_16s_16s_28s_28_4_1_U254                        | 1   |        | mul_ln62_6    | mul       | dsp_slice                | 3       |
|    mac_muladd_16s_16s_28s_28_4_1_U254                        | 1   |        | add_ln62_5    | add       | dsp_slice                | 3       |
|    mac_muladd_16s_16s_28s_28_4_1_U255                        | 1   |        | mul_ln63_6    | mul       | dsp_slice                | 3       |
|    mac_muladd_16s_16s_28s_28_4_1_U255                        | 1   |        | add_ln63_5    | add       | dsp_slice                | 3       |
|    mac_muladd_16s_16s_28s_28_4_1_U256                        | 1   |        | mul_ln64_6    | mul       | dsp_slice                | 3       |
|    mac_muladd_16s_16s_28s_28_4_1_U256                        | 1   |        | add_ln64_5    | add       | dsp_slice                | 3       |
|    mac_muladd_16s_16s_28s_28_4_1_U257                        | 1   |        | mul_ln65_6    | mul       | dsp_slice                | 3       |
|    mac_muladd_16s_16s_28s_28_4_1_U257                        | 1   |        | add_ln65_5    | add       | dsp_slice                | 3       |
|    mac_muladd_16s_16s_28s_28_4_1_U258                        | 1   |        | mul_ln66_6    | mul       | dsp_slice                | 3       |
|    mac_muladd_16s_16s_28s_28_4_1_U258                        | 1   |        | add_ln66_5    | add       | dsp_slice                | 3       |
|    sparsemux_121_6_16_1_1_U217                               |     |        | ix_7          | sparsemux | compactencoding_dontcare | 0       |
|    sparsemux_121_6_16_1_1_U218                               |     |        | iy_7          | sparsemux | compactencoding_dontcare | 0       |
|    sparsemux_121_6_16_1_1_U219                               |     |        | it_7          | sparsemux | compactencoding_dontcare | 0       |
|    mac_muladd_16s_16s_28s_28_4_1_U259                        | 1   |        | mul_ln62_7    | mul       | dsp_slice                | 3       |
|    mac_muladd_16s_16s_28s_28_4_1_U259                        | 1   |        | add_ln62_6    | add       | dsp_slice                | 3       |
|    mac_muladd_16s_16s_28s_28_4_1_U260                        | 1   |        | mul_ln63_7    | mul       | dsp_slice                | 3       |
|    mac_muladd_16s_16s_28s_28_4_1_U260                        | 1   |        | add_ln63_6    | add       | dsp_slice                | 3       |
|    mac_muladd_16s_16s_28s_28_4_1_U261                        | 1   |        | mul_ln64_7    | mul       | dsp_slice                | 3       |
|    mac_muladd_16s_16s_28s_28_4_1_U261                        | 1   |        | add_ln64_6    | add       | dsp_slice                | 3       |
|    mac_muladd_16s_16s_28s_28_4_1_U262                        | 1   |        | mul_ln65_7    | mul       | dsp_slice                | 3       |
|    mac_muladd_16s_16s_28s_28_4_1_U262                        | 1   |        | add_ln65_6    | add       | dsp_slice                | 3       |
|    mac_muladd_16s_16s_28s_28_4_1_U263                        | 1   |        | mul_ln66_7    | mul       | dsp_slice                | 3       |
|    mac_muladd_16s_16s_28s_28_4_1_U263                        | 1   |        | add_ln66_6    | add       | dsp_slice                | 3       |
|    sparsemux_121_6_16_1_1_U220                               |     |        | ix_8          | sparsemux | compactencoding_dontcare | 0       |
|    sparsemux_121_6_16_1_1_U221                               |     |        | iy_8          | sparsemux | compactencoding_dontcare | 0       |
|    sparsemux_121_6_16_1_1_U222                               |     |        | it_8          | sparsemux | compactencoding_dontcare | 0       |
|    mac_muladd_16s_16s_28s_28_4_1_U264                        | 1   |        | mul_ln62_8    | mul       | dsp_slice                | 3       |
|    mac_muladd_16s_16s_28s_28_4_1_U264                        | 1   |        | add_ln62_7    | add       | dsp_slice                | 3       |
|    mac_muladd_16s_16s_28s_28_4_1_U265                        | 1   |        | mul_ln63_8    | mul       | dsp_slice                | 3       |
|    mac_muladd_16s_16s_28s_28_4_1_U265                        | 1   |        | add_ln63_7    | add       | dsp_slice                | 3       |
|    mac_muladd_16s_16s_28s_28_4_1_U266                        | 1   |        | mul_ln64_8    | mul       | dsp_slice                | 3       |
|    mac_muladd_16s_16s_28s_28_4_1_U266                        | 1   |        | add_ln64_7    | add       | dsp_slice                | 3       |
|    mac_muladd_16s_16s_28s_28_4_1_U267                        | 1   |        | mul_ln65_8    | mul       | dsp_slice                | 3       |
|    mac_muladd_16s_16s_28s_28_4_1_U267                        | 1   |        | add_ln65_7    | add       | dsp_slice                | 3       |
|    mac_muladd_16s_16s_28s_28_4_1_U268                        | 1   |        | mul_ln66_8    | mul       | dsp_slice                | 3       |
|    mac_muladd_16s_16s_28s_28_4_1_U268                        | 1   |        | add_ln66_7    | add       | dsp_slice                | 3       |
|    mul_16s_16s_28_1_1_U224                                   | 1   |        | mul_ln71      | mul       | auto                     | 0       |
|    mac_mulsub_16s_16s_28s_28_4_1_U269                        | 1   |        | mul_ln71_1    | mul       | dsp_slice                | 3       |
|    mac_mulsub_16s_16s_28s_28_4_1_U269                        | 1   |        | sub_ln71      | sub       | dsp_slice                | 3       |
|    icmp_ln73_fu_15037_p2                                     |     |        | icmp_ln73     | seteq     | auto                     | 0       |
|    mac_mulsub_16s_16s_32s_32_4_1_U270                        | 1   |        | mul_ln74      | mul       | dsp_slice                | 3       |
|    mul_16s_16s_32_1_1_U225                                   | 1   |        | mul_ln74_1    | mul       | auto                     | 0       |
|    mac_mulsub_16s_16s_32s_32_4_1_U270                        | 1   |        | sub_ln74      | sub       | dsp_slice                | 3       |
|    sdiv_44ns_16s_44_48_1_U227                                |     |        | sdiv_ln74     | sdiv      | auto                     | 47      |
|    mac_mulsub_16s_16s_32s_32_4_1_U271                        | 1   |        | mul_ln75      | mul       | dsp_slice                | 3       |
|    mul_16s_16s_32_1_1_U226                                   | 1   |        | mul_ln75_1    | mul       | auto                     | 0       |
|    mac_mulsub_16s_16s_32s_32_4_1_U271                        | 1   |        | sub_ln75      | sub       | dsp_slice                | 3       |
|    sdiv_44ns_16s_44_48_1_U228                                |     |        | sdiv_ln75     | sdiv      | auto                     | 47      |
|    empty_fu_15153_p2                                         |     |        | empty         | add       | fabric                   | 0       |
|    empty_24_fu_15165_p2                                      |     |        | empty_24      | add       | fabric                   | 0       |
|    add_ln44_fu_15177_p2                                      |     |        | add_ln44      | add       | fabric                   | 0       |
+--------------------------------------------------------------+-----+--------+---------------+-----------+--------------------------+---------+


================================================================
== Storage Report
================================================================
+---------------------+--------------+-----------+------+------+--------+-----------+------+---------+------------------+
| Name                | Usage        | Type      | BRAM | URAM | Pragma | Variable  | Impl | Latency | Bitwidth, Depth, |
|                     |              |           |      |      |        |           |      |         | Banks            |
+---------------------+--------------+-----------+------+------+--------+-----------+------+---------+------------------+
| + lucas_kanade_hls  |              |           | 188  | 0    |        |           |      |         |                  |
|   control_s_axi_U   | interface    | s_axilite |      |      |        |           |      |         |                  |
|   control_r_s_axi_U | interface    | s_axilite |      |      |        |           |      |         |                  |
|   gmem_m_axi_U      | interface    | m_axi     | 2    |      |        |           |      |         |                  |
|   Ix_buf_U          | rom_np array |           | 1    |      |        | Ix_buf    | auto | 1       | 16, 64, 1        |
|   Ix_buf_1_U        | rom_np array |           | 1    |      |        | Ix_buf_1  | auto | 1       | 16, 64, 1        |
|   Ix_buf_2_U        | rom_np array |           | 1    |      |        | Ix_buf_2  | auto | 1       | 16, 64, 1        |
|   Ix_buf_3_U        | rom_np array |           | 1    |      |        | Ix_buf_3  | auto | 1       | 16, 64, 1        |
|   Ix_buf_4_U        | rom_np array |           | 1    |      |        | Ix_buf_4  | auto | 1       | 16, 64, 1        |
|   Ix_buf_5_U        | rom_np array |           | 1    |      |        | Ix_buf_5  | auto | 1       | 16, 64, 1        |
|   Ix_buf_6_U        | rom_np array |           | 1    |      |        | Ix_buf_6  | auto | 1       | 16, 64, 1        |
|   Ix_buf_7_U        | rom_np array |           | 1    |      |        | Ix_buf_7  | auto | 1       | 16, 64, 1        |
|   Ix_buf_8_U        | rom_np array |           | 1    |      |        | Ix_buf_8  | auto | 1       | 16, 64, 1        |
|   Ix_buf_9_U        | rom_np array |           | 1    |      |        | Ix_buf_9  | auto | 1       | 16, 64, 1        |
|   Ix_buf_10_U       | rom_np array |           | 1    |      |        | Ix_buf_10 | auto | 1       | 16, 64, 1        |
|   Ix_buf_11_U       | rom_np array |           | 1    |      |        | Ix_buf_11 | auto | 1       | 16, 64, 1        |
|   Ix_buf_12_U       | rom_np array |           | 1    |      |        | Ix_buf_12 | auto | 1       | 16, 64, 1        |
|   Ix_buf_13_U       | rom_np array |           | 1    |      |        | Ix_buf_13 | auto | 1       | 16, 64, 1        |
|   Ix_buf_14_U       | rom_np array |           | 1    |      |        | Ix_buf_14 | auto | 1       | 16, 64, 1        |
|   Ix_buf_15_U       | rom_np array |           | 1    |      |        | Ix_buf_15 | auto | 1       | 16, 64, 1        |
|   Ix_buf_16_U       | rom_np array |           | 1    |      |        | Ix_buf_16 | auto | 1       | 16, 64, 1        |
|   Ix_buf_17_U       | rom_np array |           | 1    |      |        | Ix_buf_17 | auto | 1       | 16, 64, 1        |
|   Ix_buf_18_U       | rom_np array |           | 1    |      |        | Ix_buf_18 | auto | 1       | 16, 64, 1        |
|   Ix_buf_19_U       | rom_np array |           | 1    |      |        | Ix_buf_19 | auto | 1       | 16, 64, 1        |
|   Ix_buf_20_U       | rom_np array |           | 1    |      |        | Ix_buf_20 | auto | 1       | 16, 64, 1        |
|   Ix_buf_21_U       | rom_np array |           | 1    |      |        | Ix_buf_21 | auto | 1       | 16, 64, 1        |
|   Ix_buf_22_U       | rom_np array |           | 1    |      |        | Ix_buf_22 | auto | 1       | 16, 64, 1        |
|   Ix_buf_23_U       | rom_np array |           | 1    |      |        | Ix_buf_23 | auto | 1       | 16, 64, 1        |
|   Ix_buf_24_U       | rom_np array |           | 1    |      |        | Ix_buf_24 | auto | 1       | 16, 64, 1        |
|   Ix_buf_25_U       | rom_np array |           | 1    |      |        | Ix_buf_25 | auto | 1       | 16, 64, 1        |
|   Ix_buf_26_U       | rom_np array |           | 1    |      |        | Ix_buf_26 | auto | 1       | 16, 64, 1        |
|   Ix_buf_27_U       | rom_np array |           | 1    |      |        | Ix_buf_27 | auto | 1       | 16, 64, 1        |
|   Ix_buf_28_U       | rom_np array |           | 1    |      |        | Ix_buf_28 | auto | 1       | 16, 64, 1        |
|   Ix_buf_29_U       | rom_np array |           | 1    |      |        | Ix_buf_29 | auto | 1       | 16, 64, 1        |
|   Ix_buf_30_U       | rom_np array |           | 1    |      |        | Ix_buf_30 | auto | 1       | 16, 64, 1        |
|   Ix_buf_31_U       | rom_np array |           | 1    |      |        | Ix_buf_31 | auto | 1       | 16, 64, 1        |
|   Ix_buf_32_U       | rom_np array |           | 1    |      |        | Ix_buf_32 | auto | 1       | 16, 64, 1        |
|   Ix_buf_33_U       | rom_np array |           | 1    |      |        | Ix_buf_33 | auto | 1       | 16, 64, 1        |
|   Ix_buf_34_U       | rom_np array |           | 1    |      |        | Ix_buf_34 | auto | 1       | 16, 64, 1        |
|   Ix_buf_35_U       | rom_np array |           | 1    |      |        | Ix_buf_35 | auto | 1       | 16, 64, 1        |
|   Ix_buf_36_U       | rom_np array |           | 1    |      |        | Ix_buf_36 | auto | 1       | 16, 64, 1        |
|   Ix_buf_37_U       | rom_np array |           | 1    |      |        | Ix_buf_37 | auto | 1       | 16, 64, 1        |
|   Ix_buf_38_U       | rom_np array |           | 1    |      |        | Ix_buf_38 | auto | 1       | 16, 64, 1        |
|   Ix_buf_39_U       | rom_np array |           | 1    |      |        | Ix_buf_39 | auto | 1       | 16, 64, 1        |
|   Ix_buf_40_U       | rom_np array |           | 1    |      |        | Ix_buf_40 | auto | 1       | 16, 64, 1        |
|   Ix_buf_41_U       | rom_np array |           | 1    |      |        | Ix_buf_41 | auto | 1       | 16, 64, 1        |
|   Ix_buf_42_U       | rom_np array |           | 1    |      |        | Ix_buf_42 | auto | 1       | 16, 64, 1        |
|   Ix_buf_43_U       | rom_np array |           | 1    |      |        | Ix_buf_43 | auto | 1       | 16, 64, 1        |
|   Ix_buf_44_U       | rom_np array |           | 1    |      |        | Ix_buf_44 | auto | 1       | 16, 64, 1        |
|   Ix_buf_45_U       | rom_np array |           | 1    |      |        | Ix_buf_45 | auto | 1       | 16, 64, 1        |
|   Ix_buf_46_U       | rom_np array |           | 1    |      |        | Ix_buf_46 | auto | 1       | 16, 64, 1        |
|   Ix_buf_47_U       | rom_np array |           | 1    |      |        | Ix_buf_47 | auto | 1       | 16, 64, 1        |
|   Ix_buf_48_U       | rom_np array |           | 1    |      |        | Ix_buf_48 | auto | 1       | 16, 64, 1        |
|   Ix_buf_49_U       | rom_np array |           | 1    |      |        | Ix_buf_49 | auto | 1       | 16, 64, 1        |
|   Ix_buf_50_U       | rom_np array |           | 1    |      |        | Ix_buf_50 | auto | 1       | 16, 64, 1        |
|   Ix_buf_51_U       | rom_np array |           | 1    |      |        | Ix_buf_51 | auto | 1       | 16, 64, 1        |
|   Ix_buf_52_U       | rom_np array |           | 1    |      |        | Ix_buf_52 | auto | 1       | 16, 64, 1        |
|   Ix_buf_53_U       | rom_np array |           | 1    |      |        | Ix_buf_53 | auto | 1       | 16, 64, 1        |
|   Ix_buf_54_U       | rom_np array |           | 1    |      |        | Ix_buf_54 | auto | 1       | 16, 64, 1        |
|   Ix_buf_55_U       | rom_np array |           | 1    |      |        | Ix_buf_55 | auto | 1       | 16, 64, 1        |
|   Ix_buf_56_U       | rom_np array |           | 1    |      |        | Ix_buf_56 | auto | 1       | 16, 64, 1        |
|   Ix_buf_57_U       | rom_np array |           | 1    |      |        | Ix_buf_57 | auto | 1       | 16, 64, 1        |
|   Ix_buf_58_U       | rom_np array |           | 1    |      |        | Ix_buf_58 | auto | 1       | 16, 64, 1        |
|   Ix_buf_59_U       | rom_np array |           | 1    |      |        | Ix_buf_59 | auto | 1       | 16, 64, 1        |
|   Ix_buf_60_U       | rom_np array |           | 1    |      |        | Ix_buf_60 | auto | 1       | 16, 64, 1        |
|   Ix_buf_61_U       | rom_np array |           | 1    |      |        | Ix_buf_61 | auto | 1       | 16, 64, 1        |
|   Iy_buf_U          | rom_np array |           | 1    |      |        | Iy_buf    | auto | 1       | 16, 64, 1        |
|   Iy_buf_1_U        | rom_np array |           | 1    |      |        | Iy_buf_1  | auto | 1       | 16, 64, 1        |
|   Iy_buf_2_U        | rom_np array |           | 1    |      |        | Iy_buf_2  | auto | 1       | 16, 64, 1        |
|   Iy_buf_3_U        | rom_np array |           | 1    |      |        | Iy_buf_3  | auto | 1       | 16, 64, 1        |
|   Iy_buf_4_U        | rom_np array |           | 1    |      |        | Iy_buf_4  | auto | 1       | 16, 64, 1        |
|   Iy_buf_5_U        | rom_np array |           | 1    |      |        | Iy_buf_5  | auto | 1       | 16, 64, 1        |
|   Iy_buf_6_U        | rom_np array |           | 1    |      |        | Iy_buf_6  | auto | 1       | 16, 64, 1        |
|   Iy_buf_7_U        | rom_np array |           | 1    |      |        | Iy_buf_7  | auto | 1       | 16, 64, 1        |
|   Iy_buf_8_U        | rom_np array |           | 1    |      |        | Iy_buf_8  | auto | 1       | 16, 64, 1        |
|   Iy_buf_9_U        | rom_np array |           | 1    |      |        | Iy_buf_9  | auto | 1       | 16, 64, 1        |
|   Iy_buf_10_U       | rom_np array |           | 1    |      |        | Iy_buf_10 | auto | 1       | 16, 64, 1        |
|   Iy_buf_11_U       | rom_np array |           | 1    |      |        | Iy_buf_11 | auto | 1       | 16, 64, 1        |
|   Iy_buf_12_U       | rom_np array |           | 1    |      |        | Iy_buf_12 | auto | 1       | 16, 64, 1        |
|   Iy_buf_13_U       | rom_np array |           | 1    |      |        | Iy_buf_13 | auto | 1       | 16, 64, 1        |
|   Iy_buf_14_U       | rom_np array |           | 1    |      |        | Iy_buf_14 | auto | 1       | 16, 64, 1        |
|   Iy_buf_15_U       | rom_np array |           | 1    |      |        | Iy_buf_15 | auto | 1       | 16, 64, 1        |
|   Iy_buf_16_U       | rom_np array |           | 1    |      |        | Iy_buf_16 | auto | 1       | 16, 64, 1        |
|   Iy_buf_17_U       | rom_np array |           | 1    |      |        | Iy_buf_17 | auto | 1       | 16, 64, 1        |
|   Iy_buf_18_U       | rom_np array |           | 1    |      |        | Iy_buf_18 | auto | 1       | 16, 64, 1        |
|   Iy_buf_19_U       | rom_np array |           | 1    |      |        | Iy_buf_19 | auto | 1       | 16, 64, 1        |
|   Iy_buf_20_U       | rom_np array |           | 1    |      |        | Iy_buf_20 | auto | 1       | 16, 64, 1        |
|   Iy_buf_21_U       | rom_np array |           | 1    |      |        | Iy_buf_21 | auto | 1       | 16, 64, 1        |
|   Iy_buf_22_U       | rom_np array |           | 1    |      |        | Iy_buf_22 | auto | 1       | 16, 64, 1        |
|   Iy_buf_23_U       | rom_np array |           | 1    |      |        | Iy_buf_23 | auto | 1       | 16, 64, 1        |
|   Iy_buf_24_U       | rom_np array |           | 1    |      |        | Iy_buf_24 | auto | 1       | 16, 64, 1        |
|   Iy_buf_25_U       | rom_np array |           | 1    |      |        | Iy_buf_25 | auto | 1       | 16, 64, 1        |
|   Iy_buf_26_U       | rom_np array |           | 1    |      |        | Iy_buf_26 | auto | 1       | 16, 64, 1        |
|   Iy_buf_27_U       | rom_np array |           | 1    |      |        | Iy_buf_27 | auto | 1       | 16, 64, 1        |
|   Iy_buf_28_U       | rom_np array |           | 1    |      |        | Iy_buf_28 | auto | 1       | 16, 64, 1        |
|   Iy_buf_29_U       | rom_np array |           | 1    |      |        | Iy_buf_29 | auto | 1       | 16, 64, 1        |
|   Iy_buf_30_U       | rom_np array |           | 1    |      |        | Iy_buf_30 | auto | 1       | 16, 64, 1        |
|   Iy_buf_31_U       | rom_np array |           | 1    |      |        | Iy_buf_31 | auto | 1       | 16, 64, 1        |
|   Iy_buf_32_U       | rom_np array |           | 1    |      |        | Iy_buf_32 | auto | 1       | 16, 64, 1        |
|   Iy_buf_33_U       | rom_np array |           | 1    |      |        | Iy_buf_33 | auto | 1       | 16, 64, 1        |
|   Iy_buf_34_U       | rom_np array |           | 1    |      |        | Iy_buf_34 | auto | 1       | 16, 64, 1        |
|   Iy_buf_35_U       | rom_np array |           | 1    |      |        | Iy_buf_35 | auto | 1       | 16, 64, 1        |
|   Iy_buf_36_U       | rom_np array |           | 1    |      |        | Iy_buf_36 | auto | 1       | 16, 64, 1        |
|   Iy_buf_37_U       | rom_np array |           | 1    |      |        | Iy_buf_37 | auto | 1       | 16, 64, 1        |
|   Iy_buf_38_U       | rom_np array |           | 1    |      |        | Iy_buf_38 | auto | 1       | 16, 64, 1        |
|   Iy_buf_39_U       | rom_np array |           | 1    |      |        | Iy_buf_39 | auto | 1       | 16, 64, 1        |
|   Iy_buf_40_U       | rom_np array |           | 1    |      |        | Iy_buf_40 | auto | 1       | 16, 64, 1        |
|   Iy_buf_41_U       | rom_np array |           | 1    |      |        | Iy_buf_41 | auto | 1       | 16, 64, 1        |
|   Iy_buf_42_U       | rom_np array |           | 1    |      |        | Iy_buf_42 | auto | 1       | 16, 64, 1        |
|   Iy_buf_43_U       | rom_np array |           | 1    |      |        | Iy_buf_43 | auto | 1       | 16, 64, 1        |
|   Iy_buf_44_U       | rom_np array |           | 1    |      |        | Iy_buf_44 | auto | 1       | 16, 64, 1        |
|   Iy_buf_45_U       | rom_np array |           | 1    |      |        | Iy_buf_45 | auto | 1       | 16, 64, 1        |
|   Iy_buf_46_U       | rom_np array |           | 1    |      |        | Iy_buf_46 | auto | 1       | 16, 64, 1        |
|   Iy_buf_47_U       | rom_np array |           | 1    |      |        | Iy_buf_47 | auto | 1       | 16, 64, 1        |
|   Iy_buf_48_U       | rom_np array |           | 1    |      |        | Iy_buf_48 | auto | 1       | 16, 64, 1        |
|   Iy_buf_49_U       | rom_np array |           | 1    |      |        | Iy_buf_49 | auto | 1       | 16, 64, 1        |
|   Iy_buf_50_U       | rom_np array |           | 1    |      |        | Iy_buf_50 | auto | 1       | 16, 64, 1        |
|   Iy_buf_51_U       | rom_np array |           | 1    |      |        | Iy_buf_51 | auto | 1       | 16, 64, 1        |
|   Iy_buf_52_U       | rom_np array |           | 1    |      |        | Iy_buf_52 | auto | 1       | 16, 64, 1        |
|   Iy_buf_53_U       | rom_np array |           | 1    |      |        | Iy_buf_53 | auto | 1       | 16, 64, 1        |
|   Iy_buf_54_U       | rom_np array |           | 1    |      |        | Iy_buf_54 | auto | 1       | 16, 64, 1        |
|   Iy_buf_55_U       | rom_np array |           | 1    |      |        | Iy_buf_55 | auto | 1       | 16, 64, 1        |
|   Iy_buf_56_U       | rom_np array |           | 1    |      |        | Iy_buf_56 | auto | 1       | 16, 64, 1        |
|   Iy_buf_57_U       | rom_np array |           | 1    |      |        | Iy_buf_57 | auto | 1       | 16, 64, 1        |
|   Iy_buf_58_U       | rom_np array |           | 1    |      |        | Iy_buf_58 | auto | 1       | 16, 64, 1        |
|   Iy_buf_59_U       | rom_np array |           | 1    |      |        | Iy_buf_59 | auto | 1       | 16, 64, 1        |
|   Iy_buf_60_U       | rom_np array |           | 1    |      |        | Iy_buf_60 | auto | 1       | 16, 64, 1        |
|   Iy_buf_61_U       | rom_np array |           | 1    |      |        | Iy_buf_61 | auto | 1       | 16, 64, 1        |
|   It_buf_U          | rom_np array |           | 1    |      |        | It_buf    | auto | 1       | 16, 64, 1        |
|   It_buf_1_U        | rom_np array |           | 1    |      |        | It_buf_1  | auto | 1       | 16, 64, 1        |
|   It_buf_2_U        | rom_np array |           | 1    |      |        | It_buf_2  | auto | 1       | 16, 64, 1        |
|   It_buf_3_U        | rom_np array |           | 1    |      |        | It_buf_3  | auto | 1       | 16, 64, 1        |
|   It_buf_4_U        | rom_np array |           | 1    |      |        | It_buf_4  | auto | 1       | 16, 64, 1        |
|   It_buf_5_U        | rom_np array |           | 1    |      |        | It_buf_5  | auto | 1       | 16, 64, 1        |
|   It_buf_6_U        | rom_np array |           | 1    |      |        | It_buf_6  | auto | 1       | 16, 64, 1        |
|   It_buf_7_U        | rom_np array |           | 1    |      |        | It_buf_7  | auto | 1       | 16, 64, 1        |
|   It_buf_8_U        | rom_np array |           | 1    |      |        | It_buf_8  | auto | 1       | 16, 64, 1        |
|   It_buf_9_U        | rom_np array |           | 1    |      |        | It_buf_9  | auto | 1       | 16, 64, 1        |
|   It_buf_10_U       | rom_np array |           | 1    |      |        | It_buf_10 | auto | 1       | 16, 64, 1        |
|   It_buf_11_U       | rom_np array |           | 1    |      |        | It_buf_11 | auto | 1       | 16, 64, 1        |
|   It_buf_12_U       | rom_np array |           | 1    |      |        | It_buf_12 | auto | 1       | 16, 64, 1        |
|   It_buf_13_U       | rom_np array |           | 1    |      |        | It_buf_13 | auto | 1       | 16, 64, 1        |
|   It_buf_14_U       | rom_np array |           | 1    |      |        | It_buf_14 | auto | 1       | 16, 64, 1        |
|   It_buf_15_U       | rom_np array |           | 1    |      |        | It_buf_15 | auto | 1       | 16, 64, 1        |
|   It_buf_16_U       | rom_np array |           | 1    |      |        | It_buf_16 | auto | 1       | 16, 64, 1        |
|   It_buf_17_U       | rom_np array |           | 1    |      |        | It_buf_17 | auto | 1       | 16, 64, 1        |
|   It_buf_18_U       | rom_np array |           | 1    |      |        | It_buf_18 | auto | 1       | 16, 64, 1        |
|   It_buf_19_U       | rom_np array |           | 1    |      |        | It_buf_19 | auto | 1       | 16, 64, 1        |
|   It_buf_20_U       | rom_np array |           | 1    |      |        | It_buf_20 | auto | 1       | 16, 64, 1        |
|   It_buf_21_U       | rom_np array |           | 1    |      |        | It_buf_21 | auto | 1       | 16, 64, 1        |
|   It_buf_22_U       | rom_np array |           | 1    |      |        | It_buf_22 | auto | 1       | 16, 64, 1        |
|   It_buf_23_U       | rom_np array |           | 1    |      |        | It_buf_23 | auto | 1       | 16, 64, 1        |
|   It_buf_24_U       | rom_np array |           | 1    |      |        | It_buf_24 | auto | 1       | 16, 64, 1        |
|   It_buf_25_U       | rom_np array |           | 1    |      |        | It_buf_25 | auto | 1       | 16, 64, 1        |
|   It_buf_26_U       | rom_np array |           | 1    |      |        | It_buf_26 | auto | 1       | 16, 64, 1        |
|   It_buf_27_U       | rom_np array |           | 1    |      |        | It_buf_27 | auto | 1       | 16, 64, 1        |
|   It_buf_28_U       | rom_np array |           | 1    |      |        | It_buf_28 | auto | 1       | 16, 64, 1        |
|   It_buf_29_U       | rom_np array |           | 1    |      |        | It_buf_29 | auto | 1       | 16, 64, 1        |
|   It_buf_30_U       | rom_np array |           | 1    |      |        | It_buf_30 | auto | 1       | 16, 64, 1        |
|   It_buf_31_U       | rom_np array |           | 1    |      |        | It_buf_31 | auto | 1       | 16, 64, 1        |
|   It_buf_32_U       | rom_np array |           | 1    |      |        | It_buf_32 | auto | 1       | 16, 64, 1        |
|   It_buf_33_U       | rom_np array |           | 1    |      |        | It_buf_33 | auto | 1       | 16, 64, 1        |
|   It_buf_34_U       | rom_np array |           | 1    |      |        | It_buf_34 | auto | 1       | 16, 64, 1        |
|   It_buf_35_U       | rom_np array |           | 1    |      |        | It_buf_35 | auto | 1       | 16, 64, 1        |
|   It_buf_36_U       | rom_np array |           | 1    |      |        | It_buf_36 | auto | 1       | 16, 64, 1        |
|   It_buf_37_U       | rom_np array |           | 1    |      |        | It_buf_37 | auto | 1       | 16, 64, 1        |
|   It_buf_38_U       | rom_np array |           | 1    |      |        | It_buf_38 | auto | 1       | 16, 64, 1        |
|   It_buf_39_U       | rom_np array |           | 1    |      |        | It_buf_39 | auto | 1       | 16, 64, 1        |
|   It_buf_40_U       | rom_np array |           | 1    |      |        | It_buf_40 | auto | 1       | 16, 64, 1        |
|   It_buf_41_U       | rom_np array |           | 1    |      |        | It_buf_41 | auto | 1       | 16, 64, 1        |
|   It_buf_42_U       | rom_np array |           | 1    |      |        | It_buf_42 | auto | 1       | 16, 64, 1        |
|   It_buf_43_U       | rom_np array |           | 1    |      |        | It_buf_43 | auto | 1       | 16, 64, 1        |
|   It_buf_44_U       | rom_np array |           | 1    |      |        | It_buf_44 | auto | 1       | 16, 64, 1        |
|   It_buf_45_U       | rom_np array |           | 1    |      |        | It_buf_45 | auto | 1       | 16, 64, 1        |
|   It_buf_46_U       | rom_np array |           | 1    |      |        | It_buf_46 | auto | 1       | 16, 64, 1        |
|   It_buf_47_U       | rom_np array |           | 1    |      |        | It_buf_47 | auto | 1       | 16, 64, 1        |
|   It_buf_48_U       | rom_np array |           | 1    |      |        | It_buf_48 | auto | 1       | 16, 64, 1        |
|   It_buf_49_U       | rom_np array |           | 1    |      |        | It_buf_49 | auto | 1       | 16, 64, 1        |
|   It_buf_50_U       | rom_np array |           | 1    |      |        | It_buf_50 | auto | 1       | 16, 64, 1        |
|   It_buf_51_U       | rom_np array |           | 1    |      |        | It_buf_51 | auto | 1       | 16, 64, 1        |
|   It_buf_52_U       | rom_np array |           | 1    |      |        | It_buf_52 | auto | 1       | 16, 64, 1        |
|   It_buf_53_U       | rom_np array |           | 1    |      |        | It_buf_53 | auto | 1       | 16, 64, 1        |
|   It_buf_54_U       | rom_np array |           | 1    |      |        | It_buf_54 | auto | 1       | 16, 64, 1        |
|   It_buf_55_U       | rom_np array |           | 1    |      |        | It_buf_55 | auto | 1       | 16, 64, 1        |
|   It_buf_56_U       | rom_np array |           | 1    |      |        | It_buf_56 | auto | 1       | 16, 64, 1        |
|   It_buf_57_U       | rom_np array |           | 1    |      |        | It_buf_57 | auto | 1       | 16, 64, 1        |
|   It_buf_58_U       | rom_np array |           | 1    |      |        | It_buf_58 | auto | 1       | 16, 64, 1        |
|   It_buf_59_U       | rom_np array |           | 1    |      |        | It_buf_59 | auto | 1       | 16, 64, 1        |
|   It_buf_60_U       | rom_np array |           | 1    |      |        | It_buf_60 | auto | 1       | 16, 64, 1        |
|   It_buf_61_U       | rom_np array |           | 1    |      |        | It_buf_61 | auto | 1       | 16, 64, 1        |
+---------------------+--------------+-----------+------+------+--------+-----------+------+---------+------------------+


================================================================
== Pragma Report
================================================================
* Inferred Pragmas
+--------------+---------+-----------------------------------------------------------------------------------------------------------------------------+------------------------------------------------+
| Type         | Options | Location                                                                                                                    | Inferred From                                  |
+--------------+---------+-----------------------------------------------------------------------------------------------------------------------------+------------------------------------------------+
| LOOP_FLATTEN |         | loop VITIS_LOOP_27_1 (../LK_hls/src/lucas_kanade_hls.cpp:27:22) in lucas_kanade_hls (../LK_hls/src/lucas_kanade_hls.cpp:27) | pipeline ../LK_hls/src/lucas_kanade_hls.cpp:29 |
| LOOP_FLATTEN |         | loop VITIS_LOOP_43_3 (../LK_hls/src/lucas_kanade_hls.cpp:43:22) in lucas_kanade_hls (../LK_hls/src/lucas_kanade_hls.cpp:43) | pipeline ../LK_hls/src/lucas_kanade_hls.cpp:45 |
+--------------+---------+-----------------------------------------------------------------------------------------------------------------------------+------------------------------------------------+

* Valid Pragma Syntax
+-----------------+----------------------------------------+-------------------------------------------------------------+
| Type            | Options                                | Location                                                    |
+-----------------+----------------------------------------+-------------------------------------------------------------+
| INTERFACE       | m_axi port=I1 offset=slave bundle=gmem | in lucas_kanade_hls (../LK_hls/src/lucas_kanade_hls.cpp:9)  |
| INTERFACE       | m_axi port=I2 offset=slave bundle=gmem | in lucas_kanade_hls (../LK_hls/src/lucas_kanade_hls.cpp:10) |
| INTERFACE       | m_axi port=u offset=slave bundle=gmem  | in lucas_kanade_hls (../LK_hls/src/lucas_kanade_hls.cpp:11) |
| INTERFACE       | m_axi port=v offset=slave bundle=gmem  | in lucas_kanade_hls (../LK_hls/src/lucas_kanade_hls.cpp:12) |
| INTERFACE       | s_axilite port=return bundle=control   | in lucas_kanade_hls (../LK_hls/src/lucas_kanade_hls.cpp:13) |
| ARRAY_PARTITION | variable=Ix_buf complete dim=2         | in lucas_kanade_hls (../LK_hls/src/lucas_kanade_hls.cpp:20) |
| ARRAY_PARTITION | variable=Iy_buf complete dim=2         | in lucas_kanade_hls (../LK_hls/src/lucas_kanade_hls.cpp:21) |
| ARRAY_PARTITION | variable=It_buf complete dim=2         | in lucas_kanade_hls (../LK_hls/src/lucas_kanade_hls.cpp:22) |
| PIPELINE        | ii=1                                   | in lucas_kanade_hls (../LK_hls/src/lucas_kanade_hls.cpp:29) |
| PIPELINE        | ii=1                                   | in lucas_kanade_hls (../LK_hls/src/lucas_kanade_hls.cpp:45) |
| UNROLL          |                                        | in lucas_kanade_hls (../LK_hls/src/lucas_kanade_hls.cpp:55) |
| UNROLL          |                                        | in lucas_kanade_hls (../LK_hls/src/lucas_kanade_hls.cpp:57) |
+-----------------+----------------------------------------+-------------------------------------------------------------+


