

================================================================
== Vitis HLS Report for 'lucas_kanade_hls'
================================================================
* Date:           Thu Dec 18 19:08:34 2025

* Version:        2025.2 (Build 6295257 on Nov 12 2025)
* Project:        lucas_kanade_hls
* Solution:       hls (Vivado IP Flow Target)
* Product family: kintex7
* Target device:  xc7k70t-fbg484-1


================================================================
== Performance Estimates
================================================================
+ Timing: 
    * Summary: 
    +--------+----------+----------+------------+
    |  Clock |  Target  | Estimated| Uncertainty|
    +--------+----------+----------+------------+
    |ap_clk  |  10.00 ns|  7.300 ns|     2.70 ns|
    +--------+----------+----------+------------+

+ Latency: 
    * Summary: 
    +---------+---------+----------+----------+-------+-------+---------+
    |  Latency (cycles) |  Latency (absolute) |    Interval   | Pipeline|
    |   min   |   max   |    min   |    max   |  min  |  max  |   Type  |
    +---------+---------+----------+----------+-------+-------+---------+
    |    45725|    45725|  0.457 ms|  0.457 ms|  45726|  45726|       no|
    +---------+---------+----------+----------+-------+-------+---------+

    + Detail: 
        * Instance: 
        +-----------------------------------------------------------------------+-----------------------------------------------------------+---------+---------+-----------+-----------+-----+-----+-------------------+
        |                                                                       |                                                           |  Latency (cycles) |   Latency (absolute)  |  Interval |      Pipeline     |
        |                                Instance                               |                           Module                          |   min   |   max   |    min    |    max    | min | max |        Type       |
        +-----------------------------------------------------------------------+-----------------------------------------------------------+---------+---------+-----------+-----------+-----+-----+-------------------+
        |grp_lucas_kanade_hls_Pipeline_VITIS_LOOP_27_1_VITIS_LOOP_28_2_fu_830   |lucas_kanade_hls_Pipeline_VITIS_LOOP_27_1_VITIS_LOOP_28_2  |    38451|    38451|   0.385 ms|   0.385 ms|    0|    0|  loop pipeline stp|
        |grp_lucas_kanade_hls_Pipeline_VITIS_LOOP_43_3_VITIS_LOOP_44_4_fu_1214  |lucas_kanade_hls_Pipeline_VITIS_LOOP_43_3_VITIS_LOOP_44_4  |     7271|     7271|  72.710 us|  72.710 us|    0|    0|  loop pipeline stp|
        +-----------------------------------------------------------------------+-----------------------------------------------------------+---------+---------+-----------+-----------+-----+-----+-------------------+

        * Loop: 
        N/A



================================================================
== Utilization Estimates
================================================================
* Summary: 
+-----------------+---------+-----+-------+-------+-----+
|       Name      | BRAM_18K| DSP |   FF  |  LUT  | URAM|
+-----------------+---------+-----+-------+-------+-----+
|DSP              |        -|    -|      -|      -|    -|
|Expression       |        -|    -|      0|    142|    -|
|FIFO             |        -|    -|      -|      -|    -|
|Instance         |        2|   51|  13538|  19965|    -|
|Memory           |      186|    -|      0|      0|    0|
|Multiplexer      |        -|    -|      0|   8250|    -|
|Register         |        -|    -|    390|      -|    -|
+-----------------+---------+-----+-------+-------+-----+
|Total            |      188|   51|  13928|  28357|    0|
+-----------------+---------+-----+-------+-------+-----+
|Available        |      270|  240|  82000|  41000|    0|
+-----------------+---------+-----+-------+-------+-----+
|Utilization (%)  |       69|   21|     16|     69|    0|
+-----------------+---------+-----+-------+-------+-----+

+ Detail: 
    * Instance: 
    +-----------------------------------------------------------------------+-----------------------------------------------------------+---------+----+-------+-------+-----+
    |                                Instance                               |                           Module                          | BRAM_18K| DSP|   FF  |  LUT  | URAM|
    +-----------------------------------------------------------------------+-----------------------------------------------------------+---------+----+-------+-------+-----+
    |control_r_s_axi_U                                                      |control_r_s_axi                                            |        0|   0|    310|    552|    0|
    |control_s_axi_U                                                        |control_s_axi                                              |        0|   0|     36|     40|    0|
    |gmem_m_axi_U                                                           |gmem_m_axi                                                 |        2|   0|    795|    823|    0|
    |grp_lucas_kanade_hls_Pipeline_VITIS_LOOP_27_1_VITIS_LOOP_28_2_fu_830   |lucas_kanade_hls_Pipeline_VITIS_LOOP_27_1_VITIS_LOOP_28_2  |        0|   0|    905|   1644|    0|
    |grp_lucas_kanade_hls_Pipeline_VITIS_LOOP_43_3_VITIS_LOOP_44_4_fu_1214  |lucas_kanade_hls_Pipeline_VITIS_LOOP_43_3_VITIS_LOOP_44_4  |        0|  51|  11492|  16906|    0|
    +-----------------------------------------------------------------------+-----------------------------------------------------------+---------+----+-------+-------+-----+
    |Total                                                                  |                                                           |        2|  51|  13538|  19965|    0|
    +-----------------------------------------------------------------------+-----------------------------------------------------------+---------+----+-------+-------+-----+

    * DSP: 
    N/A

    * Memory: 
    +-------------+---------------------------+---------+---+----+-----+------+-----+------+-------------+
    |    Memory   |           Module          | BRAM_18K| FF| LUT| URAM| Words| Bits| Banks| W*Bits*Banks|
    +-------------+---------------------------+---------+---+----+-----+------+-----+------+-------------+
    |Ix_buf_U     |Ix_buf_RAM_1WNR_AUTO_1R1W  |        1|  0|   0|    0|    64|   16|     1|         1024|
    |Ix_buf_1_U   |Ix_buf_RAM_1WNR_AUTO_1R1W  |        1|  0|   0|    0|    64|   16|     1|         1024|
    |Ix_buf_2_U   |Ix_buf_RAM_1WNR_AUTO_1R1W  |        1|  0|   0|    0|    64|   16|     1|         1024|
    |Ix_buf_3_U   |Ix_buf_RAM_1WNR_AUTO_1R1W  |        1|  0|   0|    0|    64|   16|     1|         1024|
    |Ix_buf_4_U   |Ix_buf_RAM_1WNR_AUTO_1R1W  |        1|  0|   0|    0|    64|   16|     1|         1024|
    |Ix_buf_5_U   |Ix_buf_RAM_1WNR_AUTO_1R1W  |        1|  0|   0|    0|    64|   16|     1|         1024|
    |Ix_buf_6_U   |Ix_buf_RAM_1WNR_AUTO_1R1W  |        1|  0|   0|    0|    64|   16|     1|         1024|
    |Ix_buf_7_U   |Ix_buf_RAM_1WNR_AUTO_1R1W  |        1|  0|   0|    0|    64|   16|     1|         1024|
    |Ix_buf_8_U   |Ix_buf_RAM_1WNR_AUTO_1R1W  |        1|  0|   0|    0|    64|   16|     1|         1024|
    |Ix_buf_9_U   |Ix_buf_RAM_1WNR_AUTO_1R1W  |        1|  0|   0|    0|    64|   16|     1|         1024|
    |Ix_buf_10_U  |Ix_buf_RAM_1WNR_AUTO_1R1W  |        1|  0|   0|    0|    64|   16|     1|         1024|
    |Ix_buf_11_U  |Ix_buf_RAM_1WNR_AUTO_1R1W  |        1|  0|   0|    0|    64|   16|     1|         1024|
    |Ix_buf_12_U  |Ix_buf_RAM_1WNR_AUTO_1R1W  |        1|  0|   0|    0|    64|   16|     1|         1024|
    |Ix_buf_13_U  |Ix_buf_RAM_1WNR_AUTO_1R1W  |        1|  0|   0|    0|    64|   16|     1|         1024|
    |Ix_buf_14_U  |Ix_buf_RAM_1WNR_AUTO_1R1W  |        1|  0|   0|    0|    64|   16|     1|         1024|
    |Ix_buf_15_U  |Ix_buf_RAM_1WNR_AUTO_1R1W  |        1|  0|   0|    0|    64|   16|     1|         1024|
    |Ix_buf_16_U  |Ix_buf_RAM_1WNR_AUTO_1R1W  |        1|  0|   0|    0|    64|   16|     1|         1024|
    |Ix_buf_17_U  |Ix_buf_RAM_1WNR_AUTO_1R1W  |        1|  0|   0|    0|    64|   16|     1|         1024|
    |Ix_buf_18_U  |Ix_buf_RAM_1WNR_AUTO_1R1W  |        1|  0|   0|    0|    64|   16|     1|         1024|
    |Ix_buf_19_U  |Ix_buf_RAM_1WNR_AUTO_1R1W  |        1|  0|   0|    0|    64|   16|     1|         1024|
    |Ix_buf_20_U  |Ix_buf_RAM_1WNR_AUTO_1R1W  |        1|  0|   0|    0|    64|   16|     1|         1024|
    |Ix_buf_21_U  |Ix_buf_RAM_1WNR_AUTO_1R1W  |        1|  0|   0|    0|    64|   16|     1|         1024|
    |Ix_buf_22_U  |Ix_buf_RAM_1WNR_AUTO_1R1W  |        1|  0|   0|    0|    64|   16|     1|         1024|
    |Ix_buf_23_U  |Ix_buf_RAM_1WNR_AUTO_1R1W  |        1|  0|   0|    0|    64|   16|     1|         1024|
    |Ix_buf_24_U  |Ix_buf_RAM_1WNR_AUTO_1R1W  |        1|  0|   0|    0|    64|   16|     1|         1024|
    |Ix_buf_25_U  |Ix_buf_RAM_1WNR_AUTO_1R1W  |        1|  0|   0|    0|    64|   16|     1|         1024|
    |Ix_buf_26_U  |Ix_buf_RAM_1WNR_AUTO_1R1W  |        1|  0|   0|    0|    64|   16|     1|         1024|
    |Ix_buf_27_U  |Ix_buf_RAM_1WNR_AUTO_1R1W  |        1|  0|   0|    0|    64|   16|     1|         1024|
    |Ix_buf_28_U  |Ix_buf_RAM_1WNR_AUTO_1R1W  |        1|  0|   0|    0|    64|   16|     1|         1024|
    |Ix_buf_29_U  |Ix_buf_RAM_1WNR_AUTO_1R1W  |        1|  0|   0|    0|    64|   16|     1|         1024|
    |Ix_buf_30_U  |Ix_buf_RAM_1WNR_AUTO_1R1W  |        1|  0|   0|    0|    64|   16|     1|         1024|
    |Ix_buf_31_U  |Ix_buf_RAM_1WNR_AUTO_1R1W  |        1|  0|   0|    0|    64|   16|     1|         1024|
    |Ix_buf_32_U  |Ix_buf_RAM_1WNR_AUTO_1R1W  |        1|  0|   0|    0|    64|   16|     1|         1024|
    |Ix_buf_33_U  |Ix_buf_RAM_1WNR_AUTO_1R1W  |        1|  0|   0|    0|    64|   16|     1|         1024|
    |Ix_buf_34_U  |Ix_buf_RAM_1WNR_AUTO_1R1W  |        1|  0|   0|    0|    64|   16|     1|         1024|
    |Ix_buf_35_U  |Ix_buf_RAM_1WNR_AUTO_1R1W  |        1|  0|   0|    0|    64|   16|     1|         1024|
    |Ix_buf_36_U  |Ix_buf_RAM_1WNR_AUTO_1R1W  |        1|  0|   0|    0|    64|   16|     1|         1024|
    |Ix_buf_37_U  |Ix_buf_RAM_1WNR_AUTO_1R1W  |        1|  0|   0|    0|    64|   16|     1|         1024|
    |Ix_buf_38_U  |Ix_buf_RAM_1WNR_AUTO_1R1W  |        1|  0|   0|    0|    64|   16|     1|         1024|
    |Ix_buf_39_U  |Ix_buf_RAM_1WNR_AUTO_1R1W  |        1|  0|   0|    0|    64|   16|     1|         1024|
    |Ix_buf_40_U  |Ix_buf_RAM_1WNR_AUTO_1R1W  |        1|  0|   0|    0|    64|   16|     1|         1024|
    |Ix_buf_41_U  |Ix_buf_RAM_1WNR_AUTO_1R1W  |        1|  0|   0|    0|    64|   16|     1|         1024|
    |Ix_buf_42_U  |Ix_buf_RAM_1WNR_AUTO_1R1W  |        1|  0|   0|    0|    64|   16|     1|         1024|
    |Ix_buf_43_U  |Ix_buf_RAM_1WNR_AUTO_1R1W  |        1|  0|   0|    0|    64|   16|     1|         1024|
    |Ix_buf_44_U  |Ix_buf_RAM_1WNR_AUTO_1R1W  |        1|  0|   0|    0|    64|   16|     1|         1024|
    |Ix_buf_45_U  |Ix_buf_RAM_1WNR_AUTO_1R1W  |        1|  0|   0|    0|    64|   16|     1|         1024|
    |Ix_buf_46_U  |Ix_buf_RAM_1WNR_AUTO_1R1W  |        1|  0|   0|    0|    64|   16|     1|         1024|
    |Ix_buf_47_U  |Ix_buf_RAM_1WNR_AUTO_1R1W  |        1|  0|   0|    0|    64|   16|     1|         1024|
    |Ix_buf_48_U  |Ix_buf_RAM_1WNR_AUTO_1R1W  |        1|  0|   0|    0|    64|   16|     1|         1024|
    |Ix_buf_49_U  |Ix_buf_RAM_1WNR_AUTO_1R1W  |        1|  0|   0|    0|    64|   16|     1|         1024|
    |Ix_buf_50_U  |Ix_buf_RAM_1WNR_AUTO_1R1W  |        1|  0|   0|    0|    64|   16|     1|         1024|
    |Ix_buf_51_U  |Ix_buf_RAM_1WNR_AUTO_1R1W  |        1|  0|   0|    0|    64|   16|     1|         1024|
    |Ix_buf_52_U  |Ix_buf_RAM_1WNR_AUTO_1R1W  |        1|  0|   0|    0|    64|   16|     1|         1024|
    |Ix_buf_53_U  |Ix_buf_RAM_1WNR_AUTO_1R1W  |        1|  0|   0|    0|    64|   16|     1|         1024|
    |Ix_buf_54_U  |Ix_buf_RAM_1WNR_AUTO_1R1W  |        1|  0|   0|    0|    64|   16|     1|         1024|
    |Ix_buf_55_U  |Ix_buf_RAM_1WNR_AUTO_1R1W  |        1|  0|   0|    0|    64|   16|     1|         1024|
    |Ix_buf_56_U  |Ix_buf_RAM_1WNR_AUTO_1R1W  |        1|  0|   0|    0|    64|   16|     1|         1024|
    |Ix_buf_57_U  |Ix_buf_RAM_1WNR_AUTO_1R1W  |        1|  0|   0|    0|    64|   16|     1|         1024|
    |Ix_buf_58_U  |Ix_buf_RAM_1WNR_AUTO_1R1W  |        1|  0|   0|    0|    64|   16|     1|         1024|
    |Ix_buf_59_U  |Ix_buf_RAM_1WNR_AUTO_1R1W  |        1|  0|   0|    0|    64|   16|     1|         1024|
    |Ix_buf_60_U  |Ix_buf_RAM_1WNR_AUTO_1R1W  |        1|  0|   0|    0|    64|   16|     1|         1024|
    |Ix_buf_61_U  |Ix_buf_RAM_1WNR_AUTO_1R1W  |        1|  0|   0|    0|    64|   16|     1|         1024|
    |Iy_buf_U     |Ix_buf_RAM_1WNR_AUTO_1R1W  |        1|  0|   0|    0|    64|   16|     1|         1024|
    |Iy_buf_1_U   |Ix_buf_RAM_1WNR_AUTO_1R1W  |        1|  0|   0|    0|    64|   16|     1|         1024|
    |Iy_buf_2_U   |Ix_buf_RAM_1WNR_AUTO_1R1W  |        1|  0|   0|    0|    64|   16|     1|         1024|
    |Iy_buf_3_U   |Ix_buf_RAM_1WNR_AUTO_1R1W  |        1|  0|   0|    0|    64|   16|     1|         1024|
    |Iy_buf_4_U   |Ix_buf_RAM_1WNR_AUTO_1R1W  |        1|  0|   0|    0|    64|   16|     1|         1024|
    |Iy_buf_5_U   |Ix_buf_RAM_1WNR_AUTO_1R1W  |        1|  0|   0|    0|    64|   16|     1|         1024|
    |Iy_buf_6_U   |Ix_buf_RAM_1WNR_AUTO_1R1W  |        1|  0|   0|    0|    64|   16|     1|         1024|
    |Iy_buf_7_U   |Ix_buf_RAM_1WNR_AUTO_1R1W  |        1|  0|   0|    0|    64|   16|     1|         1024|
    |Iy_buf_8_U   |Ix_buf_RAM_1WNR_AUTO_1R1W  |        1|  0|   0|    0|    64|   16|     1|         1024|
    |Iy_buf_9_U   |Ix_buf_RAM_1WNR_AUTO_1R1W  |        1|  0|   0|    0|    64|   16|     1|         1024|
    |Iy_buf_10_U  |Ix_buf_RAM_1WNR_AUTO_1R1W  |        1|  0|   0|    0|    64|   16|     1|         1024|
    |Iy_buf_11_U  |Ix_buf_RAM_1WNR_AUTO_1R1W  |        1|  0|   0|    0|    64|   16|     1|         1024|
    |Iy_buf_12_U  |Ix_buf_RAM_1WNR_AUTO_1R1W  |        1|  0|   0|    0|    64|   16|     1|         1024|
    |Iy_buf_13_U  |Ix_buf_RAM_1WNR_AUTO_1R1W  |        1|  0|   0|    0|    64|   16|     1|         1024|
    |Iy_buf_14_U  |Ix_buf_RAM_1WNR_AUTO_1R1W  |        1|  0|   0|    0|    64|   16|     1|         1024|
    |Iy_buf_15_U  |Ix_buf_RAM_1WNR_AUTO_1R1W  |        1|  0|   0|    0|    64|   16|     1|         1024|
    |Iy_buf_16_U  |Ix_buf_RAM_1WNR_AUTO_1R1W  |        1|  0|   0|    0|    64|   16|     1|         1024|
    |Iy_buf_17_U  |Ix_buf_RAM_1WNR_AUTO_1R1W  |        1|  0|   0|    0|    64|   16|     1|         1024|
    |Iy_buf_18_U  |Ix_buf_RAM_1WNR_AUTO_1R1W  |        1|  0|   0|    0|    64|   16|     1|         1024|
    |Iy_buf_19_U  |Ix_buf_RAM_1WNR_AUTO_1R1W  |        1|  0|   0|    0|    64|   16|     1|         1024|
    |Iy_buf_20_U  |Ix_buf_RAM_1WNR_AUTO_1R1W  |        1|  0|   0|    0|    64|   16|     1|         1024|
    |Iy_buf_21_U  |Ix_buf_RAM_1WNR_AUTO_1R1W  |        1|  0|   0|    0|    64|   16|     1|         1024|
    |Iy_buf_22_U  |Ix_buf_RAM_1WNR_AUTO_1R1W  |        1|  0|   0|    0|    64|   16|     1|         1024|
    |Iy_buf_23_U  |Ix_buf_RAM_1WNR_AUTO_1R1W  |        1|  0|   0|    0|    64|   16|     1|         1024|
    |Iy_buf_24_U  |Ix_buf_RAM_1WNR_AUTO_1R1W  |        1|  0|   0|    0|    64|   16|     1|         1024|
    |Iy_buf_25_U  |Ix_buf_RAM_1WNR_AUTO_1R1W  |        1|  0|   0|    0|    64|   16|     1|         1024|
    |Iy_buf_26_U  |Ix_buf_RAM_1WNR_AUTO_1R1W  |        1|  0|   0|    0|    64|   16|     1|         1024|
    |Iy_buf_27_U  |Ix_buf_RAM_1WNR_AUTO_1R1W  |        1|  0|   0|    0|    64|   16|     1|         1024|
    |Iy_buf_28_U  |Ix_buf_RAM_1WNR_AUTO_1R1W  |        1|  0|   0|    0|    64|   16|     1|         1024|
    |Iy_buf_29_U  |Ix_buf_RAM_1WNR_AUTO_1R1W  |        1|  0|   0|    0|    64|   16|     1|         1024|
    |Iy_buf_30_U  |Ix_buf_RAM_1WNR_AUTO_1R1W  |        1|  0|   0|    0|    64|   16|     1|         1024|
    |Iy_buf_31_U  |Ix_buf_RAM_1WNR_AUTO_1R1W  |        1|  0|   0|    0|    64|   16|     1|         1024|
    |Iy_buf_32_U  |Ix_buf_RAM_1WNR_AUTO_1R1W  |        1|  0|   0|    0|    64|   16|     1|         1024|
    |Iy_buf_33_U  |Ix_buf_RAM_1WNR_AUTO_1R1W  |        1|  0|   0|    0|    64|   16|     1|         1024|
    |Iy_buf_34_U  |Ix_buf_RAM_1WNR_AUTO_1R1W  |        1|  0|   0|    0|    64|   16|     1|         1024|
    |Iy_buf_35_U  |Ix_buf_RAM_1WNR_AUTO_1R1W  |        1|  0|   0|    0|    64|   16|     1|         1024|
    |Iy_buf_36_U  |Ix_buf_RAM_1WNR_AUTO_1R1W  |        1|  0|   0|    0|    64|   16|     1|         1024|
    |Iy_buf_37_U  |Ix_buf_RAM_1WNR_AUTO_1R1W  |        1|  0|   0|    0|    64|   16|     1|         1024|
    |Iy_buf_38_U  |Ix_buf_RAM_1WNR_AUTO_1R1W  |        1|  0|   0|    0|    64|   16|     1|         1024|
    |Iy_buf_39_U  |Ix_buf_RAM_1WNR_AUTO_1R1W  |        1|  0|   0|    0|    64|   16|     1|         1024|
    |Iy_buf_40_U  |Ix_buf_RAM_1WNR_AUTO_1R1W  |        1|  0|   0|    0|    64|   16|     1|         1024|
    |Iy_buf_41_U  |Ix_buf_RAM_1WNR_AUTO_1R1W  |        1|  0|   0|    0|    64|   16|     1|         1024|
    |Iy_buf_42_U  |Ix_buf_RAM_1WNR_AUTO_1R1W  |        1|  0|   0|    0|    64|   16|     1|         1024|
    |Iy_buf_43_U  |Ix_buf_RAM_1WNR_AUTO_1R1W  |        1|  0|   0|    0|    64|   16|     1|         1024|
    |Iy_buf_44_U  |Ix_buf_RAM_1WNR_AUTO_1R1W  |        1|  0|   0|    0|    64|   16|     1|         1024|
    |Iy_buf_45_U  |Ix_buf_RAM_1WNR_AUTO_1R1W  |        1|  0|   0|    0|    64|   16|     1|         1024|
    |Iy_buf_46_U  |Ix_buf_RAM_1WNR_AUTO_1R1W  |        1|  0|   0|    0|    64|   16|     1|         1024|
    |Iy_buf_47_U  |Ix_buf_RAM_1WNR_AUTO_1R1W  |        1|  0|   0|    0|    64|   16|     1|         1024|
    |Iy_buf_48_U  |Ix_buf_RAM_1WNR_AUTO_1R1W  |        1|  0|   0|    0|    64|   16|     1|         1024|
    |Iy_buf_49_U  |Ix_buf_RAM_1WNR_AUTO_1R1W  |        1|  0|   0|    0|    64|   16|     1|         1024|
    |Iy_buf_50_U  |Ix_buf_RAM_1WNR_AUTO_1R1W  |        1|  0|   0|    0|    64|   16|     1|         1024|
    |Iy_buf_51_U  |Ix_buf_RAM_1WNR_AUTO_1R1W  |        1|  0|   0|    0|    64|   16|     1|         1024|
    |Iy_buf_52_U  |Ix_buf_RAM_1WNR_AUTO_1R1W  |        1|  0|   0|    0|    64|   16|     1|         1024|
    |Iy_buf_53_U  |Ix_buf_RAM_1WNR_AUTO_1R1W  |        1|  0|   0|    0|    64|   16|     1|         1024|
    |Iy_buf_54_U  |Ix_buf_RAM_1WNR_AUTO_1R1W  |        1|  0|   0|    0|    64|   16|     1|         1024|
    |Iy_buf_55_U  |Ix_buf_RAM_1WNR_AUTO_1R1W  |        1|  0|   0|    0|    64|   16|     1|         1024|
    |Iy_buf_56_U  |Ix_buf_RAM_1WNR_AUTO_1R1W  |        1|  0|   0|    0|    64|   16|     1|         1024|
    |Iy_buf_57_U  |Ix_buf_RAM_1WNR_AUTO_1R1W  |        1|  0|   0|    0|    64|   16|     1|         1024|
    |Iy_buf_58_U  |Ix_buf_RAM_1WNR_AUTO_1R1W  |        1|  0|   0|    0|    64|   16|     1|         1024|
    |Iy_buf_59_U  |Ix_buf_RAM_1WNR_AUTO_1R1W  |        1|  0|   0|    0|    64|   16|     1|         1024|
    |Iy_buf_60_U  |Ix_buf_RAM_1WNR_AUTO_1R1W  |        1|  0|   0|    0|    64|   16|     1|         1024|
    |Iy_buf_61_U  |Ix_buf_RAM_1WNR_AUTO_1R1W  |        1|  0|   0|    0|    64|   16|     1|         1024|
    |It_buf_U     |Ix_buf_RAM_1WNR_AUTO_1R1W  |        1|  0|   0|    0|    64|   16|     1|         1024|
    |It_buf_1_U   |Ix_buf_RAM_1WNR_AUTO_1R1W  |        1|  0|   0|    0|    64|   16|     1|         1024|
    |It_buf_2_U   |Ix_buf_RAM_1WNR_AUTO_1R1W  |        1|  0|   0|    0|    64|   16|     1|         1024|
    |It_buf_3_U   |Ix_buf_RAM_1WNR_AUTO_1R1W  |        1|  0|   0|    0|    64|   16|     1|         1024|
    |It_buf_4_U   |Ix_buf_RAM_1WNR_AUTO_1R1W  |        1|  0|   0|    0|    64|   16|     1|         1024|
    |It_buf_5_U   |Ix_buf_RAM_1WNR_AUTO_1R1W  |        1|  0|   0|    0|    64|   16|     1|         1024|
    |It_buf_6_U   |Ix_buf_RAM_1WNR_AUTO_1R1W  |        1|  0|   0|    0|    64|   16|     1|         1024|
    |It_buf_7_U   |Ix_buf_RAM_1WNR_AUTO_1R1W  |        1|  0|   0|    0|    64|   16|     1|         1024|
    |It_buf_8_U   |Ix_buf_RAM_1WNR_AUTO_1R1W  |        1|  0|   0|    0|    64|   16|     1|         1024|
    |It_buf_9_U   |Ix_buf_RAM_1WNR_AUTO_1R1W  |        1|  0|   0|    0|    64|   16|     1|         1024|
    |It_buf_10_U  |Ix_buf_RAM_1WNR_AUTO_1R1W  |        1|  0|   0|    0|    64|   16|     1|         1024|
    |It_buf_11_U  |Ix_buf_RAM_1WNR_AUTO_1R1W  |        1|  0|   0|    0|    64|   16|     1|         1024|
    |It_buf_12_U  |Ix_buf_RAM_1WNR_AUTO_1R1W  |        1|  0|   0|    0|    64|   16|     1|         1024|
    |It_buf_13_U  |Ix_buf_RAM_1WNR_AUTO_1R1W  |        1|  0|   0|    0|    64|   16|     1|         1024|
    |It_buf_14_U  |Ix_buf_RAM_1WNR_AUTO_1R1W  |        1|  0|   0|    0|    64|   16|     1|         1024|
    |It_buf_15_U  |Ix_buf_RAM_1WNR_AUTO_1R1W  |        1|  0|   0|    0|    64|   16|     1|         1024|
    |It_buf_16_U  |Ix_buf_RAM_1WNR_AUTO_1R1W  |        1|  0|   0|    0|    64|   16|     1|         1024|
    |It_buf_17_U  |Ix_buf_RAM_1WNR_AUTO_1R1W  |        1|  0|   0|    0|    64|   16|     1|         1024|
    |It_buf_18_U  |Ix_buf_RAM_1WNR_AUTO_1R1W  |        1|  0|   0|    0|    64|   16|     1|         1024|
    |It_buf_19_U  |Ix_buf_RAM_1WNR_AUTO_1R1W  |        1|  0|   0|    0|    64|   16|     1|         1024|
    |It_buf_20_U  |Ix_buf_RAM_1WNR_AUTO_1R1W  |        1|  0|   0|    0|    64|   16|     1|         1024|
    |It_buf_21_U  |Ix_buf_RAM_1WNR_AUTO_1R1W  |        1|  0|   0|    0|    64|   16|     1|         1024|
    |It_buf_22_U  |Ix_buf_RAM_1WNR_AUTO_1R1W  |        1|  0|   0|    0|    64|   16|     1|         1024|
    |It_buf_23_U  |Ix_buf_RAM_1WNR_AUTO_1R1W  |        1|  0|   0|    0|    64|   16|     1|         1024|
    |It_buf_24_U  |Ix_buf_RAM_1WNR_AUTO_1R1W  |        1|  0|   0|    0|    64|   16|     1|         1024|
    |It_buf_25_U  |Ix_buf_RAM_1WNR_AUTO_1R1W  |        1|  0|   0|    0|    64|   16|     1|         1024|
    |It_buf_26_U  |Ix_buf_RAM_1WNR_AUTO_1R1W  |        1|  0|   0|    0|    64|   16|     1|         1024|
    |It_buf_27_U  |Ix_buf_RAM_1WNR_AUTO_1R1W  |        1|  0|   0|    0|    64|   16|     1|         1024|
    |It_buf_28_U  |Ix_buf_RAM_1WNR_AUTO_1R1W  |        1|  0|   0|    0|    64|   16|     1|         1024|
    |It_buf_29_U  |Ix_buf_RAM_1WNR_AUTO_1R1W  |        1|  0|   0|    0|    64|   16|     1|         1024|
    |It_buf_30_U  |Ix_buf_RAM_1WNR_AUTO_1R1W  |        1|  0|   0|    0|    64|   16|     1|         1024|
    |It_buf_31_U  |Ix_buf_RAM_1WNR_AUTO_1R1W  |        1|  0|   0|    0|    64|   16|     1|         1024|
    |It_buf_32_U  |Ix_buf_RAM_1WNR_AUTO_1R1W  |        1|  0|   0|    0|    64|   16|     1|         1024|
    |It_buf_33_U  |Ix_buf_RAM_1WNR_AUTO_1R1W  |        1|  0|   0|    0|    64|   16|     1|         1024|
    |It_buf_34_U  |Ix_buf_RAM_1WNR_AUTO_1R1W  |        1|  0|   0|    0|    64|   16|     1|         1024|
    |It_buf_35_U  |Ix_buf_RAM_1WNR_AUTO_1R1W  |        1|  0|   0|    0|    64|   16|     1|         1024|
    |It_buf_36_U  |Ix_buf_RAM_1WNR_AUTO_1R1W  |        1|  0|   0|    0|    64|   16|     1|         1024|
    |It_buf_37_U  |Ix_buf_RAM_1WNR_AUTO_1R1W  |        1|  0|   0|    0|    64|   16|     1|         1024|
    |It_buf_38_U  |Ix_buf_RAM_1WNR_AUTO_1R1W  |        1|  0|   0|    0|    64|   16|     1|         1024|
    |It_buf_39_U  |Ix_buf_RAM_1WNR_AUTO_1R1W  |        1|  0|   0|    0|    64|   16|     1|         1024|
    |It_buf_40_U  |Ix_buf_RAM_1WNR_AUTO_1R1W  |        1|  0|   0|    0|    64|   16|     1|         1024|
    |It_buf_41_U  |Ix_buf_RAM_1WNR_AUTO_1R1W  |        1|  0|   0|    0|    64|   16|     1|         1024|
    |It_buf_42_U  |Ix_buf_RAM_1WNR_AUTO_1R1W  |        1|  0|   0|    0|    64|   16|     1|         1024|
    |It_buf_43_U  |Ix_buf_RAM_1WNR_AUTO_1R1W  |        1|  0|   0|    0|    64|   16|     1|         1024|
    |It_buf_44_U  |Ix_buf_RAM_1WNR_AUTO_1R1W  |        1|  0|   0|    0|    64|   16|     1|         1024|
    |It_buf_45_U  |Ix_buf_RAM_1WNR_AUTO_1R1W  |        1|  0|   0|    0|    64|   16|     1|         1024|
    |It_buf_46_U  |Ix_buf_RAM_1WNR_AUTO_1R1W  |        1|  0|   0|    0|    64|   16|     1|         1024|
    |It_buf_47_U  |Ix_buf_RAM_1WNR_AUTO_1R1W  |        1|  0|   0|    0|    64|   16|     1|         1024|
    |It_buf_48_U  |Ix_buf_RAM_1WNR_AUTO_1R1W  |        1|  0|   0|    0|    64|   16|     1|         1024|
    |It_buf_49_U  |Ix_buf_RAM_1WNR_AUTO_1R1W  |        1|  0|   0|    0|    64|   16|     1|         1024|
    |It_buf_50_U  |Ix_buf_RAM_1WNR_AUTO_1R1W  |        1|  0|   0|    0|    64|   16|     1|         1024|
    |It_buf_51_U  |Ix_buf_RAM_1WNR_AUTO_1R1W  |        1|  0|   0|    0|    64|   16|     1|         1024|
    |It_buf_52_U  |Ix_buf_RAM_1WNR_AUTO_1R1W  |        1|  0|   0|    0|    64|   16|     1|         1024|
    |It_buf_53_U  |Ix_buf_RAM_1WNR_AUTO_1R1W  |        1|  0|   0|    0|    64|   16|     1|         1024|
    |It_buf_54_U  |Ix_buf_RAM_1WNR_AUTO_1R1W  |        1|  0|   0|    0|    64|   16|     1|         1024|
    |It_buf_55_U  |Ix_buf_RAM_1WNR_AUTO_1R1W  |        1|  0|   0|    0|    64|   16|     1|         1024|
    |It_buf_56_U  |Ix_buf_RAM_1WNR_AUTO_1R1W  |        1|  0|   0|    0|    64|   16|     1|         1024|
    |It_buf_57_U  |Ix_buf_RAM_1WNR_AUTO_1R1W  |        1|  0|   0|    0|    64|   16|     1|         1024|
    |It_buf_58_U  |Ix_buf_RAM_1WNR_AUTO_1R1W  |        1|  0|   0|    0|    64|   16|     1|         1024|
    |It_buf_59_U  |Ix_buf_RAM_1WNR_AUTO_1R1W  |        1|  0|   0|    0|    64|   16|     1|         1024|
    |It_buf_60_U  |Ix_buf_RAM_1WNR_AUTO_1R1W  |        1|  0|   0|    0|    64|   16|     1|         1024|
    |It_buf_61_U  |Ix_buf_RAM_1WNR_AUTO_1R1W  |        1|  0|   0|    0|    64|   16|     1|         1024|
    +-------------+---------------------------+---------+---+----+-----+------+-----+------+-------------+
    |Total        |                           |      186|  0|   0|    0| 11904| 2976|   186|       190464|
    +-------------+---------------------------+---------+---+----+-----+------+-----+------+-------------+

    * FIFO: 
    N/A

    * Expression: 
    +-----------------------+----------+----+---+----+------------+------------+
    |     Variable Name     | Operation| DSP| FF| LUT| Bitwidth P0| Bitwidth P1|
    +-----------------------+----------+----+---+----+------------+------------+
    |add_ln27_1_fu_1415_p2  |         +|   0|  0|  71|          64|           2|
    |add_ln27_fu_1408_p2    |         +|   0|  0|  71|          64|           2|
    +-----------------------+----------+----+---+----+------------+------------+
    |Total                  |          |   0|  0| 142|         128|           4|
    +-----------------------+----------+----+---+----+------------+------------+

    * Multiplexer: 
    +--------------------+----+-----------+-----+-----------+
    |        Name        | LUT| Input Size| Bits| Total Bits|
    +--------------------+----+-----------+-----+-----------+
    |It_buf_10_address0  |  13|          3|    6|         18|
    |It_buf_10_ce0       |  13|          3|    1|          3|
    |It_buf_10_ce1       |   9|          2|    1|          2|
    |It_buf_10_we0       |   9|          2|    1|          2|
    |It_buf_11_address0  |  13|          3|    6|         18|
    |It_buf_11_ce0       |  13|          3|    1|          3|
    |It_buf_11_ce1       |   9|          2|    1|          2|
    |It_buf_11_we0       |   9|          2|    1|          2|
    |It_buf_12_address0  |  13|          3|    6|         18|
    |It_buf_12_ce0       |  13|          3|    1|          3|
    |It_buf_12_ce1       |   9|          2|    1|          2|
    |It_buf_12_we0       |   9|          2|    1|          2|
    |It_buf_13_address0  |  13|          3|    6|         18|
    |It_buf_13_ce0       |  13|          3|    1|          3|
    |It_buf_13_ce1       |   9|          2|    1|          2|
    |It_buf_13_we0       |   9|          2|    1|          2|
    |It_buf_14_address0  |  13|          3|    6|         18|
    |It_buf_14_ce0       |  13|          3|    1|          3|
    |It_buf_14_ce1       |   9|          2|    1|          2|
    |It_buf_14_we0       |   9|          2|    1|          2|
    |It_buf_15_address0  |  13|          3|    6|         18|
    |It_buf_15_ce0       |  13|          3|    1|          3|
    |It_buf_15_ce1       |   9|          2|    1|          2|
    |It_buf_15_we0       |   9|          2|    1|          2|
    |It_buf_16_address0  |  13|          3|    6|         18|
    |It_buf_16_ce0       |  13|          3|    1|          3|
    |It_buf_16_ce1       |   9|          2|    1|          2|
    |It_buf_16_we0       |   9|          2|    1|          2|
    |It_buf_17_address0  |  13|          3|    6|         18|
    |It_buf_17_ce0       |  13|          3|    1|          3|
    |It_buf_17_ce1       |   9|          2|    1|          2|
    |It_buf_17_we0       |   9|          2|    1|          2|
    |It_buf_18_address0  |  13|          3|    6|         18|
    |It_buf_18_ce0       |  13|          3|    1|          3|
    |It_buf_18_ce1       |   9|          2|    1|          2|
    |It_buf_18_we0       |   9|          2|    1|          2|
    |It_buf_19_address0  |  13|          3|    6|         18|
    |It_buf_19_ce0       |  13|          3|    1|          3|
    |It_buf_19_ce1       |   9|          2|    1|          2|
    |It_buf_19_we0       |   9|          2|    1|          2|
    |It_buf_1_address0   |  13|          3|    6|         18|
    |It_buf_1_ce0        |  13|          3|    1|          3|
    |It_buf_1_ce1        |   9|          2|    1|          2|
    |It_buf_1_we0        |   9|          2|    1|          2|
    |It_buf_20_address0  |  13|          3|    6|         18|
    |It_buf_20_ce0       |  13|          3|    1|          3|
    |It_buf_20_ce1       |   9|          2|    1|          2|
    |It_buf_20_we0       |   9|          2|    1|          2|
    |It_buf_21_address0  |  13|          3|    6|         18|
    |It_buf_21_ce0       |  13|          3|    1|          3|
    |It_buf_21_ce1       |   9|          2|    1|          2|
    |It_buf_21_we0       |   9|          2|    1|          2|
    |It_buf_22_address0  |  13|          3|    6|         18|
    |It_buf_22_ce0       |  13|          3|    1|          3|
    |It_buf_22_ce1       |   9|          2|    1|          2|
    |It_buf_22_we0       |   9|          2|    1|          2|
    |It_buf_23_address0  |  13|          3|    6|         18|
    |It_buf_23_ce0       |  13|          3|    1|          3|
    |It_buf_23_ce1       |   9|          2|    1|          2|
    |It_buf_23_we0       |   9|          2|    1|          2|
    |It_buf_24_address0  |  13|          3|    6|         18|
    |It_buf_24_ce0       |  13|          3|    1|          3|
    |It_buf_24_ce1       |   9|          2|    1|          2|
    |It_buf_24_we0       |   9|          2|    1|          2|
    |It_buf_25_address0  |  13|          3|    6|         18|
    |It_buf_25_ce0       |  13|          3|    1|          3|
    |It_buf_25_ce1       |   9|          2|    1|          2|
    |It_buf_25_we0       |   9|          2|    1|          2|
    |It_buf_26_address0  |  13|          3|    6|         18|
    |It_buf_26_ce0       |  13|          3|    1|          3|
    |It_buf_26_ce1       |   9|          2|    1|          2|
    |It_buf_26_we0       |   9|          2|    1|          2|
    |It_buf_27_address0  |  13|          3|    6|         18|
    |It_buf_27_ce0       |  13|          3|    1|          3|
    |It_buf_27_ce1       |   9|          2|    1|          2|
    |It_buf_27_we0       |   9|          2|    1|          2|
    |It_buf_28_address0  |  13|          3|    6|         18|
    |It_buf_28_ce0       |  13|          3|    1|          3|
    |It_buf_28_ce1       |   9|          2|    1|          2|
    |It_buf_28_we0       |   9|          2|    1|          2|
    |It_buf_29_address0  |  13|          3|    6|         18|
    |It_buf_29_ce0       |  13|          3|    1|          3|
    |It_buf_29_ce1       |   9|          2|    1|          2|
    |It_buf_29_we0       |   9|          2|    1|          2|
    |It_buf_2_address0   |  13|          3|    6|         18|
    |It_buf_2_ce0        |  13|          3|    1|          3|
    |It_buf_2_ce1        |   9|          2|    1|          2|
    |It_buf_2_we0        |   9|          2|    1|          2|
    |It_buf_30_address0  |  13|          3|    6|         18|
    |It_buf_30_ce0       |  13|          3|    1|          3|
    |It_buf_30_ce1       |   9|          2|    1|          2|
    |It_buf_30_we0       |   9|          2|    1|          2|
    |It_buf_31_address0  |  13|          3|    6|         18|
    |It_buf_31_ce0       |  13|          3|    1|          3|
    |It_buf_31_ce1       |   9|          2|    1|          2|
    |It_buf_31_we0       |   9|          2|    1|          2|
    |It_buf_32_address0  |  13|          3|    6|         18|
    |It_buf_32_ce0       |  13|          3|    1|          3|
    |It_buf_32_ce1       |   9|          2|    1|          2|
    |It_buf_32_we0       |   9|          2|    1|          2|
    |It_buf_33_address0  |  13|          3|    6|         18|
    |It_buf_33_ce0       |  13|          3|    1|          3|
    |It_buf_33_ce1       |   9|          2|    1|          2|
    |It_buf_33_we0       |   9|          2|    1|          2|
    |It_buf_34_address0  |  13|          3|    6|         18|
    |It_buf_34_ce0       |  13|          3|    1|          3|
    |It_buf_34_ce1       |   9|          2|    1|          2|
    |It_buf_34_we0       |   9|          2|    1|          2|
    |It_buf_35_address0  |  13|          3|    6|         18|
    |It_buf_35_ce0       |  13|          3|    1|          3|
    |It_buf_35_ce1       |   9|          2|    1|          2|
    |It_buf_35_we0       |   9|          2|    1|          2|
    |It_buf_36_address0  |  13|          3|    6|         18|
    |It_buf_36_ce0       |  13|          3|    1|          3|
    |It_buf_36_ce1       |   9|          2|    1|          2|
    |It_buf_36_we0       |   9|          2|    1|          2|
    |It_buf_37_address0  |  13|          3|    6|         18|
    |It_buf_37_ce0       |  13|          3|    1|          3|
    |It_buf_37_ce1       |   9|          2|    1|          2|
    |It_buf_37_we0       |   9|          2|    1|          2|
    |It_buf_38_address0  |  13|          3|    6|         18|
    |It_buf_38_ce0       |  13|          3|    1|          3|
    |It_buf_38_ce1       |   9|          2|    1|          2|
    |It_buf_38_we0       |   9|          2|    1|          2|
    |It_buf_39_address0  |  13|          3|    6|         18|
    |It_buf_39_ce0       |  13|          3|    1|          3|
    |It_buf_39_ce1       |   9|          2|    1|          2|
    |It_buf_39_we0       |   9|          2|    1|          2|
    |It_buf_3_address0   |  13|          3|    6|         18|
    |It_buf_3_ce0        |  13|          3|    1|          3|
    |It_buf_3_ce1        |   9|          2|    1|          2|
    |It_buf_3_we0        |   9|          2|    1|          2|
    |It_buf_40_address0  |  13|          3|    6|         18|
    |It_buf_40_ce0       |  13|          3|    1|          3|
    |It_buf_40_ce1       |   9|          2|    1|          2|
    |It_buf_40_we0       |   9|          2|    1|          2|
    |It_buf_41_address0  |  13|          3|    6|         18|
    |It_buf_41_ce0       |  13|          3|    1|          3|
    |It_buf_41_ce1       |   9|          2|    1|          2|
    |It_buf_41_we0       |   9|          2|    1|          2|
    |It_buf_42_address0  |  13|          3|    6|         18|
    |It_buf_42_ce0       |  13|          3|    1|          3|
    |It_buf_42_ce1       |   9|          2|    1|          2|
    |It_buf_42_we0       |   9|          2|    1|          2|
    |It_buf_43_address0  |  13|          3|    6|         18|
    |It_buf_43_ce0       |  13|          3|    1|          3|
    |It_buf_43_ce1       |   9|          2|    1|          2|
    |It_buf_43_we0       |   9|          2|    1|          2|
    |It_buf_44_address0  |  13|          3|    6|         18|
    |It_buf_44_ce0       |  13|          3|    1|          3|
    |It_buf_44_ce1       |   9|          2|    1|          2|
    |It_buf_44_we0       |   9|          2|    1|          2|
    |It_buf_45_address0  |  13|          3|    6|         18|
    |It_buf_45_ce0       |  13|          3|    1|          3|
    |It_buf_45_ce1       |   9|          2|    1|          2|
    |It_buf_45_we0       |   9|          2|    1|          2|
    |It_buf_46_address0  |  13|          3|    6|         18|
    |It_buf_46_ce0       |  13|          3|    1|          3|
    |It_buf_46_ce1       |   9|          2|    1|          2|
    |It_buf_46_we0       |   9|          2|    1|          2|
    |It_buf_47_address0  |  13|          3|    6|         18|
    |It_buf_47_ce0       |  13|          3|    1|          3|
    |It_buf_47_ce1       |   9|          2|    1|          2|
    |It_buf_47_we0       |   9|          2|    1|          2|
    |It_buf_48_address0  |  13|          3|    6|         18|
    |It_buf_48_ce0       |  13|          3|    1|          3|
    |It_buf_48_ce1       |   9|          2|    1|          2|
    |It_buf_48_we0       |   9|          2|    1|          2|
    |It_buf_49_address0  |  13|          3|    6|         18|
    |It_buf_49_ce0       |  13|          3|    1|          3|
    |It_buf_49_ce1       |   9|          2|    1|          2|
    |It_buf_49_we0       |   9|          2|    1|          2|
    |It_buf_4_address0   |  13|          3|    6|         18|
    |It_buf_4_ce0        |  13|          3|    1|          3|
    |It_buf_4_ce1        |   9|          2|    1|          2|
    |It_buf_4_we0        |   9|          2|    1|          2|
    |It_buf_50_address0  |  13|          3|    6|         18|
    |It_buf_50_ce0       |  13|          3|    1|          3|
    |It_buf_50_ce1       |   9|          2|    1|          2|
    |It_buf_50_we0       |   9|          2|    1|          2|
    |It_buf_51_address0  |  13|          3|    6|         18|
    |It_buf_51_ce0       |  13|          3|    1|          3|
    |It_buf_51_ce1       |   9|          2|    1|          2|
    |It_buf_51_we0       |   9|          2|    1|          2|
    |It_buf_52_address0  |  13|          3|    6|         18|
    |It_buf_52_ce0       |  13|          3|    1|          3|
    |It_buf_52_ce1       |   9|          2|    1|          2|
    |It_buf_52_we0       |   9|          2|    1|          2|
    |It_buf_53_address0  |  13|          3|    6|         18|
    |It_buf_53_ce0       |  13|          3|    1|          3|
    |It_buf_53_ce1       |   9|          2|    1|          2|
    |It_buf_53_we0       |   9|          2|    1|          2|
    |It_buf_54_address0  |  13|          3|    6|         18|
    |It_buf_54_ce0       |  13|          3|    1|          3|
    |It_buf_54_ce1       |   9|          2|    1|          2|
    |It_buf_54_we0       |   9|          2|    1|          2|
    |It_buf_55_address0  |  13|          3|    6|         18|
    |It_buf_55_ce0       |  13|          3|    1|          3|
    |It_buf_55_ce1       |   9|          2|    1|          2|
    |It_buf_55_we0       |   9|          2|    1|          2|
    |It_buf_56_address0  |  13|          3|    6|         18|
    |It_buf_56_ce0       |  13|          3|    1|          3|
    |It_buf_56_ce1       |   9|          2|    1|          2|
    |It_buf_56_we0       |   9|          2|    1|          2|
    |It_buf_57_address0  |  13|          3|    6|         18|
    |It_buf_57_ce0       |  13|          3|    1|          3|
    |It_buf_57_ce1       |   9|          2|    1|          2|
    |It_buf_57_we0       |   9|          2|    1|          2|
    |It_buf_58_address0  |  13|          3|    6|         18|
    |It_buf_58_ce0       |  13|          3|    1|          3|
    |It_buf_58_ce1       |   9|          2|    1|          2|
    |It_buf_58_we0       |   9|          2|    1|          2|
    |It_buf_59_address0  |  13|          3|    6|         18|
    |It_buf_59_ce0       |  13|          3|    1|          3|
    |It_buf_59_ce1       |   9|          2|    1|          2|
    |It_buf_59_we0       |   9|          2|    1|          2|
    |It_buf_5_address0   |  13|          3|    6|         18|
    |It_buf_5_ce0        |  13|          3|    1|          3|
    |It_buf_5_ce1        |   9|          2|    1|          2|
    |It_buf_5_we0        |   9|          2|    1|          2|
    |It_buf_60_address0  |  13|          3|    6|         18|
    |It_buf_60_ce0       |  13|          3|    1|          3|
    |It_buf_60_ce1       |   9|          2|    1|          2|
    |It_buf_60_we0       |   9|          2|    1|          2|
    |It_buf_61_address0  |  13|          3|    6|         18|
    |It_buf_61_ce0       |  13|          3|    1|          3|
    |It_buf_61_ce1       |   9|          2|    1|          2|
    |It_buf_61_we0       |   9|          2|    1|          2|
    |It_buf_6_address0   |  13|          3|    6|         18|
    |It_buf_6_ce0        |  13|          3|    1|          3|
    |It_buf_6_ce1        |   9|          2|    1|          2|
    |It_buf_6_we0        |   9|          2|    1|          2|
    |It_buf_7_address0   |  13|          3|    6|         18|
    |It_buf_7_ce0        |  13|          3|    1|          3|
    |It_buf_7_ce1        |   9|          2|    1|          2|
    |It_buf_7_we0        |   9|          2|    1|          2|
    |It_buf_8_address0   |  13|          3|    6|         18|
    |It_buf_8_ce0        |  13|          3|    1|          3|
    |It_buf_8_ce1        |   9|          2|    1|          2|
    |It_buf_8_we0        |   9|          2|    1|          2|
    |It_buf_9_address0   |  13|          3|    6|         18|
    |It_buf_9_ce0        |  13|          3|    1|          3|
    |It_buf_9_ce1        |   9|          2|    1|          2|
    |It_buf_9_we0        |   9|          2|    1|          2|
    |It_buf_address0     |  13|          3|    6|         18|
    |It_buf_ce0          |  13|          3|    1|          3|
    |It_buf_ce1          |   9|          2|    1|          2|
    |It_buf_we0          |   9|          2|    1|          2|
    |Ix_buf_10_address0  |  13|          3|    6|         18|
    |Ix_buf_10_ce0       |  13|          3|    1|          3|
    |Ix_buf_10_ce1       |   9|          2|    1|          2|
    |Ix_buf_10_we0       |   9|          2|    1|          2|
    |Ix_buf_11_address0  |  13|          3|    6|         18|
    |Ix_buf_11_ce0       |  13|          3|    1|          3|
    |Ix_buf_11_ce1       |   9|          2|    1|          2|
    |Ix_buf_11_we0       |   9|          2|    1|          2|
    |Ix_buf_12_address0  |  13|          3|    6|         18|
    |Ix_buf_12_ce0       |  13|          3|    1|          3|
    |Ix_buf_12_ce1       |   9|          2|    1|          2|
    |Ix_buf_12_we0       |   9|          2|    1|          2|
    |Ix_buf_13_address0  |  13|          3|    6|         18|
    |Ix_buf_13_ce0       |  13|          3|    1|          3|
    |Ix_buf_13_ce1       |   9|          2|    1|          2|
    |Ix_buf_13_we0       |   9|          2|    1|          2|
    |Ix_buf_14_address0  |  13|          3|    6|         18|
    |Ix_buf_14_ce0       |  13|          3|    1|          3|
    |Ix_buf_14_ce1       |   9|          2|    1|          2|
    |Ix_buf_14_we0       |   9|          2|    1|          2|
    |Ix_buf_15_address0  |  13|          3|    6|         18|
    |Ix_buf_15_ce0       |  13|          3|    1|          3|
    |Ix_buf_15_ce1       |   9|          2|    1|          2|
    |Ix_buf_15_we0       |   9|          2|    1|          2|
    |Ix_buf_16_address0  |  13|          3|    6|         18|
    |Ix_buf_16_ce0       |  13|          3|    1|          3|
    |Ix_buf_16_ce1       |   9|          2|    1|          2|
    |Ix_buf_16_we0       |   9|          2|    1|          2|
    |Ix_buf_17_address0  |  13|          3|    6|         18|
    |Ix_buf_17_ce0       |  13|          3|    1|          3|
    |Ix_buf_17_ce1       |   9|          2|    1|          2|
    |Ix_buf_17_we0       |   9|          2|    1|          2|
    |Ix_buf_18_address0  |  13|          3|    6|         18|
    |Ix_buf_18_ce0       |  13|          3|    1|          3|
    |Ix_buf_18_ce1       |   9|          2|    1|          2|
    |Ix_buf_18_we0       |   9|          2|    1|          2|
    |Ix_buf_19_address0  |  13|          3|    6|         18|
    |Ix_buf_19_ce0       |  13|          3|    1|          3|
    |Ix_buf_19_ce1       |   9|          2|    1|          2|
    |Ix_buf_19_we0       |   9|          2|    1|          2|
    |Ix_buf_1_address0   |  13|          3|    6|         18|
    |Ix_buf_1_ce0        |  13|          3|    1|          3|
    |Ix_buf_1_ce1        |   9|          2|    1|          2|
    |Ix_buf_1_we0        |   9|          2|    1|          2|
    |Ix_buf_20_address0  |  13|          3|    6|         18|
    |Ix_buf_20_ce0       |  13|          3|    1|          3|
    |Ix_buf_20_ce1       |   9|          2|    1|          2|
    |Ix_buf_20_we0       |   9|          2|    1|          2|
    |Ix_buf_21_address0  |  13|          3|    6|         18|
    |Ix_buf_21_ce0       |  13|          3|    1|          3|
    |Ix_buf_21_ce1       |   9|          2|    1|          2|
    |Ix_buf_21_we0       |   9|          2|    1|          2|
    |Ix_buf_22_address0  |  13|          3|    6|         18|
    |Ix_buf_22_ce0       |  13|          3|    1|          3|
    |Ix_buf_22_ce1       |   9|          2|    1|          2|
    |Ix_buf_22_we0       |   9|          2|    1|          2|
    |Ix_buf_23_address0  |  13|          3|    6|         18|
    |Ix_buf_23_ce0       |  13|          3|    1|          3|
    |Ix_buf_23_ce1       |   9|          2|    1|          2|
    |Ix_buf_23_we0       |   9|          2|    1|          2|
    |Ix_buf_24_address0  |  13|          3|    6|         18|
    |Ix_buf_24_ce0       |  13|          3|    1|          3|
    |Ix_buf_24_ce1       |   9|          2|    1|          2|
    |Ix_buf_24_we0       |   9|          2|    1|          2|
    |Ix_buf_25_address0  |  13|          3|    6|         18|
    |Ix_buf_25_ce0       |  13|          3|    1|          3|
    |Ix_buf_25_ce1       |   9|          2|    1|          2|
    |Ix_buf_25_we0       |   9|          2|    1|          2|
    |Ix_buf_26_address0  |  13|          3|    6|         18|
    |Ix_buf_26_ce0       |  13|          3|    1|          3|
    |Ix_buf_26_ce1       |   9|          2|    1|          2|
    |Ix_buf_26_we0       |   9|          2|    1|          2|
    |Ix_buf_27_address0  |  13|          3|    6|         18|
    |Ix_buf_27_ce0       |  13|          3|    1|          3|
    |Ix_buf_27_ce1       |   9|          2|    1|          2|
    |Ix_buf_27_we0       |   9|          2|    1|          2|
    |Ix_buf_28_address0  |  13|          3|    6|         18|
    |Ix_buf_28_ce0       |  13|          3|    1|          3|
    |Ix_buf_28_ce1       |   9|          2|    1|          2|
    |Ix_buf_28_we0       |   9|          2|    1|          2|
    |Ix_buf_29_address0  |  13|          3|    6|         18|
    |Ix_buf_29_ce0       |  13|          3|    1|          3|
    |Ix_buf_29_ce1       |   9|          2|    1|          2|
    |Ix_buf_29_we0       |   9|          2|    1|          2|
    |Ix_buf_2_address0   |  13|          3|    6|         18|
    |Ix_buf_2_ce0        |  13|          3|    1|          3|
    |Ix_buf_2_ce1        |   9|          2|    1|          2|
    |Ix_buf_2_we0        |   9|          2|    1|          2|
    |Ix_buf_30_address0  |  13|          3|    6|         18|
    |Ix_buf_30_ce0       |  13|          3|    1|          3|
    |Ix_buf_30_ce1       |   9|          2|    1|          2|
    |Ix_buf_30_we0       |   9|          2|    1|          2|
    |Ix_buf_31_address0  |  13|          3|    6|         18|
    |Ix_buf_31_ce0       |  13|          3|    1|          3|
    |Ix_buf_31_ce1       |   9|          2|    1|          2|
    |Ix_buf_31_we0       |   9|          2|    1|          2|
    |Ix_buf_32_address0  |  13|          3|    6|         18|
    |Ix_buf_32_ce0       |  13|          3|    1|          3|
    |Ix_buf_32_ce1       |   9|          2|    1|          2|
    |Ix_buf_32_we0       |   9|          2|    1|          2|
    |Ix_buf_33_address0  |  13|          3|    6|         18|
    |Ix_buf_33_ce0       |  13|          3|    1|          3|
    |Ix_buf_33_ce1       |   9|          2|    1|          2|
    |Ix_buf_33_we0       |   9|          2|    1|          2|
    |Ix_buf_34_address0  |  13|          3|    6|         18|
    |Ix_buf_34_ce0       |  13|          3|    1|          3|
    |Ix_buf_34_ce1       |   9|          2|    1|          2|
    |Ix_buf_34_we0       |   9|          2|    1|          2|
    |Ix_buf_35_address0  |  13|          3|    6|         18|
    |Ix_buf_35_ce0       |  13|          3|    1|          3|
    |Ix_buf_35_ce1       |   9|          2|    1|          2|
    |Ix_buf_35_we0       |   9|          2|    1|          2|
    |Ix_buf_36_address0  |  13|          3|    6|         18|
    |Ix_buf_36_ce0       |  13|          3|    1|          3|
    |Ix_buf_36_ce1       |   9|          2|    1|          2|
    |Ix_buf_36_we0       |   9|          2|    1|          2|
    |Ix_buf_37_address0  |  13|          3|    6|         18|
    |Ix_buf_37_ce0       |  13|          3|    1|          3|
    |Ix_buf_37_ce1       |   9|          2|    1|          2|
    |Ix_buf_37_we0       |   9|          2|    1|          2|
    |Ix_buf_38_address0  |  13|          3|    6|         18|
    |Ix_buf_38_ce0       |  13|          3|    1|          3|
    |Ix_buf_38_ce1       |   9|          2|    1|          2|
    |Ix_buf_38_we0       |   9|          2|    1|          2|
    |Ix_buf_39_address0  |  13|          3|    6|         18|
    |Ix_buf_39_ce0       |  13|          3|    1|          3|
    |Ix_buf_39_ce1       |   9|          2|    1|          2|
    |Ix_buf_39_we0       |   9|          2|    1|          2|
    |Ix_buf_3_address0   |  13|          3|    6|         18|
    |Ix_buf_3_ce0        |  13|          3|    1|          3|
    |Ix_buf_3_ce1        |   9|          2|    1|          2|
    |Ix_buf_3_we0        |   9|          2|    1|          2|
    |Ix_buf_40_address0  |  13|          3|    6|         18|
    |Ix_buf_40_ce0       |  13|          3|    1|          3|
    |Ix_buf_40_ce1       |   9|          2|    1|          2|
    |Ix_buf_40_we0       |   9|          2|    1|          2|
    |Ix_buf_41_address0  |  13|          3|    6|         18|
    |Ix_buf_41_ce0       |  13|          3|    1|          3|
    |Ix_buf_41_ce1       |   9|          2|    1|          2|
    |Ix_buf_41_we0       |   9|          2|    1|          2|
    |Ix_buf_42_address0  |  13|          3|    6|         18|
    |Ix_buf_42_ce0       |  13|          3|    1|          3|
    |Ix_buf_42_ce1       |   9|          2|    1|          2|
    |Ix_buf_42_we0       |   9|          2|    1|          2|
    |Ix_buf_43_address0  |  13|          3|    6|         18|
    |Ix_buf_43_ce0       |  13|          3|    1|          3|
    |Ix_buf_43_ce1       |   9|          2|    1|          2|
    |Ix_buf_43_we0       |   9|          2|    1|          2|
    |Ix_buf_44_address0  |  13|          3|    6|         18|
    |Ix_buf_44_ce0       |  13|          3|    1|          3|
    |Ix_buf_44_ce1       |   9|          2|    1|          2|
    |Ix_buf_44_we0       |   9|          2|    1|          2|
    |Ix_buf_45_address0  |  13|          3|    6|         18|
    |Ix_buf_45_ce0       |  13|          3|    1|          3|
    |Ix_buf_45_ce1       |   9|          2|    1|          2|
    |Ix_buf_45_we0       |   9|          2|    1|          2|
    |Ix_buf_46_address0  |  13|          3|    6|         18|
    |Ix_buf_46_ce0       |  13|          3|    1|          3|
    |Ix_buf_46_ce1       |   9|          2|    1|          2|
    |Ix_buf_46_we0       |   9|          2|    1|          2|
    |Ix_buf_47_address0  |  13|          3|    6|         18|
    |Ix_buf_47_ce0       |  13|          3|    1|          3|
    |Ix_buf_47_ce1       |   9|          2|    1|          2|
    |Ix_buf_47_we0       |   9|          2|    1|          2|
    |Ix_buf_48_address0  |  13|          3|    6|         18|
    |Ix_buf_48_ce0       |  13|          3|    1|          3|
    |Ix_buf_48_ce1       |   9|          2|    1|          2|
    |Ix_buf_48_we0       |   9|          2|    1|          2|
    |Ix_buf_49_address0  |  13|          3|    6|         18|
    |Ix_buf_49_ce0       |  13|          3|    1|          3|
    |Ix_buf_49_ce1       |   9|          2|    1|          2|
    |Ix_buf_49_we0       |   9|          2|    1|          2|
    |Ix_buf_4_address0   |  13|          3|    6|         18|
    |Ix_buf_4_ce0        |  13|          3|    1|          3|
    |Ix_buf_4_ce1        |   9|          2|    1|          2|
    |Ix_buf_4_we0        |   9|          2|    1|          2|
    |Ix_buf_50_address0  |  13|          3|    6|         18|
    |Ix_buf_50_ce0       |  13|          3|    1|          3|
    |Ix_buf_50_ce1       |   9|          2|    1|          2|
    |Ix_buf_50_we0       |   9|          2|    1|          2|
    |Ix_buf_51_address0  |  13|          3|    6|         18|
    |Ix_buf_51_ce0       |  13|          3|    1|          3|
    |Ix_buf_51_ce1       |   9|          2|    1|          2|
    |Ix_buf_51_we0       |   9|          2|    1|          2|
    |Ix_buf_52_address0  |  13|          3|    6|         18|
    |Ix_buf_52_ce0       |  13|          3|    1|          3|
    |Ix_buf_52_ce1       |   9|          2|    1|          2|
    |Ix_buf_52_we0       |   9|          2|    1|          2|
    |Ix_buf_53_address0  |  13|          3|    6|         18|
    |Ix_buf_53_ce0       |  13|          3|    1|          3|
    |Ix_buf_53_ce1       |   9|          2|    1|          2|
    |Ix_buf_53_we0       |   9|          2|    1|          2|
    |Ix_buf_54_address0  |  13|          3|    6|         18|
    |Ix_buf_54_ce0       |  13|          3|    1|          3|
    |Ix_buf_54_ce1       |   9|          2|    1|          2|
    |Ix_buf_54_we0       |   9|          2|    1|          2|
    |Ix_buf_55_address0  |  13|          3|    6|         18|
    |Ix_buf_55_ce0       |  13|          3|    1|          3|
    |Ix_buf_55_ce1       |   9|          2|    1|          2|
    |Ix_buf_55_we0       |   9|          2|    1|          2|
    |Ix_buf_56_address0  |  13|          3|    6|         18|
    |Ix_buf_56_ce0       |  13|          3|    1|          3|
    |Ix_buf_56_ce1       |   9|          2|    1|          2|
    |Ix_buf_56_we0       |   9|          2|    1|          2|
    |Ix_buf_57_address0  |  13|          3|    6|         18|
    |Ix_buf_57_ce0       |  13|          3|    1|          3|
    |Ix_buf_57_ce1       |   9|          2|    1|          2|
    |Ix_buf_57_we0       |   9|          2|    1|          2|
    |Ix_buf_58_address0  |  13|          3|    6|         18|
    |Ix_buf_58_ce0       |  13|          3|    1|          3|
    |Ix_buf_58_ce1       |   9|          2|    1|          2|
    |Ix_buf_58_we0       |   9|          2|    1|          2|
    |Ix_buf_59_address0  |  13|          3|    6|         18|
    |Ix_buf_59_ce0       |  13|          3|    1|          3|
    |Ix_buf_59_ce1       |   9|          2|    1|          2|
    |Ix_buf_59_we0       |   9|          2|    1|          2|
    |Ix_buf_5_address0   |  13|          3|    6|         18|
    |Ix_buf_5_ce0        |  13|          3|    1|          3|
    |Ix_buf_5_ce1        |   9|          2|    1|          2|
    |Ix_buf_5_we0        |   9|          2|    1|          2|
    |Ix_buf_60_address0  |  13|          3|    6|         18|
    |Ix_buf_60_ce0       |  13|          3|    1|          3|
    |Ix_buf_60_ce1       |   9|          2|    1|          2|
    |Ix_buf_60_we0       |   9|          2|    1|          2|
    |Ix_buf_61_address0  |  13|          3|    6|         18|
    |Ix_buf_61_ce0       |  13|          3|    1|          3|
    |Ix_buf_61_ce1       |   9|          2|    1|          2|
    |Ix_buf_61_we0       |   9|          2|    1|          2|
    |Ix_buf_6_address0   |  13|          3|    6|         18|
    |Ix_buf_6_ce0        |  13|          3|    1|          3|
    |Ix_buf_6_ce1        |   9|          2|    1|          2|
    |Ix_buf_6_we0        |   9|          2|    1|          2|
    |Ix_buf_7_address0   |  13|          3|    6|         18|
    |Ix_buf_7_ce0        |  13|          3|    1|          3|
    |Ix_buf_7_ce1        |   9|          2|    1|          2|
    |Ix_buf_7_we0        |   9|          2|    1|          2|
    |Ix_buf_8_address0   |  13|          3|    6|         18|
    |Ix_buf_8_ce0        |  13|          3|    1|          3|
    |Ix_buf_8_ce1        |   9|          2|    1|          2|
    |Ix_buf_8_we0        |   9|          2|    1|          2|
    |Ix_buf_9_address0   |  13|          3|    6|         18|
    |Ix_buf_9_ce0        |  13|          3|    1|          3|
    |Ix_buf_9_ce1        |   9|          2|    1|          2|
    |Ix_buf_9_we0        |   9|          2|    1|          2|
    |Ix_buf_address0     |  13|          3|    6|         18|
    |Ix_buf_ce0          |  13|          3|    1|          3|
    |Ix_buf_ce1          |   9|          2|    1|          2|
    |Ix_buf_we0          |   9|          2|    1|          2|
    |Iy_buf_10_address0  |  13|          3|    6|         18|
    |Iy_buf_10_ce0       |  13|          3|    1|          3|
    |Iy_buf_10_ce1       |   9|          2|    1|          2|
    |Iy_buf_10_we0       |   9|          2|    1|          2|
    |Iy_buf_11_address0  |  13|          3|    6|         18|
    |Iy_buf_11_ce0       |  13|          3|    1|          3|
    |Iy_buf_11_ce1       |   9|          2|    1|          2|
    |Iy_buf_11_we0       |   9|          2|    1|          2|
    |Iy_buf_12_address0  |  13|          3|    6|         18|
    |Iy_buf_12_ce0       |  13|          3|    1|          3|
    |Iy_buf_12_ce1       |   9|          2|    1|          2|
    |Iy_buf_12_we0       |   9|          2|    1|          2|
    |Iy_buf_13_address0  |  13|          3|    6|         18|
    |Iy_buf_13_ce0       |  13|          3|    1|          3|
    |Iy_buf_13_ce1       |   9|          2|    1|          2|
    |Iy_buf_13_we0       |   9|          2|    1|          2|
    |Iy_buf_14_address0  |  13|          3|    6|         18|
    |Iy_buf_14_ce0       |  13|          3|    1|          3|
    |Iy_buf_14_ce1       |   9|          2|    1|          2|
    |Iy_buf_14_we0       |   9|          2|    1|          2|
    |Iy_buf_15_address0  |  13|          3|    6|         18|
    |Iy_buf_15_ce0       |  13|          3|    1|          3|
    |Iy_buf_15_ce1       |   9|          2|    1|          2|
    |Iy_buf_15_we0       |   9|          2|    1|          2|
    |Iy_buf_16_address0  |  13|          3|    6|         18|
    |Iy_buf_16_ce0       |  13|          3|    1|          3|
    |Iy_buf_16_ce1       |   9|          2|    1|          2|
    |Iy_buf_16_we0       |   9|          2|    1|          2|
    |Iy_buf_17_address0  |  13|          3|    6|         18|
    |Iy_buf_17_ce0       |  13|          3|    1|          3|
    |Iy_buf_17_ce1       |   9|          2|    1|          2|
    |Iy_buf_17_we0       |   9|          2|    1|          2|
    |Iy_buf_18_address0  |  13|          3|    6|         18|
    |Iy_buf_18_ce0       |  13|          3|    1|          3|
    |Iy_buf_18_ce1       |   9|          2|    1|          2|
    |Iy_buf_18_we0       |   9|          2|    1|          2|
    |Iy_buf_19_address0  |  13|          3|    6|         18|
    |Iy_buf_19_ce0       |  13|          3|    1|          3|
    |Iy_buf_19_ce1       |   9|          2|    1|          2|
    |Iy_buf_19_we0       |   9|          2|    1|          2|
    |Iy_buf_1_address0   |  13|          3|    6|         18|
    |Iy_buf_1_ce0        |  13|          3|    1|          3|
    |Iy_buf_1_ce1        |   9|          2|    1|          2|
    |Iy_buf_1_we0        |   9|          2|    1|          2|
    |Iy_buf_20_address0  |  13|          3|    6|         18|
    |Iy_buf_20_ce0       |  13|          3|    1|          3|
    |Iy_buf_20_ce1       |   9|          2|    1|          2|
    |Iy_buf_20_we0       |   9|          2|    1|          2|
    |Iy_buf_21_address0  |  13|          3|    6|         18|
    |Iy_buf_21_ce0       |  13|          3|    1|          3|
    |Iy_buf_21_ce1       |   9|          2|    1|          2|
    |Iy_buf_21_we0       |   9|          2|    1|          2|
    |Iy_buf_22_address0  |  13|          3|    6|         18|
    |Iy_buf_22_ce0       |  13|          3|    1|          3|
    |Iy_buf_22_ce1       |   9|          2|    1|          2|
    |Iy_buf_22_we0       |   9|          2|    1|          2|
    |Iy_buf_23_address0  |  13|          3|    6|         18|
    |Iy_buf_23_ce0       |  13|          3|    1|          3|
    |Iy_buf_23_ce1       |   9|          2|    1|          2|
    |Iy_buf_23_we0       |   9|          2|    1|          2|
    |Iy_buf_24_address0  |  13|          3|    6|         18|
    |Iy_buf_24_ce0       |  13|          3|    1|          3|
    |Iy_buf_24_ce1       |   9|          2|    1|          2|
    |Iy_buf_24_we0       |   9|          2|    1|          2|
    |Iy_buf_25_address0  |  13|          3|    6|         18|
    |Iy_buf_25_ce0       |  13|          3|    1|          3|
    |Iy_buf_25_ce1       |   9|          2|    1|          2|
    |Iy_buf_25_we0       |   9|          2|    1|          2|
    |Iy_buf_26_address0  |  13|          3|    6|         18|
    |Iy_buf_26_ce0       |  13|          3|    1|          3|
    |Iy_buf_26_ce1       |   9|          2|    1|          2|
    |Iy_buf_26_we0       |   9|          2|    1|          2|
    |Iy_buf_27_address0  |  13|          3|    6|         18|
    |Iy_buf_27_ce0       |  13|          3|    1|          3|
    |Iy_buf_27_ce1       |   9|          2|    1|          2|
    |Iy_buf_27_we0       |   9|          2|    1|          2|
    |Iy_buf_28_address0  |  13|          3|    6|         18|
    |Iy_buf_28_ce0       |  13|          3|    1|          3|
    |Iy_buf_28_ce1       |   9|          2|    1|          2|
    |Iy_buf_28_we0       |   9|          2|    1|          2|
    |Iy_buf_29_address0  |  13|          3|    6|         18|
    |Iy_buf_29_ce0       |  13|          3|    1|          3|
    |Iy_buf_29_ce1       |   9|          2|    1|          2|
    |Iy_buf_29_we0       |   9|          2|    1|          2|
    |Iy_buf_2_address0   |  13|          3|    6|         18|
    |Iy_buf_2_ce0        |  13|          3|    1|          3|
    |Iy_buf_2_ce1        |   9|          2|    1|          2|
    |Iy_buf_2_we0        |   9|          2|    1|          2|
    |Iy_buf_30_address0  |  13|          3|    6|         18|
    |Iy_buf_30_ce0       |  13|          3|    1|          3|
    |Iy_buf_30_ce1       |   9|          2|    1|          2|
    |Iy_buf_30_we0       |   9|          2|    1|          2|
    |Iy_buf_31_address0  |  13|          3|    6|         18|
    |Iy_buf_31_ce0       |  13|          3|    1|          3|
    |Iy_buf_31_ce1       |   9|          2|    1|          2|
    |Iy_buf_31_we0       |   9|          2|    1|          2|
    |Iy_buf_32_address0  |  13|          3|    6|         18|
    |Iy_buf_32_ce0       |  13|          3|    1|          3|
    |Iy_buf_32_ce1       |   9|          2|    1|          2|
    |Iy_buf_32_we0       |   9|          2|    1|          2|
    |Iy_buf_33_address0  |  13|          3|    6|         18|
    |Iy_buf_33_ce0       |  13|          3|    1|          3|
    |Iy_buf_33_ce1       |   9|          2|    1|          2|
    |Iy_buf_33_we0       |   9|          2|    1|          2|
    |Iy_buf_34_address0  |  13|          3|    6|         18|
    |Iy_buf_34_ce0       |  13|          3|    1|          3|
    |Iy_buf_34_ce1       |   9|          2|    1|          2|
    |Iy_buf_34_we0       |   9|          2|    1|          2|
    |Iy_buf_35_address0  |  13|          3|    6|         18|
    |Iy_buf_35_ce0       |  13|          3|    1|          3|
    |Iy_buf_35_ce1       |   9|          2|    1|          2|
    |Iy_buf_35_we0       |   9|          2|    1|          2|
    |Iy_buf_36_address0  |  13|          3|    6|         18|
    |Iy_buf_36_ce0       |  13|          3|    1|          3|
    |Iy_buf_36_ce1       |   9|          2|    1|          2|
    |Iy_buf_36_we0       |   9|          2|    1|          2|
    |Iy_buf_37_address0  |  13|          3|    6|         18|
    |Iy_buf_37_ce0       |  13|          3|    1|          3|
    |Iy_buf_37_ce1       |   9|          2|    1|          2|
    |Iy_buf_37_we0       |   9|          2|    1|          2|
    |Iy_buf_38_address0  |  13|          3|    6|         18|
    |Iy_buf_38_ce0       |  13|          3|    1|          3|
    |Iy_buf_38_ce1       |   9|          2|    1|          2|
    |Iy_buf_38_we0       |   9|          2|    1|          2|
    |Iy_buf_39_address0  |  13|          3|    6|         18|
    |Iy_buf_39_ce0       |  13|          3|    1|          3|
    |Iy_buf_39_ce1       |   9|          2|    1|          2|
    |Iy_buf_39_we0       |   9|          2|    1|          2|
    |Iy_buf_3_address0   |  13|          3|    6|         18|
    |Iy_buf_3_ce0        |  13|          3|    1|          3|
    |Iy_buf_3_ce1        |   9|          2|    1|          2|
    |Iy_buf_3_we0        |   9|          2|    1|          2|
    |Iy_buf_40_address0  |  13|          3|    6|         18|
    |Iy_buf_40_ce0       |  13|          3|    1|          3|
    |Iy_buf_40_ce1       |   9|          2|    1|          2|
    |Iy_buf_40_we0       |   9|          2|    1|          2|
    |Iy_buf_41_address0  |  13|          3|    6|         18|
    |Iy_buf_41_ce0       |  13|          3|    1|          3|
    |Iy_buf_41_ce1       |   9|          2|    1|          2|
    |Iy_buf_41_we0       |   9|          2|    1|          2|
    |Iy_buf_42_address0  |  13|          3|    6|         18|
    |Iy_buf_42_ce0       |  13|          3|    1|          3|
    |Iy_buf_42_ce1       |   9|          2|    1|          2|
    |Iy_buf_42_we0       |   9|          2|    1|          2|
    |Iy_buf_43_address0  |  13|          3|    6|         18|
    |Iy_buf_43_ce0       |  13|          3|    1|          3|
    |Iy_buf_43_ce1       |   9|          2|    1|          2|
    |Iy_buf_43_we0       |   9|          2|    1|          2|
    |Iy_buf_44_address0  |  13|          3|    6|         18|
    |Iy_buf_44_ce0       |  13|          3|    1|          3|
    |Iy_buf_44_ce1       |   9|          2|    1|          2|
    |Iy_buf_44_we0       |   9|          2|    1|          2|
    |Iy_buf_45_address0  |  13|          3|    6|         18|
    |Iy_buf_45_ce0       |  13|          3|    1|          3|
    |Iy_buf_45_ce1       |   9|          2|    1|          2|
    |Iy_buf_45_we0       |   9|          2|    1|          2|
    |Iy_buf_46_address0  |  13|          3|    6|         18|
    |Iy_buf_46_ce0       |  13|          3|    1|          3|
    |Iy_buf_46_ce1       |   9|          2|    1|          2|
    |Iy_buf_46_we0       |   9|          2|    1|          2|
    |Iy_buf_47_address0  |  13|          3|    6|         18|
    |Iy_buf_47_ce0       |  13|          3|    1|          3|
    |Iy_buf_47_ce1       |   9|          2|    1|          2|
    |Iy_buf_47_we0       |   9|          2|    1|          2|
    |Iy_buf_48_address0  |  13|          3|    6|         18|
    |Iy_buf_48_ce0       |  13|          3|    1|          3|
    |Iy_buf_48_ce1       |   9|          2|    1|          2|
    |Iy_buf_48_we0       |   9|          2|    1|          2|
    |Iy_buf_49_address0  |  13|          3|    6|         18|
    |Iy_buf_49_ce0       |  13|          3|    1|          3|
    |Iy_buf_49_ce1       |   9|          2|    1|          2|
    |Iy_buf_49_we0       |   9|          2|    1|          2|
    |Iy_buf_4_address0   |  13|          3|    6|         18|
    |Iy_buf_4_ce0        |  13|          3|    1|          3|
    |Iy_buf_4_ce1        |   9|          2|    1|          2|
    |Iy_buf_4_we0        |   9|          2|    1|          2|
    |Iy_buf_50_address0  |  13|          3|    6|         18|
    |Iy_buf_50_ce0       |  13|          3|    1|          3|
    |Iy_buf_50_ce1       |   9|          2|    1|          2|
    |Iy_buf_50_we0       |   9|          2|    1|          2|
    |Iy_buf_51_address0  |  13|          3|    6|         18|
    |Iy_buf_51_ce0       |  13|          3|    1|          3|
    |Iy_buf_51_ce1       |   9|          2|    1|          2|
    |Iy_buf_51_we0       |   9|          2|    1|          2|
    |Iy_buf_52_address0  |  13|          3|    6|         18|
    |Iy_buf_52_ce0       |  13|          3|    1|          3|
    |Iy_buf_52_ce1       |   9|          2|    1|          2|
    |Iy_buf_52_we0       |   9|          2|    1|          2|
    |Iy_buf_53_address0  |  13|          3|    6|         18|
    |Iy_buf_53_ce0       |  13|          3|    1|          3|
    |Iy_buf_53_ce1       |   9|          2|    1|          2|
    |Iy_buf_53_we0       |   9|          2|    1|          2|
    |Iy_buf_54_address0  |  13|          3|    6|         18|
    |Iy_buf_54_ce0       |  13|          3|    1|          3|
    |Iy_buf_54_ce1       |   9|          2|    1|          2|
    |Iy_buf_54_we0       |   9|          2|    1|          2|
    |Iy_buf_55_address0  |  13|          3|    6|         18|
    |Iy_buf_55_ce0       |  13|          3|    1|          3|
    |Iy_buf_55_ce1       |   9|          2|    1|          2|
    |Iy_buf_55_we0       |   9|          2|    1|          2|
    |Iy_buf_56_address0  |  13|          3|    6|         18|
    |Iy_buf_56_ce0       |  13|          3|    1|          3|
    |Iy_buf_56_ce1       |   9|          2|    1|          2|
    |Iy_buf_56_we0       |   9|          2|    1|          2|
    |Iy_buf_57_address0  |  13|          3|    6|         18|
    |Iy_buf_57_ce0       |  13|          3|    1|          3|
    |Iy_buf_57_ce1       |   9|          2|    1|          2|
    |Iy_buf_57_we0       |   9|          2|    1|          2|
    |Iy_buf_58_address0  |  13|          3|    6|         18|
    |Iy_buf_58_ce0       |  13|          3|    1|          3|
    |Iy_buf_58_ce1       |   9|          2|    1|          2|
    |Iy_buf_58_we0       |   9|          2|    1|          2|
    |Iy_buf_59_address0  |  13|          3|    6|         18|
    |Iy_buf_59_ce0       |  13|          3|    1|          3|
    |Iy_buf_59_ce1       |   9|          2|    1|          2|
    |Iy_buf_59_we0       |   9|          2|    1|          2|
    |Iy_buf_5_address0   |  13|          3|    6|         18|
    |Iy_buf_5_ce0        |  13|          3|    1|          3|
    |Iy_buf_5_ce1        |   9|          2|    1|          2|
    |Iy_buf_5_we0        |   9|          2|    1|          2|
    |Iy_buf_60_address0  |  13|          3|    6|         18|
    |Iy_buf_60_ce0       |  13|          3|    1|          3|
    |Iy_buf_60_ce1       |   9|          2|    1|          2|
    |Iy_buf_60_we0       |   9|          2|    1|          2|
    |Iy_buf_61_address0  |  13|          3|    6|         18|
    |Iy_buf_61_ce0       |  13|          3|    1|          3|
    |Iy_buf_61_ce1       |   9|          2|    1|          2|
    |Iy_buf_61_we0       |   9|          2|    1|          2|
    |Iy_buf_6_address0   |  13|          3|    6|         18|
    |Iy_buf_6_ce0        |  13|          3|    1|          3|
    |Iy_buf_6_ce1        |   9|          2|    1|          2|
    |Iy_buf_6_we0        |   9|          2|    1|          2|
    |Iy_buf_7_address0   |  13|          3|    6|         18|
    |Iy_buf_7_ce0        |  13|          3|    1|          3|
    |Iy_buf_7_ce1        |   9|          2|    1|          2|
    |Iy_buf_7_we0        |   9|          2|    1|          2|
    |Iy_buf_8_address0   |  13|          3|    6|         18|
    |Iy_buf_8_ce0        |  13|          3|    1|          3|
    |Iy_buf_8_ce1        |   9|          2|    1|          2|
    |Iy_buf_8_we0        |   9|          2|    1|          2|
    |Iy_buf_9_address0   |  13|          3|    6|         18|
    |Iy_buf_9_ce0        |  13|          3|    1|          3|
    |Iy_buf_9_ce1        |   9|          2|    1|          2|
    |Iy_buf_9_we0        |   9|          2|    1|          2|
    |Iy_buf_address0     |  13|          3|    6|         18|
    |Iy_buf_ce0          |  13|          3|    1|          3|
    |Iy_buf_ce1          |   9|          2|    1|          2|
    |Iy_buf_we0          |   9|          2|    1|          2|
    |ap_NS_fsm           |  21|          5|    1|          5|
    |gmem_0_ARVALID      |   9|          2|    1|          2|
    |gmem_0_AWVALID      |   9|          2|    1|          2|
    |gmem_0_BREADY       |   9|          2|    1|          2|
    |gmem_0_RREADY       |   9|          2|    1|          2|
    |gmem_0_WVALID       |   9|          2|    1|          2|
    +--------------------+----+-----------+-----+-----------+
    |Total               |8250|       1875| 1680|       4665|
    +--------------------+----+-----------+-----+-----------+

    * Register: 
    +------------------------------------------------------------------------------------+----+----+-----+-----------+
    |                                        Name                                        | FF | LUT| Bits| Const Bits|
    +------------------------------------------------------------------------------------+----+----+-----+-----------+
    |I1_read_reg_1437                                                                    |  64|   0|   64|          0|
    |I2_read_reg_1432                                                                    |  64|   0|   64|          0|
    |add_ln27_1_reg_1447                                                                 |  64|   0|   64|          0|
    |add_ln27_reg_1442                                                                   |  64|   0|   64|          0|
    |ap_CS_fsm                                                                           |   4|   0|    4|          0|
    |grp_lucas_kanade_hls_Pipeline_VITIS_LOOP_27_1_VITIS_LOOP_28_2_fu_830_ap_start_reg   |   1|   0|    1|          0|
    |grp_lucas_kanade_hls_Pipeline_VITIS_LOOP_43_3_VITIS_LOOP_44_4_fu_1214_ap_start_reg  |   1|   0|    1|          0|
    |u_read_reg_1427                                                                     |  64|   0|   64|          0|
    |v_read_reg_1422                                                                     |  64|   0|   64|          0|
    +------------------------------------------------------------------------------------+----+----+-----+-----------+
    |Total                                                                               | 390|   0|  390|          0|
    +------------------------------------------------------------------------------------+----+----+-----+-----------+



================================================================
== Interface
================================================================
* Summary: 
+-------------------------+-----+-----+------------+------------------+--------------+
|        RTL Ports        | Dir | Bits|  Protocol  |   Source Object  |    C Type    |
+-------------------------+-----+-----+------------+------------------+--------------+
|s_axi_control_AWVALID    |   in|    1|       s_axi|           control|   return void|
|s_axi_control_AWREADY    |  out|    1|       s_axi|           control|   return void|
|s_axi_control_AWADDR     |   in|    4|       s_axi|           control|   return void|
|s_axi_control_WVALID     |   in|    1|       s_axi|           control|   return void|
|s_axi_control_WREADY     |  out|    1|       s_axi|           control|   return void|
|s_axi_control_WDATA      |   in|   32|       s_axi|           control|   return void|
|s_axi_control_WSTRB      |   in|    4|       s_axi|           control|   return void|
|s_axi_control_ARVALID    |   in|    1|       s_axi|           control|   return void|
|s_axi_control_ARREADY    |  out|    1|       s_axi|           control|   return void|
|s_axi_control_ARADDR     |   in|    4|       s_axi|           control|   return void|
|s_axi_control_RVALID     |  out|    1|       s_axi|           control|   return void|
|s_axi_control_RREADY     |   in|    1|       s_axi|           control|   return void|
|s_axi_control_RDATA      |  out|   32|       s_axi|           control|   return void|
|s_axi_control_RRESP      |  out|    2|       s_axi|           control|   return void|
|s_axi_control_BVALID     |  out|    1|       s_axi|           control|   return void|
|s_axi_control_BREADY     |   in|    1|       s_axi|           control|   return void|
|s_axi_control_BRESP      |  out|    2|       s_axi|           control|   return void|
|s_axi_control_r_AWVALID  |   in|    1|       s_axi|         control_r|        scalar|
|s_axi_control_r_AWREADY  |  out|    1|       s_axi|         control_r|        scalar|
|s_axi_control_r_AWADDR   |   in|    6|       s_axi|         control_r|        scalar|
|s_axi_control_r_WVALID   |   in|    1|       s_axi|         control_r|        scalar|
|s_axi_control_r_WREADY   |  out|    1|       s_axi|         control_r|        scalar|
|s_axi_control_r_WDATA    |   in|   32|       s_axi|         control_r|        scalar|
|s_axi_control_r_WSTRB    |   in|    4|       s_axi|         control_r|        scalar|
|s_axi_control_r_ARVALID  |   in|    1|       s_axi|         control_r|        scalar|
|s_axi_control_r_ARREADY  |  out|    1|       s_axi|         control_r|        scalar|
|s_axi_control_r_ARADDR   |   in|    6|       s_axi|         control_r|        scalar|
|s_axi_control_r_RVALID   |  out|    1|       s_axi|         control_r|        scalar|
|s_axi_control_r_RREADY   |   in|    1|       s_axi|         control_r|        scalar|
|s_axi_control_r_RDATA    |  out|   32|       s_axi|         control_r|        scalar|
|s_axi_control_r_RRESP    |  out|    2|       s_axi|         control_r|        scalar|
|s_axi_control_r_BVALID   |  out|    1|       s_axi|         control_r|        scalar|
|s_axi_control_r_BREADY   |   in|    1|       s_axi|         control_r|        scalar|
|s_axi_control_r_BRESP    |  out|    2|       s_axi|         control_r|        scalar|
|ap_clk                   |   in|    1|  ap_ctrl_hs|  lucas_kanade_hls|  return value|
|ap_rst_n                 |   in|    1|  ap_ctrl_hs|  lucas_kanade_hls|  return value|
|interrupt                |  out|    1|  ap_ctrl_hs|  lucas_kanade_hls|  return value|
|m_axi_gmem_AWVALID       |  out|    1|       m_axi|              gmem|       pointer|
|m_axi_gmem_AWREADY       |   in|    1|       m_axi|              gmem|       pointer|
|m_axi_gmem_AWADDR        |  out|   64|       m_axi|              gmem|       pointer|
|m_axi_gmem_AWID          |  out|    1|       m_axi|              gmem|       pointer|
|m_axi_gmem_AWLEN         |  out|    8|       m_axi|              gmem|       pointer|
|m_axi_gmem_AWSIZE        |  out|    3|       m_axi|              gmem|       pointer|
|m_axi_gmem_AWBURST       |  out|    2|       m_axi|              gmem|       pointer|
|m_axi_gmem_AWLOCK        |  out|    2|       m_axi|              gmem|       pointer|
|m_axi_gmem_AWCACHE       |  out|    4|       m_axi|              gmem|       pointer|
|m_axi_gmem_AWPROT        |  out|    3|       m_axi|              gmem|       pointer|
|m_axi_gmem_AWQOS         |  out|    4|       m_axi|              gmem|       pointer|
|m_axi_gmem_AWREGION      |  out|    4|       m_axi|              gmem|       pointer|
|m_axi_gmem_AWUSER        |  out|    1|       m_axi|              gmem|       pointer|
|m_axi_gmem_WVALID        |  out|    1|       m_axi|              gmem|       pointer|
|m_axi_gmem_WREADY        |   in|    1|       m_axi|              gmem|       pointer|
|m_axi_gmem_WDATA         |  out|   32|       m_axi|              gmem|       pointer|
|m_axi_gmem_WSTRB         |  out|    4|       m_axi|              gmem|       pointer|
|m_axi_gmem_WLAST         |  out|    1|       m_axi|              gmem|       pointer|
|m_axi_gmem_WID           |  out|    1|       m_axi|              gmem|       pointer|
|m_axi_gmem_WUSER         |  out|    1|       m_axi|              gmem|       pointer|
|m_axi_gmem_ARVALID       |  out|    1|       m_axi|              gmem|       pointer|
|m_axi_gmem_ARREADY       |   in|    1|       m_axi|              gmem|       pointer|
|m_axi_gmem_ARADDR        |  out|   64|       m_axi|              gmem|       pointer|
|m_axi_gmem_ARID          |  out|    1|       m_axi|              gmem|       pointer|
|m_axi_gmem_ARLEN         |  out|    8|       m_axi|              gmem|       pointer|
|m_axi_gmem_ARSIZE        |  out|    3|       m_axi|              gmem|       pointer|
|m_axi_gmem_ARBURST       |  out|    2|       m_axi|              gmem|       pointer|
|m_axi_gmem_ARLOCK        |  out|    2|       m_axi|              gmem|       pointer|
|m_axi_gmem_ARCACHE       |  out|    4|       m_axi|              gmem|       pointer|
|m_axi_gmem_ARPROT        |  out|    3|       m_axi|              gmem|       pointer|
|m_axi_gmem_ARQOS         |  out|    4|       m_axi|              gmem|       pointer|
|m_axi_gmem_ARREGION      |  out|    4|       m_axi|              gmem|       pointer|
|m_axi_gmem_ARUSER        |  out|    1|       m_axi|              gmem|       pointer|
|m_axi_gmem_RVALID        |   in|    1|       m_axi|              gmem|       pointer|
|m_axi_gmem_RREADY        |  out|    1|       m_axi|              gmem|       pointer|
|m_axi_gmem_RDATA         |   in|   32|       m_axi|              gmem|       pointer|
|m_axi_gmem_RLAST         |   in|    1|       m_axi|              gmem|       pointer|
|m_axi_gmem_RID           |   in|    1|       m_axi|              gmem|       pointer|
|m_axi_gmem_RUSER         |   in|    1|       m_axi|              gmem|       pointer|
|m_axi_gmem_RRESP         |   in|    2|       m_axi|              gmem|       pointer|
|m_axi_gmem_BVALID        |   in|    1|       m_axi|              gmem|       pointer|
|m_axi_gmem_BREADY        |  out|    1|       m_axi|              gmem|       pointer|
|m_axi_gmem_BRESP         |   in|    2|       m_axi|              gmem|       pointer|
|m_axi_gmem_BID           |   in|    1|       m_axi|              gmem|       pointer|
|m_axi_gmem_BUSER         |   in|    1|       m_axi|              gmem|       pointer|
+-------------------------+-----+-----+------------+------------------+--------------+

